[ 2024-05-01 05:20:01,558 ] 91 main_controller - INFO - Subprocess 0 started with trial number 0
[ 2024-05-01 05:20:01,558 ] 91 main_controller - ERROR - Account is a dictionary, convert to Account object: Username: nihahi50@gmail.com, Password: hoahong1234
[ 2024-05-01 05:20:03,573 ] 91 main_controller - INFO - Subprocess 1 started with trial number 0
[ 2024-05-01 05:20:03,573 ] 91 main_controller - INFO - Subprocess 1 started with trial number 0
[ 2024-05-01 05:20:03,573 ] 91 main_controller - ERROR - Account is a dictionary, convert to Account object: Username: ble79037@gmail.com, Password: hoahong1234
[ 2024-05-01 05:20:03,573 ] 91 main_controller - ERROR - Account is a dictionary, convert to Account object: Username: ble79037@gmail.com, Password: hoahong1234
[ 2024-05-01 05:20:04,006 ] 91 main_controller - INFO - Browser opened
[ 2024-05-01 05:20:04,006 ] 91 main_controller - INFO - Browser opened
[ 2024-05-01 05:20:04,728 ] 91 main_controller - INFO - Browser opened
[ 2024-05-01 05:20:04,728 ] 91 main_controller - INFO - Browser opened
[ 2024-05-01 05:20:05,589 ] 91 main_controller - INFO - Subprocess 2 started with trial number 0
[ 2024-05-01 05:20:05,589 ] 91 main_controller - INFO - Subprocess 2 started with trial number 0
[ 2024-05-01 05:20:05,589 ] 91 main_controller - INFO - Subprocess 2 started with trial number 0
[ 2024-05-01 05:20:05,589 ] 91 main_controller - ERROR - Account is a dictionary, convert to Account object: Username: benemmai380@gmail.com, Password: hoahong1234
[ 2024-05-01 05:20:05,589 ] 91 main_controller - ERROR - Account is a dictionary, convert to Account object: Username: benemmai380@gmail.com, Password: hoahong1234
[ 2024-05-01 05:20:05,589 ] 91 main_controller - ERROR - Account is a dictionary, convert to Account object: Username: benemmai380@gmail.com, Password: hoahong1234
[ 2024-05-01 05:20:06,339 ] 91 main_controller - INFO - Browser opened
[ 2024-05-01 05:20:06,339 ] 91 main_controller - INFO - Browser opened
[ 2024-05-01 05:20:06,339 ] 91 main_controller - INFO - Browser opened
[ 2024-05-01 05:20:07,602 ] 91 main_controller - INFO - Subprocess 3 started with trial number 0
[ 2024-05-01 05:20:07,602 ] 91 main_controller - INFO - Subprocess 3 started with trial number 0
[ 2024-05-01 05:20:07,602 ] 91 main_controller - INFO - Subprocess 3 started with trial number 0
[ 2024-05-01 05:20:07,602 ] 91 main_controller - INFO - Subprocess 3 started with trial number 0
[ 2024-05-01 05:20:07,602 ] 91 main_controller - ERROR - Account is a dictionary, convert to Account object: Username: leongnardo12@gmail.com, Password: hoahong1234
[ 2024-05-01 05:20:07,602 ] 91 main_controller - ERROR - Account is a dictionary, convert to Account object: Username: leongnardo12@gmail.com, Password: hoahong1234
[ 2024-05-01 05:20:07,602 ] 91 main_controller - ERROR - Account is a dictionary, convert to Account object: Username: leongnardo12@gmail.com, Password: hoahong1234
[ 2024-05-01 05:20:07,602 ] 91 main_controller - ERROR - Account is a dictionary, convert to Account object: Username: leongnardo12@gmail.com, Password: hoahong1234
[ 2024-05-01 05:20:08,343 ] 91 main_controller - INFO - Browser opened
[ 2024-05-01 05:20:08,343 ] 91 main_controller - INFO - Browser opened
[ 2024-05-01 05:20:08,343 ] 91 main_controller - INFO - Browser opened
[ 2024-05-01 05:20:08,343 ] 91 main_controller - INFO - Browser opened
[ 2024-05-01 05:20:14,089 ] 91 main_controller - INFO - Logged in successfully
[ 2024-05-01 05:20:14,089 ] 91 main_controller - INFO - Logged in successfully
[ 2024-05-01 05:20:14,089 ] 91 main_controller - INFO - Logged in successfully
[ 2024-05-01 05:20:14,089 ] 91 main_controller - INFO - Logged in successfully
[ 2024-05-01 05:20:14,194 ] 91 main_controller - INFO - Screenshot saved to D:\luthien\code\Achi.Tool\AichiSelenium\logs\2024_05_01\05_20_00\screenshot_ble79037.png
[ 2024-05-01 05:20:14,194 ] 91 main_controller - INFO - Screenshot saved to D:\luthien\code\Achi.Tool\AichiSelenium\logs\2024_05_01\05_20_00\screenshot_ble79037.png
[ 2024-05-01 05:20:14,194 ] 91 main_controller - INFO - Screenshot saved to D:\luthien\code\Achi.Tool\AichiSelenium\logs\2024_05_01\05_20_00\screenshot_ble79037.png
[ 2024-05-01 05:20:14,194 ] 91 main_controller - INFO - Screenshot saved to D:\luthien\code\Achi.Tool\AichiSelenium\logs\2024_05_01\05_20_00\screenshot_ble79037.png
[ 2024-05-01 05:20:14,194 ] 91 main_controller - INFO - Finding forms
[ 2024-05-01 05:20:14,194 ] 91 main_controller - INFO - Finding forms
[ 2024-05-01 05:20:14,194 ] 91 main_controller - INFO - Finding forms
[ 2024-05-01 05:20:14,194 ] 91 main_controller - INFO - Finding forms
[ 2024-05-01 05:20:15,714 ] 91 main_controller - INFO - Logged in successfully
[ 2024-05-01 05:20:15,714 ] 91 main_controller - INFO - Logged in successfully
[ 2024-05-01 05:20:15,714 ] 91 main_controller - INFO - Logged in successfully
[ 2024-05-01 05:20:15,714 ] 91 main_controller - INFO - Logged in successfully
[ 2024-05-01 05:20:15,833 ] 91 main_controller - INFO - Screenshot saved to D:\luthien\code\Achi.Tool\AichiSelenium\logs\2024_05_01\05_20_00\screenshot_benemmai380.png
[ 2024-05-01 05:20:15,833 ] 91 main_controller - INFO - Screenshot saved to D:\luthien\code\Achi.Tool\AichiSelenium\logs\2024_05_01\05_20_00\screenshot_benemmai380.png
[ 2024-05-01 05:20:15,833 ] 91 main_controller - INFO - Screenshot saved to D:\luthien\code\Achi.Tool\AichiSelenium\logs\2024_05_01\05_20_00\screenshot_benemmai380.png
[ 2024-05-01 05:20:15,833 ] 91 main_controller - INFO - Screenshot saved to D:\luthien\code\Achi.Tool\AichiSelenium\logs\2024_05_01\05_20_00\screenshot_benemmai380.png
[ 2024-05-01 05:20:15,833 ] 91 main_controller - INFO - Finding forms
[ 2024-05-01 05:20:15,833 ] 91 main_controller - INFO - Finding forms
[ 2024-05-01 05:20:15,833 ] 91 main_controller - INFO - Finding forms
[ 2024-05-01 05:20:15,833 ] 91 main_controller - INFO - Finding forms
[ 2024-05-01 05:20:17,705 ] 91 main_controller - INFO - Logged in successfully
[ 2024-05-01 05:20:17,705 ] 91 main_controller - INFO - Logged in successfully
[ 2024-05-01 05:20:17,705 ] 91 main_controller - INFO - Logged in successfully
[ 2024-05-01 05:20:17,705 ] 91 main_controller - INFO - Logged in successfully
[ 2024-05-01 05:20:17,820 ] 91 main_controller - INFO - Screenshot saved to D:\luthien\code\Achi.Tool\AichiSelenium\logs\2024_05_01\05_20_00\screenshot_leongnardo12.png
[ 2024-05-01 05:20:17,820 ] 91 main_controller - INFO - Screenshot saved to D:\luthien\code\Achi.Tool\AichiSelenium\logs\2024_05_01\05_20_00\screenshot_leongnardo12.png
[ 2024-05-01 05:20:17,820 ] 91 main_controller - INFO - Screenshot saved to D:\luthien\code\Achi.Tool\AichiSelenium\logs\2024_05_01\05_20_00\screenshot_leongnardo12.png
[ 2024-05-01 05:20:17,820 ] 91 main_controller - INFO - Screenshot saved to D:\luthien\code\Achi.Tool\AichiSelenium\logs\2024_05_01\05_20_00\screenshot_leongnardo12.png
[ 2024-05-01 05:20:17,820 ] 91 main_controller - INFO - Finding forms
[ 2024-05-01 05:20:17,820 ] 91 main_controller - INFO - Finding forms
[ 2024-05-01 05:20:17,820 ] 91 main_controller - INFO - Finding forms
[ 2024-05-01 05:20:17,820 ] 91 main_controller - INFO - Finding forms
[ 2024-05-01 05:20:20,784 ] 79 main_controller - ERROR - Caught exception: sequence item 1: expected str instance, TimeoutException found
Traceback (most recent call last):
  File "D:\luthien\code\Achi.Tool\AichiSelenium\src\controllers\access.py", line 29, in login
    wait_until_presence(browser, By.ID, "userLoginForm.userId")
  File "D:\luthien\code\Achi.Tool\AichiSelenium\src\utils\html_utils.py", line 8, in wait_until_presence
    WebDriverWait(browser, timeout).until(EC.presence_of_element_located((by, html)))
  File "C:\Users\Admin\anaconda3\envs\aichi\lib\site-packages\selenium\webdriver\support\wait.py", line 105, in until
    raise TimeoutException(message, screen, stacktrace)
selenium.common.exceptions.TimeoutException: Message: 
Stacktrace:
	GetHandleVerifier [0x00007FF63E93F922+3045234]
	(No symbol) [0x00007FF63E5E3652]
	(No symbol) [0x00007FF63E4A7564]
	(No symbol) [0x00007FF63E4F5F9D]
	(No symbol) [0x00007FF63E4F606C]
	(No symbol) [0x00007FF63E53BDD7]
	(No symbol) [0x00007FF63E519DEF]
	(No symbol) [0x00007FF63E5391C4]
	(No symbol) [0x00007FF63E519B53]
	(No symbol) [0x00007FF63E4E813C]
	(No symbol) [0x00007FF63E4E8D71]
	GetHandleVerifier [0x00007FF63E96E89D+3237613]
	GetHandleVerifier [0x00007FF63E9B0BA7+3508727]
	GetHandleVerifier [0x00007FF63E9A976F+3478975]
	GetHandleVerifier [0x00007FF63E71F1C6+815126]
	(No symbol) [0x00007FF63E5EED0F]
	(No symbol) [0x00007FF63E5E9854]
	(No symbol) [0x00007FF63E5E99E2]
	(No symbol) [0x00007FF63E5DA574]
	BaseThreadInitThunk [0x00007FFF3655257D+29]
	RtlUserThreadStart [0x00007FFF3742AA48+40]


During handling of the above exception, another exception occurred:

Traceback (most recent call last):
  File "D:\luthien\code\Achi.Tool\AichiSelenium\src\controllers\main_controller.py", line 58, in subprocess
    result = access.login(browser)
  File "D:\luthien\code\Achi.Tool\AichiSelenium\src\controllers\access.py", line 53, in login
    self.logger.error("Failed to login", e)
  File "D:\luthien\code\Achi.Tool\AichiSelenium\src\logs.py", line 73, in error
    self._log(logging.ERROR, *msg)
  File "D:\luthien\code\Achi.Tool\AichiSelenium\src\logs.py", line 90, in _log
    message = " ".join(msg)
TypeError: sequence item 1: expected str instance, TimeoutException found
[ 2024-05-01 05:20:20,784 ] 79 main_controller - ERROR - Caught exception: sequence item 1: expected str instance, TimeoutException found
Traceback (most recent call last):
  File "D:\luthien\code\Achi.Tool\AichiSelenium\src\controllers\access.py", line 29, in login
    wait_until_presence(browser, By.ID, "userLoginForm.userId")
  File "D:\luthien\code\Achi.Tool\AichiSelenium\src\utils\html_utils.py", line 8, in wait_until_presence
    WebDriverWait(browser, timeout).until(EC.presence_of_element_located((by, html)))
  File "C:\Users\Admin\anaconda3\envs\aichi\lib\site-packages\selenium\webdriver\support\wait.py", line 105, in until
    raise TimeoutException(message, screen, stacktrace)
selenium.common.exceptions.TimeoutException: Message: 
Stacktrace:
	GetHandleVerifier [0x00007FF63E93F922+3045234]
	(No symbol) [0x00007FF63E5E3652]
	(No symbol) [0x00007FF63E4A7564]
	(No symbol) [0x00007FF63E4F5F9D]
	(No symbol) [0x00007FF63E4F606C]
	(No symbol) [0x00007FF63E53BDD7]
	(No symbol) [0x00007FF63E519DEF]
	(No symbol) [0x00007FF63E5391C4]
	(No symbol) [0x00007FF63E519B53]
	(No symbol) [0x00007FF63E4E813C]
	(No symbol) [0x00007FF63E4E8D71]
	GetHandleVerifier [0x00007FF63E96E89D+3237613]
	GetHandleVerifier [0x00007FF63E9B0BA7+3508727]
	GetHandleVerifier [0x00007FF63E9A976F+3478975]
	GetHandleVerifier [0x00007FF63E71F1C6+815126]
	(No symbol) [0x00007FF63E5EED0F]
	(No symbol) [0x00007FF63E5E9854]
	(No symbol) [0x00007FF63E5E99E2]
	(No symbol) [0x00007FF63E5DA574]
	BaseThreadInitThunk [0x00007FFF3655257D+29]
	RtlUserThreadStart [0x00007FFF3742AA48+40]


During handling of the above exception, another exception occurred:

Traceback (most recent call last):
  File "D:\luthien\code\Achi.Tool\AichiSelenium\src\controllers\main_controller.py", line 58, in subprocess
    result = access.login(browser)
  File "D:\luthien\code\Achi.Tool\AichiSelenium\src\controllers\access.py", line 53, in login
    self.logger.error("Failed to login", e)
  File "D:\luthien\code\Achi.Tool\AichiSelenium\src\logs.py", line 73, in error
    self._log(logging.ERROR, *msg)
  File "D:\luthien\code\Achi.Tool\AichiSelenium\src\logs.py", line 90, in _log
    message = " ".join(msg)
TypeError: sequence item 1: expected str instance, TimeoutException found
[ 2024-05-01 05:20:20,784 ] 79 main_controller - ERROR - Caught exception: sequence item 1: expected str instance, TimeoutException found
Traceback (most recent call last):
  File "D:\luthien\code\Achi.Tool\AichiSelenium\src\controllers\access.py", line 29, in login
    wait_until_presence(browser, By.ID, "userLoginForm.userId")
  File "D:\luthien\code\Achi.Tool\AichiSelenium\src\utils\html_utils.py", line 8, in wait_until_presence
    WebDriverWait(browser, timeout).until(EC.presence_of_element_located((by, html)))
  File "C:\Users\Admin\anaconda3\envs\aichi\lib\site-packages\selenium\webdriver\support\wait.py", line 105, in until
    raise TimeoutException(message, screen, stacktrace)
selenium.common.exceptions.TimeoutException: Message: 
Stacktrace:
	GetHandleVerifier [0x00007FF63E93F922+3045234]
	(No symbol) [0x00007FF63E5E3652]
	(No symbol) [0x00007FF63E4A7564]
	(No symbol) [0x00007FF63E4F5F9D]
	(No symbol) [0x00007FF63E4F606C]
	(No symbol) [0x00007FF63E53BDD7]
	(No symbol) [0x00007FF63E519DEF]
	(No symbol) [0x00007FF63E5391C4]
	(No symbol) [0x00007FF63E519B53]
	(No symbol) [0x00007FF63E4E813C]
	(No symbol) [0x00007FF63E4E8D71]
	GetHandleVerifier [0x00007FF63E96E89D+3237613]
	GetHandleVerifier [0x00007FF63E9B0BA7+3508727]
	GetHandleVerifier [0x00007FF63E9A976F+3478975]
	GetHandleVerifier [0x00007FF63E71F1C6+815126]
	(No symbol) [0x00007FF63E5EED0F]
	(No symbol) [0x00007FF63E5E9854]
	(No symbol) [0x00007FF63E5E99E2]
	(No symbol) [0x00007FF63E5DA574]
	BaseThreadInitThunk [0x00007FFF3655257D+29]
	RtlUserThreadStart [0x00007FFF3742AA48+40]


During handling of the above exception, another exception occurred:

Traceback (most recent call last):
  File "D:\luthien\code\Achi.Tool\AichiSelenium\src\controllers\main_controller.py", line 58, in subprocess
    result = access.login(browser)
  File "D:\luthien\code\Achi.Tool\AichiSelenium\src\controllers\access.py", line 53, in login
    self.logger.error("Failed to login", e)
  File "D:\luthien\code\Achi.Tool\AichiSelenium\src\logs.py", line 73, in error
    self._log(logging.ERROR, *msg)
  File "D:\luthien\code\Achi.Tool\AichiSelenium\src\logs.py", line 90, in _log
    message = " ".join(msg)
TypeError: sequence item 1: expected str instance, TimeoutException found
[ 2024-05-01 05:20:20,784 ] 79 main_controller - ERROR - Caught exception: sequence item 1: expected str instance, TimeoutException found
Traceback (most recent call last):
  File "D:\luthien\code\Achi.Tool\AichiSelenium\src\controllers\access.py", line 29, in login
    wait_until_presence(browser, By.ID, "userLoginForm.userId")
  File "D:\luthien\code\Achi.Tool\AichiSelenium\src\utils\html_utils.py", line 8, in wait_until_presence
    WebDriverWait(browser, timeout).until(EC.presence_of_element_located((by, html)))
  File "C:\Users\Admin\anaconda3\envs\aichi\lib\site-packages\selenium\webdriver\support\wait.py", line 105, in until
    raise TimeoutException(message, screen, stacktrace)
selenium.common.exceptions.TimeoutException: Message: 
Stacktrace:
	GetHandleVerifier [0x00007FF63E93F922+3045234]
	(No symbol) [0x00007FF63E5E3652]
	(No symbol) [0x00007FF63E4A7564]
	(No symbol) [0x00007FF63E4F5F9D]
	(No symbol) [0x00007FF63E4F606C]
	(No symbol) [0x00007FF63E53BDD7]
	(No symbol) [0x00007FF63E519DEF]
	(No symbol) [0x00007FF63E5391C4]
	(No symbol) [0x00007FF63E519B53]
	(No symbol) [0x00007FF63E4E813C]
	(No symbol) [0x00007FF63E4E8D71]
	GetHandleVerifier [0x00007FF63E96E89D+3237613]
	GetHandleVerifier [0x00007FF63E9B0BA7+3508727]
	GetHandleVerifier [0x00007FF63E9A976F+3478975]
	GetHandleVerifier [0x00007FF63E71F1C6+815126]
	(No symbol) [0x00007FF63E5EED0F]
	(No symbol) [0x00007FF63E5E9854]
	(No symbol) [0x00007FF63E5E99E2]
	(No symbol) [0x00007FF63E5DA574]
	BaseThreadInitThunk [0x00007FFF3655257D+29]
	RtlUserThreadStart [0x00007FFF3742AA48+40]


During handling of the above exception, another exception occurred:

Traceback (most recent call last):
  File "D:\luthien\code\Achi.Tool\AichiSelenium\src\controllers\main_controller.py", line 58, in subprocess
    result = access.login(browser)
  File "D:\luthien\code\Achi.Tool\AichiSelenium\src\controllers\access.py", line 53, in login
    self.logger.error("Failed to login", e)
  File "D:\luthien\code\Achi.Tool\AichiSelenium\src\logs.py", line 73, in error
    self._log(logging.ERROR, *msg)
  File "D:\luthien\code\Achi.Tool\AichiSelenium\src\logs.py", line 90, in _log
    message = " ".join(msg)
TypeError: sequence item 1: expected str instance, TimeoutException found
[ 2024-05-01 05:20:22,948 ] 91 main_controller - INFO - Subprocess 0 started with trial number 1
[ 2024-05-01 05:20:22,948 ] 91 main_controller - INFO - Subprocess 0 started with trial number 1
[ 2024-05-01 05:20:22,948 ] 91 main_controller - INFO - Subprocess 0 started with trial number 1
[ 2024-05-01 05:20:22,948 ] 91 main_controller - INFO - Subprocess 0 started with trial number 1
[ 2024-05-01 05:20:22,948 ] 91 main_controller - INFO - Subprocess 0 started with trial number 1
[ 2024-05-01 05:20:24,692 ] 91 main_controller - INFO - Browser opened
[ 2024-05-01 05:20:24,692 ] 91 main_controller - INFO - Browser opened
[ 2024-05-01 05:20:24,692 ] 91 main_controller - INFO - Browser opened
[ 2024-05-01 05:20:24,692 ] 91 main_controller - INFO - Browser opened
[ 2024-05-01 05:20:24,692 ] 91 main_controller - INFO - Browser opened
[ 2024-05-01 05:20:33,740 ] 91 main_controller - INFO - Logged in successfully
[ 2024-05-01 05:20:33,740 ] 91 main_controller - INFO - Logged in successfully
[ 2024-05-01 05:20:33,740 ] 91 main_controller - INFO - Logged in successfully
[ 2024-05-01 05:20:33,740 ] 91 main_controller - INFO - Logged in successfully
[ 2024-05-01 05:20:33,740 ] 91 main_controller - INFO - Logged in successfully
[ 2024-05-01 05:20:33,834 ] 91 main_controller - INFO - Screenshot saved to D:\luthien\code\Achi.Tool\AichiSelenium\logs\2024_05_01\05_20_00\screenshot_nihahi50.png
[ 2024-05-01 05:20:33,834 ] 91 main_controller - INFO - Screenshot saved to D:\luthien\code\Achi.Tool\AichiSelenium\logs\2024_05_01\05_20_00\screenshot_nihahi50.png
[ 2024-05-01 05:20:33,834 ] 91 main_controller - INFO - Screenshot saved to D:\luthien\code\Achi.Tool\AichiSelenium\logs\2024_05_01\05_20_00\screenshot_nihahi50.png
[ 2024-05-01 05:20:33,834 ] 91 main_controller - INFO - Screenshot saved to D:\luthien\code\Achi.Tool\AichiSelenium\logs\2024_05_01\05_20_00\screenshot_nihahi50.png
[ 2024-05-01 05:20:33,834 ] 91 main_controller - INFO - Screenshot saved to D:\luthien\code\Achi.Tool\AichiSelenium\logs\2024_05_01\05_20_00\screenshot_nihahi50.png
[ 2024-05-01 05:20:33,835 ] 91 main_controller - INFO - Finding forms
[ 2024-05-01 05:20:33,835 ] 91 main_controller - INFO - Finding forms
[ 2024-05-01 05:20:33,835 ] 91 main_controller - INFO - Finding forms
[ 2024-05-01 05:20:33,835 ] 91 main_controller - INFO - Finding forms
[ 2024-05-01 05:20:33,835 ] 91 main_controller - INFO - Finding forms
[ 2024-05-01 05:29:55,253 ] 91 main_controller - INFO - Found 3 form(s)
[ 2024-05-01 05:29:55,253 ] 91 main_controller - INFO - Found 3 form(s)
[ 2024-05-01 05:29:55,253 ] 91 main_controller - INFO - Found 3 form(s)
[ 2024-05-01 05:29:55,253 ] 91 main_controller - INFO - Found 3 form(s)
[ 2024-05-01 05:29:55,253 ] 91 main_controller - INFO - Found 3 form(s)
[ 2024-05-01 05:29:55,253 ] 91 main_controller - INFO - Customers: [{'first_name': 'Van Sang', 'last_name': 'Phan', 'date_birth': '19970228', 'nation': 'ベトナム', 'country': 'ベトナム'}, {'first_name': 'Hoai Phong', 'last_name': 'Vo', 'date_birth': '19981101', 'nation': 'ベトナム', 'country': 'ベトナム'}, {'first_name': 'Tuan Anh', 'last_name': 'Huynh', 'date_birth': '19950106', 'nation': 'ベトナム', 'country': 'ベトナム'}, {'first_name': 'Van Han', 'last_name': 'Nguyen', 'date_birth': '19910525', 'nation': 'ベトナム', 'country': 'ベトナム'}, {'first_name': 'The Hieu', 'last_name': 'Truong', 'date_birth': '19990506', 'nation': 'ベトナム', 'country': 'ベトナム'}, {'first_name': 'Xuan Truong', 'last_name': 'Do', 'date_birth': '19921211', 'nation': 'ベトナム', 'country': 'ベトナム'}, {'first_name': 'Anh Ngoc', 'last_name': 'Chia', 'date_birth': '19961208', 'nation': 'ベトナム', 'country': 'ベトナム'}]
[ 2024-05-01 05:29:55,253 ] 91 main_controller - INFO - Customers: [{'first_name': 'Van Sang', 'last_name': 'Phan', 'date_birth': '19970228', 'nation': 'ベトナム', 'country': 'ベトナム'}, {'first_name': 'Hoai Phong', 'last_name': 'Vo', 'date_birth': '19981101', 'nation': 'ベトナム', 'country': 'ベトナム'}, {'first_name': 'Tuan Anh', 'last_name': 'Huynh', 'date_birth': '19950106', 'nation': 'ベトナム', 'country': 'ベトナム'}, {'first_name': 'Van Han', 'last_name': 'Nguyen', 'date_birth': '19910525', 'nation': 'ベトナム', 'country': 'ベトナム'}, {'first_name': 'The Hieu', 'last_name': 'Truong', 'date_birth': '19990506', 'nation': 'ベトナム', 'country': 'ベトナム'}, {'first_name': 'Xuan Truong', 'last_name': 'Do', 'date_birth': '19921211', 'nation': 'ベトナム', 'country': 'ベトナム'}, {'first_name': 'Anh Ngoc', 'last_name': 'Chia', 'date_birth': '19961208', 'nation': 'ベトナム', 'country': 'ベトナム'}]
[ 2024-05-01 05:29:55,253 ] 91 main_controller - INFO - Customers: [{'first_name': 'Van Sang', 'last_name': 'Phan', 'date_birth': '19970228', 'nation': 'ベトナム', 'country': 'ベトナム'}, {'first_name': 'Hoai Phong', 'last_name': 'Vo', 'date_birth': '19981101', 'nation': 'ベトナム', 'country': 'ベトナム'}, {'first_name': 'Tuan Anh', 'last_name': 'Huynh', 'date_birth': '19950106', 'nation': 'ベトナム', 'country': 'ベトナム'}, {'first_name': 'Van Han', 'last_name': 'Nguyen', 'date_birth': '19910525', 'nation': 'ベトナム', 'country': 'ベトナム'}, {'first_name': 'The Hieu', 'last_name': 'Truong', 'date_birth': '19990506', 'nation': 'ベトナム', 'country': 'ベトナム'}, {'first_name': 'Xuan Truong', 'last_name': 'Do', 'date_birth': '19921211', 'nation': 'ベトナム', 'country': 'ベトナム'}, {'first_name': 'Anh Ngoc', 'last_name': 'Chia', 'date_birth': '19961208', 'nation': 'ベトナム', 'country': 'ベトナム'}]
[ 2024-05-01 05:29:55,253 ] 91 main_controller - INFO - Customers: [{'first_name': 'Van Sang', 'last_name': 'Phan', 'date_birth': '19970228', 'nation': 'ベトナム', 'country': 'ベトナム'}, {'first_name': 'Hoai Phong', 'last_name': 'Vo', 'date_birth': '19981101', 'nation': 'ベトナム', 'country': 'ベトナム'}, {'first_name': 'Tuan Anh', 'last_name': 'Huynh', 'date_birth': '19950106', 'nation': 'ベトナム', 'country': 'ベトナム'}, {'first_name': 'Van Han', 'last_name': 'Nguyen', 'date_birth': '19910525', 'nation': 'ベトナム', 'country': 'ベトナム'}, {'first_name': 'The Hieu', 'last_name': 'Truong', 'date_birth': '19990506', 'nation': 'ベトナム', 'country': 'ベトナム'}, {'first_name': 'Xuan Truong', 'last_name': 'Do', 'date_birth': '19921211', 'nation': 'ベトナム', 'country': 'ベトナム'}, {'first_name': 'Anh Ngoc', 'last_name': 'Chia', 'date_birth': '19961208', 'nation': 'ベトナム', 'country': 'ベトナム'}]
[ 2024-05-01 05:29:55,253 ] 91 main_controller - INFO - Customers: [{'first_name': 'Van Sang', 'last_name': 'Phan', 'date_birth': '19970228', 'nation': 'ベトナム', 'country': 'ベトナム'}, {'first_name': 'Hoai Phong', 'last_name': 'Vo', 'date_birth': '19981101', 'nation': 'ベトナム', 'country': 'ベトナム'}, {'first_name': 'Tuan Anh', 'last_name': 'Huynh', 'date_birth': '19950106', 'nation': 'ベトナム', 'country': 'ベトナム'}, {'first_name': 'Van Han', 'last_name': 'Nguyen', 'date_birth': '19910525', 'nation': 'ベトナム', 'country': 'ベトナム'}, {'first_name': 'The Hieu', 'last_name': 'Truong', 'date_birth': '19990506', 'nation': 'ベトナム', 'country': 'ベトナム'}, {'first_name': 'Xuan Truong', 'last_name': 'Do', 'date_birth': '19921211', 'nation': 'ベトナム', 'country': 'ベトナム'}, {'first_name': 'Anh Ngoc', 'last_name': 'Chia', 'date_birth': '19961208', 'nation': 'ベトナム', 'country': 'ベトナム'}]
[ 2024-05-01 05:29:55,253 ] 91 main_controller - INFO - Customer info index 0: {'first_name': 'Van Sang', 'last_name': 'Phan', 'date_birth': '19970228', 'nation': 'ベトナム', 'country': 'ベトナム', 'phone_number': '080-1583-0891', 'gender': 'M'}
[ 2024-05-01 05:29:55,253 ] 91 main_controller - INFO - Customer info index 0: {'first_name': 'Van Sang', 'last_name': 'Phan', 'date_birth': '19970228', 'nation': 'ベトナム', 'country': 'ベトナム', 'phone_number': '080-1583-0891', 'gender': 'M'}
[ 2024-05-01 05:29:55,253 ] 91 main_controller - INFO - Customer info index 0: {'first_name': 'Van Sang', 'last_name': 'Phan', 'date_birth': '19970228', 'nation': 'ベトナム', 'country': 'ベトナム', 'phone_number': '080-1583-0891', 'gender': 'M'}
[ 2024-05-01 05:29:55,253 ] 91 main_controller - INFO - Customer info index 0: {'first_name': 'Van Sang', 'last_name': 'Phan', 'date_birth': '19970228', 'nation': 'ベトナム', 'country': 'ベトナム', 'phone_number': '080-1583-0891', 'gender': 'M'}
[ 2024-05-01 05:29:55,253 ] 91 main_controller - INFO - Customer info index 0: {'first_name': 'Van Sang', 'last_name': 'Phan', 'date_birth': '19970228', 'nation': 'ベトナム', 'country': 'ベトナム', 'phone_number': '080-1583-0891', 'gender': 'M'}
[ 2024-05-01 05:29:55,253 ] 91 main_controller - INFO - Customer index 0: Phan Van Sang, M, 19970228, 080-1583-0891, ベトナム
[ 2024-05-01 05:29:55,253 ] 91 main_controller - INFO - Customer index 0: Phan Van Sang, M, 19970228, 080-1583-0891, ベトナム
[ 2024-05-01 05:29:55,253 ] 91 main_controller - INFO - Customer index 0: Phan Van Sang, M, 19970228, 080-1583-0891, ベトナム
[ 2024-05-01 05:29:55,253 ] 91 main_controller - INFO - Customer index 0: Phan Van Sang, M, 19970228, 080-1583-0891, ベトナム
[ 2024-05-01 05:29:55,253 ] 91 main_controller - INFO - Customer index 0: Phan Van Sang, M, 19970228, 080-1583-0891, ベトナム
[ 2024-05-01 05:29:55,370 ] 91 main_controller - INFO - Found 3 form(s)
[ 2024-05-01 05:29:55,370 ] 91 main_controller - INFO - Found 3 form(s)
[ 2024-05-01 05:29:55,370 ] 91 main_controller - INFO - Found 3 form(s)
[ 2024-05-01 05:29:55,370 ] 91 main_controller - INFO - Found 3 form(s)
[ 2024-05-01 05:29:55,370 ] 91 main_controller - INFO - Found 3 form(s)
[ 2024-05-01 05:29:55,371 ] 91 main_controller - INFO - Customers: [{'first_name': 'Van Sang', 'last_name': 'Phan', 'date_birth': '19970228', 'nation': 'ベトナム', 'country': 'ベトナム', 'phone_number': '080-1583-0891', 'gender': 'M'}, {'first_name': 'Hoai Phong', 'last_name': 'Vo', 'date_birth': '19981101', 'nation': 'ベトナム', 'country': 'ベトナム'}, {'first_name': 'Tuan Anh', 'last_name': 'Huynh', 'date_birth': '19950106', 'nation': 'ベトナム', 'country': 'ベトナム'}, {'first_name': 'Van Han', 'last_name': 'Nguyen', 'date_birth': '19910525', 'nation': 'ベトナム', 'country': 'ベトナム'}, {'first_name': 'The Hieu', 'last_name': 'Truong', 'date_birth': '19990506', 'nation': 'ベトナム', 'country': 'ベトナム'}, {'first_name': 'Xuan Truong', 'last_name': 'Do', 'date_birth': '19921211', 'nation': 'ベトナム', 'country': 'ベトナム'}, {'first_name': 'Anh Ngoc', 'last_name': 'Chia', 'date_birth': '19961208', 'nation': 'ベトナム', 'country': 'ベトナム'}]
[ 2024-05-01 05:29:55,371 ] 91 main_controller - INFO - Customers: [{'first_name': 'Van Sang', 'last_name': 'Phan', 'date_birth': '19970228', 'nation': 'ベトナム', 'country': 'ベトナム', 'phone_number': '080-1583-0891', 'gender': 'M'}, {'first_name': 'Hoai Phong', 'last_name': 'Vo', 'date_birth': '19981101', 'nation': 'ベトナム', 'country': 'ベトナム'}, {'first_name': 'Tuan Anh', 'last_name': 'Huynh', 'date_birth': '19950106', 'nation': 'ベトナム', 'country': 'ベトナム'}, {'first_name': 'Van Han', 'last_name': 'Nguyen', 'date_birth': '19910525', 'nation': 'ベトナム', 'country': 'ベトナム'}, {'first_name': 'The Hieu', 'last_name': 'Truong', 'date_birth': '19990506', 'nation': 'ベトナム', 'country': 'ベトナム'}, {'first_name': 'Xuan Truong', 'last_name': 'Do', 'date_birth': '19921211', 'nation': 'ベトナム', 'country': 'ベトナム'}, {'first_name': 'Anh Ngoc', 'last_name': 'Chia', 'date_birth': '19961208', 'nation': 'ベトナム', 'country': 'ベトナム'}]
[ 2024-05-01 05:29:55,371 ] 91 main_controller - INFO - Customers: [{'first_name': 'Van Sang', 'last_name': 'Phan', 'date_birth': '19970228', 'nation': 'ベトナム', 'country': 'ベトナム', 'phone_number': '080-1583-0891', 'gender': 'M'}, {'first_name': 'Hoai Phong', 'last_name': 'Vo', 'date_birth': '19981101', 'nation': 'ベトナム', 'country': 'ベトナム'}, {'first_name': 'Tuan Anh', 'last_name': 'Huynh', 'date_birth': '19950106', 'nation': 'ベトナム', 'country': 'ベトナム'}, {'first_name': 'Van Han', 'last_name': 'Nguyen', 'date_birth': '19910525', 'nation': 'ベトナム', 'country': 'ベトナム'}, {'first_name': 'The Hieu', 'last_name': 'Truong', 'date_birth': '19990506', 'nation': 'ベトナム', 'country': 'ベトナム'}, {'first_name': 'Xuan Truong', 'last_name': 'Do', 'date_birth': '19921211', 'nation': 'ベトナム', 'country': 'ベトナム'}, {'first_name': 'Anh Ngoc', 'last_name': 'Chia', 'date_birth': '19961208', 'nation': 'ベトナム', 'country': 'ベトナム'}]
[ 2024-05-01 05:29:55,371 ] 91 main_controller - INFO - Customers: [{'first_name': 'Van Sang', 'last_name': 'Phan', 'date_birth': '19970228', 'nation': 'ベトナム', 'country': 'ベトナム', 'phone_number': '080-1583-0891', 'gender': 'M'}, {'first_name': 'Hoai Phong', 'last_name': 'Vo', 'date_birth': '19981101', 'nation': 'ベトナム', 'country': 'ベトナム'}, {'first_name': 'Tuan Anh', 'last_name': 'Huynh', 'date_birth': '19950106', 'nation': 'ベトナム', 'country': 'ベトナム'}, {'first_name': 'Van Han', 'last_name': 'Nguyen', 'date_birth': '19910525', 'nation': 'ベトナム', 'country': 'ベトナム'}, {'first_name': 'The Hieu', 'last_name': 'Truong', 'date_birth': '19990506', 'nation': 'ベトナム', 'country': 'ベトナム'}, {'first_name': 'Xuan Truong', 'last_name': 'Do', 'date_birth': '19921211', 'nation': 'ベトナム', 'country': 'ベトナム'}, {'first_name': 'Anh Ngoc', 'last_name': 'Chia', 'date_birth': '19961208', 'nation': 'ベトナム', 'country': 'ベトナム'}]
[ 2024-05-01 05:29:55,371 ] 91 main_controller - INFO - Customers: [{'first_name': 'Van Sang', 'last_name': 'Phan', 'date_birth': '19970228', 'nation': 'ベトナム', 'country': 'ベトナム', 'phone_number': '080-1583-0891', 'gender': 'M'}, {'first_name': 'Hoai Phong', 'last_name': 'Vo', 'date_birth': '19981101', 'nation': 'ベトナム', 'country': 'ベトナム'}, {'first_name': 'Tuan Anh', 'last_name': 'Huynh', 'date_birth': '19950106', 'nation': 'ベトナム', 'country': 'ベトナム'}, {'first_name': 'Van Han', 'last_name': 'Nguyen', 'date_birth': '19910525', 'nation': 'ベトナム', 'country': 'ベトナム'}, {'first_name': 'The Hieu', 'last_name': 'Truong', 'date_birth': '19990506', 'nation': 'ベトナム', 'country': 'ベトナム'}, {'first_name': 'Xuan Truong', 'last_name': 'Do', 'date_birth': '19921211', 'nation': 'ベトナム', 'country': 'ベトナム'}, {'first_name': 'Anh Ngoc', 'last_name': 'Chia', 'date_birth': '19961208', 'nation': 'ベトナム', 'country': 'ベトナム'}]
[ 2024-05-01 05:29:55,371 ] 91 main_controller - INFO - Customer info index 0: {'first_name': 'Van Sang', 'last_name': 'Phan', 'date_birth': '19970228', 'nation': 'ベトナム', 'country': 'ベトナム', 'phone_number': '080-1583-0891', 'gender': 'F'}
[ 2024-05-01 05:29:55,371 ] 91 main_controller - INFO - Customer info index 0: {'first_name': 'Van Sang', 'last_name': 'Phan', 'date_birth': '19970228', 'nation': 'ベトナム', 'country': 'ベトナム', 'phone_number': '080-1583-0891', 'gender': 'F'}
[ 2024-05-01 05:29:55,371 ] 91 main_controller - INFO - Customer info index 0: {'first_name': 'Van Sang', 'last_name': 'Phan', 'date_birth': '19970228', 'nation': 'ベトナム', 'country': 'ベトナム', 'phone_number': '080-1583-0891', 'gender': 'F'}
[ 2024-05-01 05:29:55,371 ] 91 main_controller - INFO - Customer info index 0: {'first_name': 'Van Sang', 'last_name': 'Phan', 'date_birth': '19970228', 'nation': 'ベトナム', 'country': 'ベトナム', 'phone_number': '080-1583-0891', 'gender': 'F'}
[ 2024-05-01 05:29:55,371 ] 91 main_controller - INFO - Customer info index 0: {'first_name': 'Van Sang', 'last_name': 'Phan', 'date_birth': '19970228', 'nation': 'ベトナム', 'country': 'ベトナム', 'phone_number': '080-1583-0891', 'gender': 'F'}
[ 2024-05-01 05:29:55,371 ] 91 main_controller - INFO - Customer index 0: Phan Van Sang, F, 19970228, 080-1583-0891, ベトナム
[ 2024-05-01 05:29:55,371 ] 91 main_controller - INFO - Customer index 0: Phan Van Sang, F, 19970228, 080-1583-0891, ベトナム
[ 2024-05-01 05:29:55,371 ] 91 main_controller - INFO - Customer index 0: Phan Van Sang, F, 19970228, 080-1583-0891, ベトナム
[ 2024-05-01 05:29:55,371 ] 91 main_controller - INFO - Customer index 0: Phan Van Sang, F, 19970228, 080-1583-0891, ベトナム
[ 2024-05-01 05:29:55,371 ] 91 main_controller - INFO - Customer index 0: Phan Van Sang, F, 19970228, 080-1583-0891, ベトナム
[ 2024-05-01 05:29:55,482 ] 91 main_controller - INFO - Found 3 form(s)
[ 2024-05-01 05:29:55,482 ] 91 main_controller - INFO - Found 3 form(s)
[ 2024-05-01 05:29:55,482 ] 91 main_controller - INFO - Found 3 form(s)
[ 2024-05-01 05:29:55,482 ] 91 main_controller - INFO - Found 3 form(s)
[ 2024-05-01 05:29:55,482 ] 91 main_controller - INFO - Found 3 form(s)
[ 2024-05-01 05:29:55,482 ] 91 main_controller - INFO - Customers: [{'first_name': 'Van Sang', 'last_name': 'Phan', 'date_birth': '19970228', 'nation': 'ベトナム', 'country': 'ベトナム', 'phone_number': '080-1583-0891', 'gender': 'F'}, {'first_name': 'Hoai Phong', 'last_name': 'Vo', 'date_birth': '19981101', 'nation': 'ベトナム', 'country': 'ベトナム'}, {'first_name': 'Tuan Anh', 'last_name': 'Huynh', 'date_birth': '19950106', 'nation': 'ベトナム', 'country': 'ベトナム'}, {'first_name': 'Van Han', 'last_name': 'Nguyen', 'date_birth': '19910525', 'nation': 'ベトナム', 'country': 'ベトナム'}, {'first_name': 'The Hieu', 'last_name': 'Truong', 'date_birth': '19990506', 'nation': 'ベトナム', 'country': 'ベトナム'}, {'first_name': 'Xuan Truong', 'last_name': 'Do', 'date_birth': '19921211', 'nation': 'ベトナム', 'country': 'ベトナム'}, {'first_name': 'Anh Ngoc', 'last_name': 'Chia', 'date_birth': '19961208', 'nation': 'ベトナム', 'country': 'ベトナム'}]
[ 2024-05-01 05:29:55,482 ] 91 main_controller - INFO - Customers: [{'first_name': 'Van Sang', 'last_name': 'Phan', 'date_birth': '19970228', 'nation': 'ベトナム', 'country': 'ベトナム', 'phone_number': '080-1583-0891', 'gender': 'F'}, {'first_name': 'Hoai Phong', 'last_name': 'Vo', 'date_birth': '19981101', 'nation': 'ベトナム', 'country': 'ベトナム'}, {'first_name': 'Tuan Anh', 'last_name': 'Huynh', 'date_birth': '19950106', 'nation': 'ベトナム', 'country': 'ベトナム'}, {'first_name': 'Van Han', 'last_name': 'Nguyen', 'date_birth': '19910525', 'nation': 'ベトナム', 'country': 'ベトナム'}, {'first_name': 'The Hieu', 'last_name': 'Truong', 'date_birth': '19990506', 'nation': 'ベトナム', 'country': 'ベトナム'}, {'first_name': 'Xuan Truong', 'last_name': 'Do', 'date_birth': '19921211', 'nation': 'ベトナム', 'country': 'ベトナム'}, {'first_name': 'Anh Ngoc', 'last_name': 'Chia', 'date_birth': '19961208', 'nation': 'ベトナム', 'country': 'ベトナム'}]
[ 2024-05-01 05:29:55,482 ] 91 main_controller - INFO - Customers: [{'first_name': 'Van Sang', 'last_name': 'Phan', 'date_birth': '19970228', 'nation': 'ベトナム', 'country': 'ベトナム', 'phone_number': '080-1583-0891', 'gender': 'F'}, {'first_name': 'Hoai Phong', 'last_name': 'Vo', 'date_birth': '19981101', 'nation': 'ベトナム', 'country': 'ベトナム'}, {'first_name': 'Tuan Anh', 'last_name': 'Huynh', 'date_birth': '19950106', 'nation': 'ベトナム', 'country': 'ベトナム'}, {'first_name': 'Van Han', 'last_name': 'Nguyen', 'date_birth': '19910525', 'nation': 'ベトナム', 'country': 'ベトナム'}, {'first_name': 'The Hieu', 'last_name': 'Truong', 'date_birth': '19990506', 'nation': 'ベトナム', 'country': 'ベトナム'}, {'first_name': 'Xuan Truong', 'last_name': 'Do', 'date_birth': '19921211', 'nation': 'ベトナム', 'country': 'ベトナム'}, {'first_name': 'Anh Ngoc', 'last_name': 'Chia', 'date_birth': '19961208', 'nation': 'ベトナム', 'country': 'ベトナム'}]
[ 2024-05-01 05:29:55,482 ] 91 main_controller - INFO - Customers: [{'first_name': 'Van Sang', 'last_name': 'Phan', 'date_birth': '19970228', 'nation': 'ベトナム', 'country': 'ベトナム', 'phone_number': '080-1583-0891', 'gender': 'F'}, {'first_name': 'Hoai Phong', 'last_name': 'Vo', 'date_birth': '19981101', 'nation': 'ベトナム', 'country': 'ベトナム'}, {'first_name': 'Tuan Anh', 'last_name': 'Huynh', 'date_birth': '19950106', 'nation': 'ベトナム', 'country': 'ベトナム'}, {'first_name': 'Van Han', 'last_name': 'Nguyen', 'date_birth': '19910525', 'nation': 'ベトナム', 'country': 'ベトナム'}, {'first_name': 'The Hieu', 'last_name': 'Truong', 'date_birth': '19990506', 'nation': 'ベトナム', 'country': 'ベトナム'}, {'first_name': 'Xuan Truong', 'last_name': 'Do', 'date_birth': '19921211', 'nation': 'ベトナム', 'country': 'ベトナム'}, {'first_name': 'Anh Ngoc', 'last_name': 'Chia', 'date_birth': '19961208', 'nation': 'ベトナム', 'country': 'ベトナム'}]
[ 2024-05-01 05:29:55,482 ] 91 main_controller - INFO - Customers: [{'first_name': 'Van Sang', 'last_name': 'Phan', 'date_birth': '19970228', 'nation': 'ベトナム', 'country': 'ベトナム', 'phone_number': '080-1583-0891', 'gender': 'F'}, {'first_name': 'Hoai Phong', 'last_name': 'Vo', 'date_birth': '19981101', 'nation': 'ベトナム', 'country': 'ベトナム'}, {'first_name': 'Tuan Anh', 'last_name': 'Huynh', 'date_birth': '19950106', 'nation': 'ベトナム', 'country': 'ベトナム'}, {'first_name': 'Van Han', 'last_name': 'Nguyen', 'date_birth': '19910525', 'nation': 'ベトナム', 'country': 'ベトナム'}, {'first_name': 'The Hieu', 'last_name': 'Truong', 'date_birth': '19990506', 'nation': 'ベトナム', 'country': 'ベトナム'}, {'first_name': 'Xuan Truong', 'last_name': 'Do', 'date_birth': '19921211', 'nation': 'ベトナム', 'country': 'ベトナム'}, {'first_name': 'Anh Ngoc', 'last_name': 'Chia', 'date_birth': '19961208', 'nation': 'ベトナム', 'country': 'ベトナム'}]
[ 2024-05-01 05:29:55,482 ] 91 main_controller - INFO - Customer info index 0: {'first_name': 'Van Sang', 'last_name': 'Phan', 'date_birth': '19970228', 'nation': 'ベトナム', 'country': 'ベトナム', 'phone_number': '080-1583-0891', 'gender': 'F'}
[ 2024-05-01 05:29:55,482 ] 91 main_controller - INFO - Customer info index 0: {'first_name': 'Van Sang', 'last_name': 'Phan', 'date_birth': '19970228', 'nation': 'ベトナム', 'country': 'ベトナム', 'phone_number': '080-1583-0891', 'gender': 'F'}
[ 2024-05-01 05:29:55,482 ] 91 main_controller - INFO - Customer info index 0: {'first_name': 'Van Sang', 'last_name': 'Phan', 'date_birth': '19970228', 'nation': 'ベトナム', 'country': 'ベトナム', 'phone_number': '080-1583-0891', 'gender': 'F'}
[ 2024-05-01 05:29:55,482 ] 91 main_controller - INFO - Customer info index 0: {'first_name': 'Van Sang', 'last_name': 'Phan', 'date_birth': '19970228', 'nation': 'ベトナム', 'country': 'ベトナム', 'phone_number': '080-1583-0891', 'gender': 'F'}
[ 2024-05-01 05:29:55,482 ] 91 main_controller - INFO - Customer info index 0: {'first_name': 'Van Sang', 'last_name': 'Phan', 'date_birth': '19970228', 'nation': 'ベトナム', 'country': 'ベトナム', 'phone_number': '080-1583-0891', 'gender': 'F'}
[ 2024-05-01 05:29:55,483 ] 91 main_controller - INFO - Customer index 0: Phan Van Sang, F, 19970228, 080-1583-0891, ベトナム
[ 2024-05-01 05:29:55,483 ] 91 main_controller - INFO - Customer index 0: Phan Van Sang, F, 19970228, 080-1583-0891, ベトナム
[ 2024-05-01 05:29:55,483 ] 91 main_controller - INFO - Customer index 0: Phan Van Sang, F, 19970228, 080-1583-0891, ベトナム
[ 2024-05-01 05:29:55,483 ] 91 main_controller - INFO - Customer index 0: Phan Van Sang, F, 19970228, 080-1583-0891, ベトナム
[ 2024-05-01 05:29:55,483 ] 91 main_controller - INFO - Customer index 0: Phan Van Sang, F, 19970228, 080-1583-0891, ベトナム
[ 2024-05-01 05:29:59,486 ] 91 main_controller - INFO - Found 3 form(s)
[ 2024-05-01 05:29:59,486 ] 91 main_controller - INFO - Found 3 form(s)
[ 2024-05-01 05:29:59,486 ] 91 main_controller - INFO - Found 3 form(s)
[ 2024-05-01 05:29:59,486 ] 91 main_controller - INFO - Found 3 form(s)
[ 2024-05-01 05:29:59,486 ] 91 main_controller - INFO - Found 3 form(s)
[ 2024-05-01 05:29:59,486 ] 91 main_controller - INFO - Customers: [{'first_name': 'Van Sang', 'last_name': 'Phan', 'date_birth': '19970228', 'nation': 'ベトナム', 'country': 'ベトナム', 'phone_number': '080-1583-0891', 'gender': 'F'}, {'first_name': 'Hoai Phong', 'last_name': 'Vo', 'date_birth': '19981101', 'nation': 'ベトナム', 'country': 'ベトナム'}, {'first_name': 'Tuan Anh', 'last_name': 'Huynh', 'date_birth': '19950106', 'nation': 'ベトナム', 'country': 'ベトナム'}, {'first_name': 'Van Han', 'last_name': 'Nguyen', 'date_birth': '19910525', 'nation': 'ベトナム', 'country': 'ベトナム'}, {'first_name': 'The Hieu', 'last_name': 'Truong', 'date_birth': '19990506', 'nation': 'ベトナム', 'country': 'ベトナム'}, {'first_name': 'Xuan Truong', 'last_name': 'Do', 'date_birth': '19921211', 'nation': 'ベトナム', 'country': 'ベトナム'}, {'first_name': 'Anh Ngoc', 'last_name': 'Chia', 'date_birth': '19961208', 'nation': 'ベトナム', 'country': 'ベトナム'}]
[ 2024-05-01 05:29:59,486 ] 91 main_controller - INFO - Customers: [{'first_name': 'Van Sang', 'last_name': 'Phan', 'date_birth': '19970228', 'nation': 'ベトナム', 'country': 'ベトナム', 'phone_number': '080-1583-0891', 'gender': 'F'}, {'first_name': 'Hoai Phong', 'last_name': 'Vo', 'date_birth': '19981101', 'nation': 'ベトナム', 'country': 'ベトナム'}, {'first_name': 'Tuan Anh', 'last_name': 'Huynh', 'date_birth': '19950106', 'nation': 'ベトナム', 'country': 'ベトナム'}, {'first_name': 'Van Han', 'last_name': 'Nguyen', 'date_birth': '19910525', 'nation': 'ベトナム', 'country': 'ベトナム'}, {'first_name': 'The Hieu', 'last_name': 'Truong', 'date_birth': '19990506', 'nation': 'ベトナム', 'country': 'ベトナム'}, {'first_name': 'Xuan Truong', 'last_name': 'Do', 'date_birth': '19921211', 'nation': 'ベトナム', 'country': 'ベトナム'}, {'first_name': 'Anh Ngoc', 'last_name': 'Chia', 'date_birth': '19961208', 'nation': 'ベトナム', 'country': 'ベトナム'}]
[ 2024-05-01 05:29:59,486 ] 91 main_controller - INFO - Customers: [{'first_name': 'Van Sang', 'last_name': 'Phan', 'date_birth': '19970228', 'nation': 'ベトナム', 'country': 'ベトナム', 'phone_number': '080-1583-0891', 'gender': 'F'}, {'first_name': 'Hoai Phong', 'last_name': 'Vo', 'date_birth': '19981101', 'nation': 'ベトナム', 'country': 'ベトナム'}, {'first_name': 'Tuan Anh', 'last_name': 'Huynh', 'date_birth': '19950106', 'nation': 'ベトナム', 'country': 'ベトナム'}, {'first_name': 'Van Han', 'last_name': 'Nguyen', 'date_birth': '19910525', 'nation': 'ベトナム', 'country': 'ベトナム'}, {'first_name': 'The Hieu', 'last_name': 'Truong', 'date_birth': '19990506', 'nation': 'ベトナム', 'country': 'ベトナム'}, {'first_name': 'Xuan Truong', 'last_name': 'Do', 'date_birth': '19921211', 'nation': 'ベトナム', 'country': 'ベトナム'}, {'first_name': 'Anh Ngoc', 'last_name': 'Chia', 'date_birth': '19961208', 'nation': 'ベトナム', 'country': 'ベトナム'}]
[ 2024-05-01 05:29:59,486 ] 91 main_controller - INFO - Customers: [{'first_name': 'Van Sang', 'last_name': 'Phan', 'date_birth': '19970228', 'nation': 'ベトナム', 'country': 'ベトナム', 'phone_number': '080-1583-0891', 'gender': 'F'}, {'first_name': 'Hoai Phong', 'last_name': 'Vo', 'date_birth': '19981101', 'nation': 'ベトナム', 'country': 'ベトナム'}, {'first_name': 'Tuan Anh', 'last_name': 'Huynh', 'date_birth': '19950106', 'nation': 'ベトナム', 'country': 'ベトナム'}, {'first_name': 'Van Han', 'last_name': 'Nguyen', 'date_birth': '19910525', 'nation': 'ベトナム', 'country': 'ベトナム'}, {'first_name': 'The Hieu', 'last_name': 'Truong', 'date_birth': '19990506', 'nation': 'ベトナム', 'country': 'ベトナム'}, {'first_name': 'Xuan Truong', 'last_name': 'Do', 'date_birth': '19921211', 'nation': 'ベトナム', 'country': 'ベトナム'}, {'first_name': 'Anh Ngoc', 'last_name': 'Chia', 'date_birth': '19961208', 'nation': 'ベトナム', 'country': 'ベトナム'}]
[ 2024-05-01 05:29:59,486 ] 91 main_controller - INFO - Customers: [{'first_name': 'Van Sang', 'last_name': 'Phan', 'date_birth': '19970228', 'nation': 'ベトナム', 'country': 'ベトナム', 'phone_number': '080-1583-0891', 'gender': 'F'}, {'first_name': 'Hoai Phong', 'last_name': 'Vo', 'date_birth': '19981101', 'nation': 'ベトナム', 'country': 'ベトナム'}, {'first_name': 'Tuan Anh', 'last_name': 'Huynh', 'date_birth': '19950106', 'nation': 'ベトナム', 'country': 'ベトナム'}, {'first_name': 'Van Han', 'last_name': 'Nguyen', 'date_birth': '19910525', 'nation': 'ベトナム', 'country': 'ベトナム'}, {'first_name': 'The Hieu', 'last_name': 'Truong', 'date_birth': '19990506', 'nation': 'ベトナム', 'country': 'ベトナム'}, {'first_name': 'Xuan Truong', 'last_name': 'Do', 'date_birth': '19921211', 'nation': 'ベトナム', 'country': 'ベトナム'}, {'first_name': 'Anh Ngoc', 'last_name': 'Chia', 'date_birth': '19961208', 'nation': 'ベトナム', 'country': 'ベトナム'}]
[ 2024-05-01 05:29:59,486 ] 91 main_controller - INFO - Customer info index 0: {'first_name': 'Van Sang', 'last_name': 'Phan', 'date_birth': '19970228', 'nation': 'ベトナム', 'country': 'ベトナム', 'phone_number': '080-1583-0891', 'gender': 'F'}
[ 2024-05-01 05:29:59,486 ] 91 main_controller - INFO - Customer info index 0: {'first_name': 'Van Sang', 'last_name': 'Phan', 'date_birth': '19970228', 'nation': 'ベトナム', 'country': 'ベトナム', 'phone_number': '080-1583-0891', 'gender': 'F'}
[ 2024-05-01 05:29:59,486 ] 91 main_controller - INFO - Customer info index 0: {'first_name': 'Van Sang', 'last_name': 'Phan', 'date_birth': '19970228', 'nation': 'ベトナム', 'country': 'ベトナム', 'phone_number': '080-1583-0891', 'gender': 'F'}
[ 2024-05-01 05:29:59,486 ] 91 main_controller - INFO - Customer info index 0: {'first_name': 'Van Sang', 'last_name': 'Phan', 'date_birth': '19970228', 'nation': 'ベトナム', 'country': 'ベトナム', 'phone_number': '080-1583-0891', 'gender': 'F'}
[ 2024-05-01 05:29:59,486 ] 91 main_controller - INFO - Customer info index 0: {'first_name': 'Van Sang', 'last_name': 'Phan', 'date_birth': '19970228', 'nation': 'ベトナム', 'country': 'ベトナム', 'phone_number': '080-1583-0891', 'gender': 'F'}
[ 2024-05-01 05:29:59,486 ] 91 main_controller - INFO - Customer index 0: Phan Van Sang, F, 19970228, 080-1583-0891, ベトナム
[ 2024-05-01 05:29:59,486 ] 91 main_controller - INFO - Customer index 0: Phan Van Sang, F, 19970228, 080-1583-0891, ベトナム
[ 2024-05-01 05:29:59,486 ] 91 main_controller - INFO - Customer index 0: Phan Van Sang, F, 19970228, 080-1583-0891, ベトナム
[ 2024-05-01 05:29:59,486 ] 91 main_controller - INFO - Customer index 0: Phan Van Sang, F, 19970228, 080-1583-0891, ベトナム
[ 2024-05-01 05:29:59,486 ] 91 main_controller - INFO - Customer index 0: Phan Van Sang, F, 19970228, 080-1583-0891, ベトナム
[ 2024-05-01 05:30:07,216 ] 79 main_controller - ERROR - Caught exception: 'str' object is not callable
Traceback (most recent call last):
  File "D:\luthien\code\Achi.Tool\AichiSelenium\src\controllers\main_controller.py", line 97, in subprocess
    filler.fill(browser, form_info, customer)
  File "D:\luthien\code\Achi.Tool\AichiSelenium\src\controllers\filler.py", line 70, in fill
    pg_source = browser.page_source()
TypeError: 'str' object is not callable
[ 2024-05-01 05:30:07,216 ] 79 main_controller - ERROR - Caught exception: 'str' object is not callable
Traceback (most recent call last):
  File "D:\luthien\code\Achi.Tool\AichiSelenium\src\controllers\main_controller.py", line 97, in subprocess
    filler.fill(browser, form_info, customer)
  File "D:\luthien\code\Achi.Tool\AichiSelenium\src\controllers\filler.py", line 70, in fill
    pg_source = browser.page_source()
TypeError: 'str' object is not callable
[ 2024-05-01 05:30:07,216 ] 79 main_controller - ERROR - Caught exception: 'str' object is not callable
Traceback (most recent call last):
  File "D:\luthien\code\Achi.Tool\AichiSelenium\src\controllers\main_controller.py", line 97, in subprocess
    filler.fill(browser, form_info, customer)
  File "D:\luthien\code\Achi.Tool\AichiSelenium\src\controllers\filler.py", line 70, in fill
    pg_source = browser.page_source()
TypeError: 'str' object is not callable
[ 2024-05-01 05:30:07,216 ] 79 main_controller - ERROR - Caught exception: 'str' object is not callable
Traceback (most recent call last):
  File "D:\luthien\code\Achi.Tool\AichiSelenium\src\controllers\main_controller.py", line 97, in subprocess
    filler.fill(browser, form_info, customer)
  File "D:\luthien\code\Achi.Tool\AichiSelenium\src\controllers\filler.py", line 70, in fill
    pg_source = browser.page_source()
TypeError: 'str' object is not callable
[ 2024-05-01 05:30:07,216 ] 79 main_controller - ERROR - Caught exception: 'str' object is not callable
Traceback (most recent call last):
  File "D:\luthien\code\Achi.Tool\AichiSelenium\src\controllers\main_controller.py", line 97, in subprocess
    filler.fill(browser, form_info, customer)
  File "D:\luthien\code\Achi.Tool\AichiSelenium\src\controllers\filler.py", line 70, in fill
    pg_source = browser.page_source()
TypeError: 'str' object is not callable
[ 2024-05-01 05:30:08,339 ] 79 main_controller - ERROR - Caught exception: 'str' object is not callable
Traceback (most recent call last):
  File "D:\luthien\code\Achi.Tool\AichiSelenium\src\controllers\main_controller.py", line 97, in subprocess
    filler.fill(browser, form_info, customer)
  File "D:\luthien\code\Achi.Tool\AichiSelenium\src\controllers\filler.py", line 70, in fill
    pg_source = browser.page_source()
TypeError: 'str' object is not callable
[ 2024-05-01 05:30:08,339 ] 79 main_controller - ERROR - Caught exception: 'str' object is not callable
Traceback (most recent call last):
  File "D:\luthien\code\Achi.Tool\AichiSelenium\src\controllers\main_controller.py", line 97, in subprocess
    filler.fill(browser, form_info, customer)
  File "D:\luthien\code\Achi.Tool\AichiSelenium\src\controllers\filler.py", line 70, in fill
    pg_source = browser.page_source()
TypeError: 'str' object is not callable
[ 2024-05-01 05:30:08,339 ] 79 main_controller - ERROR - Caught exception: 'str' object is not callable
Traceback (most recent call last):
  File "D:\luthien\code\Achi.Tool\AichiSelenium\src\controllers\main_controller.py", line 97, in subprocess
    filler.fill(browser, form_info, customer)
  File "D:\luthien\code\Achi.Tool\AichiSelenium\src\controllers\filler.py", line 70, in fill
    pg_source = browser.page_source()
TypeError: 'str' object is not callable
[ 2024-05-01 05:30:08,339 ] 79 main_controller - ERROR - Caught exception: 'str' object is not callable
Traceback (most recent call last):
  File "D:\luthien\code\Achi.Tool\AichiSelenium\src\controllers\main_controller.py", line 97, in subprocess
    filler.fill(browser, form_info, customer)
  File "D:\luthien\code\Achi.Tool\AichiSelenium\src\controllers\filler.py", line 70, in fill
    pg_source = browser.page_source()
TypeError: 'str' object is not callable
[ 2024-05-01 05:30:08,339 ] 79 main_controller - ERROR - Caught exception: 'str' object is not callable
Traceback (most recent call last):
  File "D:\luthien\code\Achi.Tool\AichiSelenium\src\controllers\main_controller.py", line 97, in subprocess
    filler.fill(browser, form_info, customer)
  File "D:\luthien\code\Achi.Tool\AichiSelenium\src\controllers\filler.py", line 70, in fill
    pg_source = browser.page_source()
TypeError: 'str' object is not callable
[ 2024-05-01 05:30:08,660 ] 79 main_controller - ERROR - Caught exception: 'str' object is not callable
Traceback (most recent call last):
  File "D:\luthien\code\Achi.Tool\AichiSelenium\src\controllers\main_controller.py", line 97, in subprocess
    filler.fill(browser, form_info, customer)
  File "D:\luthien\code\Achi.Tool\AichiSelenium\src\controllers\filler.py", line 70, in fill
    pg_source = browser.page_source()
TypeError: 'str' object is not callable
[ 2024-05-01 05:30:08,660 ] 79 main_controller - ERROR - Caught exception: 'str' object is not callable
Traceback (most recent call last):
  File "D:\luthien\code\Achi.Tool\AichiSelenium\src\controllers\main_controller.py", line 97, in subprocess
    filler.fill(browser, form_info, customer)
  File "D:\luthien\code\Achi.Tool\AichiSelenium\src\controllers\filler.py", line 70, in fill
    pg_source = browser.page_source()
TypeError: 'str' object is not callable
[ 2024-05-01 05:30:08,660 ] 79 main_controller - ERROR - Caught exception: 'str' object is not callable
Traceback (most recent call last):
  File "D:\luthien\code\Achi.Tool\AichiSelenium\src\controllers\main_controller.py", line 97, in subprocess
    filler.fill(browser, form_info, customer)
  File "D:\luthien\code\Achi.Tool\AichiSelenium\src\controllers\filler.py", line 70, in fill
    pg_source = browser.page_source()
TypeError: 'str' object is not callable
[ 2024-05-01 05:30:08,660 ] 79 main_controller - ERROR - Caught exception: 'str' object is not callable
Traceback (most recent call last):
  File "D:\luthien\code\Achi.Tool\AichiSelenium\src\controllers\main_controller.py", line 97, in subprocess
    filler.fill(browser, form_info, customer)
  File "D:\luthien\code\Achi.Tool\AichiSelenium\src\controllers\filler.py", line 70, in fill
    pg_source = browser.page_source()
TypeError: 'str' object is not callable
[ 2024-05-01 05:30:08,660 ] 79 main_controller - ERROR - Caught exception: 'str' object is not callable
Traceback (most recent call last):
  File "D:\luthien\code\Achi.Tool\AichiSelenium\src\controllers\main_controller.py", line 97, in subprocess
    filler.fill(browser, form_info, customer)
  File "D:\luthien\code\Achi.Tool\AichiSelenium\src\controllers\filler.py", line 70, in fill
    pg_source = browser.page_source()
TypeError: 'str' object is not callable
[ 2024-05-01 05:30:09,359 ] 91 main_controller - INFO - Subprocess 1 started with trial number 1
[ 2024-05-01 05:30:09,359 ] 91 main_controller - INFO - Subprocess 1 started with trial number 1
[ 2024-05-01 05:30:09,359 ] 91 main_controller - INFO - Subprocess 1 started with trial number 1
[ 2024-05-01 05:30:09,359 ] 91 main_controller - INFO - Subprocess 1 started with trial number 1
[ 2024-05-01 05:30:09,359 ] 91 main_controller - INFO - Subprocess 1 started with trial number 1
[ 2024-05-01 05:30:09,359 ] 91 main_controller - INFO - Subprocess 1 started with trial number 1
[ 2024-05-01 05:30:10,157 ] 91 main_controller - INFO - Browser opened
[ 2024-05-01 05:30:10,157 ] 91 main_controller - INFO - Browser opened
[ 2024-05-01 05:30:10,157 ] 91 main_controller - INFO - Browser opened
[ 2024-05-01 05:30:10,157 ] 91 main_controller - INFO - Browser opened
[ 2024-05-01 05:30:10,157 ] 91 main_controller - INFO - Browser opened
[ 2024-05-01 05:30:10,157 ] 91 main_controller - INFO - Browser opened
[ 2024-05-01 05:30:10,486 ] 91 main_controller - INFO - Subprocess 3 started with trial number 1
[ 2024-05-01 05:30:10,486 ] 91 main_controller - INFO - Subprocess 3 started with trial number 1
[ 2024-05-01 05:30:10,486 ] 91 main_controller - INFO - Subprocess 3 started with trial number 1
[ 2024-05-01 05:30:10,486 ] 91 main_controller - INFO - Subprocess 3 started with trial number 1
[ 2024-05-01 05:30:10,486 ] 91 main_controller - INFO - Subprocess 3 started with trial number 1
[ 2024-05-01 05:30:10,486 ] 91 main_controller - INFO - Subprocess 3 started with trial number 1
[ 2024-05-01 05:30:10,486 ] 91 main_controller - INFO - Subprocess 3 started with trial number 1
[ 2024-05-01 05:30:11,017 ] 91 main_controller - INFO - Subprocess 2 started with trial number 1
[ 2024-05-01 05:30:11,017 ] 91 main_controller - INFO - Subprocess 2 started with trial number 1
[ 2024-05-01 05:30:11,017 ] 91 main_controller - INFO - Subprocess 2 started with trial number 1
[ 2024-05-01 05:30:11,017 ] 91 main_controller - INFO - Subprocess 2 started with trial number 1
[ 2024-05-01 05:30:11,017 ] 91 main_controller - INFO - Subprocess 2 started with trial number 1
[ 2024-05-01 05:30:11,017 ] 91 main_controller - INFO - Subprocess 2 started with trial number 1
[ 2024-05-01 05:30:11,017 ] 91 main_controller - INFO - Subprocess 2 started with trial number 1
[ 2024-05-01 05:30:11,017 ] 91 main_controller - INFO - Subprocess 2 started with trial number 1
[ 2024-05-01 05:30:11,206 ] 91 main_controller - INFO - Browser opened
[ 2024-05-01 05:30:11,206 ] 91 main_controller - INFO - Browser opened
[ 2024-05-01 05:30:11,206 ] 91 main_controller - INFO - Browser opened
[ 2024-05-01 05:30:11,206 ] 91 main_controller - INFO - Browser opened
[ 2024-05-01 05:30:11,206 ] 91 main_controller - INFO - Browser opened
[ 2024-05-01 05:30:11,206 ] 91 main_controller - INFO - Browser opened
[ 2024-05-01 05:30:11,206 ] 91 main_controller - INFO - Browser opened
[ 2024-05-01 05:30:11,206 ] 91 main_controller - INFO - Browser opened
[ 2024-05-01 05:30:11,749 ] 91 main_controller - INFO - Browser opened
[ 2024-05-01 05:30:11,749 ] 91 main_controller - INFO - Browser opened
[ 2024-05-01 05:30:11,749 ] 91 main_controller - INFO - Browser opened
[ 2024-05-01 05:30:11,749 ] 91 main_controller - INFO - Browser opened
[ 2024-05-01 05:30:11,749 ] 91 main_controller - INFO - Browser opened
[ 2024-05-01 05:30:11,749 ] 91 main_controller - INFO - Browser opened
[ 2024-05-01 05:30:11,749 ] 91 main_controller - INFO - Browser opened
[ 2024-05-01 05:30:11,749 ] 91 main_controller - INFO - Browser opened
[ 2024-05-01 05:30:13,027 ] 79 main_controller - ERROR - Caught exception: 'str' object is not callable
Traceback (most recent call last):
  File "D:\luthien\code\Achi.Tool\AichiSelenium\src\controllers\access.py", line 29, in login
    wait_until_presence(browser, By.ID, "userLoginForm.userId")
  File "D:\luthien\code\Achi.Tool\AichiSelenium\src\utils\html_utils.py", line 8, in wait_until_presence
    WebDriverWait(browser, timeout).until(EC.presence_of_element_located((by, html)))
  File "C:\Users\Admin\anaconda3\envs\aichi\lib\site-packages\selenium\webdriver\support\wait.py", line 105, in until
    raise TimeoutException(message, screen, stacktrace)
selenium.common.exceptions.TimeoutException: Message: 
Stacktrace:
	GetHandleVerifier [0x00007FF63E93F922+3045234]
	(No symbol) [0x00007FF63E5E3652]
	(No symbol) [0x00007FF63E4A7564]
	(No symbol) [0x00007FF63E4F5F9D]
	(No symbol) [0x00007FF63E4F606C]
	(No symbol) [0x00007FF63E53BDD7]
	(No symbol) [0x00007FF63E519DEF]
	(No symbol) [0x00007FF63E5391C4]
	(No symbol) [0x00007FF63E519B53]
	(No symbol) [0x00007FF63E4E813C]
	(No symbol) [0x00007FF63E4E8D71]
	GetHandleVerifier [0x00007FF63E96E89D+3237613]
	GetHandleVerifier [0x00007FF63E9B0BA7+3508727]
	GetHandleVerifier [0x00007FF63E9A976F+3478975]
	GetHandleVerifier [0x00007FF63E71F1C6+815126]
	(No symbol) [0x00007FF63E5EED0F]
	(No symbol) [0x00007FF63E5E9854]
	(No symbol) [0x00007FF63E5E99E2]
	(No symbol) [0x00007FF63E5DA574]
	BaseThreadInitThunk [0x00007FFF3655257D+29]
	RtlUserThreadStart [0x00007FFF3742AA48+40]


During handling of the above exception, another exception occurred:

Traceback (most recent call last):
  File "D:\luthien\code\Achi.Tool\AichiSelenium\src\controllers\main_controller.py", line 58, in subprocess
    result = access.login(browser)
  File "D:\luthien\code\Achi.Tool\AichiSelenium\src\controllers\access.py", line 53, in login
    self.logger.error("Failed to login", e)
  File "D:\luthien\code\Achi.Tool\AichiSelenium\src\logs.py", line 73, in error
    self._log(logging.ERROR, *msg)
  File "D:\luthien\code\Achi.Tool\AichiSelenium\src\logs.py", line 90, in _log
    message = " ".join(msg)
TypeError: sequence item 1: expected str instance, TimeoutException found

During handling of the above exception, another exception occurred:

Traceback (most recent call last):
  File "D:\luthien\code\Achi.Tool\AichiSelenium\src\controllers\main_controller.py", line 97, in subprocess
    filler.fill(browser, form_info, customer)
  File "D:\luthien\code\Achi.Tool\AichiSelenium\src\controllers\filler.py", line 70, in fill
    pg_source = browser.page_source()
TypeError: 'str' object is not callable
[ 2024-05-01 05:30:13,027 ] 79 main_controller - ERROR - Caught exception: 'str' object is not callable
Traceback (most recent call last):
  File "D:\luthien\code\Achi.Tool\AichiSelenium\src\controllers\access.py", line 29, in login
    wait_until_presence(browser, By.ID, "userLoginForm.userId")
  File "D:\luthien\code\Achi.Tool\AichiSelenium\src\utils\html_utils.py", line 8, in wait_until_presence
    WebDriverWait(browser, timeout).until(EC.presence_of_element_located((by, html)))
  File "C:\Users\Admin\anaconda3\envs\aichi\lib\site-packages\selenium\webdriver\support\wait.py", line 105, in until
    raise TimeoutException(message, screen, stacktrace)
selenium.common.exceptions.TimeoutException: Message: 
Stacktrace:
	GetHandleVerifier [0x00007FF63E93F922+3045234]
	(No symbol) [0x00007FF63E5E3652]
	(No symbol) [0x00007FF63E4A7564]
	(No symbol) [0x00007FF63E4F5F9D]
	(No symbol) [0x00007FF63E4F606C]
	(No symbol) [0x00007FF63E53BDD7]
	(No symbol) [0x00007FF63E519DEF]
	(No symbol) [0x00007FF63E5391C4]
	(No symbol) [0x00007FF63E519B53]
	(No symbol) [0x00007FF63E4E813C]
	(No symbol) [0x00007FF63E4E8D71]
	GetHandleVerifier [0x00007FF63E96E89D+3237613]
	GetHandleVerifier [0x00007FF63E9B0BA7+3508727]
	GetHandleVerifier [0x00007FF63E9A976F+3478975]
	GetHandleVerifier [0x00007FF63E71F1C6+815126]
	(No symbol) [0x00007FF63E5EED0F]
	(No symbol) [0x00007FF63E5E9854]
	(No symbol) [0x00007FF63E5E99E2]
	(No symbol) [0x00007FF63E5DA574]
	BaseThreadInitThunk [0x00007FFF3655257D+29]
	RtlUserThreadStart [0x00007FFF3742AA48+40]


During handling of the above exception, another exception occurred:

Traceback (most recent call last):
  File "D:\luthien\code\Achi.Tool\AichiSelenium\src\controllers\main_controller.py", line 58, in subprocess
    result = access.login(browser)
  File "D:\luthien\code\Achi.Tool\AichiSelenium\src\controllers\access.py", line 53, in login
    self.logger.error("Failed to login", e)
  File "D:\luthien\code\Achi.Tool\AichiSelenium\src\logs.py", line 73, in error
    self._log(logging.ERROR, *msg)
  File "D:\luthien\code\Achi.Tool\AichiSelenium\src\logs.py", line 90, in _log
    message = " ".join(msg)
TypeError: sequence item 1: expected str instance, TimeoutException found

During handling of the above exception, another exception occurred:

Traceback (most recent call last):
  File "D:\luthien\code\Achi.Tool\AichiSelenium\src\controllers\main_controller.py", line 97, in subprocess
    filler.fill(browser, form_info, customer)
  File "D:\luthien\code\Achi.Tool\AichiSelenium\src\controllers\filler.py", line 70, in fill
    pg_source = browser.page_source()
TypeError: 'str' object is not callable
[ 2024-05-01 05:30:13,027 ] 79 main_controller - ERROR - Caught exception: 'str' object is not callable
Traceback (most recent call last):
  File "D:\luthien\code\Achi.Tool\AichiSelenium\src\controllers\access.py", line 29, in login
    wait_until_presence(browser, By.ID, "userLoginForm.userId")
  File "D:\luthien\code\Achi.Tool\AichiSelenium\src\utils\html_utils.py", line 8, in wait_until_presence
    WebDriverWait(browser, timeout).until(EC.presence_of_element_located((by, html)))
  File "C:\Users\Admin\anaconda3\envs\aichi\lib\site-packages\selenium\webdriver\support\wait.py", line 105, in until
    raise TimeoutException(message, screen, stacktrace)
selenium.common.exceptions.TimeoutException: Message: 
Stacktrace:
	GetHandleVerifier [0x00007FF63E93F922+3045234]
	(No symbol) [0x00007FF63E5E3652]
	(No symbol) [0x00007FF63E4A7564]
	(No symbol) [0x00007FF63E4F5F9D]
	(No symbol) [0x00007FF63E4F606C]
	(No symbol) [0x00007FF63E53BDD7]
	(No symbol) [0x00007FF63E519DEF]
	(No symbol) [0x00007FF63E5391C4]
	(No symbol) [0x00007FF63E519B53]
	(No symbol) [0x00007FF63E4E813C]
	(No symbol) [0x00007FF63E4E8D71]
	GetHandleVerifier [0x00007FF63E96E89D+3237613]
	GetHandleVerifier [0x00007FF63E9B0BA7+3508727]
	GetHandleVerifier [0x00007FF63E9A976F+3478975]
	GetHandleVerifier [0x00007FF63E71F1C6+815126]
	(No symbol) [0x00007FF63E5EED0F]
	(No symbol) [0x00007FF63E5E9854]
	(No symbol) [0x00007FF63E5E99E2]
	(No symbol) [0x00007FF63E5DA574]
	BaseThreadInitThunk [0x00007FFF3655257D+29]
	RtlUserThreadStart [0x00007FFF3742AA48+40]


During handling of the above exception, another exception occurred:

Traceback (most recent call last):
  File "D:\luthien\code\Achi.Tool\AichiSelenium\src\controllers\main_controller.py", line 58, in subprocess
    result = access.login(browser)
  File "D:\luthien\code\Achi.Tool\AichiSelenium\src\controllers\access.py", line 53, in login
    self.logger.error("Failed to login", e)
  File "D:\luthien\code\Achi.Tool\AichiSelenium\src\logs.py", line 73, in error
    self._log(logging.ERROR, *msg)
  File "D:\luthien\code\Achi.Tool\AichiSelenium\src\logs.py", line 90, in _log
    message = " ".join(msg)
TypeError: sequence item 1: expected str instance, TimeoutException found

During handling of the above exception, another exception occurred:

Traceback (most recent call last):
  File "D:\luthien\code\Achi.Tool\AichiSelenium\src\controllers\main_controller.py", line 97, in subprocess
    filler.fill(browser, form_info, customer)
  File "D:\luthien\code\Achi.Tool\AichiSelenium\src\controllers\filler.py", line 70, in fill
    pg_source = browser.page_source()
TypeError: 'str' object is not callable
[ 2024-05-01 05:30:13,027 ] 79 main_controller - ERROR - Caught exception: 'str' object is not callable
Traceback (most recent call last):
  File "D:\luthien\code\Achi.Tool\AichiSelenium\src\controllers\access.py", line 29, in login
    wait_until_presence(browser, By.ID, "userLoginForm.userId")
  File "D:\luthien\code\Achi.Tool\AichiSelenium\src\utils\html_utils.py", line 8, in wait_until_presence
    WebDriverWait(browser, timeout).until(EC.presence_of_element_located((by, html)))
  File "C:\Users\Admin\anaconda3\envs\aichi\lib\site-packages\selenium\webdriver\support\wait.py", line 105, in until
    raise TimeoutException(message, screen, stacktrace)
selenium.common.exceptions.TimeoutException: Message: 
Stacktrace:
	GetHandleVerifier [0x00007FF63E93F922+3045234]
	(No symbol) [0x00007FF63E5E3652]
	(No symbol) [0x00007FF63E4A7564]
	(No symbol) [0x00007FF63E4F5F9D]
	(No symbol) [0x00007FF63E4F606C]
	(No symbol) [0x00007FF63E53BDD7]
	(No symbol) [0x00007FF63E519DEF]
	(No symbol) [0x00007FF63E5391C4]
	(No symbol) [0x00007FF63E519B53]
	(No symbol) [0x00007FF63E4E813C]
	(No symbol) [0x00007FF63E4E8D71]
	GetHandleVerifier [0x00007FF63E96E89D+3237613]
	GetHandleVerifier [0x00007FF63E9B0BA7+3508727]
	GetHandleVerifier [0x00007FF63E9A976F+3478975]
	GetHandleVerifier [0x00007FF63E71F1C6+815126]
	(No symbol) [0x00007FF63E5EED0F]
	(No symbol) [0x00007FF63E5E9854]
	(No symbol) [0x00007FF63E5E99E2]
	(No symbol) [0x00007FF63E5DA574]
	BaseThreadInitThunk [0x00007FFF3655257D+29]
	RtlUserThreadStart [0x00007FFF3742AA48+40]


During handling of the above exception, another exception occurred:

Traceback (most recent call last):
  File "D:\luthien\code\Achi.Tool\AichiSelenium\src\controllers\main_controller.py", line 58, in subprocess
    result = access.login(browser)
  File "D:\luthien\code\Achi.Tool\AichiSelenium\src\controllers\access.py", line 53, in login
    self.logger.error("Failed to login", e)
  File "D:\luthien\code\Achi.Tool\AichiSelenium\src\logs.py", line 73, in error
    self._log(logging.ERROR, *msg)
  File "D:\luthien\code\Achi.Tool\AichiSelenium\src\logs.py", line 90, in _log
    message = " ".join(msg)
TypeError: sequence item 1: expected str instance, TimeoutException found

During handling of the above exception, another exception occurred:

Traceback (most recent call last):
  File "D:\luthien\code\Achi.Tool\AichiSelenium\src\controllers\main_controller.py", line 97, in subprocess
    filler.fill(browser, form_info, customer)
  File "D:\luthien\code\Achi.Tool\AichiSelenium\src\controllers\filler.py", line 70, in fill
    pg_source = browser.page_source()
TypeError: 'str' object is not callable
[ 2024-05-01 05:30:13,027 ] 79 main_controller - ERROR - Caught exception: 'str' object is not callable
Traceback (most recent call last):
  File "D:\luthien\code\Achi.Tool\AichiSelenium\src\controllers\access.py", line 29, in login
    wait_until_presence(browser, By.ID, "userLoginForm.userId")
  File "D:\luthien\code\Achi.Tool\AichiSelenium\src\utils\html_utils.py", line 8, in wait_until_presence
    WebDriverWait(browser, timeout).until(EC.presence_of_element_located((by, html)))
  File "C:\Users\Admin\anaconda3\envs\aichi\lib\site-packages\selenium\webdriver\support\wait.py", line 105, in until
    raise TimeoutException(message, screen, stacktrace)
selenium.common.exceptions.TimeoutException: Message: 
Stacktrace:
	GetHandleVerifier [0x00007FF63E93F922+3045234]
	(No symbol) [0x00007FF63E5E3652]
	(No symbol) [0x00007FF63E4A7564]
	(No symbol) [0x00007FF63E4F5F9D]
	(No symbol) [0x00007FF63E4F606C]
	(No symbol) [0x00007FF63E53BDD7]
	(No symbol) [0x00007FF63E519DEF]
	(No symbol) [0x00007FF63E5391C4]
	(No symbol) [0x00007FF63E519B53]
	(No symbol) [0x00007FF63E4E813C]
	(No symbol) [0x00007FF63E4E8D71]
	GetHandleVerifier [0x00007FF63E96E89D+3237613]
	GetHandleVerifier [0x00007FF63E9B0BA7+3508727]
	GetHandleVerifier [0x00007FF63E9A976F+3478975]
	GetHandleVerifier [0x00007FF63E71F1C6+815126]
	(No symbol) [0x00007FF63E5EED0F]
	(No symbol) [0x00007FF63E5E9854]
	(No symbol) [0x00007FF63E5E99E2]
	(No symbol) [0x00007FF63E5DA574]
	BaseThreadInitThunk [0x00007FFF3655257D+29]
	RtlUserThreadStart [0x00007FFF3742AA48+40]


During handling of the above exception, another exception occurred:

Traceback (most recent call last):
  File "D:\luthien\code\Achi.Tool\AichiSelenium\src\controllers\main_controller.py", line 58, in subprocess
    result = access.login(browser)
  File "D:\luthien\code\Achi.Tool\AichiSelenium\src\controllers\access.py", line 53, in login
    self.logger.error("Failed to login", e)
  File "D:\luthien\code\Achi.Tool\AichiSelenium\src\logs.py", line 73, in error
    self._log(logging.ERROR, *msg)
  File "D:\luthien\code\Achi.Tool\AichiSelenium\src\logs.py", line 90, in _log
    message = " ".join(msg)
TypeError: sequence item 1: expected str instance, TimeoutException found

During handling of the above exception, another exception occurred:

Traceback (most recent call last):
  File "D:\luthien\code\Achi.Tool\AichiSelenium\src\controllers\main_controller.py", line 97, in subprocess
    filler.fill(browser, form_info, customer)
  File "D:\luthien\code\Achi.Tool\AichiSelenium\src\controllers\filler.py", line 70, in fill
    pg_source = browser.page_source()
TypeError: 'str' object is not callable
[ 2024-05-01 05:30:13,027 ] 79 main_controller - ERROR - Caught exception: 'str' object is not callable
Traceback (most recent call last):
  File "D:\luthien\code\Achi.Tool\AichiSelenium\src\controllers\access.py", line 29, in login
    wait_until_presence(browser, By.ID, "userLoginForm.userId")
  File "D:\luthien\code\Achi.Tool\AichiSelenium\src\utils\html_utils.py", line 8, in wait_until_presence
    WebDriverWait(browser, timeout).until(EC.presence_of_element_located((by, html)))
  File "C:\Users\Admin\anaconda3\envs\aichi\lib\site-packages\selenium\webdriver\support\wait.py", line 105, in until
    raise TimeoutException(message, screen, stacktrace)
selenium.common.exceptions.TimeoutException: Message: 
Stacktrace:
	GetHandleVerifier [0x00007FF63E93F922+3045234]
	(No symbol) [0x00007FF63E5E3652]
	(No symbol) [0x00007FF63E4A7564]
	(No symbol) [0x00007FF63E4F5F9D]
	(No symbol) [0x00007FF63E4F606C]
	(No symbol) [0x00007FF63E53BDD7]
	(No symbol) [0x00007FF63E519DEF]
	(No symbol) [0x00007FF63E5391C4]
	(No symbol) [0x00007FF63E519B53]
	(No symbol) [0x00007FF63E4E813C]
	(No symbol) [0x00007FF63E4E8D71]
	GetHandleVerifier [0x00007FF63E96E89D+3237613]
	GetHandleVerifier [0x00007FF63E9B0BA7+3508727]
	GetHandleVerifier [0x00007FF63E9A976F+3478975]
	GetHandleVerifier [0x00007FF63E71F1C6+815126]
	(No symbol) [0x00007FF63E5EED0F]
	(No symbol) [0x00007FF63E5E9854]
	(No symbol) [0x00007FF63E5E99E2]
	(No symbol) [0x00007FF63E5DA574]
	BaseThreadInitThunk [0x00007FFF3655257D+29]
	RtlUserThreadStart [0x00007FFF3742AA48+40]


During handling of the above exception, another exception occurred:

Traceback (most recent call last):
  File "D:\luthien\code\Achi.Tool\AichiSelenium\src\controllers\main_controller.py", line 58, in subprocess
    result = access.login(browser)
  File "D:\luthien\code\Achi.Tool\AichiSelenium\src\controllers\access.py", line 53, in login
    self.logger.error("Failed to login", e)
  File "D:\luthien\code\Achi.Tool\AichiSelenium\src\logs.py", line 73, in error
    self._log(logging.ERROR, *msg)
  File "D:\luthien\code\Achi.Tool\AichiSelenium\src\logs.py", line 90, in _log
    message = " ".join(msg)
TypeError: sequence item 1: expected str instance, TimeoutException found

During handling of the above exception, another exception occurred:

Traceback (most recent call last):
  File "D:\luthien\code\Achi.Tool\AichiSelenium\src\controllers\main_controller.py", line 97, in subprocess
    filler.fill(browser, form_info, customer)
  File "D:\luthien\code\Achi.Tool\AichiSelenium\src\controllers\filler.py", line 70, in fill
    pg_source = browser.page_source()
TypeError: 'str' object is not callable
[ 2024-05-01 05:30:13,027 ] 79 main_controller - ERROR - Caught exception: 'str' object is not callable
Traceback (most recent call last):
  File "D:\luthien\code\Achi.Tool\AichiSelenium\src\controllers\access.py", line 29, in login
    wait_until_presence(browser, By.ID, "userLoginForm.userId")
  File "D:\luthien\code\Achi.Tool\AichiSelenium\src\utils\html_utils.py", line 8, in wait_until_presence
    WebDriverWait(browser, timeout).until(EC.presence_of_element_located((by, html)))
  File "C:\Users\Admin\anaconda3\envs\aichi\lib\site-packages\selenium\webdriver\support\wait.py", line 105, in until
    raise TimeoutException(message, screen, stacktrace)
selenium.common.exceptions.TimeoutException: Message: 
Stacktrace:
	GetHandleVerifier [0x00007FF63E93F922+3045234]
	(No symbol) [0x00007FF63E5E3652]
	(No symbol) [0x00007FF63E4A7564]
	(No symbol) [0x00007FF63E4F5F9D]
	(No symbol) [0x00007FF63E4F606C]
	(No symbol) [0x00007FF63E53BDD7]
	(No symbol) [0x00007FF63E519DEF]
	(No symbol) [0x00007FF63E5391C4]
	(No symbol) [0x00007FF63E519B53]
	(No symbol) [0x00007FF63E4E813C]
	(No symbol) [0x00007FF63E4E8D71]
	GetHandleVerifier [0x00007FF63E96E89D+3237613]
	GetHandleVerifier [0x00007FF63E9B0BA7+3508727]
	GetHandleVerifier [0x00007FF63E9A976F+3478975]
	GetHandleVerifier [0x00007FF63E71F1C6+815126]
	(No symbol) [0x00007FF63E5EED0F]
	(No symbol) [0x00007FF63E5E9854]
	(No symbol) [0x00007FF63E5E99E2]
	(No symbol) [0x00007FF63E5DA574]
	BaseThreadInitThunk [0x00007FFF3655257D+29]
	RtlUserThreadStart [0x00007FFF3742AA48+40]


During handling of the above exception, another exception occurred:

Traceback (most recent call last):
  File "D:\luthien\code\Achi.Tool\AichiSelenium\src\controllers\main_controller.py", line 58, in subprocess
    result = access.login(browser)
  File "D:\luthien\code\Achi.Tool\AichiSelenium\src\controllers\access.py", line 53, in login
    self.logger.error("Failed to login", e)
  File "D:\luthien\code\Achi.Tool\AichiSelenium\src\logs.py", line 73, in error
    self._log(logging.ERROR, *msg)
  File "D:\luthien\code\Achi.Tool\AichiSelenium\src\logs.py", line 90, in _log
    message = " ".join(msg)
TypeError: sequence item 1: expected str instance, TimeoutException found

During handling of the above exception, another exception occurred:

Traceback (most recent call last):
  File "D:\luthien\code\Achi.Tool\AichiSelenium\src\controllers\main_controller.py", line 97, in subprocess
    filler.fill(browser, form_info, customer)
  File "D:\luthien\code\Achi.Tool\AichiSelenium\src\controllers\filler.py", line 70, in fill
    pg_source = browser.page_source()
TypeError: 'str' object is not callable
[ 2024-05-01 05:30:13,027 ] 79 main_controller - ERROR - Caught exception: 'str' object is not callable
Traceback (most recent call last):
  File "D:\luthien\code\Achi.Tool\AichiSelenium\src\controllers\access.py", line 29, in login
    wait_until_presence(browser, By.ID, "userLoginForm.userId")
  File "D:\luthien\code\Achi.Tool\AichiSelenium\src\utils\html_utils.py", line 8, in wait_until_presence
    WebDriverWait(browser, timeout).until(EC.presence_of_element_located((by, html)))
  File "C:\Users\Admin\anaconda3\envs\aichi\lib\site-packages\selenium\webdriver\support\wait.py", line 105, in until
    raise TimeoutException(message, screen, stacktrace)
selenium.common.exceptions.TimeoutException: Message: 
Stacktrace:
	GetHandleVerifier [0x00007FF63E93F922+3045234]
	(No symbol) [0x00007FF63E5E3652]
	(No symbol) [0x00007FF63E4A7564]
	(No symbol) [0x00007FF63E4F5F9D]
	(No symbol) [0x00007FF63E4F606C]
	(No symbol) [0x00007FF63E53BDD7]
	(No symbol) [0x00007FF63E519DEF]
	(No symbol) [0x00007FF63E5391C4]
	(No symbol) [0x00007FF63E519B53]
	(No symbol) [0x00007FF63E4E813C]
	(No symbol) [0x00007FF63E4E8D71]
	GetHandleVerifier [0x00007FF63E96E89D+3237613]
	GetHandleVerifier [0x00007FF63E9B0BA7+3508727]
	GetHandleVerifier [0x00007FF63E9A976F+3478975]
	GetHandleVerifier [0x00007FF63E71F1C6+815126]
	(No symbol) [0x00007FF63E5EED0F]
	(No symbol) [0x00007FF63E5E9854]
	(No symbol) [0x00007FF63E5E99E2]
	(No symbol) [0x00007FF63E5DA574]
	BaseThreadInitThunk [0x00007FFF3655257D+29]
	RtlUserThreadStart [0x00007FFF3742AA48+40]


During handling of the above exception, another exception occurred:

Traceback (most recent call last):
  File "D:\luthien\code\Achi.Tool\AichiSelenium\src\controllers\main_controller.py", line 58, in subprocess
    result = access.login(browser)
  File "D:\luthien\code\Achi.Tool\AichiSelenium\src\controllers\access.py", line 53, in login
    self.logger.error("Failed to login", e)
  File "D:\luthien\code\Achi.Tool\AichiSelenium\src\logs.py", line 73, in error
    self._log(logging.ERROR, *msg)
  File "D:\luthien\code\Achi.Tool\AichiSelenium\src\logs.py", line 90, in _log
    message = " ".join(msg)
TypeError: sequence item 1: expected str instance, TimeoutException found

During handling of the above exception, another exception occurred:

Traceback (most recent call last):
  File "D:\luthien\code\Achi.Tool\AichiSelenium\src\controllers\main_controller.py", line 97, in subprocess
    filler.fill(browser, form_info, customer)
  File "D:\luthien\code\Achi.Tool\AichiSelenium\src\controllers\filler.py", line 70, in fill
    pg_source = browser.page_source()
TypeError: 'str' object is not callable
[ 2024-05-01 05:30:15,174 ] 91 main_controller - INFO - Subprocess 0 started with trial number 2
[ 2024-05-01 05:30:15,174 ] 91 main_controller - INFO - Subprocess 0 started with trial number 2
[ 2024-05-01 05:30:15,174 ] 91 main_controller - INFO - Subprocess 0 started with trial number 2
[ 2024-05-01 05:30:15,174 ] 91 main_controller - INFO - Subprocess 0 started with trial number 2
[ 2024-05-01 05:30:15,174 ] 91 main_controller - INFO - Subprocess 0 started with trial number 2
[ 2024-05-01 05:30:15,174 ] 91 main_controller - INFO - Subprocess 0 started with trial number 2
[ 2024-05-01 05:30:15,174 ] 91 main_controller - INFO - Subprocess 0 started with trial number 2
[ 2024-05-01 05:30:15,174 ] 91 main_controller - INFO - Subprocess 0 started with trial number 2
[ 2024-05-01 05:30:15,174 ] 91 main_controller - INFO - Subprocess 0 started with trial number 2
[ 2024-05-01 05:30:16,903 ] 91 main_controller - INFO - Browser opened
[ 2024-05-01 05:30:16,903 ] 91 main_controller - INFO - Browser opened
[ 2024-05-01 05:30:16,903 ] 91 main_controller - INFO - Browser opened
[ 2024-05-01 05:30:16,903 ] 91 main_controller - INFO - Browser opened
[ 2024-05-01 05:30:16,903 ] 91 main_controller - INFO - Browser opened
[ 2024-05-01 05:30:16,903 ] 91 main_controller - INFO - Browser opened
[ 2024-05-01 05:30:16,903 ] 91 main_controller - INFO - Browser opened
[ 2024-05-01 05:30:16,903 ] 91 main_controller - INFO - Browser opened
[ 2024-05-01 05:30:16,903 ] 91 main_controller - INFO - Browser opened
[ 2024-05-01 05:30:23,547 ] 91 main_controller - INFO - Logged in successfully
[ 2024-05-01 05:30:23,547 ] 91 main_controller - INFO - Logged in successfully
[ 2024-05-01 05:30:23,547 ] 91 main_controller - INFO - Logged in successfully
[ 2024-05-01 05:30:23,547 ] 91 main_controller - INFO - Logged in successfully
[ 2024-05-01 05:30:23,547 ] 91 main_controller - INFO - Logged in successfully
[ 2024-05-01 05:30:23,547 ] 91 main_controller - INFO - Logged in successfully
[ 2024-05-01 05:30:23,547 ] 91 main_controller - INFO - Logged in successfully
[ 2024-05-01 05:30:23,547 ] 91 main_controller - INFO - Logged in successfully
[ 2024-05-01 05:30:23,547 ] 91 main_controller - INFO - Logged in successfully
[ 2024-05-01 05:30:23,641 ] 91 main_controller - INFO - Screenshot saved to D:\luthien\code\Achi.Tool\AichiSelenium\logs\2024_05_01\05_20_00\screenshot_benemmai380.png
[ 2024-05-01 05:30:23,641 ] 91 main_controller - INFO - Screenshot saved to D:\luthien\code\Achi.Tool\AichiSelenium\logs\2024_05_01\05_20_00\screenshot_benemmai380.png
[ 2024-05-01 05:30:23,641 ] 91 main_controller - INFO - Screenshot saved to D:\luthien\code\Achi.Tool\AichiSelenium\logs\2024_05_01\05_20_00\screenshot_benemmai380.png
[ 2024-05-01 05:30:23,641 ] 91 main_controller - INFO - Screenshot saved to D:\luthien\code\Achi.Tool\AichiSelenium\logs\2024_05_01\05_20_00\screenshot_benemmai380.png
[ 2024-05-01 05:30:23,641 ] 91 main_controller - INFO - Screenshot saved to D:\luthien\code\Achi.Tool\AichiSelenium\logs\2024_05_01\05_20_00\screenshot_benemmai380.png
[ 2024-05-01 05:30:23,641 ] 91 main_controller - INFO - Screenshot saved to D:\luthien\code\Achi.Tool\AichiSelenium\logs\2024_05_01\05_20_00\screenshot_benemmai380.png
[ 2024-05-01 05:30:23,641 ] 91 main_controller - INFO - Screenshot saved to D:\luthien\code\Achi.Tool\AichiSelenium\logs\2024_05_01\05_20_00\screenshot_benemmai380.png
[ 2024-05-01 05:30:23,641 ] 91 main_controller - INFO - Screenshot saved to D:\luthien\code\Achi.Tool\AichiSelenium\logs\2024_05_01\05_20_00\screenshot_benemmai380.png
[ 2024-05-01 05:30:23,641 ] 91 main_controller - INFO - Screenshot saved to D:\luthien\code\Achi.Tool\AichiSelenium\logs\2024_05_01\05_20_00\screenshot_benemmai380.png
[ 2024-05-01 05:30:23,641 ] 91 main_controller - INFO - Finding forms
[ 2024-05-01 05:30:23,641 ] 91 main_controller - INFO - Finding forms
[ 2024-05-01 05:30:23,641 ] 91 main_controller - INFO - Finding forms
[ 2024-05-01 05:30:23,641 ] 91 main_controller - INFO - Finding forms
[ 2024-05-01 05:30:23,641 ] 91 main_controller - INFO - Finding forms
[ 2024-05-01 05:30:23,641 ] 91 main_controller - INFO - Finding forms
[ 2024-05-01 05:30:23,641 ] 91 main_controller - INFO - Finding forms
[ 2024-05-01 05:30:23,641 ] 91 main_controller - INFO - Finding forms
[ 2024-05-01 05:30:23,641 ] 91 main_controller - INFO - Finding forms
[ 2024-05-01 05:30:25,793 ] 91 main_controller - INFO - Found 3 form(s)
[ 2024-05-01 05:30:25,793 ] 91 main_controller - INFO - Found 3 form(s)
[ 2024-05-01 05:30:25,793 ] 91 main_controller - INFO - Found 3 form(s)
[ 2024-05-01 05:30:25,793 ] 91 main_controller - INFO - Found 3 form(s)
[ 2024-05-01 05:30:25,793 ] 91 main_controller - INFO - Found 3 form(s)
[ 2024-05-01 05:30:25,793 ] 91 main_controller - INFO - Found 3 form(s)
[ 2024-05-01 05:30:25,793 ] 91 main_controller - INFO - Found 3 form(s)
[ 2024-05-01 05:30:25,793 ] 91 main_controller - INFO - Found 3 form(s)
[ 2024-05-01 05:30:25,793 ] 91 main_controller - INFO - Found 3 form(s)
[ 2024-05-01 05:30:25,793 ] 91 main_controller - INFO - Customers: [{'first_name': 'Van Sang', 'last_name': 'Phan', 'date_birth': '19970228', 'nation': 'ベトナム', 'country': 'ベトナム', 'phone_number': '080-1583-0891', 'gender': 'F'}, {'first_name': 'Hoai Phong', 'last_name': 'Vo', 'date_birth': '19981101', 'nation': 'ベトナム', 'country': 'ベトナム'}, {'first_name': 'Tuan Anh', 'last_name': 'Huynh', 'date_birth': '19950106', 'nation': 'ベトナム', 'country': 'ベトナム'}, {'first_name': 'Van Han', 'last_name': 'Nguyen', 'date_birth': '19910525', 'nation': 'ベトナム', 'country': 'ベトナム'}, {'first_name': 'The Hieu', 'last_name': 'Truong', 'date_birth': '19990506', 'nation': 'ベトナム', 'country': 'ベトナム'}, {'first_name': 'Xuan Truong', 'last_name': 'Do', 'date_birth': '19921211', 'nation': 'ベトナム', 'country': 'ベトナム'}, {'first_name': 'Anh Ngoc', 'last_name': 'Chia', 'date_birth': '19961208', 'nation': 'ベトナム', 'country': 'ベトナム'}]
[ 2024-05-01 05:30:25,793 ] 91 main_controller - INFO - Customers: [{'first_name': 'Van Sang', 'last_name': 'Phan', 'date_birth': '19970228', 'nation': 'ベトナム', 'country': 'ベトナム', 'phone_number': '080-1583-0891', 'gender': 'F'}, {'first_name': 'Hoai Phong', 'last_name': 'Vo', 'date_birth': '19981101', 'nation': 'ベトナム', 'country': 'ベトナム'}, {'first_name': 'Tuan Anh', 'last_name': 'Huynh', 'date_birth': '19950106', 'nation': 'ベトナム', 'country': 'ベトナム'}, {'first_name': 'Van Han', 'last_name': 'Nguyen', 'date_birth': '19910525', 'nation': 'ベトナム', 'country': 'ベトナム'}, {'first_name': 'The Hieu', 'last_name': 'Truong', 'date_birth': '19990506', 'nation': 'ベトナム', 'country': 'ベトナム'}, {'first_name': 'Xuan Truong', 'last_name': 'Do', 'date_birth': '19921211', 'nation': 'ベトナム', 'country': 'ベトナム'}, {'first_name': 'Anh Ngoc', 'last_name': 'Chia', 'date_birth': '19961208', 'nation': 'ベトナム', 'country': 'ベトナム'}]
[ 2024-05-01 05:30:25,793 ] 91 main_controller - INFO - Customers: [{'first_name': 'Van Sang', 'last_name': 'Phan', 'date_birth': '19970228', 'nation': 'ベトナム', 'country': 'ベトナム', 'phone_number': '080-1583-0891', 'gender': 'F'}, {'first_name': 'Hoai Phong', 'last_name': 'Vo', 'date_birth': '19981101', 'nation': 'ベトナム', 'country': 'ベトナム'}, {'first_name': 'Tuan Anh', 'last_name': 'Huynh', 'date_birth': '19950106', 'nation': 'ベトナム', 'country': 'ベトナム'}, {'first_name': 'Van Han', 'last_name': 'Nguyen', 'date_birth': '19910525', 'nation': 'ベトナム', 'country': 'ベトナム'}, {'first_name': 'The Hieu', 'last_name': 'Truong', 'date_birth': '19990506', 'nation': 'ベトナム', 'country': 'ベトナム'}, {'first_name': 'Xuan Truong', 'last_name': 'Do', 'date_birth': '19921211', 'nation': 'ベトナム', 'country': 'ベトナム'}, {'first_name': 'Anh Ngoc', 'last_name': 'Chia', 'date_birth': '19961208', 'nation': 'ベトナム', 'country': 'ベトナム'}]
[ 2024-05-01 05:30:25,793 ] 91 main_controller - INFO - Customers: [{'first_name': 'Van Sang', 'last_name': 'Phan', 'date_birth': '19970228', 'nation': 'ベトナム', 'country': 'ベトナム', 'phone_number': '080-1583-0891', 'gender': 'F'}, {'first_name': 'Hoai Phong', 'last_name': 'Vo', 'date_birth': '19981101', 'nation': 'ベトナム', 'country': 'ベトナム'}, {'first_name': 'Tuan Anh', 'last_name': 'Huynh', 'date_birth': '19950106', 'nation': 'ベトナム', 'country': 'ベトナム'}, {'first_name': 'Van Han', 'last_name': 'Nguyen', 'date_birth': '19910525', 'nation': 'ベトナム', 'country': 'ベトナム'}, {'first_name': 'The Hieu', 'last_name': 'Truong', 'date_birth': '19990506', 'nation': 'ベトナム', 'country': 'ベトナム'}, {'first_name': 'Xuan Truong', 'last_name': 'Do', 'date_birth': '19921211', 'nation': 'ベトナム', 'country': 'ベトナム'}, {'first_name': 'Anh Ngoc', 'last_name': 'Chia', 'date_birth': '19961208', 'nation': 'ベトナム', 'country': 'ベトナム'}]
[ 2024-05-01 05:30:25,793 ] 91 main_controller - INFO - Customers: [{'first_name': 'Van Sang', 'last_name': 'Phan', 'date_birth': '19970228', 'nation': 'ベトナム', 'country': 'ベトナム', 'phone_number': '080-1583-0891', 'gender': 'F'}, {'first_name': 'Hoai Phong', 'last_name': 'Vo', 'date_birth': '19981101', 'nation': 'ベトナム', 'country': 'ベトナム'}, {'first_name': 'Tuan Anh', 'last_name': 'Huynh', 'date_birth': '19950106', 'nation': 'ベトナム', 'country': 'ベトナム'}, {'first_name': 'Van Han', 'last_name': 'Nguyen', 'date_birth': '19910525', 'nation': 'ベトナム', 'country': 'ベトナム'}, {'first_name': 'The Hieu', 'last_name': 'Truong', 'date_birth': '19990506', 'nation': 'ベトナム', 'country': 'ベトナム'}, {'first_name': 'Xuan Truong', 'last_name': 'Do', 'date_birth': '19921211', 'nation': 'ベトナム', 'country': 'ベトナム'}, {'first_name': 'Anh Ngoc', 'last_name': 'Chia', 'date_birth': '19961208', 'nation': 'ベトナム', 'country': 'ベトナム'}]
[ 2024-05-01 05:30:25,793 ] 91 main_controller - INFO - Customers: [{'first_name': 'Van Sang', 'last_name': 'Phan', 'date_birth': '19970228', 'nation': 'ベトナム', 'country': 'ベトナム', 'phone_number': '080-1583-0891', 'gender': 'F'}, {'first_name': 'Hoai Phong', 'last_name': 'Vo', 'date_birth': '19981101', 'nation': 'ベトナム', 'country': 'ベトナム'}, {'first_name': 'Tuan Anh', 'last_name': 'Huynh', 'date_birth': '19950106', 'nation': 'ベトナム', 'country': 'ベトナム'}, {'first_name': 'Van Han', 'last_name': 'Nguyen', 'date_birth': '19910525', 'nation': 'ベトナム', 'country': 'ベトナム'}, {'first_name': 'The Hieu', 'last_name': 'Truong', 'date_birth': '19990506', 'nation': 'ベトナム', 'country': 'ベトナム'}, {'first_name': 'Xuan Truong', 'last_name': 'Do', 'date_birth': '19921211', 'nation': 'ベトナム', 'country': 'ベトナム'}, {'first_name': 'Anh Ngoc', 'last_name': 'Chia', 'date_birth': '19961208', 'nation': 'ベトナム', 'country': 'ベトナム'}]
[ 2024-05-01 05:30:25,793 ] 91 main_controller - INFO - Customers: [{'first_name': 'Van Sang', 'last_name': 'Phan', 'date_birth': '19970228', 'nation': 'ベトナム', 'country': 'ベトナム', 'phone_number': '080-1583-0891', 'gender': 'F'}, {'first_name': 'Hoai Phong', 'last_name': 'Vo', 'date_birth': '19981101', 'nation': 'ベトナム', 'country': 'ベトナム'}, {'first_name': 'Tuan Anh', 'last_name': 'Huynh', 'date_birth': '19950106', 'nation': 'ベトナム', 'country': 'ベトナム'}, {'first_name': 'Van Han', 'last_name': 'Nguyen', 'date_birth': '19910525', 'nation': 'ベトナム', 'country': 'ベトナム'}, {'first_name': 'The Hieu', 'last_name': 'Truong', 'date_birth': '19990506', 'nation': 'ベトナム', 'country': 'ベトナム'}, {'first_name': 'Xuan Truong', 'last_name': 'Do', 'date_birth': '19921211', 'nation': 'ベトナム', 'country': 'ベトナム'}, {'first_name': 'Anh Ngoc', 'last_name': 'Chia', 'date_birth': '19961208', 'nation': 'ベトナム', 'country': 'ベトナム'}]
[ 2024-05-01 05:30:25,793 ] 91 main_controller - INFO - Customers: [{'first_name': 'Van Sang', 'last_name': 'Phan', 'date_birth': '19970228', 'nation': 'ベトナム', 'country': 'ベトナム', 'phone_number': '080-1583-0891', 'gender': 'F'}, {'first_name': 'Hoai Phong', 'last_name': 'Vo', 'date_birth': '19981101', 'nation': 'ベトナム', 'country': 'ベトナム'}, {'first_name': 'Tuan Anh', 'last_name': 'Huynh', 'date_birth': '19950106', 'nation': 'ベトナム', 'country': 'ベトナム'}, {'first_name': 'Van Han', 'last_name': 'Nguyen', 'date_birth': '19910525', 'nation': 'ベトナム', 'country': 'ベトナム'}, {'first_name': 'The Hieu', 'last_name': 'Truong', 'date_birth': '19990506', 'nation': 'ベトナム', 'country': 'ベトナム'}, {'first_name': 'Xuan Truong', 'last_name': 'Do', 'date_birth': '19921211', 'nation': 'ベトナム', 'country': 'ベトナム'}, {'first_name': 'Anh Ngoc', 'last_name': 'Chia', 'date_birth': '19961208', 'nation': 'ベトナム', 'country': 'ベトナム'}]
[ 2024-05-01 05:30:25,793 ] 91 main_controller - INFO - Customers: [{'first_name': 'Van Sang', 'last_name': 'Phan', 'date_birth': '19970228', 'nation': 'ベトナム', 'country': 'ベトナム', 'phone_number': '080-1583-0891', 'gender': 'F'}, {'first_name': 'Hoai Phong', 'last_name': 'Vo', 'date_birth': '19981101', 'nation': 'ベトナム', 'country': 'ベトナム'}, {'first_name': 'Tuan Anh', 'last_name': 'Huynh', 'date_birth': '19950106', 'nation': 'ベトナム', 'country': 'ベトナム'}, {'first_name': 'Van Han', 'last_name': 'Nguyen', 'date_birth': '19910525', 'nation': 'ベトナム', 'country': 'ベトナム'}, {'first_name': 'The Hieu', 'last_name': 'Truong', 'date_birth': '19990506', 'nation': 'ベトナム', 'country': 'ベトナム'}, {'first_name': 'Xuan Truong', 'last_name': 'Do', 'date_birth': '19921211', 'nation': 'ベトナム', 'country': 'ベトナム'}, {'first_name': 'Anh Ngoc', 'last_name': 'Chia', 'date_birth': '19961208', 'nation': 'ベトナム', 'country': 'ベトナム'}]
[ 2024-05-01 05:30:25,794 ] 91 main_controller - INFO - Customer info index 0: {'first_name': 'Van Sang', 'last_name': 'Phan', 'date_birth': '19970228', 'nation': 'ベトナム', 'country': 'ベトナム', 'phone_number': '080-1583-0891', 'gender': 'M'}
[ 2024-05-01 05:30:25,794 ] 91 main_controller - INFO - Customer info index 0: {'first_name': 'Van Sang', 'last_name': 'Phan', 'date_birth': '19970228', 'nation': 'ベトナム', 'country': 'ベトナム', 'phone_number': '080-1583-0891', 'gender': 'M'}
[ 2024-05-01 05:30:25,794 ] 91 main_controller - INFO - Customer info index 0: {'first_name': 'Van Sang', 'last_name': 'Phan', 'date_birth': '19970228', 'nation': 'ベトナム', 'country': 'ベトナム', 'phone_number': '080-1583-0891', 'gender': 'M'}
[ 2024-05-01 05:30:25,794 ] 91 main_controller - INFO - Customer info index 0: {'first_name': 'Van Sang', 'last_name': 'Phan', 'date_birth': '19970228', 'nation': 'ベトナム', 'country': 'ベトナム', 'phone_number': '080-1583-0891', 'gender': 'M'}
[ 2024-05-01 05:30:25,794 ] 91 main_controller - INFO - Customer info index 0: {'first_name': 'Van Sang', 'last_name': 'Phan', 'date_birth': '19970228', 'nation': 'ベトナム', 'country': 'ベトナム', 'phone_number': '080-1583-0891', 'gender': 'M'}
[ 2024-05-01 05:30:25,794 ] 91 main_controller - INFO - Customer info index 0: {'first_name': 'Van Sang', 'last_name': 'Phan', 'date_birth': '19970228', 'nation': 'ベトナム', 'country': 'ベトナム', 'phone_number': '080-1583-0891', 'gender': 'M'}
[ 2024-05-01 05:30:25,794 ] 91 main_controller - INFO - Customer info index 0: {'first_name': 'Van Sang', 'last_name': 'Phan', 'date_birth': '19970228', 'nation': 'ベトナム', 'country': 'ベトナム', 'phone_number': '080-1583-0891', 'gender': 'M'}
[ 2024-05-01 05:30:25,794 ] 91 main_controller - INFO - Customer info index 0: {'first_name': 'Van Sang', 'last_name': 'Phan', 'date_birth': '19970228', 'nation': 'ベトナム', 'country': 'ベトナム', 'phone_number': '080-1583-0891', 'gender': 'M'}
[ 2024-05-01 05:30:25,794 ] 91 main_controller - INFO - Customer info index 0: {'first_name': 'Van Sang', 'last_name': 'Phan', 'date_birth': '19970228', 'nation': 'ベトナム', 'country': 'ベトナム', 'phone_number': '080-1583-0891', 'gender': 'M'}
[ 2024-05-01 05:30:25,794 ] 91 main_controller - INFO - Customer index 0: Phan Van Sang, M, 19970228, 080-1583-0891, ベトナム
[ 2024-05-01 05:30:25,794 ] 91 main_controller - INFO - Customer index 0: Phan Van Sang, M, 19970228, 080-1583-0891, ベトナム
[ 2024-05-01 05:30:25,794 ] 91 main_controller - INFO - Customer index 0: Phan Van Sang, M, 19970228, 080-1583-0891, ベトナム
[ 2024-05-01 05:30:25,794 ] 91 main_controller - INFO - Customer index 0: Phan Van Sang, M, 19970228, 080-1583-0891, ベトナム
[ 2024-05-01 05:30:25,794 ] 91 main_controller - INFO - Customer index 0: Phan Van Sang, M, 19970228, 080-1583-0891, ベトナム
[ 2024-05-01 05:30:25,794 ] 91 main_controller - INFO - Customer index 0: Phan Van Sang, M, 19970228, 080-1583-0891, ベトナム
[ 2024-05-01 05:30:25,794 ] 91 main_controller - INFO - Customer index 0: Phan Van Sang, M, 19970228, 080-1583-0891, ベトナム
[ 2024-05-01 05:30:25,794 ] 91 main_controller - INFO - Customer index 0: Phan Van Sang, M, 19970228, 080-1583-0891, ベトナム
[ 2024-05-01 05:30:25,794 ] 91 main_controller - INFO - Customer index 0: Phan Van Sang, M, 19970228, 080-1583-0891, ベトナム
[ 2024-05-01 05:30:28,591 ] 91 main_controller - INFO - Logged in successfully
[ 2024-05-01 05:30:28,591 ] 91 main_controller - INFO - Logged in successfully
[ 2024-05-01 05:30:28,591 ] 91 main_controller - INFO - Logged in successfully
[ 2024-05-01 05:30:28,591 ] 91 main_controller - INFO - Logged in successfully
[ 2024-05-01 05:30:28,591 ] 91 main_controller - INFO - Logged in successfully
[ 2024-05-01 05:30:28,591 ] 91 main_controller - INFO - Logged in successfully
[ 2024-05-01 05:30:28,591 ] 91 main_controller - INFO - Logged in successfully
[ 2024-05-01 05:30:28,591 ] 91 main_controller - INFO - Logged in successfully
[ 2024-05-01 05:30:28,591 ] 91 main_controller - INFO - Logged in successfully
[ 2024-05-01 05:30:28,685 ] 91 main_controller - INFO - Screenshot saved to D:\luthien\code\Achi.Tool\AichiSelenium\logs\2024_05_01\05_20_00\screenshot_ble79037.png
[ 2024-05-01 05:30:28,685 ] 91 main_controller - INFO - Screenshot saved to D:\luthien\code\Achi.Tool\AichiSelenium\logs\2024_05_01\05_20_00\screenshot_ble79037.png
[ 2024-05-01 05:30:28,685 ] 91 main_controller - INFO - Screenshot saved to D:\luthien\code\Achi.Tool\AichiSelenium\logs\2024_05_01\05_20_00\screenshot_ble79037.png
[ 2024-05-01 05:30:28,685 ] 91 main_controller - INFO - Screenshot saved to D:\luthien\code\Achi.Tool\AichiSelenium\logs\2024_05_01\05_20_00\screenshot_ble79037.png
[ 2024-05-01 05:30:28,685 ] 91 main_controller - INFO - Screenshot saved to D:\luthien\code\Achi.Tool\AichiSelenium\logs\2024_05_01\05_20_00\screenshot_ble79037.png
[ 2024-05-01 05:30:28,685 ] 91 main_controller - INFO - Screenshot saved to D:\luthien\code\Achi.Tool\AichiSelenium\logs\2024_05_01\05_20_00\screenshot_ble79037.png
[ 2024-05-01 05:30:28,685 ] 91 main_controller - INFO - Screenshot saved to D:\luthien\code\Achi.Tool\AichiSelenium\logs\2024_05_01\05_20_00\screenshot_ble79037.png
[ 2024-05-01 05:30:28,685 ] 91 main_controller - INFO - Screenshot saved to D:\luthien\code\Achi.Tool\AichiSelenium\logs\2024_05_01\05_20_00\screenshot_ble79037.png
[ 2024-05-01 05:30:28,685 ] 91 main_controller - INFO - Screenshot saved to D:\luthien\code\Achi.Tool\AichiSelenium\logs\2024_05_01\05_20_00\screenshot_ble79037.png
[ 2024-05-01 05:30:28,686 ] 91 main_controller - INFO - Finding forms
[ 2024-05-01 05:30:28,686 ] 91 main_controller - INFO - Finding forms
[ 2024-05-01 05:30:28,686 ] 91 main_controller - INFO - Finding forms
[ 2024-05-01 05:30:28,686 ] 91 main_controller - INFO - Finding forms
[ 2024-05-01 05:30:28,686 ] 91 main_controller - INFO - Finding forms
[ 2024-05-01 05:30:28,686 ] 91 main_controller - INFO - Finding forms
[ 2024-05-01 05:30:28,686 ] 91 main_controller - INFO - Finding forms
[ 2024-05-01 05:30:28,686 ] 91 main_controller - INFO - Finding forms
[ 2024-05-01 05:30:28,686 ] 91 main_controller - INFO - Finding forms
[ 2024-05-01 05:30:29,751 ] 91 main_controller - INFO - Logged in successfully
[ 2024-05-01 05:30:29,751 ] 91 main_controller - INFO - Logged in successfully
[ 2024-05-01 05:30:29,751 ] 91 main_controller - INFO - Logged in successfully
[ 2024-05-01 05:30:29,751 ] 91 main_controller - INFO - Logged in successfully
[ 2024-05-01 05:30:29,751 ] 91 main_controller - INFO - Logged in successfully
[ 2024-05-01 05:30:29,751 ] 91 main_controller - INFO - Logged in successfully
[ 2024-05-01 05:30:29,751 ] 91 main_controller - INFO - Logged in successfully
[ 2024-05-01 05:30:29,751 ] 91 main_controller - INFO - Logged in successfully
[ 2024-05-01 05:30:29,751 ] 91 main_controller - INFO - Logged in successfully
[ 2024-05-01 05:30:29,857 ] 91 main_controller - INFO - Screenshot saved to D:\luthien\code\Achi.Tool\AichiSelenium\logs\2024_05_01\05_20_00\screenshot_leongnardo12.png
[ 2024-05-01 05:30:29,857 ] 91 main_controller - INFO - Screenshot saved to D:\luthien\code\Achi.Tool\AichiSelenium\logs\2024_05_01\05_20_00\screenshot_leongnardo12.png
[ 2024-05-01 05:30:29,857 ] 91 main_controller - INFO - Screenshot saved to D:\luthien\code\Achi.Tool\AichiSelenium\logs\2024_05_01\05_20_00\screenshot_leongnardo12.png
[ 2024-05-01 05:30:29,857 ] 91 main_controller - INFO - Screenshot saved to D:\luthien\code\Achi.Tool\AichiSelenium\logs\2024_05_01\05_20_00\screenshot_leongnardo12.png
[ 2024-05-01 05:30:29,857 ] 91 main_controller - INFO - Screenshot saved to D:\luthien\code\Achi.Tool\AichiSelenium\logs\2024_05_01\05_20_00\screenshot_leongnardo12.png
[ 2024-05-01 05:30:29,857 ] 91 main_controller - INFO - Screenshot saved to D:\luthien\code\Achi.Tool\AichiSelenium\logs\2024_05_01\05_20_00\screenshot_leongnardo12.png
[ 2024-05-01 05:30:29,857 ] 91 main_controller - INFO - Screenshot saved to D:\luthien\code\Achi.Tool\AichiSelenium\logs\2024_05_01\05_20_00\screenshot_leongnardo12.png
[ 2024-05-01 05:30:29,857 ] 91 main_controller - INFO - Screenshot saved to D:\luthien\code\Achi.Tool\AichiSelenium\logs\2024_05_01\05_20_00\screenshot_leongnardo12.png
[ 2024-05-01 05:30:29,857 ] 91 main_controller - INFO - Screenshot saved to D:\luthien\code\Achi.Tool\AichiSelenium\logs\2024_05_01\05_20_00\screenshot_leongnardo12.png
[ 2024-05-01 05:30:29,857 ] 91 main_controller - INFO - Finding forms
[ 2024-05-01 05:30:29,857 ] 91 main_controller - INFO - Finding forms
[ 2024-05-01 05:30:29,857 ] 91 main_controller - INFO - Finding forms
[ 2024-05-01 05:30:29,857 ] 91 main_controller - INFO - Finding forms
[ 2024-05-01 05:30:29,857 ] 91 main_controller - INFO - Finding forms
[ 2024-05-01 05:30:29,857 ] 91 main_controller - INFO - Finding forms
[ 2024-05-01 05:30:29,857 ] 91 main_controller - INFO - Finding forms
[ 2024-05-01 05:30:29,857 ] 91 main_controller - INFO - Finding forms
[ 2024-05-01 05:30:29,857 ] 91 main_controller - INFO - Finding forms
[ 2024-05-01 05:30:30,804 ] 91 main_controller - INFO - Logged in successfully
[ 2024-05-01 05:30:30,804 ] 91 main_controller - INFO - Logged in successfully
[ 2024-05-01 05:30:30,804 ] 91 main_controller - INFO - Logged in successfully
[ 2024-05-01 05:30:30,804 ] 91 main_controller - INFO - Logged in successfully
[ 2024-05-01 05:30:30,804 ] 91 main_controller - INFO - Logged in successfully
[ 2024-05-01 05:30:30,804 ] 91 main_controller - INFO - Logged in successfully
[ 2024-05-01 05:30:30,804 ] 91 main_controller - INFO - Logged in successfully
[ 2024-05-01 05:30:30,804 ] 91 main_controller - INFO - Logged in successfully
[ 2024-05-01 05:30:30,804 ] 91 main_controller - INFO - Logged in successfully
[ 2024-05-01 05:30:30,908 ] 91 main_controller - INFO - Screenshot saved to D:\luthien\code\Achi.Tool\AichiSelenium\logs\2024_05_01\05_20_00\screenshot_nihahi50.png
[ 2024-05-01 05:30:30,908 ] 91 main_controller - INFO - Screenshot saved to D:\luthien\code\Achi.Tool\AichiSelenium\logs\2024_05_01\05_20_00\screenshot_nihahi50.png
[ 2024-05-01 05:30:30,908 ] 91 main_controller - INFO - Screenshot saved to D:\luthien\code\Achi.Tool\AichiSelenium\logs\2024_05_01\05_20_00\screenshot_nihahi50.png
[ 2024-05-01 05:30:30,908 ] 91 main_controller - INFO - Screenshot saved to D:\luthien\code\Achi.Tool\AichiSelenium\logs\2024_05_01\05_20_00\screenshot_nihahi50.png
[ 2024-05-01 05:30:30,908 ] 91 main_controller - INFO - Screenshot saved to D:\luthien\code\Achi.Tool\AichiSelenium\logs\2024_05_01\05_20_00\screenshot_nihahi50.png
[ 2024-05-01 05:30:30,908 ] 91 main_controller - INFO - Screenshot saved to D:\luthien\code\Achi.Tool\AichiSelenium\logs\2024_05_01\05_20_00\screenshot_nihahi50.png
[ 2024-05-01 05:30:30,908 ] 91 main_controller - INFO - Screenshot saved to D:\luthien\code\Achi.Tool\AichiSelenium\logs\2024_05_01\05_20_00\screenshot_nihahi50.png
[ 2024-05-01 05:30:30,908 ] 91 main_controller - INFO - Screenshot saved to D:\luthien\code\Achi.Tool\AichiSelenium\logs\2024_05_01\05_20_00\screenshot_nihahi50.png
[ 2024-05-01 05:30:30,908 ] 91 main_controller - INFO - Screenshot saved to D:\luthien\code\Achi.Tool\AichiSelenium\logs\2024_05_01\05_20_00\screenshot_nihahi50.png
[ 2024-05-01 05:30:30,909 ] 91 main_controller - INFO - Finding forms
[ 2024-05-01 05:30:30,909 ] 91 main_controller - INFO - Finding forms
[ 2024-05-01 05:30:30,909 ] 91 main_controller - INFO - Finding forms
[ 2024-05-01 05:30:30,909 ] 91 main_controller - INFO - Finding forms
[ 2024-05-01 05:30:30,909 ] 91 main_controller - INFO - Finding forms
[ 2024-05-01 05:30:30,909 ] 91 main_controller - INFO - Finding forms
[ 2024-05-01 05:30:30,909 ] 91 main_controller - INFO - Finding forms
[ 2024-05-01 05:30:30,909 ] 91 main_controller - INFO - Finding forms
[ 2024-05-01 05:30:30,909 ] 91 main_controller - INFO - Finding forms
[ 2024-05-01 05:30:31,403 ] 91 main_controller - INFO - Form is closed, template sequence: 97057
[ 2024-05-01 05:30:31,403 ] 91 main_controller - INFO - Form is closed, template sequence: 97057
[ 2024-05-01 05:30:31,403 ] 91 main_controller - INFO - Form is closed, template sequence: 97057
[ 2024-05-01 05:30:31,403 ] 91 main_controller - INFO - Form is closed, template sequence: 97057
[ 2024-05-01 05:30:31,403 ] 91 main_controller - INFO - Form is closed, template sequence: 97057
[ 2024-05-01 05:30:31,403 ] 91 main_controller - INFO - Form is closed, template sequence: 97057
[ 2024-05-01 05:30:31,403 ] 91 main_controller - INFO - Form is closed, template sequence: 97057
[ 2024-05-01 05:30:31,403 ] 91 main_controller - INFO - Form is closed, template sequence: 97057
[ 2024-05-01 05:30:31,403 ] 91 main_controller - INFO - Form is closed, template sequence: 97057
[ 2024-05-01 05:30:31,403 ] 91 main_controller - INFO - Remaining form(s): 2
[ 2024-05-01 05:30:31,403 ] 91 main_controller - INFO - Remaining form(s): 2
[ 2024-05-01 05:30:31,403 ] 91 main_controller - INFO - Remaining form(s): 2
[ 2024-05-01 05:30:31,403 ] 91 main_controller - INFO - Remaining form(s): 2
[ 2024-05-01 05:30:31,403 ] 91 main_controller - INFO - Remaining form(s): 2
[ 2024-05-01 05:30:31,403 ] 91 main_controller - INFO - Remaining form(s): 2
[ 2024-05-01 05:30:31,403 ] 91 main_controller - INFO - Remaining form(s): 2
[ 2024-05-01 05:30:31,403 ] 91 main_controller - INFO - Remaining form(s): 2
[ 2024-05-01 05:30:31,403 ] 91 main_controller - INFO - Remaining form(s): 2
[ 2024-05-01 05:30:31,403 ] 91 main_controller - INFO - Customer info index 1: {'first_name': 'Hoai Phong', 'last_name': 'Vo', 'date_birth': '19981101', 'nation': 'ベトナム', 'country': 'ベトナム', 'phone_number': '080-1583-0891', 'gender': 'F'}
[ 2024-05-01 05:30:31,403 ] 91 main_controller - INFO - Customer info index 1: {'first_name': 'Hoai Phong', 'last_name': 'Vo', 'date_birth': '19981101', 'nation': 'ベトナム', 'country': 'ベトナム', 'phone_number': '080-1583-0891', 'gender': 'F'}
[ 2024-05-01 05:30:31,403 ] 91 main_controller - INFO - Customer info index 1: {'first_name': 'Hoai Phong', 'last_name': 'Vo', 'date_birth': '19981101', 'nation': 'ベトナム', 'country': 'ベトナム', 'phone_number': '080-1583-0891', 'gender': 'F'}
[ 2024-05-01 05:30:31,403 ] 91 main_controller - INFO - Customer info index 1: {'first_name': 'Hoai Phong', 'last_name': 'Vo', 'date_birth': '19981101', 'nation': 'ベトナム', 'country': 'ベトナム', 'phone_number': '080-1583-0891', 'gender': 'F'}
[ 2024-05-01 05:30:31,403 ] 91 main_controller - INFO - Customer info index 1: {'first_name': 'Hoai Phong', 'last_name': 'Vo', 'date_birth': '19981101', 'nation': 'ベトナム', 'country': 'ベトナム', 'phone_number': '080-1583-0891', 'gender': 'F'}
[ 2024-05-01 05:30:31,403 ] 91 main_controller - INFO - Customer info index 1: {'first_name': 'Hoai Phong', 'last_name': 'Vo', 'date_birth': '19981101', 'nation': 'ベトナム', 'country': 'ベトナム', 'phone_number': '080-1583-0891', 'gender': 'F'}
[ 2024-05-01 05:30:31,403 ] 91 main_controller - INFO - Customer info index 1: {'first_name': 'Hoai Phong', 'last_name': 'Vo', 'date_birth': '19981101', 'nation': 'ベトナム', 'country': 'ベトナム', 'phone_number': '080-1583-0891', 'gender': 'F'}
[ 2024-05-01 05:30:31,403 ] 91 main_controller - INFO - Customer info index 1: {'first_name': 'Hoai Phong', 'last_name': 'Vo', 'date_birth': '19981101', 'nation': 'ベトナム', 'country': 'ベトナム', 'phone_number': '080-1583-0891', 'gender': 'F'}
[ 2024-05-01 05:30:31,403 ] 91 main_controller - INFO - Customer info index 1: {'first_name': 'Hoai Phong', 'last_name': 'Vo', 'date_birth': '19981101', 'nation': 'ベトナム', 'country': 'ベトナム', 'phone_number': '080-1583-0891', 'gender': 'F'}
[ 2024-05-01 05:30:31,403 ] 91 main_controller - INFO - Customer index 1: Vo Hoai Phong, F, 19981101, 080-1583-0891, ベトナム
[ 2024-05-01 05:30:31,403 ] 91 main_controller - INFO - Customer index 1: Vo Hoai Phong, F, 19981101, 080-1583-0891, ベトナム
[ 2024-05-01 05:30:31,403 ] 91 main_controller - INFO - Customer index 1: Vo Hoai Phong, F, 19981101, 080-1583-0891, ベトナム
[ 2024-05-01 05:30:31,403 ] 91 main_controller - INFO - Customer index 1: Vo Hoai Phong, F, 19981101, 080-1583-0891, ベトナム
[ 2024-05-01 05:30:31,403 ] 91 main_controller - INFO - Customer index 1: Vo Hoai Phong, F, 19981101, 080-1583-0891, ベトナム
[ 2024-05-01 05:30:31,403 ] 91 main_controller - INFO - Customer index 1: Vo Hoai Phong, F, 19981101, 080-1583-0891, ベトナム
[ 2024-05-01 05:30:31,403 ] 91 main_controller - INFO - Customer index 1: Vo Hoai Phong, F, 19981101, 080-1583-0891, ベトナム
[ 2024-05-01 05:30:31,403 ] 91 main_controller - INFO - Customer index 1: Vo Hoai Phong, F, 19981101, 080-1583-0891, ベトナム
[ 2024-05-01 05:30:31,403 ] 91 main_controller - INFO - Customer index 1: Vo Hoai Phong, F, 19981101, 080-1583-0891, ベトナム
[ 2024-05-01 05:30:33,294 ] 91 main_controller - INFO - Found 3 form(s)
[ 2024-05-01 05:30:33,294 ] 91 main_controller - INFO - Found 3 form(s)
[ 2024-05-01 05:30:33,294 ] 91 main_controller - INFO - Found 3 form(s)
[ 2024-05-01 05:30:33,294 ] 91 main_controller - INFO - Found 3 form(s)
[ 2024-05-01 05:30:33,294 ] 91 main_controller - INFO - Found 3 form(s)
[ 2024-05-01 05:30:33,294 ] 91 main_controller - INFO - Found 3 form(s)
[ 2024-05-01 05:30:33,294 ] 91 main_controller - INFO - Found 3 form(s)
[ 2024-05-01 05:30:33,294 ] 91 main_controller - INFO - Found 3 form(s)
[ 2024-05-01 05:30:33,294 ] 91 main_controller - INFO - Found 3 form(s)
[ 2024-05-01 05:30:33,295 ] 91 main_controller - INFO - Customers: [{'first_name': 'Van Sang', 'last_name': 'Phan', 'date_birth': '19970228', 'nation': 'ベトナム', 'country': 'ベトナム', 'phone_number': '080-1583-0891', 'gender': 'M'}, {'first_name': 'Hoai Phong', 'last_name': 'Vo', 'date_birth': '19981101', 'nation': 'ベトナム', 'country': 'ベトナム', 'phone_number': '080-1583-0891', 'gender': 'F'}, {'first_name': 'Tuan Anh', 'last_name': 'Huynh', 'date_birth': '19950106', 'nation': 'ベトナム', 'country': 'ベトナム'}, {'first_name': 'Van Han', 'last_name': 'Nguyen', 'date_birth': '19910525', 'nation': 'ベトナム', 'country': 'ベトナム'}, {'first_name': 'The Hieu', 'last_name': 'Truong', 'date_birth': '19990506', 'nation': 'ベトナム', 'country': 'ベトナム'}, {'first_name': 'Xuan Truong', 'last_name': 'Do', 'date_birth': '19921211', 'nation': 'ベトナム', 'country': 'ベトナム'}, {'first_name': 'Anh Ngoc', 'last_name': 'Chia', 'date_birth': '19961208', 'nation': 'ベトナム', 'country': 'ベトナム'}]
[ 2024-05-01 05:30:33,295 ] 91 main_controller - INFO - Customers: [{'first_name': 'Van Sang', 'last_name': 'Phan', 'date_birth': '19970228', 'nation': 'ベトナム', 'country': 'ベトナム', 'phone_number': '080-1583-0891', 'gender': 'M'}, {'first_name': 'Hoai Phong', 'last_name': 'Vo', 'date_birth': '19981101', 'nation': 'ベトナム', 'country': 'ベトナム', 'phone_number': '080-1583-0891', 'gender': 'F'}, {'first_name': 'Tuan Anh', 'last_name': 'Huynh', 'date_birth': '19950106', 'nation': 'ベトナム', 'country': 'ベトナム'}, {'first_name': 'Van Han', 'last_name': 'Nguyen', 'date_birth': '19910525', 'nation': 'ベトナム', 'country': 'ベトナム'}, {'first_name': 'The Hieu', 'last_name': 'Truong', 'date_birth': '19990506', 'nation': 'ベトナム', 'country': 'ベトナム'}, {'first_name': 'Xuan Truong', 'last_name': 'Do', 'date_birth': '19921211', 'nation': 'ベトナム', 'country': 'ベトナム'}, {'first_name': 'Anh Ngoc', 'last_name': 'Chia', 'date_birth': '19961208', 'nation': 'ベトナム', 'country': 'ベトナム'}]
[ 2024-05-01 05:30:33,295 ] 91 main_controller - INFO - Customers: [{'first_name': 'Van Sang', 'last_name': 'Phan', 'date_birth': '19970228', 'nation': 'ベトナム', 'country': 'ベトナム', 'phone_number': '080-1583-0891', 'gender': 'M'}, {'first_name': 'Hoai Phong', 'last_name': 'Vo', 'date_birth': '19981101', 'nation': 'ベトナム', 'country': 'ベトナム', 'phone_number': '080-1583-0891', 'gender': 'F'}, {'first_name': 'Tuan Anh', 'last_name': 'Huynh', 'date_birth': '19950106', 'nation': 'ベトナム', 'country': 'ベトナム'}, {'first_name': 'Van Han', 'last_name': 'Nguyen', 'date_birth': '19910525', 'nation': 'ベトナム', 'country': 'ベトナム'}, {'first_name': 'The Hieu', 'last_name': 'Truong', 'date_birth': '19990506', 'nation': 'ベトナム', 'country': 'ベトナム'}, {'first_name': 'Xuan Truong', 'last_name': 'Do', 'date_birth': '19921211', 'nation': 'ベトナム', 'country': 'ベトナム'}, {'first_name': 'Anh Ngoc', 'last_name': 'Chia', 'date_birth': '19961208', 'nation': 'ベトナム', 'country': 'ベトナム'}]
[ 2024-05-01 05:30:33,295 ] 91 main_controller - INFO - Customers: [{'first_name': 'Van Sang', 'last_name': 'Phan', 'date_birth': '19970228', 'nation': 'ベトナム', 'country': 'ベトナム', 'phone_number': '080-1583-0891', 'gender': 'M'}, {'first_name': 'Hoai Phong', 'last_name': 'Vo', 'date_birth': '19981101', 'nation': 'ベトナム', 'country': 'ベトナム', 'phone_number': '080-1583-0891', 'gender': 'F'}, {'first_name': 'Tuan Anh', 'last_name': 'Huynh', 'date_birth': '19950106', 'nation': 'ベトナム', 'country': 'ベトナム'}, {'first_name': 'Van Han', 'last_name': 'Nguyen', 'date_birth': '19910525', 'nation': 'ベトナム', 'country': 'ベトナム'}, {'first_name': 'The Hieu', 'last_name': 'Truong', 'date_birth': '19990506', 'nation': 'ベトナム', 'country': 'ベトナム'}, {'first_name': 'Xuan Truong', 'last_name': 'Do', 'date_birth': '19921211', 'nation': 'ベトナム', 'country': 'ベトナム'}, {'first_name': 'Anh Ngoc', 'last_name': 'Chia', 'date_birth': '19961208', 'nation': 'ベトナム', 'country': 'ベトナム'}]
[ 2024-05-01 05:30:33,295 ] 91 main_controller - INFO - Customers: [{'first_name': 'Van Sang', 'last_name': 'Phan', 'date_birth': '19970228', 'nation': 'ベトナム', 'country': 'ベトナム', 'phone_number': '080-1583-0891', 'gender': 'M'}, {'first_name': 'Hoai Phong', 'last_name': 'Vo', 'date_birth': '19981101', 'nation': 'ベトナム', 'country': 'ベトナム', 'phone_number': '080-1583-0891', 'gender': 'F'}, {'first_name': 'Tuan Anh', 'last_name': 'Huynh', 'date_birth': '19950106', 'nation': 'ベトナム', 'country': 'ベトナム'}, {'first_name': 'Van Han', 'last_name': 'Nguyen', 'date_birth': '19910525', 'nation': 'ベトナム', 'country': 'ベトナム'}, {'first_name': 'The Hieu', 'last_name': 'Truong', 'date_birth': '19990506', 'nation': 'ベトナム', 'country': 'ベトナム'}, {'first_name': 'Xuan Truong', 'last_name': 'Do', 'date_birth': '19921211', 'nation': 'ベトナム', 'country': 'ベトナム'}, {'first_name': 'Anh Ngoc', 'last_name': 'Chia', 'date_birth': '19961208', 'nation': 'ベトナム', 'country': 'ベトナム'}]
[ 2024-05-01 05:30:33,295 ] 91 main_controller - INFO - Customers: [{'first_name': 'Van Sang', 'last_name': 'Phan', 'date_birth': '19970228', 'nation': 'ベトナム', 'country': 'ベトナム', 'phone_number': '080-1583-0891', 'gender': 'M'}, {'first_name': 'Hoai Phong', 'last_name': 'Vo', 'date_birth': '19981101', 'nation': 'ベトナム', 'country': 'ベトナム', 'phone_number': '080-1583-0891', 'gender': 'F'}, {'first_name': 'Tuan Anh', 'last_name': 'Huynh', 'date_birth': '19950106', 'nation': 'ベトナム', 'country': 'ベトナム'}, {'first_name': 'Van Han', 'last_name': 'Nguyen', 'date_birth': '19910525', 'nation': 'ベトナム', 'country': 'ベトナム'}, {'first_name': 'The Hieu', 'last_name': 'Truong', 'date_birth': '19990506', 'nation': 'ベトナム', 'country': 'ベトナム'}, {'first_name': 'Xuan Truong', 'last_name': 'Do', 'date_birth': '19921211', 'nation': 'ベトナム', 'country': 'ベトナム'}, {'first_name': 'Anh Ngoc', 'last_name': 'Chia', 'date_birth': '19961208', 'nation': 'ベトナム', 'country': 'ベトナム'}]
[ 2024-05-01 05:30:33,295 ] 91 main_controller - INFO - Customers: [{'first_name': 'Van Sang', 'last_name': 'Phan', 'date_birth': '19970228', 'nation': 'ベトナム', 'country': 'ベトナム', 'phone_number': '080-1583-0891', 'gender': 'M'}, {'first_name': 'Hoai Phong', 'last_name': 'Vo', 'date_birth': '19981101', 'nation': 'ベトナム', 'country': 'ベトナム', 'phone_number': '080-1583-0891', 'gender': 'F'}, {'first_name': 'Tuan Anh', 'last_name': 'Huynh', 'date_birth': '19950106', 'nation': 'ベトナム', 'country': 'ベトナム'}, {'first_name': 'Van Han', 'last_name': 'Nguyen', 'date_birth': '19910525', 'nation': 'ベトナム', 'country': 'ベトナム'}, {'first_name': 'The Hieu', 'last_name': 'Truong', 'date_birth': '19990506', 'nation': 'ベトナム', 'country': 'ベトナム'}, {'first_name': 'Xuan Truong', 'last_name': 'Do', 'date_birth': '19921211', 'nation': 'ベトナム', 'country': 'ベトナム'}, {'first_name': 'Anh Ngoc', 'last_name': 'Chia', 'date_birth': '19961208', 'nation': 'ベトナム', 'country': 'ベトナム'}]
[ 2024-05-01 05:30:33,295 ] 91 main_controller - INFO - Customers: [{'first_name': 'Van Sang', 'last_name': 'Phan', 'date_birth': '19970228', 'nation': 'ベトナム', 'country': 'ベトナム', 'phone_number': '080-1583-0891', 'gender': 'M'}, {'first_name': 'Hoai Phong', 'last_name': 'Vo', 'date_birth': '19981101', 'nation': 'ベトナム', 'country': 'ベトナム', 'phone_number': '080-1583-0891', 'gender': 'F'}, {'first_name': 'Tuan Anh', 'last_name': 'Huynh', 'date_birth': '19950106', 'nation': 'ベトナム', 'country': 'ベトナム'}, {'first_name': 'Van Han', 'last_name': 'Nguyen', 'date_birth': '19910525', 'nation': 'ベトナム', 'country': 'ベトナム'}, {'first_name': 'The Hieu', 'last_name': 'Truong', 'date_birth': '19990506', 'nation': 'ベトナム', 'country': 'ベトナム'}, {'first_name': 'Xuan Truong', 'last_name': 'Do', 'date_birth': '19921211', 'nation': 'ベトナム', 'country': 'ベトナム'}, {'first_name': 'Anh Ngoc', 'last_name': 'Chia', 'date_birth': '19961208', 'nation': 'ベトナム', 'country': 'ベトナム'}]
[ 2024-05-01 05:30:33,295 ] 91 main_controller - INFO - Customers: [{'first_name': 'Van Sang', 'last_name': 'Phan', 'date_birth': '19970228', 'nation': 'ベトナム', 'country': 'ベトナム', 'phone_number': '080-1583-0891', 'gender': 'M'}, {'first_name': 'Hoai Phong', 'last_name': 'Vo', 'date_birth': '19981101', 'nation': 'ベトナム', 'country': 'ベトナム', 'phone_number': '080-1583-0891', 'gender': 'F'}, {'first_name': 'Tuan Anh', 'last_name': 'Huynh', 'date_birth': '19950106', 'nation': 'ベトナム', 'country': 'ベトナム'}, {'first_name': 'Van Han', 'last_name': 'Nguyen', 'date_birth': '19910525', 'nation': 'ベトナム', 'country': 'ベトナム'}, {'first_name': 'The Hieu', 'last_name': 'Truong', 'date_birth': '19990506', 'nation': 'ベトナム', 'country': 'ベトナム'}, {'first_name': 'Xuan Truong', 'last_name': 'Do', 'date_birth': '19921211', 'nation': 'ベトナム', 'country': 'ベトナム'}, {'first_name': 'Anh Ngoc', 'last_name': 'Chia', 'date_birth': '19961208', 'nation': 'ベトナム', 'country': 'ベトナム'}]
[ 2024-05-01 05:30:33,295 ] 91 main_controller - INFO - Customer info index 0: {'first_name': 'Van Sang', 'last_name': 'Phan', 'date_birth': '19970228', 'nation': 'ベトナム', 'country': 'ベトナム', 'phone_number': '080-1583-0891', 'gender': 'F'}
[ 2024-05-01 05:30:33,295 ] 91 main_controller - INFO - Customer info index 0: {'first_name': 'Van Sang', 'last_name': 'Phan', 'date_birth': '19970228', 'nation': 'ベトナム', 'country': 'ベトナム', 'phone_number': '080-1583-0891', 'gender': 'F'}
[ 2024-05-01 05:30:33,295 ] 91 main_controller - INFO - Customer info index 0: {'first_name': 'Van Sang', 'last_name': 'Phan', 'date_birth': '19970228', 'nation': 'ベトナム', 'country': 'ベトナム', 'phone_number': '080-1583-0891', 'gender': 'F'}
[ 2024-05-01 05:30:33,295 ] 91 main_controller - INFO - Customer info index 0: {'first_name': 'Van Sang', 'last_name': 'Phan', 'date_birth': '19970228', 'nation': 'ベトナム', 'country': 'ベトナム', 'phone_number': '080-1583-0891', 'gender': 'F'}
[ 2024-05-01 05:30:33,295 ] 91 main_controller - INFO - Customer info index 0: {'first_name': 'Van Sang', 'last_name': 'Phan', 'date_birth': '19970228', 'nation': 'ベトナム', 'country': 'ベトナム', 'phone_number': '080-1583-0891', 'gender': 'F'}
[ 2024-05-01 05:30:33,295 ] 91 main_controller - INFO - Customer info index 0: {'first_name': 'Van Sang', 'last_name': 'Phan', 'date_birth': '19970228', 'nation': 'ベトナム', 'country': 'ベトナム', 'phone_number': '080-1583-0891', 'gender': 'F'}
[ 2024-05-01 05:30:33,295 ] 91 main_controller - INFO - Customer info index 0: {'first_name': 'Van Sang', 'last_name': 'Phan', 'date_birth': '19970228', 'nation': 'ベトナム', 'country': 'ベトナム', 'phone_number': '080-1583-0891', 'gender': 'F'}
[ 2024-05-01 05:30:33,295 ] 91 main_controller - INFO - Customer info index 0: {'first_name': 'Van Sang', 'last_name': 'Phan', 'date_birth': '19970228', 'nation': 'ベトナム', 'country': 'ベトナム', 'phone_number': '080-1583-0891', 'gender': 'F'}
[ 2024-05-01 05:30:33,295 ] 91 main_controller - INFO - Customer info index 0: {'first_name': 'Van Sang', 'last_name': 'Phan', 'date_birth': '19970228', 'nation': 'ベトナム', 'country': 'ベトナム', 'phone_number': '080-1583-0891', 'gender': 'F'}
[ 2024-05-01 05:30:33,295 ] 91 main_controller - INFO - Customer index 0: Phan Van Sang, F, 19970228, 080-1583-0891, ベトナム
[ 2024-05-01 05:30:33,295 ] 91 main_controller - INFO - Customer index 0: Phan Van Sang, F, 19970228, 080-1583-0891, ベトナム
[ 2024-05-01 05:30:33,295 ] 91 main_controller - INFO - Customer index 0: Phan Van Sang, F, 19970228, 080-1583-0891, ベトナム
[ 2024-05-01 05:30:33,295 ] 91 main_controller - INFO - Customer index 0: Phan Van Sang, F, 19970228, 080-1583-0891, ベトナム
[ 2024-05-01 05:30:33,295 ] 91 main_controller - INFO - Customer index 0: Phan Van Sang, F, 19970228, 080-1583-0891, ベトナム
[ 2024-05-01 05:30:33,295 ] 91 main_controller - INFO - Customer index 0: Phan Van Sang, F, 19970228, 080-1583-0891, ベトナム
[ 2024-05-01 05:30:33,295 ] 91 main_controller - INFO - Customer index 0: Phan Van Sang, F, 19970228, 080-1583-0891, ベトナム
[ 2024-05-01 05:30:33,295 ] 91 main_controller - INFO - Customer index 0: Phan Van Sang, F, 19970228, 080-1583-0891, ベトナム
[ 2024-05-01 05:30:33,295 ] 91 main_controller - INFO - Customer index 0: Phan Van Sang, F, 19970228, 080-1583-0891, ベトナム
[ 2024-05-01 05:30:34,029 ] 91 main_controller - INFO - Found 3 form(s)
[ 2024-05-01 05:30:34,029 ] 91 main_controller - INFO - Found 3 form(s)
[ 2024-05-01 05:30:34,029 ] 91 main_controller - INFO - Found 3 form(s)
[ 2024-05-01 05:30:34,029 ] 91 main_controller - INFO - Found 3 form(s)
[ 2024-05-01 05:30:34,029 ] 91 main_controller - INFO - Found 3 form(s)
[ 2024-05-01 05:30:34,029 ] 91 main_controller - INFO - Found 3 form(s)
[ 2024-05-01 05:30:34,029 ] 91 main_controller - INFO - Found 3 form(s)
[ 2024-05-01 05:30:34,029 ] 91 main_controller - INFO - Found 3 form(s)
[ 2024-05-01 05:30:34,029 ] 91 main_controller - INFO - Found 3 form(s)
[ 2024-05-01 05:30:34,029 ] 91 main_controller - INFO - Customers: [{'first_name': 'Van Sang', 'last_name': 'Phan', 'date_birth': '19970228', 'nation': 'ベトナム', 'country': 'ベトナム', 'phone_number': '080-1583-0891', 'gender': 'F'}, {'first_name': 'Hoai Phong', 'last_name': 'Vo', 'date_birth': '19981101', 'nation': 'ベトナム', 'country': 'ベトナム', 'phone_number': '080-1583-0891', 'gender': 'F'}, {'first_name': 'Tuan Anh', 'last_name': 'Huynh', 'date_birth': '19950106', 'nation': 'ベトナム', 'country': 'ベトナム'}, {'first_name': 'Van Han', 'last_name': 'Nguyen', 'date_birth': '19910525', 'nation': 'ベトナム', 'country': 'ベトナム'}, {'first_name': 'The Hieu', 'last_name': 'Truong', 'date_birth': '19990506', 'nation': 'ベトナム', 'country': 'ベトナム'}, {'first_name': 'Xuan Truong', 'last_name': 'Do', 'date_birth': '19921211', 'nation': 'ベトナム', 'country': 'ベトナム'}, {'first_name': 'Anh Ngoc', 'last_name': 'Chia', 'date_birth': '19961208', 'nation': 'ベトナム', 'country': 'ベトナム'}]
[ 2024-05-01 05:30:34,029 ] 91 main_controller - INFO - Customers: [{'first_name': 'Van Sang', 'last_name': 'Phan', 'date_birth': '19970228', 'nation': 'ベトナム', 'country': 'ベトナム', 'phone_number': '080-1583-0891', 'gender': 'F'}, {'first_name': 'Hoai Phong', 'last_name': 'Vo', 'date_birth': '19981101', 'nation': 'ベトナム', 'country': 'ベトナム', 'phone_number': '080-1583-0891', 'gender': 'F'}, {'first_name': 'Tuan Anh', 'last_name': 'Huynh', 'date_birth': '19950106', 'nation': 'ベトナム', 'country': 'ベトナム'}, {'first_name': 'Van Han', 'last_name': 'Nguyen', 'date_birth': '19910525', 'nation': 'ベトナム', 'country': 'ベトナム'}, {'first_name': 'The Hieu', 'last_name': 'Truong', 'date_birth': '19990506', 'nation': 'ベトナム', 'country': 'ベトナム'}, {'first_name': 'Xuan Truong', 'last_name': 'Do', 'date_birth': '19921211', 'nation': 'ベトナム', 'country': 'ベトナム'}, {'first_name': 'Anh Ngoc', 'last_name': 'Chia', 'date_birth': '19961208', 'nation': 'ベトナム', 'country': 'ベトナム'}]
[ 2024-05-01 05:30:34,029 ] 91 main_controller - INFO - Customers: [{'first_name': 'Van Sang', 'last_name': 'Phan', 'date_birth': '19970228', 'nation': 'ベトナム', 'country': 'ベトナム', 'phone_number': '080-1583-0891', 'gender': 'F'}, {'first_name': 'Hoai Phong', 'last_name': 'Vo', 'date_birth': '19981101', 'nation': 'ベトナム', 'country': 'ベトナム', 'phone_number': '080-1583-0891', 'gender': 'F'}, {'first_name': 'Tuan Anh', 'last_name': 'Huynh', 'date_birth': '19950106', 'nation': 'ベトナム', 'country': 'ベトナム'}, {'first_name': 'Van Han', 'last_name': 'Nguyen', 'date_birth': '19910525', 'nation': 'ベトナム', 'country': 'ベトナム'}, {'first_name': 'The Hieu', 'last_name': 'Truong', 'date_birth': '19990506', 'nation': 'ベトナム', 'country': 'ベトナム'}, {'first_name': 'Xuan Truong', 'last_name': 'Do', 'date_birth': '19921211', 'nation': 'ベトナム', 'country': 'ベトナム'}, {'first_name': 'Anh Ngoc', 'last_name': 'Chia', 'date_birth': '19961208', 'nation': 'ベトナム', 'country': 'ベトナム'}]
[ 2024-05-01 05:30:34,029 ] 91 main_controller - INFO - Customers: [{'first_name': 'Van Sang', 'last_name': 'Phan', 'date_birth': '19970228', 'nation': 'ベトナム', 'country': 'ベトナム', 'phone_number': '080-1583-0891', 'gender': 'F'}, {'first_name': 'Hoai Phong', 'last_name': 'Vo', 'date_birth': '19981101', 'nation': 'ベトナム', 'country': 'ベトナム', 'phone_number': '080-1583-0891', 'gender': 'F'}, {'first_name': 'Tuan Anh', 'last_name': 'Huynh', 'date_birth': '19950106', 'nation': 'ベトナム', 'country': 'ベトナム'}, {'first_name': 'Van Han', 'last_name': 'Nguyen', 'date_birth': '19910525', 'nation': 'ベトナム', 'country': 'ベトナム'}, {'first_name': 'The Hieu', 'last_name': 'Truong', 'date_birth': '19990506', 'nation': 'ベトナム', 'country': 'ベトナム'}, {'first_name': 'Xuan Truong', 'last_name': 'Do', 'date_birth': '19921211', 'nation': 'ベトナム', 'country': 'ベトナム'}, {'first_name': 'Anh Ngoc', 'last_name': 'Chia', 'date_birth': '19961208', 'nation': 'ベトナム', 'country': 'ベトナム'}]
[ 2024-05-01 05:30:34,029 ] 91 main_controller - INFO - Customers: [{'first_name': 'Van Sang', 'last_name': 'Phan', 'date_birth': '19970228', 'nation': 'ベトナム', 'country': 'ベトナム', 'phone_number': '080-1583-0891', 'gender': 'F'}, {'first_name': 'Hoai Phong', 'last_name': 'Vo', 'date_birth': '19981101', 'nation': 'ベトナム', 'country': 'ベトナム', 'phone_number': '080-1583-0891', 'gender': 'F'}, {'first_name': 'Tuan Anh', 'last_name': 'Huynh', 'date_birth': '19950106', 'nation': 'ベトナム', 'country': 'ベトナム'}, {'first_name': 'Van Han', 'last_name': 'Nguyen', 'date_birth': '19910525', 'nation': 'ベトナム', 'country': 'ベトナム'}, {'first_name': 'The Hieu', 'last_name': 'Truong', 'date_birth': '19990506', 'nation': 'ベトナム', 'country': 'ベトナム'}, {'first_name': 'Xuan Truong', 'last_name': 'Do', 'date_birth': '19921211', 'nation': 'ベトナム', 'country': 'ベトナム'}, {'first_name': 'Anh Ngoc', 'last_name': 'Chia', 'date_birth': '19961208', 'nation': 'ベトナム', 'country': 'ベトナム'}]
[ 2024-05-01 05:30:34,029 ] 91 main_controller - INFO - Customers: [{'first_name': 'Van Sang', 'last_name': 'Phan', 'date_birth': '19970228', 'nation': 'ベトナム', 'country': 'ベトナム', 'phone_number': '080-1583-0891', 'gender': 'F'}, {'first_name': 'Hoai Phong', 'last_name': 'Vo', 'date_birth': '19981101', 'nation': 'ベトナム', 'country': 'ベトナム', 'phone_number': '080-1583-0891', 'gender': 'F'}, {'first_name': 'Tuan Anh', 'last_name': 'Huynh', 'date_birth': '19950106', 'nation': 'ベトナム', 'country': 'ベトナム'}, {'first_name': 'Van Han', 'last_name': 'Nguyen', 'date_birth': '19910525', 'nation': 'ベトナム', 'country': 'ベトナム'}, {'first_name': 'The Hieu', 'last_name': 'Truong', 'date_birth': '19990506', 'nation': 'ベトナム', 'country': 'ベトナム'}, {'first_name': 'Xuan Truong', 'last_name': 'Do', 'date_birth': '19921211', 'nation': 'ベトナム', 'country': 'ベトナム'}, {'first_name': 'Anh Ngoc', 'last_name': 'Chia', 'date_birth': '19961208', 'nation': 'ベトナム', 'country': 'ベトナム'}]
[ 2024-05-01 05:30:34,029 ] 91 main_controller - INFO - Customers: [{'first_name': 'Van Sang', 'last_name': 'Phan', 'date_birth': '19970228', 'nation': 'ベトナム', 'country': 'ベトナム', 'phone_number': '080-1583-0891', 'gender': 'F'}, {'first_name': 'Hoai Phong', 'last_name': 'Vo', 'date_birth': '19981101', 'nation': 'ベトナム', 'country': 'ベトナム', 'phone_number': '080-1583-0891', 'gender': 'F'}, {'first_name': 'Tuan Anh', 'last_name': 'Huynh', 'date_birth': '19950106', 'nation': 'ベトナム', 'country': 'ベトナム'}, {'first_name': 'Van Han', 'last_name': 'Nguyen', 'date_birth': '19910525', 'nation': 'ベトナム', 'country': 'ベトナム'}, {'first_name': 'The Hieu', 'last_name': 'Truong', 'date_birth': '19990506', 'nation': 'ベトナム', 'country': 'ベトナム'}, {'first_name': 'Xuan Truong', 'last_name': 'Do', 'date_birth': '19921211', 'nation': 'ベトナム', 'country': 'ベトナム'}, {'first_name': 'Anh Ngoc', 'last_name': 'Chia', 'date_birth': '19961208', 'nation': 'ベトナム', 'country': 'ベトナム'}]
[ 2024-05-01 05:30:34,029 ] 91 main_controller - INFO - Customers: [{'first_name': 'Van Sang', 'last_name': 'Phan', 'date_birth': '19970228', 'nation': 'ベトナム', 'country': 'ベトナム', 'phone_number': '080-1583-0891', 'gender': 'F'}, {'first_name': 'Hoai Phong', 'last_name': 'Vo', 'date_birth': '19981101', 'nation': 'ベトナム', 'country': 'ベトナム', 'phone_number': '080-1583-0891', 'gender': 'F'}, {'first_name': 'Tuan Anh', 'last_name': 'Huynh', 'date_birth': '19950106', 'nation': 'ベトナム', 'country': 'ベトナム'}, {'first_name': 'Van Han', 'last_name': 'Nguyen', 'date_birth': '19910525', 'nation': 'ベトナム', 'country': 'ベトナム'}, {'first_name': 'The Hieu', 'last_name': 'Truong', 'date_birth': '19990506', 'nation': 'ベトナム', 'country': 'ベトナム'}, {'first_name': 'Xuan Truong', 'last_name': 'Do', 'date_birth': '19921211', 'nation': 'ベトナム', 'country': 'ベトナム'}, {'first_name': 'Anh Ngoc', 'last_name': 'Chia', 'date_birth': '19961208', 'nation': 'ベトナム', 'country': 'ベトナム'}]
[ 2024-05-01 05:30:34,029 ] 91 main_controller - INFO - Customers: [{'first_name': 'Van Sang', 'last_name': 'Phan', 'date_birth': '19970228', 'nation': 'ベトナム', 'country': 'ベトナム', 'phone_number': '080-1583-0891', 'gender': 'F'}, {'first_name': 'Hoai Phong', 'last_name': 'Vo', 'date_birth': '19981101', 'nation': 'ベトナム', 'country': 'ベトナム', 'phone_number': '080-1583-0891', 'gender': 'F'}, {'first_name': 'Tuan Anh', 'last_name': 'Huynh', 'date_birth': '19950106', 'nation': 'ベトナム', 'country': 'ベトナム'}, {'first_name': 'Van Han', 'last_name': 'Nguyen', 'date_birth': '19910525', 'nation': 'ベトナム', 'country': 'ベトナム'}, {'first_name': 'The Hieu', 'last_name': 'Truong', 'date_birth': '19990506', 'nation': 'ベトナム', 'country': 'ベトナム'}, {'first_name': 'Xuan Truong', 'last_name': 'Do', 'date_birth': '19921211', 'nation': 'ベトナム', 'country': 'ベトナム'}, {'first_name': 'Anh Ngoc', 'last_name': 'Chia', 'date_birth': '19961208', 'nation': 'ベトナム', 'country': 'ベトナム'}]
[ 2024-05-01 05:30:34,034 ] 91 main_controller - INFO - Customer info index 0: {'first_name': 'Van Sang', 'last_name': 'Phan', 'date_birth': '19970228', 'nation': 'ベトナム', 'country': 'ベトナム', 'phone_number': '080-1583-0891', 'gender': 'M'}
[ 2024-05-01 05:30:34,034 ] 91 main_controller - INFO - Customer info index 0: {'first_name': 'Van Sang', 'last_name': 'Phan', 'date_birth': '19970228', 'nation': 'ベトナム', 'country': 'ベトナム', 'phone_number': '080-1583-0891', 'gender': 'M'}
[ 2024-05-01 05:30:34,034 ] 91 main_controller - INFO - Customer info index 0: {'first_name': 'Van Sang', 'last_name': 'Phan', 'date_birth': '19970228', 'nation': 'ベトナム', 'country': 'ベトナム', 'phone_number': '080-1583-0891', 'gender': 'M'}
[ 2024-05-01 05:30:34,034 ] 91 main_controller - INFO - Customer info index 0: {'first_name': 'Van Sang', 'last_name': 'Phan', 'date_birth': '19970228', 'nation': 'ベトナム', 'country': 'ベトナム', 'phone_number': '080-1583-0891', 'gender': 'M'}
[ 2024-05-01 05:30:34,034 ] 91 main_controller - INFO - Customer info index 0: {'first_name': 'Van Sang', 'last_name': 'Phan', 'date_birth': '19970228', 'nation': 'ベトナム', 'country': 'ベトナム', 'phone_number': '080-1583-0891', 'gender': 'M'}
[ 2024-05-01 05:30:34,034 ] 91 main_controller - INFO - Customer info index 0: {'first_name': 'Van Sang', 'last_name': 'Phan', 'date_birth': '19970228', 'nation': 'ベトナム', 'country': 'ベトナム', 'phone_number': '080-1583-0891', 'gender': 'M'}
[ 2024-05-01 05:30:34,034 ] 91 main_controller - INFO - Customer info index 0: {'first_name': 'Van Sang', 'last_name': 'Phan', 'date_birth': '19970228', 'nation': 'ベトナム', 'country': 'ベトナム', 'phone_number': '080-1583-0891', 'gender': 'M'}
[ 2024-05-01 05:30:34,034 ] 91 main_controller - INFO - Customer info index 0: {'first_name': 'Van Sang', 'last_name': 'Phan', 'date_birth': '19970228', 'nation': 'ベトナム', 'country': 'ベトナム', 'phone_number': '080-1583-0891', 'gender': 'M'}
[ 2024-05-01 05:30:34,034 ] 91 main_controller - INFO - Customer info index 0: {'first_name': 'Van Sang', 'last_name': 'Phan', 'date_birth': '19970228', 'nation': 'ベトナム', 'country': 'ベトナム', 'phone_number': '080-1583-0891', 'gender': 'M'}
[ 2024-05-01 05:30:34,034 ] 91 main_controller - INFO - Customer index 0: Phan Van Sang, M, 19970228, 080-1583-0891, ベトナム
[ 2024-05-01 05:30:34,034 ] 91 main_controller - INFO - Customer index 0: Phan Van Sang, M, 19970228, 080-1583-0891, ベトナム
[ 2024-05-01 05:30:34,034 ] 91 main_controller - INFO - Customer index 0: Phan Van Sang, M, 19970228, 080-1583-0891, ベトナム
[ 2024-05-01 05:30:34,034 ] 91 main_controller - INFO - Customer index 0: Phan Van Sang, M, 19970228, 080-1583-0891, ベトナム
[ 2024-05-01 05:30:34,034 ] 91 main_controller - INFO - Customer index 0: Phan Van Sang, M, 19970228, 080-1583-0891, ベトナム
[ 2024-05-01 05:30:34,034 ] 91 main_controller - INFO - Customer index 0: Phan Van Sang, M, 19970228, 080-1583-0891, ベトナム
[ 2024-05-01 05:30:34,034 ] 91 main_controller - INFO - Customer index 0: Phan Van Sang, M, 19970228, 080-1583-0891, ベトナム
[ 2024-05-01 05:30:34,034 ] 91 main_controller - INFO - Customer index 0: Phan Van Sang, M, 19970228, 080-1583-0891, ベトナム
[ 2024-05-01 05:30:34,034 ] 91 main_controller - INFO - Customer index 0: Phan Van Sang, M, 19970228, 080-1583-0891, ベトナム
[ 2024-05-01 05:30:34,826 ] 91 main_controller - INFO - Found 3 form(s)
[ 2024-05-01 05:30:34,826 ] 91 main_controller - INFO - Found 3 form(s)
[ 2024-05-01 05:30:34,826 ] 91 main_controller - INFO - Found 3 form(s)
[ 2024-05-01 05:30:34,826 ] 91 main_controller - INFO - Found 3 form(s)
[ 2024-05-01 05:30:34,826 ] 91 main_controller - INFO - Found 3 form(s)
[ 2024-05-01 05:30:34,826 ] 91 main_controller - INFO - Found 3 form(s)
[ 2024-05-01 05:30:34,826 ] 91 main_controller - INFO - Found 3 form(s)
[ 2024-05-01 05:30:34,826 ] 91 main_controller - INFO - Found 3 form(s)
[ 2024-05-01 05:30:34,826 ] 91 main_controller - INFO - Found 3 form(s)
[ 2024-05-01 05:30:34,827 ] 91 main_controller - INFO - Customers: [{'first_name': 'Van Sang', 'last_name': 'Phan', 'date_birth': '19970228', 'nation': 'ベトナム', 'country': 'ベトナム', 'phone_number': '080-1583-0891', 'gender': 'M'}, {'first_name': 'Hoai Phong', 'last_name': 'Vo', 'date_birth': '19981101', 'nation': 'ベトナム', 'country': 'ベトナム', 'phone_number': '080-1583-0891', 'gender': 'F'}, {'first_name': 'Tuan Anh', 'last_name': 'Huynh', 'date_birth': '19950106', 'nation': 'ベトナム', 'country': 'ベトナム'}, {'first_name': 'Van Han', 'last_name': 'Nguyen', 'date_birth': '19910525', 'nation': 'ベトナム', 'country': 'ベトナム'}, {'first_name': 'The Hieu', 'last_name': 'Truong', 'date_birth': '19990506', 'nation': 'ベトナム', 'country': 'ベトナム'}, {'first_name': 'Xuan Truong', 'last_name': 'Do', 'date_birth': '19921211', 'nation': 'ベトナム', 'country': 'ベトナム'}, {'first_name': 'Anh Ngoc', 'last_name': 'Chia', 'date_birth': '19961208', 'nation': 'ベトナム', 'country': 'ベトナム'}]
[ 2024-05-01 05:30:34,827 ] 91 main_controller - INFO - Customers: [{'first_name': 'Van Sang', 'last_name': 'Phan', 'date_birth': '19970228', 'nation': 'ベトナム', 'country': 'ベトナム', 'phone_number': '080-1583-0891', 'gender': 'M'}, {'first_name': 'Hoai Phong', 'last_name': 'Vo', 'date_birth': '19981101', 'nation': 'ベトナム', 'country': 'ベトナム', 'phone_number': '080-1583-0891', 'gender': 'F'}, {'first_name': 'Tuan Anh', 'last_name': 'Huynh', 'date_birth': '19950106', 'nation': 'ベトナム', 'country': 'ベトナム'}, {'first_name': 'Van Han', 'last_name': 'Nguyen', 'date_birth': '19910525', 'nation': 'ベトナム', 'country': 'ベトナム'}, {'first_name': 'The Hieu', 'last_name': 'Truong', 'date_birth': '19990506', 'nation': 'ベトナム', 'country': 'ベトナム'}, {'first_name': 'Xuan Truong', 'last_name': 'Do', 'date_birth': '19921211', 'nation': 'ベトナム', 'country': 'ベトナム'}, {'first_name': 'Anh Ngoc', 'last_name': 'Chia', 'date_birth': '19961208', 'nation': 'ベトナム', 'country': 'ベトナム'}]
[ 2024-05-01 05:30:34,827 ] 91 main_controller - INFO - Customers: [{'first_name': 'Van Sang', 'last_name': 'Phan', 'date_birth': '19970228', 'nation': 'ベトナム', 'country': 'ベトナム', 'phone_number': '080-1583-0891', 'gender': 'M'}, {'first_name': 'Hoai Phong', 'last_name': 'Vo', 'date_birth': '19981101', 'nation': 'ベトナム', 'country': 'ベトナム', 'phone_number': '080-1583-0891', 'gender': 'F'}, {'first_name': 'Tuan Anh', 'last_name': 'Huynh', 'date_birth': '19950106', 'nation': 'ベトナム', 'country': 'ベトナム'}, {'first_name': 'Van Han', 'last_name': 'Nguyen', 'date_birth': '19910525', 'nation': 'ベトナム', 'country': 'ベトナム'}, {'first_name': 'The Hieu', 'last_name': 'Truong', 'date_birth': '19990506', 'nation': 'ベトナム', 'country': 'ベトナム'}, {'first_name': 'Xuan Truong', 'last_name': 'Do', 'date_birth': '19921211', 'nation': 'ベトナム', 'country': 'ベトナム'}, {'first_name': 'Anh Ngoc', 'last_name': 'Chia', 'date_birth': '19961208', 'nation': 'ベトナム', 'country': 'ベトナム'}]
[ 2024-05-01 05:30:34,827 ] 91 main_controller - INFO - Customers: [{'first_name': 'Van Sang', 'last_name': 'Phan', 'date_birth': '19970228', 'nation': 'ベトナム', 'country': 'ベトナム', 'phone_number': '080-1583-0891', 'gender': 'M'}, {'first_name': 'Hoai Phong', 'last_name': 'Vo', 'date_birth': '19981101', 'nation': 'ベトナム', 'country': 'ベトナム', 'phone_number': '080-1583-0891', 'gender': 'F'}, {'first_name': 'Tuan Anh', 'last_name': 'Huynh', 'date_birth': '19950106', 'nation': 'ベトナム', 'country': 'ベトナム'}, {'first_name': 'Van Han', 'last_name': 'Nguyen', 'date_birth': '19910525', 'nation': 'ベトナム', 'country': 'ベトナム'}, {'first_name': 'The Hieu', 'last_name': 'Truong', 'date_birth': '19990506', 'nation': 'ベトナム', 'country': 'ベトナム'}, {'first_name': 'Xuan Truong', 'last_name': 'Do', 'date_birth': '19921211', 'nation': 'ベトナム', 'country': 'ベトナム'}, {'first_name': 'Anh Ngoc', 'last_name': 'Chia', 'date_birth': '19961208', 'nation': 'ベトナム', 'country': 'ベトナム'}]
[ 2024-05-01 05:30:34,827 ] 91 main_controller - INFO - Customers: [{'first_name': 'Van Sang', 'last_name': 'Phan', 'date_birth': '19970228', 'nation': 'ベトナム', 'country': 'ベトナム', 'phone_number': '080-1583-0891', 'gender': 'M'}, {'first_name': 'Hoai Phong', 'last_name': 'Vo', 'date_birth': '19981101', 'nation': 'ベトナム', 'country': 'ベトナム', 'phone_number': '080-1583-0891', 'gender': 'F'}, {'first_name': 'Tuan Anh', 'last_name': 'Huynh', 'date_birth': '19950106', 'nation': 'ベトナム', 'country': 'ベトナム'}, {'first_name': 'Van Han', 'last_name': 'Nguyen', 'date_birth': '19910525', 'nation': 'ベトナム', 'country': 'ベトナム'}, {'first_name': 'The Hieu', 'last_name': 'Truong', 'date_birth': '19990506', 'nation': 'ベトナム', 'country': 'ベトナム'}, {'first_name': 'Xuan Truong', 'last_name': 'Do', 'date_birth': '19921211', 'nation': 'ベトナム', 'country': 'ベトナム'}, {'first_name': 'Anh Ngoc', 'last_name': 'Chia', 'date_birth': '19961208', 'nation': 'ベトナム', 'country': 'ベトナム'}]
[ 2024-05-01 05:30:34,827 ] 91 main_controller - INFO - Customers: [{'first_name': 'Van Sang', 'last_name': 'Phan', 'date_birth': '19970228', 'nation': 'ベトナム', 'country': 'ベトナム', 'phone_number': '080-1583-0891', 'gender': 'M'}, {'first_name': 'Hoai Phong', 'last_name': 'Vo', 'date_birth': '19981101', 'nation': 'ベトナム', 'country': 'ベトナム', 'phone_number': '080-1583-0891', 'gender': 'F'}, {'first_name': 'Tuan Anh', 'last_name': 'Huynh', 'date_birth': '19950106', 'nation': 'ベトナム', 'country': 'ベトナム'}, {'first_name': 'Van Han', 'last_name': 'Nguyen', 'date_birth': '19910525', 'nation': 'ベトナム', 'country': 'ベトナム'}, {'first_name': 'The Hieu', 'last_name': 'Truong', 'date_birth': '19990506', 'nation': 'ベトナム', 'country': 'ベトナム'}, {'first_name': 'Xuan Truong', 'last_name': 'Do', 'date_birth': '19921211', 'nation': 'ベトナム', 'country': 'ベトナム'}, {'first_name': 'Anh Ngoc', 'last_name': 'Chia', 'date_birth': '19961208', 'nation': 'ベトナム', 'country': 'ベトナム'}]
[ 2024-05-01 05:30:34,827 ] 91 main_controller - INFO - Customers: [{'first_name': 'Van Sang', 'last_name': 'Phan', 'date_birth': '19970228', 'nation': 'ベトナム', 'country': 'ベトナム', 'phone_number': '080-1583-0891', 'gender': 'M'}, {'first_name': 'Hoai Phong', 'last_name': 'Vo', 'date_birth': '19981101', 'nation': 'ベトナム', 'country': 'ベトナム', 'phone_number': '080-1583-0891', 'gender': 'F'}, {'first_name': 'Tuan Anh', 'last_name': 'Huynh', 'date_birth': '19950106', 'nation': 'ベトナム', 'country': 'ベトナム'}, {'first_name': 'Van Han', 'last_name': 'Nguyen', 'date_birth': '19910525', 'nation': 'ベトナム', 'country': 'ベトナム'}, {'first_name': 'The Hieu', 'last_name': 'Truong', 'date_birth': '19990506', 'nation': 'ベトナム', 'country': 'ベトナム'}, {'first_name': 'Xuan Truong', 'last_name': 'Do', 'date_birth': '19921211', 'nation': 'ベトナム', 'country': 'ベトナム'}, {'first_name': 'Anh Ngoc', 'last_name': 'Chia', 'date_birth': '19961208', 'nation': 'ベトナム', 'country': 'ベトナム'}]
[ 2024-05-01 05:30:34,827 ] 91 main_controller - INFO - Customers: [{'first_name': 'Van Sang', 'last_name': 'Phan', 'date_birth': '19970228', 'nation': 'ベトナム', 'country': 'ベトナム', 'phone_number': '080-1583-0891', 'gender': 'M'}, {'first_name': 'Hoai Phong', 'last_name': 'Vo', 'date_birth': '19981101', 'nation': 'ベトナム', 'country': 'ベトナム', 'phone_number': '080-1583-0891', 'gender': 'F'}, {'first_name': 'Tuan Anh', 'last_name': 'Huynh', 'date_birth': '19950106', 'nation': 'ベトナム', 'country': 'ベトナム'}, {'first_name': 'Van Han', 'last_name': 'Nguyen', 'date_birth': '19910525', 'nation': 'ベトナム', 'country': 'ベトナム'}, {'first_name': 'The Hieu', 'last_name': 'Truong', 'date_birth': '19990506', 'nation': 'ベトナム', 'country': 'ベトナム'}, {'first_name': 'Xuan Truong', 'last_name': 'Do', 'date_birth': '19921211', 'nation': 'ベトナム', 'country': 'ベトナム'}, {'first_name': 'Anh Ngoc', 'last_name': 'Chia', 'date_birth': '19961208', 'nation': 'ベトナム', 'country': 'ベトナム'}]
[ 2024-05-01 05:30:34,827 ] 91 main_controller - INFO - Customers: [{'first_name': 'Van Sang', 'last_name': 'Phan', 'date_birth': '19970228', 'nation': 'ベトナム', 'country': 'ベトナム', 'phone_number': '080-1583-0891', 'gender': 'M'}, {'first_name': 'Hoai Phong', 'last_name': 'Vo', 'date_birth': '19981101', 'nation': 'ベトナム', 'country': 'ベトナム', 'phone_number': '080-1583-0891', 'gender': 'F'}, {'first_name': 'Tuan Anh', 'last_name': 'Huynh', 'date_birth': '19950106', 'nation': 'ベトナム', 'country': 'ベトナム'}, {'first_name': 'Van Han', 'last_name': 'Nguyen', 'date_birth': '19910525', 'nation': 'ベトナム', 'country': 'ベトナム'}, {'first_name': 'The Hieu', 'last_name': 'Truong', 'date_birth': '19990506', 'nation': 'ベトナム', 'country': 'ベトナム'}, {'first_name': 'Xuan Truong', 'last_name': 'Do', 'date_birth': '19921211', 'nation': 'ベトナム', 'country': 'ベトナム'}, {'first_name': 'Anh Ngoc', 'last_name': 'Chia', 'date_birth': '19961208', 'nation': 'ベトナム', 'country': 'ベトナム'}]
[ 2024-05-01 05:30:34,827 ] 91 main_controller - INFO - Customer info index 0: {'first_name': 'Van Sang', 'last_name': 'Phan', 'date_birth': '19970228', 'nation': 'ベトナム', 'country': 'ベトナム', 'phone_number': '080-1583-0891', 'gender': 'M'}
[ 2024-05-01 05:30:34,827 ] 91 main_controller - INFO - Customer info index 0: {'first_name': 'Van Sang', 'last_name': 'Phan', 'date_birth': '19970228', 'nation': 'ベトナム', 'country': 'ベトナム', 'phone_number': '080-1583-0891', 'gender': 'M'}
[ 2024-05-01 05:30:34,827 ] 91 main_controller - INFO - Customer info index 0: {'first_name': 'Van Sang', 'last_name': 'Phan', 'date_birth': '19970228', 'nation': 'ベトナム', 'country': 'ベトナム', 'phone_number': '080-1583-0891', 'gender': 'M'}
[ 2024-05-01 05:30:34,827 ] 91 main_controller - INFO - Customer info index 0: {'first_name': 'Van Sang', 'last_name': 'Phan', 'date_birth': '19970228', 'nation': 'ベトナム', 'country': 'ベトナム', 'phone_number': '080-1583-0891', 'gender': 'M'}
[ 2024-05-01 05:30:34,827 ] 91 main_controller - INFO - Customer info index 0: {'first_name': 'Van Sang', 'last_name': 'Phan', 'date_birth': '19970228', 'nation': 'ベトナム', 'country': 'ベトナム', 'phone_number': '080-1583-0891', 'gender': 'M'}
[ 2024-05-01 05:30:34,827 ] 91 main_controller - INFO - Customer info index 0: {'first_name': 'Van Sang', 'last_name': 'Phan', 'date_birth': '19970228', 'nation': 'ベトナム', 'country': 'ベトナム', 'phone_number': '080-1583-0891', 'gender': 'M'}
[ 2024-05-01 05:30:34,827 ] 91 main_controller - INFO - Customer info index 0: {'first_name': 'Van Sang', 'last_name': 'Phan', 'date_birth': '19970228', 'nation': 'ベトナム', 'country': 'ベトナム', 'phone_number': '080-1583-0891', 'gender': 'M'}
[ 2024-05-01 05:30:34,827 ] 91 main_controller - INFO - Customer info index 0: {'first_name': 'Van Sang', 'last_name': 'Phan', 'date_birth': '19970228', 'nation': 'ベトナム', 'country': 'ベトナム', 'phone_number': '080-1583-0891', 'gender': 'M'}
[ 2024-05-01 05:30:34,827 ] 91 main_controller - INFO - Customer info index 0: {'first_name': 'Van Sang', 'last_name': 'Phan', 'date_birth': '19970228', 'nation': 'ベトナム', 'country': 'ベトナム', 'phone_number': '080-1583-0891', 'gender': 'M'}
[ 2024-05-01 05:30:34,827 ] 91 main_controller - INFO - Customer index 0: Phan Van Sang, M, 19970228, 080-1583-0891, ベトナム
[ 2024-05-01 05:30:34,827 ] 91 main_controller - INFO - Customer index 0: Phan Van Sang, M, 19970228, 080-1583-0891, ベトナム
[ 2024-05-01 05:30:34,827 ] 91 main_controller - INFO - Customer index 0: Phan Van Sang, M, 19970228, 080-1583-0891, ベトナム
[ 2024-05-01 05:30:34,827 ] 91 main_controller - INFO - Customer index 0: Phan Van Sang, M, 19970228, 080-1583-0891, ベトナム
[ 2024-05-01 05:30:34,827 ] 91 main_controller - INFO - Customer index 0: Phan Van Sang, M, 19970228, 080-1583-0891, ベトナム
[ 2024-05-01 05:30:34,827 ] 91 main_controller - INFO - Customer index 0: Phan Van Sang, M, 19970228, 080-1583-0891, ベトナム
[ 2024-05-01 05:30:34,827 ] 91 main_controller - INFO - Customer index 0: Phan Van Sang, M, 19970228, 080-1583-0891, ベトナム
[ 2024-05-01 05:30:34,827 ] 91 main_controller - INFO - Customer index 0: Phan Van Sang, M, 19970228, 080-1583-0891, ベトナム
[ 2024-05-01 05:30:34,827 ] 91 main_controller - INFO - Customer index 0: Phan Van Sang, M, 19970228, 080-1583-0891, ベトナム
[ 2024-05-01 05:30:36,975 ] 91 main_controller - INFO - Form is closed, template sequence: 97058
[ 2024-05-01 05:30:36,975 ] 91 main_controller - INFO - Form is closed, template sequence: 97058
[ 2024-05-01 05:30:36,975 ] 91 main_controller - INFO - Form is closed, template sequence: 97058
[ 2024-05-01 05:30:36,975 ] 91 main_controller - INFO - Form is closed, template sequence: 97058
[ 2024-05-01 05:30:36,975 ] 91 main_controller - INFO - Form is closed, template sequence: 97058
[ 2024-05-01 05:30:36,975 ] 91 main_controller - INFO - Form is closed, template sequence: 97058
[ 2024-05-01 05:30:36,975 ] 91 main_controller - INFO - Form is closed, template sequence: 97058
[ 2024-05-01 05:30:36,975 ] 91 main_controller - INFO - Form is closed, template sequence: 97058
[ 2024-05-01 05:30:36,975 ] 91 main_controller - INFO - Form is closed, template sequence: 97058
[ 2024-05-01 05:30:36,975 ] 91 main_controller - INFO - Remaining form(s): 1
[ 2024-05-01 05:30:36,975 ] 91 main_controller - INFO - Remaining form(s): 1
[ 2024-05-01 05:30:36,975 ] 91 main_controller - INFO - Remaining form(s): 1
[ 2024-05-01 05:30:36,975 ] 91 main_controller - INFO - Remaining form(s): 1
[ 2024-05-01 05:30:36,975 ] 91 main_controller - INFO - Remaining form(s): 1
[ 2024-05-01 05:30:36,975 ] 91 main_controller - INFO - Remaining form(s): 1
[ 2024-05-01 05:30:36,975 ] 91 main_controller - INFO - Remaining form(s): 1
[ 2024-05-01 05:30:36,975 ] 91 main_controller - INFO - Remaining form(s): 1
[ 2024-05-01 05:30:36,975 ] 91 main_controller - INFO - Remaining form(s): 1
[ 2024-05-01 05:30:36,976 ] 91 main_controller - INFO - Customer info index 2: {'first_name': 'Tuan Anh', 'last_name': 'Huynh', 'date_birth': '19950106', 'nation': 'ベトナム', 'country': 'ベトナム', 'phone_number': '080-1583-0891', 'gender': 'F'}
[ 2024-05-01 05:30:36,976 ] 91 main_controller - INFO - Customer info index 2: {'first_name': 'Tuan Anh', 'last_name': 'Huynh', 'date_birth': '19950106', 'nation': 'ベトナム', 'country': 'ベトナム', 'phone_number': '080-1583-0891', 'gender': 'F'}
[ 2024-05-01 05:30:36,976 ] 91 main_controller - INFO - Customer info index 2: {'first_name': 'Tuan Anh', 'last_name': 'Huynh', 'date_birth': '19950106', 'nation': 'ベトナム', 'country': 'ベトナム', 'phone_number': '080-1583-0891', 'gender': 'F'}
[ 2024-05-01 05:30:36,976 ] 91 main_controller - INFO - Customer info index 2: {'first_name': 'Tuan Anh', 'last_name': 'Huynh', 'date_birth': '19950106', 'nation': 'ベトナム', 'country': 'ベトナム', 'phone_number': '080-1583-0891', 'gender': 'F'}
[ 2024-05-01 05:30:36,976 ] 91 main_controller - INFO - Customer info index 2: {'first_name': 'Tuan Anh', 'last_name': 'Huynh', 'date_birth': '19950106', 'nation': 'ベトナム', 'country': 'ベトナム', 'phone_number': '080-1583-0891', 'gender': 'F'}
[ 2024-05-01 05:30:36,976 ] 91 main_controller - INFO - Customer info index 2: {'first_name': 'Tuan Anh', 'last_name': 'Huynh', 'date_birth': '19950106', 'nation': 'ベトナム', 'country': 'ベトナム', 'phone_number': '080-1583-0891', 'gender': 'F'}
[ 2024-05-01 05:30:36,976 ] 91 main_controller - INFO - Customer info index 2: {'first_name': 'Tuan Anh', 'last_name': 'Huynh', 'date_birth': '19950106', 'nation': 'ベトナム', 'country': 'ベトナム', 'phone_number': '080-1583-0891', 'gender': 'F'}
[ 2024-05-01 05:30:36,976 ] 91 main_controller - INFO - Customer info index 2: {'first_name': 'Tuan Anh', 'last_name': 'Huynh', 'date_birth': '19950106', 'nation': 'ベトナム', 'country': 'ベトナム', 'phone_number': '080-1583-0891', 'gender': 'F'}
[ 2024-05-01 05:30:36,976 ] 91 main_controller - INFO - Customer info index 2: {'first_name': 'Tuan Anh', 'last_name': 'Huynh', 'date_birth': '19950106', 'nation': 'ベトナム', 'country': 'ベトナム', 'phone_number': '080-1583-0891', 'gender': 'F'}
[ 2024-05-01 05:30:36,976 ] 91 main_controller - INFO - Customer index 2: Huynh Tuan Anh, F, 19950106, 080-1583-0891, ベトナム
[ 2024-05-01 05:30:36,976 ] 91 main_controller - INFO - Customer index 2: Huynh Tuan Anh, F, 19950106, 080-1583-0891, ベトナム
[ 2024-05-01 05:30:36,976 ] 91 main_controller - INFO - Customer index 2: Huynh Tuan Anh, F, 19950106, 080-1583-0891, ベトナム
[ 2024-05-01 05:30:36,976 ] 91 main_controller - INFO - Customer index 2: Huynh Tuan Anh, F, 19950106, 080-1583-0891, ベトナム
[ 2024-05-01 05:30:36,976 ] 91 main_controller - INFO - Customer index 2: Huynh Tuan Anh, F, 19950106, 080-1583-0891, ベトナム
[ 2024-05-01 05:30:36,976 ] 91 main_controller - INFO - Customer index 2: Huynh Tuan Anh, F, 19950106, 080-1583-0891, ベトナム
[ 2024-05-01 05:30:36,976 ] 91 main_controller - INFO - Customer index 2: Huynh Tuan Anh, F, 19950106, 080-1583-0891, ベトナム
[ 2024-05-01 05:30:36,976 ] 91 main_controller - INFO - Customer index 2: Huynh Tuan Anh, F, 19950106, 080-1583-0891, ベトナム
[ 2024-05-01 05:30:36,976 ] 91 main_controller - INFO - Customer index 2: Huynh Tuan Anh, F, 19950106, 080-1583-0891, ベトナム
[ 2024-05-01 05:30:38,869 ] 91 main_controller - INFO - Form is closed, template sequence: 97056
[ 2024-05-01 05:30:38,869 ] 91 main_controller - INFO - Form is closed, template sequence: 97056
[ 2024-05-01 05:30:38,869 ] 91 main_controller - INFO - Form is closed, template sequence: 97056
[ 2024-05-01 05:30:38,869 ] 91 main_controller - INFO - Form is closed, template sequence: 97056
[ 2024-05-01 05:30:38,869 ] 91 main_controller - INFO - Form is closed, template sequence: 97056
[ 2024-05-01 05:30:38,869 ] 91 main_controller - INFO - Form is closed, template sequence: 97056
[ 2024-05-01 05:30:38,869 ] 91 main_controller - INFO - Form is closed, template sequence: 97056
[ 2024-05-01 05:30:38,869 ] 91 main_controller - INFO - Form is closed, template sequence: 97056
[ 2024-05-01 05:30:38,869 ] 91 main_controller - INFO - Form is closed, template sequence: 97056
[ 2024-05-01 05:30:38,869 ] 91 main_controller - INFO - Remaining form(s): 2
[ 2024-05-01 05:30:38,869 ] 91 main_controller - INFO - Remaining form(s): 2
[ 2024-05-01 05:30:38,869 ] 91 main_controller - INFO - Remaining form(s): 2
[ 2024-05-01 05:30:38,869 ] 91 main_controller - INFO - Remaining form(s): 2
[ 2024-05-01 05:30:38,869 ] 91 main_controller - INFO - Remaining form(s): 2
[ 2024-05-01 05:30:38,869 ] 91 main_controller - INFO - Remaining form(s): 2
[ 2024-05-01 05:30:38,869 ] 91 main_controller - INFO - Remaining form(s): 2
[ 2024-05-01 05:30:38,869 ] 91 main_controller - INFO - Remaining form(s): 2
[ 2024-05-01 05:30:38,869 ] 91 main_controller - INFO - Remaining form(s): 2
[ 2024-05-01 05:30:38,871 ] 91 main_controller - INFO - Customer info index 1: {'first_name': 'Hoai Phong', 'last_name': 'Vo', 'date_birth': '19981101', 'nation': 'ベトナム', 'country': 'ベトナム', 'phone_number': '080-1583-0891', 'gender': 'M'}
[ 2024-05-01 05:30:38,871 ] 91 main_controller - INFO - Customer info index 1: {'first_name': 'Hoai Phong', 'last_name': 'Vo', 'date_birth': '19981101', 'nation': 'ベトナム', 'country': 'ベトナム', 'phone_number': '080-1583-0891', 'gender': 'M'}
[ 2024-05-01 05:30:38,871 ] 91 main_controller - INFO - Customer info index 1: {'first_name': 'Hoai Phong', 'last_name': 'Vo', 'date_birth': '19981101', 'nation': 'ベトナム', 'country': 'ベトナム', 'phone_number': '080-1583-0891', 'gender': 'M'}
[ 2024-05-01 05:30:38,871 ] 91 main_controller - INFO - Customer info index 1: {'first_name': 'Hoai Phong', 'last_name': 'Vo', 'date_birth': '19981101', 'nation': 'ベトナム', 'country': 'ベトナム', 'phone_number': '080-1583-0891', 'gender': 'M'}
[ 2024-05-01 05:30:38,871 ] 91 main_controller - INFO - Customer info index 1: {'first_name': 'Hoai Phong', 'last_name': 'Vo', 'date_birth': '19981101', 'nation': 'ベトナム', 'country': 'ベトナム', 'phone_number': '080-1583-0891', 'gender': 'M'}
[ 2024-05-01 05:30:38,871 ] 91 main_controller - INFO - Customer info index 1: {'first_name': 'Hoai Phong', 'last_name': 'Vo', 'date_birth': '19981101', 'nation': 'ベトナム', 'country': 'ベトナム', 'phone_number': '080-1583-0891', 'gender': 'M'}
[ 2024-05-01 05:30:38,871 ] 91 main_controller - INFO - Customer info index 1: {'first_name': 'Hoai Phong', 'last_name': 'Vo', 'date_birth': '19981101', 'nation': 'ベトナム', 'country': 'ベトナム', 'phone_number': '080-1583-0891', 'gender': 'M'}
[ 2024-05-01 05:30:38,871 ] 91 main_controller - INFO - Customer info index 1: {'first_name': 'Hoai Phong', 'last_name': 'Vo', 'date_birth': '19981101', 'nation': 'ベトナム', 'country': 'ベトナム', 'phone_number': '080-1583-0891', 'gender': 'M'}
[ 2024-05-01 05:30:38,871 ] 91 main_controller - INFO - Customer info index 1: {'first_name': 'Hoai Phong', 'last_name': 'Vo', 'date_birth': '19981101', 'nation': 'ベトナム', 'country': 'ベトナム', 'phone_number': '080-1583-0891', 'gender': 'M'}
[ 2024-05-01 05:30:38,871 ] 91 main_controller - INFO - Customer index 1: Vo Hoai Phong, M, 19981101, 080-1583-0891, ベトナム
[ 2024-05-01 05:30:38,871 ] 91 main_controller - INFO - Customer index 1: Vo Hoai Phong, M, 19981101, 080-1583-0891, ベトナム
[ 2024-05-01 05:30:38,871 ] 91 main_controller - INFO - Customer index 1: Vo Hoai Phong, M, 19981101, 080-1583-0891, ベトナム
[ 2024-05-01 05:30:38,871 ] 91 main_controller - INFO - Customer index 1: Vo Hoai Phong, M, 19981101, 080-1583-0891, ベトナム
[ 2024-05-01 05:30:38,871 ] 91 main_controller - INFO - Customer index 1: Vo Hoai Phong, M, 19981101, 080-1583-0891, ベトナム
[ 2024-05-01 05:30:38,871 ] 91 main_controller - INFO - Customer index 1: Vo Hoai Phong, M, 19981101, 080-1583-0891, ベトナム
[ 2024-05-01 05:30:38,871 ] 91 main_controller - INFO - Customer index 1: Vo Hoai Phong, M, 19981101, 080-1583-0891, ベトナム
[ 2024-05-01 05:30:38,871 ] 91 main_controller - INFO - Customer index 1: Vo Hoai Phong, M, 19981101, 080-1583-0891, ベトナム
[ 2024-05-01 05:30:38,871 ] 91 main_controller - INFO - Customer index 1: Vo Hoai Phong, M, 19981101, 080-1583-0891, ベトナム
[ 2024-05-01 05:30:39,690 ] 91 main_controller - INFO - Form is closed, template sequence: 97056
[ 2024-05-01 05:30:39,690 ] 91 main_controller - INFO - Form is closed, template sequence: 97056
[ 2024-05-01 05:30:39,690 ] 91 main_controller - INFO - Form is closed, template sequence: 97056
[ 2024-05-01 05:30:39,690 ] 91 main_controller - INFO - Form is closed, template sequence: 97056
[ 2024-05-01 05:30:39,690 ] 91 main_controller - INFO - Form is closed, template sequence: 97056
[ 2024-05-01 05:30:39,690 ] 91 main_controller - INFO - Form is closed, template sequence: 97056
[ 2024-05-01 05:30:39,690 ] 91 main_controller - INFO - Form is closed, template sequence: 97056
[ 2024-05-01 05:30:39,690 ] 91 main_controller - INFO - Form is closed, template sequence: 97056
[ 2024-05-01 05:30:39,690 ] 91 main_controller - INFO - Form is closed, template sequence: 97056
[ 2024-05-01 05:30:39,690 ] 91 main_controller - INFO - Remaining form(s): 2
[ 2024-05-01 05:30:39,690 ] 91 main_controller - INFO - Remaining form(s): 2
[ 2024-05-01 05:30:39,690 ] 91 main_controller - INFO - Remaining form(s): 2
[ 2024-05-01 05:30:39,690 ] 91 main_controller - INFO - Remaining form(s): 2
[ 2024-05-01 05:30:39,690 ] 91 main_controller - INFO - Remaining form(s): 2
[ 2024-05-01 05:30:39,690 ] 91 main_controller - INFO - Remaining form(s): 2
[ 2024-05-01 05:30:39,690 ] 91 main_controller - INFO - Remaining form(s): 2
[ 2024-05-01 05:30:39,690 ] 91 main_controller - INFO - Remaining form(s): 2
[ 2024-05-01 05:30:39,690 ] 91 main_controller - INFO - Remaining form(s): 2
[ 2024-05-01 05:30:39,690 ] 91 main_controller - INFO - Customer info index 1: {'first_name': 'Hoai Phong', 'last_name': 'Vo', 'date_birth': '19981101', 'nation': 'ベトナム', 'country': 'ベトナム', 'phone_number': '080-1583-0891', 'gender': 'F'}
[ 2024-05-01 05:30:39,690 ] 91 main_controller - INFO - Customer info index 1: {'first_name': 'Hoai Phong', 'last_name': 'Vo', 'date_birth': '19981101', 'nation': 'ベトナム', 'country': 'ベトナム', 'phone_number': '080-1583-0891', 'gender': 'F'}
[ 2024-05-01 05:30:39,690 ] 91 main_controller - INFO - Customer info index 1: {'first_name': 'Hoai Phong', 'last_name': 'Vo', 'date_birth': '19981101', 'nation': 'ベトナム', 'country': 'ベトナム', 'phone_number': '080-1583-0891', 'gender': 'F'}
[ 2024-05-01 05:30:39,690 ] 91 main_controller - INFO - Customer info index 1: {'first_name': 'Hoai Phong', 'last_name': 'Vo', 'date_birth': '19981101', 'nation': 'ベトナム', 'country': 'ベトナム', 'phone_number': '080-1583-0891', 'gender': 'F'}
[ 2024-05-01 05:30:39,690 ] 91 main_controller - INFO - Customer info index 1: {'first_name': 'Hoai Phong', 'last_name': 'Vo', 'date_birth': '19981101', 'nation': 'ベトナム', 'country': 'ベトナム', 'phone_number': '080-1583-0891', 'gender': 'F'}
[ 2024-05-01 05:30:39,690 ] 91 main_controller - INFO - Customer info index 1: {'first_name': 'Hoai Phong', 'last_name': 'Vo', 'date_birth': '19981101', 'nation': 'ベトナム', 'country': 'ベトナム', 'phone_number': '080-1583-0891', 'gender': 'F'}
[ 2024-05-01 05:30:39,690 ] 91 main_controller - INFO - Customer info index 1: {'first_name': 'Hoai Phong', 'last_name': 'Vo', 'date_birth': '19981101', 'nation': 'ベトナム', 'country': 'ベトナム', 'phone_number': '080-1583-0891', 'gender': 'F'}
[ 2024-05-01 05:30:39,690 ] 91 main_controller - INFO - Customer info index 1: {'first_name': 'Hoai Phong', 'last_name': 'Vo', 'date_birth': '19981101', 'nation': 'ベトナム', 'country': 'ベトナム', 'phone_number': '080-1583-0891', 'gender': 'F'}
[ 2024-05-01 05:30:39,690 ] 91 main_controller - INFO - Customer info index 1: {'first_name': 'Hoai Phong', 'last_name': 'Vo', 'date_birth': '19981101', 'nation': 'ベトナム', 'country': 'ベトナム', 'phone_number': '080-1583-0891', 'gender': 'F'}
[ 2024-05-01 05:30:39,691 ] 91 main_controller - INFO - Customer index 1: Vo Hoai Phong, F, 19981101, 080-1583-0891, ベトナム
[ 2024-05-01 05:30:39,691 ] 91 main_controller - INFO - Customer index 1: Vo Hoai Phong, F, 19981101, 080-1583-0891, ベトナム
[ 2024-05-01 05:30:39,691 ] 91 main_controller - INFO - Customer index 1: Vo Hoai Phong, F, 19981101, 080-1583-0891, ベトナム
[ 2024-05-01 05:30:39,691 ] 91 main_controller - INFO - Customer index 1: Vo Hoai Phong, F, 19981101, 080-1583-0891, ベトナム
[ 2024-05-01 05:30:39,691 ] 91 main_controller - INFO - Customer index 1: Vo Hoai Phong, F, 19981101, 080-1583-0891, ベトナム
[ 2024-05-01 05:30:39,691 ] 91 main_controller - INFO - Customer index 1: Vo Hoai Phong, F, 19981101, 080-1583-0891, ベトナム
[ 2024-05-01 05:30:39,691 ] 91 main_controller - INFO - Customer index 1: Vo Hoai Phong, F, 19981101, 080-1583-0891, ベトナム
[ 2024-05-01 05:30:39,691 ] 91 main_controller - INFO - Customer index 1: Vo Hoai Phong, F, 19981101, 080-1583-0891, ベトナム
[ 2024-05-01 05:30:39,691 ] 91 main_controller - INFO - Customer index 1: Vo Hoai Phong, F, 19981101, 080-1583-0891, ベトナム
[ 2024-05-01 05:30:40,395 ] 91 main_controller - INFO - Form is closed, template sequence: 97056
[ 2024-05-01 05:30:40,395 ] 91 main_controller - INFO - Form is closed, template sequence: 97056
[ 2024-05-01 05:30:40,395 ] 91 main_controller - INFO - Form is closed, template sequence: 97056
[ 2024-05-01 05:30:40,395 ] 91 main_controller - INFO - Form is closed, template sequence: 97056
[ 2024-05-01 05:30:40,395 ] 91 main_controller - INFO - Form is closed, template sequence: 97056
[ 2024-05-01 05:30:40,395 ] 91 main_controller - INFO - Form is closed, template sequence: 97056
[ 2024-05-01 05:30:40,395 ] 91 main_controller - INFO - Form is closed, template sequence: 97056
[ 2024-05-01 05:30:40,395 ] 91 main_controller - INFO - Form is closed, template sequence: 97056
[ 2024-05-01 05:30:40,395 ] 91 main_controller - INFO - Form is closed, template sequence: 97056
[ 2024-05-01 05:30:40,395 ] 91 main_controller - INFO - Remaining form(s): 2
[ 2024-05-01 05:30:40,395 ] 91 main_controller - INFO - Remaining form(s): 2
[ 2024-05-01 05:30:40,395 ] 91 main_controller - INFO - Remaining form(s): 2
[ 2024-05-01 05:30:40,395 ] 91 main_controller - INFO - Remaining form(s): 2
[ 2024-05-01 05:30:40,395 ] 91 main_controller - INFO - Remaining form(s): 2
[ 2024-05-01 05:30:40,395 ] 91 main_controller - INFO - Remaining form(s): 2
[ 2024-05-01 05:30:40,395 ] 91 main_controller - INFO - Remaining form(s): 2
[ 2024-05-01 05:30:40,395 ] 91 main_controller - INFO - Remaining form(s): 2
[ 2024-05-01 05:30:40,395 ] 91 main_controller - INFO - Remaining form(s): 2
[ 2024-05-01 05:30:40,395 ] 91 main_controller - INFO - Customer info index 1: {'first_name': 'Hoai Phong', 'last_name': 'Vo', 'date_birth': '19981101', 'nation': 'ベトナム', 'country': 'ベトナム', 'phone_number': '080-1583-0891', 'gender': 'F'}
[ 2024-05-01 05:30:40,395 ] 91 main_controller - INFO - Customer info index 1: {'first_name': 'Hoai Phong', 'last_name': 'Vo', 'date_birth': '19981101', 'nation': 'ベトナム', 'country': 'ベトナム', 'phone_number': '080-1583-0891', 'gender': 'F'}
[ 2024-05-01 05:30:40,395 ] 91 main_controller - INFO - Customer info index 1: {'first_name': 'Hoai Phong', 'last_name': 'Vo', 'date_birth': '19981101', 'nation': 'ベトナム', 'country': 'ベトナム', 'phone_number': '080-1583-0891', 'gender': 'F'}
[ 2024-05-01 05:30:40,395 ] 91 main_controller - INFO - Customer info index 1: {'first_name': 'Hoai Phong', 'last_name': 'Vo', 'date_birth': '19981101', 'nation': 'ベトナム', 'country': 'ベトナム', 'phone_number': '080-1583-0891', 'gender': 'F'}
[ 2024-05-01 05:30:40,395 ] 91 main_controller - INFO - Customer info index 1: {'first_name': 'Hoai Phong', 'last_name': 'Vo', 'date_birth': '19981101', 'nation': 'ベトナム', 'country': 'ベトナム', 'phone_number': '080-1583-0891', 'gender': 'F'}
[ 2024-05-01 05:30:40,395 ] 91 main_controller - INFO - Customer info index 1: {'first_name': 'Hoai Phong', 'last_name': 'Vo', 'date_birth': '19981101', 'nation': 'ベトナム', 'country': 'ベトナム', 'phone_number': '080-1583-0891', 'gender': 'F'}
[ 2024-05-01 05:30:40,395 ] 91 main_controller - INFO - Customer info index 1: {'first_name': 'Hoai Phong', 'last_name': 'Vo', 'date_birth': '19981101', 'nation': 'ベトナム', 'country': 'ベトナム', 'phone_number': '080-1583-0891', 'gender': 'F'}
[ 2024-05-01 05:30:40,395 ] 91 main_controller - INFO - Customer info index 1: {'first_name': 'Hoai Phong', 'last_name': 'Vo', 'date_birth': '19981101', 'nation': 'ベトナム', 'country': 'ベトナム', 'phone_number': '080-1583-0891', 'gender': 'F'}
[ 2024-05-01 05:30:40,395 ] 91 main_controller - INFO - Customer info index 1: {'first_name': 'Hoai Phong', 'last_name': 'Vo', 'date_birth': '19981101', 'nation': 'ベトナム', 'country': 'ベトナム', 'phone_number': '080-1583-0891', 'gender': 'F'}
[ 2024-05-01 05:30:40,396 ] 91 main_controller - INFO - Customer index 1: Vo Hoai Phong, F, 19981101, 080-1583-0891, ベトナム
[ 2024-05-01 05:30:40,396 ] 91 main_controller - INFO - Customer index 1: Vo Hoai Phong, F, 19981101, 080-1583-0891, ベトナム
[ 2024-05-01 05:30:40,396 ] 91 main_controller - INFO - Customer index 1: Vo Hoai Phong, F, 19981101, 080-1583-0891, ベトナム
[ 2024-05-01 05:30:40,396 ] 91 main_controller - INFO - Customer index 1: Vo Hoai Phong, F, 19981101, 080-1583-0891, ベトナム
[ 2024-05-01 05:30:40,396 ] 91 main_controller - INFO - Customer index 1: Vo Hoai Phong, F, 19981101, 080-1583-0891, ベトナム
[ 2024-05-01 05:30:40,396 ] 91 main_controller - INFO - Customer index 1: Vo Hoai Phong, F, 19981101, 080-1583-0891, ベトナム
[ 2024-05-01 05:30:40,396 ] 91 main_controller - INFO - Customer index 1: Vo Hoai Phong, F, 19981101, 080-1583-0891, ベトナム
[ 2024-05-01 05:30:40,396 ] 91 main_controller - INFO - Customer index 1: Vo Hoai Phong, F, 19981101, 080-1583-0891, ベトナム
[ 2024-05-01 05:30:40,396 ] 91 main_controller - INFO - Customer index 1: Vo Hoai Phong, F, 19981101, 080-1583-0891, ベトナム
[ 2024-05-01 05:30:42,581 ] 91 main_controller - INFO - Form is closed, template sequence: 97056
[ 2024-05-01 05:30:42,581 ] 91 main_controller - INFO - Form is closed, template sequence: 97056
[ 2024-05-01 05:30:42,581 ] 91 main_controller - INFO - Form is closed, template sequence: 97056
[ 2024-05-01 05:30:42,581 ] 91 main_controller - INFO - Form is closed, template sequence: 97056
[ 2024-05-01 05:30:42,581 ] 91 main_controller - INFO - Form is closed, template sequence: 97056
[ 2024-05-01 05:30:42,581 ] 91 main_controller - INFO - Form is closed, template sequence: 97056
[ 2024-05-01 05:30:42,581 ] 91 main_controller - INFO - Form is closed, template sequence: 97056
[ 2024-05-01 05:30:42,581 ] 91 main_controller - INFO - Form is closed, template sequence: 97056
[ 2024-05-01 05:30:42,581 ] 91 main_controller - INFO - Form is closed, template sequence: 97056
[ 2024-05-01 05:30:42,581 ] 91 main_controller - INFO - Remaining form(s): 0
[ 2024-05-01 05:30:42,581 ] 91 main_controller - INFO - Remaining form(s): 0
[ 2024-05-01 05:30:42,581 ] 91 main_controller - INFO - Remaining form(s): 0
[ 2024-05-01 05:30:42,581 ] 91 main_controller - INFO - Remaining form(s): 0
[ 2024-05-01 05:30:42,581 ] 91 main_controller - INFO - Remaining form(s): 0
[ 2024-05-01 05:30:42,581 ] 91 main_controller - INFO - Remaining form(s): 0
[ 2024-05-01 05:30:42,581 ] 91 main_controller - INFO - Remaining form(s): 0
[ 2024-05-01 05:30:42,581 ] 91 main_controller - INFO - Remaining form(s): 0
[ 2024-05-01 05:30:42,581 ] 91 main_controller - INFO - Remaining form(s): 0
[ 2024-05-01 05:30:42,581 ] 91 main_controller - INFO - All forms passed
[ 2024-05-01 05:30:42,581 ] 91 main_controller - INFO - All forms passed
[ 2024-05-01 05:30:42,581 ] 91 main_controller - INFO - All forms passed
[ 2024-05-01 05:30:42,581 ] 91 main_controller - INFO - All forms passed
[ 2024-05-01 05:30:42,581 ] 91 main_controller - INFO - All forms passed
[ 2024-05-01 05:30:42,581 ] 91 main_controller - INFO - All forms passed
[ 2024-05-01 05:30:42,581 ] 91 main_controller - INFO - All forms passed
[ 2024-05-01 05:30:42,581 ] 91 main_controller - INFO - All forms passed
[ 2024-05-01 05:30:42,581 ] 91 main_controller - INFO - All forms passed
[ 2024-05-01 05:30:44,534 ] 91 main_controller - INFO - Form is closed, template sequence: 97057
[ 2024-05-01 05:30:44,534 ] 91 main_controller - INFO - Form is closed, template sequence: 97057
[ 2024-05-01 05:30:44,534 ] 91 main_controller - INFO - Form is closed, template sequence: 97057
[ 2024-05-01 05:30:44,534 ] 91 main_controller - INFO - Form is closed, template sequence: 97057
[ 2024-05-01 05:30:44,534 ] 91 main_controller - INFO - Form is closed, template sequence: 97057
[ 2024-05-01 05:30:44,534 ] 91 main_controller - INFO - Form is closed, template sequence: 97057
[ 2024-05-01 05:30:44,534 ] 91 main_controller - INFO - Form is closed, template sequence: 97057
[ 2024-05-01 05:30:44,534 ] 91 main_controller - INFO - Form is closed, template sequence: 97057
[ 2024-05-01 05:30:44,534 ] 91 main_controller - INFO - Form is closed, template sequence: 97057
[ 2024-05-01 05:30:44,534 ] 91 main_controller - INFO - Remaining form(s): 1
[ 2024-05-01 05:30:44,534 ] 91 main_controller - INFO - Remaining form(s): 1
[ 2024-05-01 05:30:44,534 ] 91 main_controller - INFO - Remaining form(s): 1
[ 2024-05-01 05:30:44,534 ] 91 main_controller - INFO - Remaining form(s): 1
[ 2024-05-01 05:30:44,534 ] 91 main_controller - INFO - Remaining form(s): 1
[ 2024-05-01 05:30:44,534 ] 91 main_controller - INFO - Remaining form(s): 1
[ 2024-05-01 05:30:44,534 ] 91 main_controller - INFO - Remaining form(s): 1
[ 2024-05-01 05:30:44,534 ] 91 main_controller - INFO - Remaining form(s): 1
[ 2024-05-01 05:30:44,534 ] 91 main_controller - INFO - Remaining form(s): 1
[ 2024-05-01 05:30:44,534 ] 91 main_controller - INFO - Customer info index 2: {'first_name': 'Tuan Anh', 'last_name': 'Huynh', 'date_birth': '19950106', 'nation': 'ベトナム', 'country': 'ベトナム', 'phone_number': '080-1583-0891', 'gender': 'F'}
[ 2024-05-01 05:30:44,534 ] 91 main_controller - INFO - Customer info index 2: {'first_name': 'Tuan Anh', 'last_name': 'Huynh', 'date_birth': '19950106', 'nation': 'ベトナム', 'country': 'ベトナム', 'phone_number': '080-1583-0891', 'gender': 'F'}
[ 2024-05-01 05:30:44,534 ] 91 main_controller - INFO - Customer info index 2: {'first_name': 'Tuan Anh', 'last_name': 'Huynh', 'date_birth': '19950106', 'nation': 'ベトナム', 'country': 'ベトナム', 'phone_number': '080-1583-0891', 'gender': 'F'}
[ 2024-05-01 05:30:44,534 ] 91 main_controller - INFO - Customer info index 2: {'first_name': 'Tuan Anh', 'last_name': 'Huynh', 'date_birth': '19950106', 'nation': 'ベトナム', 'country': 'ベトナム', 'phone_number': '080-1583-0891', 'gender': 'F'}
[ 2024-05-01 05:30:44,534 ] 91 main_controller - INFO - Customer info index 2: {'first_name': 'Tuan Anh', 'last_name': 'Huynh', 'date_birth': '19950106', 'nation': 'ベトナム', 'country': 'ベトナム', 'phone_number': '080-1583-0891', 'gender': 'F'}
[ 2024-05-01 05:30:44,534 ] 91 main_controller - INFO - Customer info index 2: {'first_name': 'Tuan Anh', 'last_name': 'Huynh', 'date_birth': '19950106', 'nation': 'ベトナム', 'country': 'ベトナム', 'phone_number': '080-1583-0891', 'gender': 'F'}
[ 2024-05-01 05:30:44,534 ] 91 main_controller - INFO - Customer info index 2: {'first_name': 'Tuan Anh', 'last_name': 'Huynh', 'date_birth': '19950106', 'nation': 'ベトナム', 'country': 'ベトナム', 'phone_number': '080-1583-0891', 'gender': 'F'}
[ 2024-05-01 05:30:44,534 ] 91 main_controller - INFO - Customer info index 2: {'first_name': 'Tuan Anh', 'last_name': 'Huynh', 'date_birth': '19950106', 'nation': 'ベトナム', 'country': 'ベトナム', 'phone_number': '080-1583-0891', 'gender': 'F'}
[ 2024-05-01 05:30:44,534 ] 91 main_controller - INFO - Customer info index 2: {'first_name': 'Tuan Anh', 'last_name': 'Huynh', 'date_birth': '19950106', 'nation': 'ベトナム', 'country': 'ベトナム', 'phone_number': '080-1583-0891', 'gender': 'F'}
[ 2024-05-01 05:30:44,535 ] 91 main_controller - INFO - Customer index 2: Huynh Tuan Anh, F, 19950106, 080-1583-0891, ベトナム
[ 2024-05-01 05:30:44,535 ] 91 main_controller - INFO - Customer index 2: Huynh Tuan Anh, F, 19950106, 080-1583-0891, ベトナム
[ 2024-05-01 05:30:44,535 ] 91 main_controller - INFO - Customer index 2: Huynh Tuan Anh, F, 19950106, 080-1583-0891, ベトナム
[ 2024-05-01 05:30:44,535 ] 91 main_controller - INFO - Customer index 2: Huynh Tuan Anh, F, 19950106, 080-1583-0891, ベトナム
[ 2024-05-01 05:30:44,535 ] 91 main_controller - INFO - Customer index 2: Huynh Tuan Anh, F, 19950106, 080-1583-0891, ベトナム
[ 2024-05-01 05:30:44,535 ] 91 main_controller - INFO - Customer index 2: Huynh Tuan Anh, F, 19950106, 080-1583-0891, ベトナム
[ 2024-05-01 05:30:44,535 ] 91 main_controller - INFO - Customer index 2: Huynh Tuan Anh, F, 19950106, 080-1583-0891, ベトナム
[ 2024-05-01 05:30:44,535 ] 91 main_controller - INFO - Customer index 2: Huynh Tuan Anh, F, 19950106, 080-1583-0891, ベトナム
[ 2024-05-01 05:30:44,535 ] 91 main_controller - INFO - Customer index 2: Huynh Tuan Anh, F, 19950106, 080-1583-0891, ベトナム
[ 2024-05-01 05:30:45,300 ] 91 main_controller - INFO - Form is closed, template sequence: 97058
[ 2024-05-01 05:30:45,300 ] 91 main_controller - INFO - Form is closed, template sequence: 97058
[ 2024-05-01 05:30:45,300 ] 91 main_controller - INFO - Form is closed, template sequence: 97058
[ 2024-05-01 05:30:45,300 ] 91 main_controller - INFO - Form is closed, template sequence: 97058
[ 2024-05-01 05:30:45,300 ] 91 main_controller - INFO - Form is closed, template sequence: 97058
[ 2024-05-01 05:30:45,300 ] 91 main_controller - INFO - Form is closed, template sequence: 97058
[ 2024-05-01 05:30:45,300 ] 91 main_controller - INFO - Form is closed, template sequence: 97058
[ 2024-05-01 05:30:45,300 ] 91 main_controller - INFO - Form is closed, template sequence: 97058
[ 2024-05-01 05:30:45,300 ] 91 main_controller - INFO - Form is closed, template sequence: 97058
[ 2024-05-01 05:30:45,300 ] 91 main_controller - INFO - Remaining form(s): 1
[ 2024-05-01 05:30:45,300 ] 91 main_controller - INFO - Remaining form(s): 1
[ 2024-05-01 05:30:45,300 ] 91 main_controller - INFO - Remaining form(s): 1
[ 2024-05-01 05:30:45,300 ] 91 main_controller - INFO - Remaining form(s): 1
[ 2024-05-01 05:30:45,300 ] 91 main_controller - INFO - Remaining form(s): 1
[ 2024-05-01 05:30:45,300 ] 91 main_controller - INFO - Remaining form(s): 1
[ 2024-05-01 05:30:45,300 ] 91 main_controller - INFO - Remaining form(s): 1
[ 2024-05-01 05:30:45,300 ] 91 main_controller - INFO - Remaining form(s): 1
[ 2024-05-01 05:30:45,300 ] 91 main_controller - INFO - Remaining form(s): 1
[ 2024-05-01 05:30:45,300 ] 91 main_controller - INFO - Customer info index 2: {'first_name': 'Tuan Anh', 'last_name': 'Huynh', 'date_birth': '19950106', 'nation': 'ベトナム', 'country': 'ベトナム', 'phone_number': '080-1583-0891', 'gender': 'M'}
[ 2024-05-01 05:30:45,300 ] 91 main_controller - INFO - Customer info index 2: {'first_name': 'Tuan Anh', 'last_name': 'Huynh', 'date_birth': '19950106', 'nation': 'ベトナム', 'country': 'ベトナム', 'phone_number': '080-1583-0891', 'gender': 'M'}
[ 2024-05-01 05:30:45,300 ] 91 main_controller - INFO - Customer info index 2: {'first_name': 'Tuan Anh', 'last_name': 'Huynh', 'date_birth': '19950106', 'nation': 'ベトナム', 'country': 'ベトナム', 'phone_number': '080-1583-0891', 'gender': 'M'}
[ 2024-05-01 05:30:45,300 ] 91 main_controller - INFO - Customer info index 2: {'first_name': 'Tuan Anh', 'last_name': 'Huynh', 'date_birth': '19950106', 'nation': 'ベトナム', 'country': 'ベトナム', 'phone_number': '080-1583-0891', 'gender': 'M'}
[ 2024-05-01 05:30:45,300 ] 91 main_controller - INFO - Customer info index 2: {'first_name': 'Tuan Anh', 'last_name': 'Huynh', 'date_birth': '19950106', 'nation': 'ベトナム', 'country': 'ベトナム', 'phone_number': '080-1583-0891', 'gender': 'M'}
[ 2024-05-01 05:30:45,300 ] 91 main_controller - INFO - Customer info index 2: {'first_name': 'Tuan Anh', 'last_name': 'Huynh', 'date_birth': '19950106', 'nation': 'ベトナム', 'country': 'ベトナム', 'phone_number': '080-1583-0891', 'gender': 'M'}
[ 2024-05-01 05:30:45,300 ] 91 main_controller - INFO - Customer info index 2: {'first_name': 'Tuan Anh', 'last_name': 'Huynh', 'date_birth': '19950106', 'nation': 'ベトナム', 'country': 'ベトナム', 'phone_number': '080-1583-0891', 'gender': 'M'}
[ 2024-05-01 05:30:45,300 ] 91 main_controller - INFO - Customer info index 2: {'first_name': 'Tuan Anh', 'last_name': 'Huynh', 'date_birth': '19950106', 'nation': 'ベトナム', 'country': 'ベトナム', 'phone_number': '080-1583-0891', 'gender': 'M'}
[ 2024-05-01 05:30:45,300 ] 91 main_controller - INFO - Customer info index 2: {'first_name': 'Tuan Anh', 'last_name': 'Huynh', 'date_birth': '19950106', 'nation': 'ベトナム', 'country': 'ベトナム', 'phone_number': '080-1583-0891', 'gender': 'M'}
[ 2024-05-01 05:30:45,300 ] 91 main_controller - INFO - Customer index 2: Huynh Tuan Anh, M, 19950106, 080-1583-0891, ベトナム
[ 2024-05-01 05:30:45,300 ] 91 main_controller - INFO - Customer index 2: Huynh Tuan Anh, M, 19950106, 080-1583-0891, ベトナム
[ 2024-05-01 05:30:45,300 ] 91 main_controller - INFO - Customer index 2: Huynh Tuan Anh, M, 19950106, 080-1583-0891, ベトナム
[ 2024-05-01 05:30:45,300 ] 91 main_controller - INFO - Customer index 2: Huynh Tuan Anh, M, 19950106, 080-1583-0891, ベトナム
[ 2024-05-01 05:30:45,300 ] 91 main_controller - INFO - Customer index 2: Huynh Tuan Anh, M, 19950106, 080-1583-0891, ベトナム
[ 2024-05-01 05:30:45,300 ] 91 main_controller - INFO - Customer index 2: Huynh Tuan Anh, M, 19950106, 080-1583-0891, ベトナム
[ 2024-05-01 05:30:45,300 ] 91 main_controller - INFO - Customer index 2: Huynh Tuan Anh, M, 19950106, 080-1583-0891, ベトナム
[ 2024-05-01 05:30:45,300 ] 91 main_controller - INFO - Customer index 2: Huynh Tuan Anh, M, 19950106, 080-1583-0891, ベトナム
[ 2024-05-01 05:30:45,300 ] 91 main_controller - INFO - Customer index 2: Huynh Tuan Anh, M, 19950106, 080-1583-0891, ベトナム
[ 2024-05-01 05:30:45,593 ] 91 main_controller - INFO - Closing browser
[ 2024-05-01 05:30:45,593 ] 91 main_controller - INFO - Closing browser
[ 2024-05-01 05:30:45,593 ] 91 main_controller - INFO - Closing browser
[ 2024-05-01 05:30:45,593 ] 91 main_controller - INFO - Closing browser
[ 2024-05-01 05:30:45,593 ] 91 main_controller - INFO - Closing browser
[ 2024-05-01 05:30:45,593 ] 91 main_controller - INFO - Closing browser
[ 2024-05-01 05:30:45,593 ] 91 main_controller - INFO - Closing browser
[ 2024-05-01 05:30:45,593 ] 91 main_controller - INFO - Closing browser
[ 2024-05-01 05:30:45,593 ] 91 main_controller - INFO - Closing browser
[ 2024-05-01 05:30:45,958 ] 91 main_controller - INFO - Form is closed, template sequence: 97057
[ 2024-05-01 05:30:45,958 ] 91 main_controller - INFO - Form is closed, template sequence: 97057
[ 2024-05-01 05:30:45,958 ] 91 main_controller - INFO - Form is closed, template sequence: 97057
[ 2024-05-01 05:30:45,958 ] 91 main_controller - INFO - Form is closed, template sequence: 97057
[ 2024-05-01 05:30:45,958 ] 91 main_controller - INFO - Form is closed, template sequence: 97057
[ 2024-05-01 05:30:45,958 ] 91 main_controller - INFO - Form is closed, template sequence: 97057
[ 2024-05-01 05:30:45,958 ] 91 main_controller - INFO - Form is closed, template sequence: 97057
[ 2024-05-01 05:30:45,958 ] 91 main_controller - INFO - Form is closed, template sequence: 97057
[ 2024-05-01 05:30:45,958 ] 91 main_controller - INFO - Form is closed, template sequence: 97057
[ 2024-05-01 05:30:45,959 ] 91 main_controller - INFO - Remaining form(s): 1
[ 2024-05-01 05:30:45,959 ] 91 main_controller - INFO - Remaining form(s): 1
[ 2024-05-01 05:30:45,959 ] 91 main_controller - INFO - Remaining form(s): 1
[ 2024-05-01 05:30:45,959 ] 91 main_controller - INFO - Remaining form(s): 1
[ 2024-05-01 05:30:45,959 ] 91 main_controller - INFO - Remaining form(s): 1
[ 2024-05-01 05:30:45,959 ] 91 main_controller - INFO - Remaining form(s): 1
[ 2024-05-01 05:30:45,959 ] 91 main_controller - INFO - Remaining form(s): 1
[ 2024-05-01 05:30:45,959 ] 91 main_controller - INFO - Remaining form(s): 1
[ 2024-05-01 05:30:45,959 ] 91 main_controller - INFO - Remaining form(s): 1
[ 2024-05-01 05:30:45,959 ] 91 main_controller - INFO - Customer info index 2: {'first_name': 'Tuan Anh', 'last_name': 'Huynh', 'date_birth': '19950106', 'nation': 'ベトナム', 'country': 'ベトナム', 'phone_number': '080-1583-0891', 'gender': 'F'}
[ 2024-05-01 05:30:45,959 ] 91 main_controller - INFO - Customer info index 2: {'first_name': 'Tuan Anh', 'last_name': 'Huynh', 'date_birth': '19950106', 'nation': 'ベトナム', 'country': 'ベトナム', 'phone_number': '080-1583-0891', 'gender': 'F'}
[ 2024-05-01 05:30:45,959 ] 91 main_controller - INFO - Customer info index 2: {'first_name': 'Tuan Anh', 'last_name': 'Huynh', 'date_birth': '19950106', 'nation': 'ベトナム', 'country': 'ベトナム', 'phone_number': '080-1583-0891', 'gender': 'F'}
[ 2024-05-01 05:30:45,959 ] 91 main_controller - INFO - Customer info index 2: {'first_name': 'Tuan Anh', 'last_name': 'Huynh', 'date_birth': '19950106', 'nation': 'ベトナム', 'country': 'ベトナム', 'phone_number': '080-1583-0891', 'gender': 'F'}
[ 2024-05-01 05:30:45,959 ] 91 main_controller - INFO - Customer info index 2: {'first_name': 'Tuan Anh', 'last_name': 'Huynh', 'date_birth': '19950106', 'nation': 'ベトナム', 'country': 'ベトナム', 'phone_number': '080-1583-0891', 'gender': 'F'}
[ 2024-05-01 05:30:45,959 ] 91 main_controller - INFO - Customer info index 2: {'first_name': 'Tuan Anh', 'last_name': 'Huynh', 'date_birth': '19950106', 'nation': 'ベトナム', 'country': 'ベトナム', 'phone_number': '080-1583-0891', 'gender': 'F'}
[ 2024-05-01 05:30:45,959 ] 91 main_controller - INFO - Customer info index 2: {'first_name': 'Tuan Anh', 'last_name': 'Huynh', 'date_birth': '19950106', 'nation': 'ベトナム', 'country': 'ベトナム', 'phone_number': '080-1583-0891', 'gender': 'F'}
[ 2024-05-01 05:30:45,959 ] 91 main_controller - INFO - Customer info index 2: {'first_name': 'Tuan Anh', 'last_name': 'Huynh', 'date_birth': '19950106', 'nation': 'ベトナム', 'country': 'ベトナム', 'phone_number': '080-1583-0891', 'gender': 'F'}
[ 2024-05-01 05:30:45,959 ] 91 main_controller - INFO - Customer info index 2: {'first_name': 'Tuan Anh', 'last_name': 'Huynh', 'date_birth': '19950106', 'nation': 'ベトナム', 'country': 'ベトナム', 'phone_number': '080-1583-0891', 'gender': 'F'}
[ 2024-05-01 05:30:45,959 ] 91 main_controller - INFO - Customer index 2: Huynh Tuan Anh, F, 19950106, 080-1583-0891, ベトナム
[ 2024-05-01 05:30:45,959 ] 91 main_controller - INFO - Customer index 2: Huynh Tuan Anh, F, 19950106, 080-1583-0891, ベトナム
[ 2024-05-01 05:30:45,959 ] 91 main_controller - INFO - Customer index 2: Huynh Tuan Anh, F, 19950106, 080-1583-0891, ベトナム
[ 2024-05-01 05:30:45,959 ] 91 main_controller - INFO - Customer index 2: Huynh Tuan Anh, F, 19950106, 080-1583-0891, ベトナム
[ 2024-05-01 05:30:45,959 ] 91 main_controller - INFO - Customer index 2: Huynh Tuan Anh, F, 19950106, 080-1583-0891, ベトナム
[ 2024-05-01 05:30:45,959 ] 91 main_controller - INFO - Customer index 2: Huynh Tuan Anh, F, 19950106, 080-1583-0891, ベトナム
[ 2024-05-01 05:30:45,959 ] 91 main_controller - INFO - Customer index 2: Huynh Tuan Anh, F, 19950106, 080-1583-0891, ベトナム
[ 2024-05-01 05:30:45,959 ] 91 main_controller - INFO - Customer index 2: Huynh Tuan Anh, F, 19950106, 080-1583-0891, ベトナム
[ 2024-05-01 05:30:45,959 ] 91 main_controller - INFO - Customer index 2: Huynh Tuan Anh, F, 19950106, 080-1583-0891, ベトナム
[ 2024-05-01 05:30:47,710 ] 91 main_controller - INFO - Browser closed
[ 2024-05-01 05:30:47,710 ] 91 main_controller - INFO - Browser closed
[ 2024-05-01 05:30:47,710 ] 91 main_controller - INFO - Browser closed
[ 2024-05-01 05:30:47,710 ] 91 main_controller - INFO - Browser closed
[ 2024-05-01 05:30:47,710 ] 91 main_controller - INFO - Browser closed
[ 2024-05-01 05:30:47,710 ] 91 main_controller - INFO - Browser closed
[ 2024-05-01 05:30:47,710 ] 91 main_controller - INFO - Browser closed
[ 2024-05-01 05:30:47,710 ] 91 main_controller - INFO - Browser closed
[ 2024-05-01 05:30:47,710 ] 91 main_controller - INFO - Browser closed
[ 2024-05-01 05:30:47,710 ] 91 main_controller - INFO - Closing browser
[ 2024-05-01 05:30:47,710 ] 91 main_controller - INFO - Closing browser
[ 2024-05-01 05:30:47,710 ] 91 main_controller - INFO - Closing browser
[ 2024-05-01 05:30:47,710 ] 91 main_controller - INFO - Closing browser
[ 2024-05-01 05:30:47,710 ] 91 main_controller - INFO - Closing browser
[ 2024-05-01 05:30:47,710 ] 91 main_controller - INFO - Closing browser
[ 2024-05-01 05:30:47,710 ] 91 main_controller - INFO - Closing browser
[ 2024-05-01 05:30:47,710 ] 91 main_controller - INFO - Closing browser
[ 2024-05-01 05:30:47,710 ] 91 main_controller - INFO - Closing browser
[ 2024-05-01 05:30:50,116 ] 91 main_controller - INFO - Form is closed, template sequence: 97058
[ 2024-05-01 05:30:50,116 ] 91 main_controller - INFO - Form is closed, template sequence: 97058
[ 2024-05-01 05:30:50,116 ] 91 main_controller - INFO - Form is closed, template sequence: 97058
[ 2024-05-01 05:30:50,116 ] 91 main_controller - INFO - Form is closed, template sequence: 97058
[ 2024-05-01 05:30:50,116 ] 91 main_controller - INFO - Form is closed, template sequence: 97058
[ 2024-05-01 05:30:50,116 ] 91 main_controller - INFO - Form is closed, template sequence: 97058
[ 2024-05-01 05:30:50,116 ] 91 main_controller - INFO - Form is closed, template sequence: 97058
[ 2024-05-01 05:30:50,116 ] 91 main_controller - INFO - Form is closed, template sequence: 97058
[ 2024-05-01 05:30:50,116 ] 91 main_controller - INFO - Form is closed, template sequence: 97058
[ 2024-05-01 05:30:50,116 ] 91 main_controller - INFO - Remaining form(s): 0
[ 2024-05-01 05:30:50,116 ] 91 main_controller - INFO - Remaining form(s): 0
[ 2024-05-01 05:30:50,116 ] 91 main_controller - INFO - Remaining form(s): 0
[ 2024-05-01 05:30:50,116 ] 91 main_controller - INFO - Remaining form(s): 0
[ 2024-05-01 05:30:50,116 ] 91 main_controller - INFO - Remaining form(s): 0
[ 2024-05-01 05:30:50,116 ] 91 main_controller - INFO - Remaining form(s): 0
[ 2024-05-01 05:30:50,116 ] 91 main_controller - INFO - Remaining form(s): 0
[ 2024-05-01 05:30:50,116 ] 91 main_controller - INFO - Remaining form(s): 0
[ 2024-05-01 05:30:50,116 ] 91 main_controller - INFO - Remaining form(s): 0
[ 2024-05-01 05:30:50,116 ] 91 main_controller - INFO - All forms passed
[ 2024-05-01 05:30:50,116 ] 91 main_controller - INFO - All forms passed
[ 2024-05-01 05:30:50,116 ] 91 main_controller - INFO - All forms passed
[ 2024-05-01 05:30:50,116 ] 91 main_controller - INFO - All forms passed
[ 2024-05-01 05:30:50,116 ] 91 main_controller - INFO - All forms passed
[ 2024-05-01 05:30:50,116 ] 91 main_controller - INFO - All forms passed
[ 2024-05-01 05:30:50,116 ] 91 main_controller - INFO - All forms passed
[ 2024-05-01 05:30:50,116 ] 91 main_controller - INFO - All forms passed
[ 2024-05-01 05:30:50,116 ] 91 main_controller - INFO - All forms passed
[ 2024-05-01 05:30:50,889 ] 91 main_controller - INFO - Form is closed, template sequence: 97057
[ 2024-05-01 05:30:50,889 ] 91 main_controller - INFO - Form is closed, template sequence: 97057
[ 2024-05-01 05:30:50,889 ] 91 main_controller - INFO - Form is closed, template sequence: 97057
[ 2024-05-01 05:30:50,889 ] 91 main_controller - INFO - Form is closed, template sequence: 97057
[ 2024-05-01 05:30:50,889 ] 91 main_controller - INFO - Form is closed, template sequence: 97057
[ 2024-05-01 05:30:50,889 ] 91 main_controller - INFO - Form is closed, template sequence: 97057
[ 2024-05-01 05:30:50,889 ] 91 main_controller - INFO - Form is closed, template sequence: 97057
[ 2024-05-01 05:30:50,889 ] 91 main_controller - INFO - Form is closed, template sequence: 97057
[ 2024-05-01 05:30:50,889 ] 91 main_controller - INFO - Form is closed, template sequence: 97057
[ 2024-05-01 05:30:50,889 ] 91 main_controller - INFO - Remaining form(s): 0
[ 2024-05-01 05:30:50,889 ] 91 main_controller - INFO - Remaining form(s): 0
[ 2024-05-01 05:30:50,889 ] 91 main_controller - INFO - Remaining form(s): 0
[ 2024-05-01 05:30:50,889 ] 91 main_controller - INFO - Remaining form(s): 0
[ 2024-05-01 05:30:50,889 ] 91 main_controller - INFO - Remaining form(s): 0
[ 2024-05-01 05:30:50,889 ] 91 main_controller - INFO - Remaining form(s): 0
[ 2024-05-01 05:30:50,889 ] 91 main_controller - INFO - Remaining form(s): 0
[ 2024-05-01 05:30:50,889 ] 91 main_controller - INFO - Remaining form(s): 0
[ 2024-05-01 05:30:50,889 ] 91 main_controller - INFO - Remaining form(s): 0
[ 2024-05-01 05:30:50,889 ] 91 main_controller - INFO - All forms passed
[ 2024-05-01 05:30:50,889 ] 91 main_controller - INFO - All forms passed
[ 2024-05-01 05:30:50,889 ] 91 main_controller - INFO - All forms passed
[ 2024-05-01 05:30:50,889 ] 91 main_controller - INFO - All forms passed
[ 2024-05-01 05:30:50,889 ] 91 main_controller - INFO - All forms passed
[ 2024-05-01 05:30:50,889 ] 91 main_controller - INFO - All forms passed
[ 2024-05-01 05:30:50,889 ] 91 main_controller - INFO - All forms passed
[ 2024-05-01 05:30:50,889 ] 91 main_controller - INFO - All forms passed
[ 2024-05-01 05:30:50,889 ] 91 main_controller - INFO - All forms passed
[ 2024-05-01 05:30:51,544 ] 91 main_controller - INFO - Form is closed, template sequence: 97058
[ 2024-05-01 05:30:51,544 ] 91 main_controller - INFO - Form is closed, template sequence: 97058
[ 2024-05-01 05:30:51,544 ] 91 main_controller - INFO - Form is closed, template sequence: 97058
[ 2024-05-01 05:30:51,544 ] 91 main_controller - INFO - Form is closed, template sequence: 97058
[ 2024-05-01 05:30:51,544 ] 91 main_controller - INFO - Form is closed, template sequence: 97058
[ 2024-05-01 05:30:51,544 ] 91 main_controller - INFO - Form is closed, template sequence: 97058
[ 2024-05-01 05:30:51,544 ] 91 main_controller - INFO - Form is closed, template sequence: 97058
[ 2024-05-01 05:30:51,544 ] 91 main_controller - INFO - Form is closed, template sequence: 97058
[ 2024-05-01 05:30:51,544 ] 91 main_controller - INFO - Form is closed, template sequence: 97058
[ 2024-05-01 05:30:51,544 ] 91 main_controller - INFO - Remaining form(s): 0
[ 2024-05-01 05:30:51,544 ] 91 main_controller - INFO - Remaining form(s): 0
[ 2024-05-01 05:30:51,544 ] 91 main_controller - INFO - Remaining form(s): 0
[ 2024-05-01 05:30:51,544 ] 91 main_controller - INFO - Remaining form(s): 0
[ 2024-05-01 05:30:51,544 ] 91 main_controller - INFO - Remaining form(s): 0
[ 2024-05-01 05:30:51,544 ] 91 main_controller - INFO - Remaining form(s): 0
[ 2024-05-01 05:30:51,544 ] 91 main_controller - INFO - Remaining form(s): 0
[ 2024-05-01 05:30:51,544 ] 91 main_controller - INFO - Remaining form(s): 0
[ 2024-05-01 05:30:51,544 ] 91 main_controller - INFO - Remaining form(s): 0
[ 2024-05-01 05:30:51,545 ] 91 main_controller - INFO - All forms passed
[ 2024-05-01 05:30:51,545 ] 91 main_controller - INFO - All forms passed
[ 2024-05-01 05:30:51,545 ] 91 main_controller - INFO - All forms passed
[ 2024-05-01 05:30:51,545 ] 91 main_controller - INFO - All forms passed
[ 2024-05-01 05:30:51,545 ] 91 main_controller - INFO - All forms passed
[ 2024-05-01 05:30:51,545 ] 91 main_controller - INFO - All forms passed
[ 2024-05-01 05:30:51,545 ] 91 main_controller - INFO - All forms passed
[ 2024-05-01 05:30:51,545 ] 91 main_controller - INFO - All forms passed
[ 2024-05-01 05:30:51,545 ] 91 main_controller - INFO - All forms passed
[ 2024-05-01 05:30:52,393 ] 91 main_controller - INFO - Browser closed
[ 2024-05-01 05:30:52,393 ] 91 main_controller - INFO - Browser closed
[ 2024-05-01 05:30:52,393 ] 91 main_controller - INFO - Browser closed
[ 2024-05-01 05:30:52,393 ] 91 main_controller - INFO - Browser closed
[ 2024-05-01 05:30:52,393 ] 91 main_controller - INFO - Browser closed
[ 2024-05-01 05:30:52,393 ] 91 main_controller - INFO - Browser closed
[ 2024-05-01 05:30:52,393 ] 91 main_controller - INFO - Browser closed
[ 2024-05-01 05:30:52,393 ] 91 main_controller - INFO - Browser closed
[ 2024-05-01 05:30:52,393 ] 91 main_controller - INFO - Browser closed
[ 2024-05-01 05:30:53,119 ] 91 main_controller - INFO - Closing browser
[ 2024-05-01 05:30:53,119 ] 91 main_controller - INFO - Closing browser
[ 2024-05-01 05:30:53,119 ] 91 main_controller - INFO - Closing browser
[ 2024-05-01 05:30:53,119 ] 91 main_controller - INFO - Closing browser
[ 2024-05-01 05:30:53,119 ] 91 main_controller - INFO - Closing browser
[ 2024-05-01 05:30:53,119 ] 91 main_controller - INFO - Closing browser
[ 2024-05-01 05:30:53,119 ] 91 main_controller - INFO - Closing browser
[ 2024-05-01 05:30:53,119 ] 91 main_controller - INFO - Closing browser
[ 2024-05-01 05:30:53,119 ] 91 main_controller - INFO - Closing browser
[ 2024-05-01 05:30:53,892 ] 91 main_controller - INFO - Closing browser
[ 2024-05-01 05:30:53,892 ] 91 main_controller - INFO - Closing browser
[ 2024-05-01 05:30:53,892 ] 91 main_controller - INFO - Closing browser
[ 2024-05-01 05:30:53,892 ] 91 main_controller - INFO - Closing browser
[ 2024-05-01 05:30:53,892 ] 91 main_controller - INFO - Closing browser
[ 2024-05-01 05:30:53,892 ] 91 main_controller - INFO - Closing browser
[ 2024-05-01 05:30:53,892 ] 91 main_controller - INFO - Closing browser
[ 2024-05-01 05:30:53,892 ] 91 main_controller - INFO - Closing browser
[ 2024-05-01 05:30:53,892 ] 91 main_controller - INFO - Closing browser
[ 2024-05-01 05:30:54,556 ] 91 main_controller - INFO - Closing browser
[ 2024-05-01 05:30:54,556 ] 91 main_controller - INFO - Closing browser
[ 2024-05-01 05:30:54,556 ] 91 main_controller - INFO - Closing browser
[ 2024-05-01 05:30:54,556 ] 91 main_controller - INFO - Closing browser
[ 2024-05-01 05:30:54,556 ] 91 main_controller - INFO - Closing browser
[ 2024-05-01 05:30:54,556 ] 91 main_controller - INFO - Closing browser
[ 2024-05-01 05:30:54,556 ] 91 main_controller - INFO - Closing browser
[ 2024-05-01 05:30:54,556 ] 91 main_controller - INFO - Closing browser
[ 2024-05-01 05:30:54,556 ] 91 main_controller - INFO - Closing browser
[ 2024-05-01 05:30:55,236 ] 91 main_controller - INFO - Browser closed
[ 2024-05-01 05:30:55,236 ] 91 main_controller - INFO - Browser closed
[ 2024-05-01 05:30:55,236 ] 91 main_controller - INFO - Browser closed
[ 2024-05-01 05:30:55,236 ] 91 main_controller - INFO - Browser closed
[ 2024-05-01 05:30:55,236 ] 91 main_controller - INFO - Browser closed
[ 2024-05-01 05:30:55,236 ] 91 main_controller - INFO - Browser closed
[ 2024-05-01 05:30:55,236 ] 91 main_controller - INFO - Browser closed
[ 2024-05-01 05:30:55,236 ] 91 main_controller - INFO - Browser closed
[ 2024-05-01 05:30:55,236 ] 91 main_controller - INFO - Browser closed
[ 2024-05-01 05:30:55,236 ] 91 main_controller - INFO - Closing browser
[ 2024-05-01 05:30:55,236 ] 91 main_controller - INFO - Closing browser
[ 2024-05-01 05:30:55,236 ] 91 main_controller - INFO - Closing browser
[ 2024-05-01 05:30:55,236 ] 91 main_controller - INFO - Closing browser
[ 2024-05-01 05:30:55,236 ] 91 main_controller - INFO - Closing browser
[ 2024-05-01 05:30:55,236 ] 91 main_controller - INFO - Closing browser
[ 2024-05-01 05:30:55,236 ] 91 main_controller - INFO - Closing browser
[ 2024-05-01 05:30:55,236 ] 91 main_controller - INFO - Closing browser
[ 2024-05-01 05:30:55,236 ] 91 main_controller - INFO - Closing browser
[ 2024-05-01 05:30:56,018 ] 91 main_controller - INFO - Browser closed
[ 2024-05-01 05:30:56,018 ] 91 main_controller - INFO - Browser closed
[ 2024-05-01 05:30:56,018 ] 91 main_controller - INFO - Browser closed
[ 2024-05-01 05:30:56,018 ] 91 main_controller - INFO - Browser closed
[ 2024-05-01 05:30:56,018 ] 91 main_controller - INFO - Browser closed
[ 2024-05-01 05:30:56,018 ] 91 main_controller - INFO - Browser closed
[ 2024-05-01 05:30:56,018 ] 91 main_controller - INFO - Browser closed
[ 2024-05-01 05:30:56,018 ] 91 main_controller - INFO - Browser closed
[ 2024-05-01 05:30:56,018 ] 91 main_controller - INFO - Browser closed
[ 2024-05-01 05:30:56,018 ] 91 main_controller - INFO - Closing browser
[ 2024-05-01 05:30:56,018 ] 91 main_controller - INFO - Closing browser
[ 2024-05-01 05:30:56,018 ] 91 main_controller - INFO - Closing browser
[ 2024-05-01 05:30:56,018 ] 91 main_controller - INFO - Closing browser
[ 2024-05-01 05:30:56,018 ] 91 main_controller - INFO - Closing browser
[ 2024-05-01 05:30:56,018 ] 91 main_controller - INFO - Closing browser
[ 2024-05-01 05:30:56,018 ] 91 main_controller - INFO - Closing browser
[ 2024-05-01 05:30:56,018 ] 91 main_controller - INFO - Closing browser
[ 2024-05-01 05:30:56,018 ] 91 main_controller - INFO - Closing browser
[ 2024-05-01 05:30:56,677 ] 91 main_controller - INFO - Browser closed
[ 2024-05-01 05:30:56,677 ] 91 main_controller - INFO - Browser closed
[ 2024-05-01 05:30:56,677 ] 91 main_controller - INFO - Browser closed
[ 2024-05-01 05:30:56,677 ] 91 main_controller - INFO - Browser closed
[ 2024-05-01 05:30:56,677 ] 91 main_controller - INFO - Browser closed
[ 2024-05-01 05:30:56,677 ] 91 main_controller - INFO - Browser closed
[ 2024-05-01 05:30:56,677 ] 91 main_controller - INFO - Browser closed
[ 2024-05-01 05:30:56,677 ] 91 main_controller - INFO - Browser closed
[ 2024-05-01 05:30:56,677 ] 91 main_controller - INFO - Browser closed
[ 2024-05-01 05:30:56,677 ] 91 main_controller - INFO - Closing browser
[ 2024-05-01 05:30:56,677 ] 91 main_controller - INFO - Closing browser
[ 2024-05-01 05:30:56,677 ] 91 main_controller - INFO - Closing browser
[ 2024-05-01 05:30:56,677 ] 91 main_controller - INFO - Closing browser
[ 2024-05-01 05:30:56,677 ] 91 main_controller - INFO - Closing browser
[ 2024-05-01 05:30:56,677 ] 91 main_controller - INFO - Closing browser
[ 2024-05-01 05:30:56,677 ] 91 main_controller - INFO - Closing browser
[ 2024-05-01 05:30:56,677 ] 91 main_controller - INFO - Closing browser
[ 2024-05-01 05:30:56,677 ] 91 main_controller - INFO - Closing browser
[ 2024-05-01 05:30:59,918 ] 91 main_controller - INFO - Browser closed
[ 2024-05-01 05:30:59,918 ] 91 main_controller - INFO - Browser closed
[ 2024-05-01 05:30:59,918 ] 91 main_controller - INFO - Browser closed
[ 2024-05-01 05:30:59,918 ] 91 main_controller - INFO - Browser closed
[ 2024-05-01 05:30:59,918 ] 91 main_controller - INFO - Browser closed
[ 2024-05-01 05:30:59,918 ] 91 main_controller - INFO - Browser closed
[ 2024-05-01 05:30:59,918 ] 91 main_controller - INFO - Browser closed
[ 2024-05-01 05:30:59,918 ] 91 main_controller - INFO - Browser closed
[ 2024-05-01 05:30:59,918 ] 91 main_controller - INFO - Browser closed
[ 2024-05-01 05:31:00,690 ] 91 main_controller - INFO - Browser closed
[ 2024-05-01 05:31:00,690 ] 91 main_controller - INFO - Browser closed
[ 2024-05-01 05:31:00,690 ] 91 main_controller - INFO - Browser closed
[ 2024-05-01 05:31:00,690 ] 91 main_controller - INFO - Browser closed
[ 2024-05-01 05:31:00,690 ] 91 main_controller - INFO - Browser closed
[ 2024-05-01 05:31:00,690 ] 91 main_controller - INFO - Browser closed
[ 2024-05-01 05:31:00,690 ] 91 main_controller - INFO - Browser closed
[ 2024-05-01 05:31:00,690 ] 91 main_controller - INFO - Browser closed
[ 2024-05-01 05:31:00,690 ] 91 main_controller - INFO - Browser closed
[ 2024-05-01 05:31:00,691 ] 91 main_controller - INFO - Closing browser
[ 2024-05-01 05:31:00,691 ] 91 main_controller - INFO - Closing browser
[ 2024-05-01 05:31:00,691 ] 91 main_controller - INFO - Closing browser
[ 2024-05-01 05:31:00,691 ] 91 main_controller - INFO - Closing browser
[ 2024-05-01 05:31:00,691 ] 91 main_controller - INFO - Closing browser
[ 2024-05-01 05:31:00,691 ] 91 main_controller - INFO - Closing browser
[ 2024-05-01 05:31:00,691 ] 91 main_controller - INFO - Closing browser
[ 2024-05-01 05:31:00,691 ] 91 main_controller - INFO - Closing browser
[ 2024-05-01 05:31:00,691 ] 91 main_controller - INFO - Closing browser
[ 2024-05-01 05:31:01,355 ] 91 main_controller - INFO - Browser closed
[ 2024-05-01 05:31:01,355 ] 91 main_controller - INFO - Browser closed
[ 2024-05-01 05:31:01,355 ] 91 main_controller - INFO - Browser closed
[ 2024-05-01 05:31:01,355 ] 91 main_controller - INFO - Browser closed
[ 2024-05-01 05:31:01,355 ] 91 main_controller - INFO - Browser closed
[ 2024-05-01 05:31:01,355 ] 91 main_controller - INFO - Browser closed
[ 2024-05-01 05:31:01,355 ] 91 main_controller - INFO - Browser closed
[ 2024-05-01 05:31:01,355 ] 91 main_controller - INFO - Browser closed
[ 2024-05-01 05:31:01,355 ] 91 main_controller - INFO - Browser closed
[ 2024-05-01 05:31:05,370 ] 91 main_controller - INFO - Browser closed
[ 2024-05-01 05:31:05,370 ] 91 main_controller - INFO - Browser closed
[ 2024-05-01 05:31:05,370 ] 91 main_controller - INFO - Browser closed
[ 2024-05-01 05:31:05,370 ] 91 main_controller - INFO - Browser closed
[ 2024-05-01 05:31:05,370 ] 91 main_controller - INFO - Browser closed
[ 2024-05-01 05:31:05,370 ] 91 main_controller - INFO - Browser closed
[ 2024-05-01 05:31:05,370 ] 91 main_controller - INFO - Browser closed
[ 2024-05-01 05:31:05,370 ] 91 main_controller - INFO - Browser closed
[ 2024-05-01 05:31:05,370 ] 91 main_controller - INFO - Browser closed
