[ 2024-04-25 05:23:16,573 ] 91 root - INFO - Starting all threads
[ 2024-04-25 05:23:16,573 ] 91 root - INFO - Starting all threads
[ 2024-04-25 05:23:16,574 ] 91 root - INFO - Meta: {'__module__': 'src.globals', '__doc__': '        Meta configs        ', 'keyword': 'Hirabari', 'test_mode': False, 'debug_mode': True, 'onlyday': True, 'max_num_retry': 5, 'default_num_threads': 3, 'display_number': 50, 'main_phone_number_dash': '080-1583-0891', 'uc': True, 'headless': False, 'timeout': 900, '__dict__': <attribute '__dict__' of 'Meta' objects>, '__weakref__': <attribute '__weakref__' of 'Meta' objects>}
[ 2024-04-25 05:23:16,574 ] 91 root - INFO - Meta: {'__module__': 'src.globals', '__doc__': '        Meta configs        ', 'keyword': 'Hirabari', 'test_mode': False, 'debug_mode': True, 'onlyday': True, 'max_num_retry': 5, 'default_num_threads': 3, 'display_number': 50, 'main_phone_number_dash': '080-1583-0891', 'uc': True, 'headless': False, 'timeout': 900, '__dict__': <attribute '__dict__' of 'Meta' objects>, '__weakref__': <attribute '__weakref__' of 'Meta' objects>}
[ 2024-04-25 05:23:16,574 ] 91 root - INFO - Number of dev accounts: 0
[ 2024-04-25 05:23:16,574 ] 91 root - INFO - Number of dev accounts: 0
[ 2024-04-25 05:23:16,574 ] 91 root - INFO - Test mode: False
[ 2024-04-25 05:23:16,574 ] 91 root - INFO - Test mode: False
[ 2024-04-25 05:23:16,577 ] 91 main_controller - INFO - Subprocess 0 started with trial number 0
[ 2024-04-25 05:23:16,577 ] 91 main_controller - ERROR - Account is a dictionary, convert to Account object: Username: luthien5921@gmail.com, Password: aichi@5921
[ 2024-04-25 05:23:18,587 ] 91 root - INFO - Thread 0 started
[ 2024-04-25 05:23:18,587 ] 91 root - INFO - Thread 0 started
[ 2024-04-25 05:23:18,594 ] 91 main_controller - INFO - Subprocess 1 started with trial number 0
[ 2024-04-25 05:23:18,594 ] 91 main_controller - ERROR - Account is a dictionary, convert to Account object: Username: luthien5921+shinsei1@gmail.com, Password: aichi@5921
[ 2024-04-25 05:23:18,645 ] 91 main_controller - INFO - Browser opened
[ 2024-04-25 05:23:19,872 ] 91 main_controller - INFO - Browser opened
[ 2024-04-25 05:23:20,596 ] 91 root - INFO - Thread 1 started
[ 2024-04-25 05:23:20,596 ] 91 root - INFO - Thread 1 started
[ 2024-04-25 05:23:20,602 ] 91 main_controller - INFO - Subprocess 2 started with trial number 0
[ 2024-04-25 05:23:20,603 ] 91 main_controller - ERROR - Account is a dictionary, convert to Account object: Username: luthien5921+shinsei2@gmail.com, Password: aichi@5921
[ 2024-04-25 05:23:22,674 ] 91 root - INFO - Thread 2 started
[ 2024-04-25 05:23:22,674 ] 91 root - INFO - Thread 2 started
[ 2024-04-25 05:23:23,926 ] 91 main_controller - INFO - Browser opened
[ 2024-04-25 05:23:24,826 ] 91 luthien5921 - INFO - Opened login page
[ 2024-04-25 05:23:25,965 ] 91 luthien5921+shinsei1 - INFO - Opened login page
[ 2024-04-25 05:23:28,974 ] 91 luthien5921 - INFO - Logging in
[ 2024-04-25 05:23:28,987 ] 91 luthien5921 - INFO - Current url: https://www.shinsei.e-aichi.jp/pref-aichi-police-u/offer/offerList_initDisplay
[ 2024-04-25 05:23:29,300 ] 91 luthien5921 - INFO - Logged in finished
[ 2024-04-25 05:23:29,300 ] 91 main_controller - INFO - Logged in successfully
[ 2024-04-25 05:23:29,441 ] 91 main_controller - INFO - Screenshot saved to C:\Users\USER\Projects\AichiTool\AichiSelenium\logs\2024_04_25\05_23_16\screenshot_luthien5921.png
[ 2024-04-25 05:23:29,441 ] 91 main_controller - INFO - Finding forms
[ 2024-04-25 05:23:29,448 ] 91 luthien5921 - INFO - On main page
[ 2024-04-25 05:23:30,064 ] 91 luthien5921+shinsei2 - INFO - Opened login page
[ 2024-04-25 05:23:30,804 ] 91 luthien5921+shinsei1 - INFO - Logging in
[ 2024-04-25 05:23:30,809 ] 91 luthien5921+shinsei1 - INFO - Current url: https://www.shinsei.e-aichi.jp/pref-aichi-police-u/offer/offerList_initDisplay
[ 2024-04-25 05:23:31,088 ] 79 main_controller - ERROR - Caught exception: sequence item 1: expected str instance, NoSuchElementException found
Traceback (most recent call last):
  File "C:\Users\USER\Projects\AichiTool\AichiSelenium\src\controllers\access.py", line 38, in login
    browser.find_element(By.ID, "userLoginForm.userId").send_keys(self.account.username)
  File "C:\Users\USER\anaconda3\envs\aichi\lib\site-packages\seleniumbase\core\sb_driver.py", line 20, in find_element
    return self.driver.default_find_element(by=by, value=value)
  File "C:\Users\USER\anaconda3\envs\aichi\lib\site-packages\selenium\webdriver\remote\webdriver.py", line 741, in find_element
    return self.execute(Command.FIND_ELEMENT, {"using": by, "value": value})["value"]
  File "C:\Users\USER\anaconda3\envs\aichi\lib\site-packages\selenium\webdriver\remote\webdriver.py", line 347, in execute
    self.error_handler.check_response(response)
  File "C:\Users\USER\anaconda3\envs\aichi\lib\site-packages\selenium\webdriver\remote\errorhandler.py", line 229, in check_response
    raise exception_class(message, screen, stacktrace)
selenium.common.exceptions.NoSuchElementException: Message: no such element: Unable to locate element: {"method":"css selector","selector":"[id="userLoginForm.userId"]"}
  (Session info: chrome=124.0.6367.61); For documentation on this error, please visit: https://www.selenium.dev/documentation/webdriver/troubleshooting/errors#no-such-element-exception
Stacktrace:
	GetHandleVerifier [0x00007FF67DF1F922+3045234]
	(No symbol) [0x00007FF67DBC3652]
	(No symbol) [0x00007FF67DA87564]
	(No symbol) [0x00007FF67DAD5F9D]
	(No symbol) [0x00007FF67DAD606C]
	(No symbol) [0x00007FF67DB1BDD7]
	(No symbol) [0x00007FF67DAF9DEF]
	(No symbol) [0x00007FF67DB191C4]
	(No symbol) [0x00007FF67DAF9B53]
	(No symbol) [0x00007FF67DAC813C]
	(No symbol) [0x00007FF67DAC8D71]
	GetHandleVerifier [0x00007FF67DF4E89D+3237613]
	GetHandleVerifier [0x00007FF67DF90BA7+3508727]
	GetHandleVerifier [0x00007FF67DF8976F+3478975]
	GetHandleVerifier [0x00007FF67DCFF1C6+815126]
	(No symbol) [0x00007FF67DBCED0F]
	(No symbol) [0x00007FF67DBC9854]
	(No symbol) [0x00007FF67DBC99E2]
	(No symbol) [0x00007FF67DBBA574]
	BaseThreadInitThunk [0x00007FFB6BC7257D+29]
	RtlUserThreadStart [0x00007FFB6C70AA48+40]


During handling of the above exception, another exception occurred:

Traceback (most recent call last):
  File "C:\Users\USER\Projects\AichiTool\AichiSelenium\src\controllers\main_controller.py", line 58, in subprocess
    result = access.login(browser)
  File "C:\Users\USER\Projects\AichiTool\AichiSelenium\src\controllers\access.py", line 51, in login
    self.logger.error("Failed to login", e)
  File "C:\Users\USER\Projects\AichiTool\AichiSelenium\src\logs.py", line 73, in error
    self._log(logging.ERROR, *msg)
  File "C:\Users\USER\Projects\AichiTool\AichiSelenium\src\logs.py", line 90, in _log
    message = " ".join(msg)
TypeError: sequence item 1: expected str instance, NoSuchElementException found
[ 2024-04-25 05:23:31,122 ] 91 luthien5921+shinsei1 - INFO - Logged in finished
[ 2024-04-25 05:23:31,122 ] 91 main_controller - INFO - Logged in successfully
[ 2024-04-25 05:23:31,252 ] 91 luthien5921 - INFO - Search submitted
[ 2024-04-25 05:23:31,288 ] 91 luthien5921 - INFO - Collected 20 forms
[ 2024-04-25 05:23:31,323 ] 91 main_controller - INFO - Screenshot saved to C:\Users\USER\Projects\AichiTool\AichiSelenium\logs\2024_04_25\05_23_16\screenshot_luthien5921+shinsei1.png
[ 2024-04-25 05:23:31,324 ] 91 main_controller - INFO - Finding forms
[ 2024-04-25 05:23:31,328 ] 91 luthien5921+shinsei1 - INFO - On main page
[ 2024-04-25 05:23:31,732 ] 91 luthien5921 - INFO - Number of filtered forms left is: 0 form(s)
[ 2024-04-25 05:23:31,732 ] 91 luthien5921 - ERROR - No form found
[ 2024-04-25 05:23:33,304 ] 91 main_controller - INFO - Subprocess 2 started with trial number 1
[ 2024-04-25 05:23:33,664 ] 91 luthien5921+shinsei1 - INFO - Search submitted
[ 2024-04-25 05:23:33,691 ] 91 luthien5921+shinsei1 - INFO - Collected 20 forms
[ 2024-04-25 05:23:34,458 ] 91 main_controller - INFO - Browser opened
[ 2024-04-25 05:23:34,506 ] 91 luthien5921 - INFO - Collected 20 forms
[ 2024-04-25 05:23:34,830 ] 91 luthien5921+shinsei1 - INFO - Number of filtered forms left is: 0 form(s)
[ 2024-04-25 05:23:34,832 ] 91 luthien5921+shinsei1 - ERROR - No form found
[ 2024-04-25 05:23:35,292 ] 91 luthien5921 - INFO - Number of filtered forms left is: 0 form(s)
[ 2024-04-25 05:23:35,292 ] 91 luthien5921 - ERROR - No form found
[ 2024-04-25 05:23:37,692 ] 91 luthien5921 - INFO - Collected 20 forms
[ 2024-04-25 05:23:37,701 ] 91 luthien5921+shinsei1 - INFO - Collected 20 forms
[ 2024-04-25 05:23:38,355 ] 91 luthien5921 - INFO - Number of filtered forms left is: 0 form(s)
[ 2024-04-25 05:23:38,356 ] 91 luthien5921 - ERROR - No form found
[ 2024-04-25 05:23:38,356 ] 91 luthien5921+shinsei1 - INFO - Number of filtered forms left is: 0 form(s)
[ 2024-04-25 05:23:38,356 ] 91 luthien5921+shinsei1 - ERROR - No form found
[ 2024-04-25 05:23:40,164 ] 91 luthien5921+shinsei2 - INFO - Opened login page
[ 2024-04-25 05:23:40,841 ] 91 luthien5921+shinsei1 - INFO - Collected 20 forms
[ 2024-04-25 05:23:41,167 ] 91 luthien5921 - INFO - Collected 20 forms
[ 2024-04-25 05:23:41,207 ] 91 luthien5921+shinsei1 - INFO - Number of filtered forms left is: 0 form(s)
[ 2024-04-25 05:23:41,207 ] 91 luthien5921+shinsei1 - ERROR - No form found
[ 2024-04-25 05:23:41,576 ] 91 luthien5921 - INFO - Number of filtered forms left is: 0 form(s)
[ 2024-04-25 05:23:41,577 ] 91 luthien5921 - ERROR - No form found
[ 2024-04-25 05:23:43,728 ] 91 luthien5921+shinsei1 - INFO - Collected 20 forms
[ 2024-04-25 05:23:43,754 ] 91 luthien5921+shinsei2 - INFO - Logging in
[ 2024-04-25 05:23:43,759 ] 91 luthien5921+shinsei2 - INFO - Current url: https://www.shinsei.e-aichi.jp/pref-aichi-police-u/offer/offerList_initDisplay
[ 2024-04-25 05:23:44,070 ] 91 luthien5921+shinsei2 - INFO - Logged in finished
[ 2024-04-25 05:23:44,071 ] 91 main_controller - INFO - Logged in successfully
[ 2024-04-25 05:23:44,094 ] 91 luthien5921+shinsei1 - INFO - Number of filtered forms left is: 0 form(s)
[ 2024-04-25 05:23:44,094 ] 91 luthien5921+shinsei1 - ERROR - No form found
[ 2024-04-25 05:23:44,171 ] 91 main_controller - INFO - Screenshot saved to C:\Users\USER\Projects\AichiTool\AichiSelenium\logs\2024_04_25\05_23_16\screenshot_luthien5921+shinsei2.png
[ 2024-04-25 05:23:44,171 ] 91 main_controller - INFO - Finding forms
[ 2024-04-25 05:23:44,174 ] 91 luthien5921+shinsei2 - INFO - On main page
[ 2024-04-25 05:23:44,352 ] 91 luthien5921 - INFO - Collected 20 forms
[ 2024-04-25 05:23:44,687 ] 91 luthien5921 - INFO - Number of filtered forms left is: 0 form(s)
[ 2024-04-25 05:23:44,687 ] 91 luthien5921 - ERROR - No form found
[ 2024-04-25 05:23:45,893 ] 91 luthien5921+shinsei2 - INFO - Search submitted
[ 2024-04-25 05:23:45,912 ] 91 luthien5921+shinsei2 - INFO - Collected 20 forms
[ 2024-04-25 05:23:46,260 ] 91 luthien5921+shinsei2 - INFO - Number of filtered forms left is: 0 form(s)
[ 2024-04-25 05:23:46,260 ] 91 luthien5921+shinsei2 - ERROR - No form found
[ 2024-04-25 05:23:46,942 ] 91 luthien5921+shinsei1 - INFO - Collected 20 forms
[ 2024-04-25 05:23:47,208 ] 91 luthien5921 - INFO - Collected 20 forms
[ 2024-04-25 05:23:47,351 ] 91 luthien5921+shinsei1 - INFO - Number of filtered forms left is: 0 form(s)
[ 2024-04-25 05:23:47,351 ] 91 luthien5921+shinsei1 - ERROR - No form found
[ 2024-04-25 05:23:47,576 ] 91 luthien5921 - INFO - Number of filtered forms left is: 0 form(s)
[ 2024-04-25 05:23:47,576 ] 91 luthien5921 - ERROR - No form found
[ 2024-04-25 05:23:48,626 ] 91 luthien5921+shinsei2 - INFO - Collected 20 forms
[ 2024-04-25 05:23:48,955 ] 91 luthien5921+shinsei2 - INFO - Number of filtered forms left is: 0 form(s)
[ 2024-04-25 05:23:48,955 ] 91 luthien5921+shinsei2 - ERROR - No form found
[ 2024-04-25 05:23:50,023 ] 91 luthien5921+shinsei1 - INFO - Collected 20 forms
[ 2024-04-25 05:23:50,059 ] 91 luthien5921 - INFO - Collected 20 forms
[ 2024-04-25 05:23:50,425 ] 91 luthien5921+shinsei1 - INFO - Number of filtered forms left is: 0 form(s)
[ 2024-04-25 05:23:50,425 ] 91 luthien5921+shinsei1 - ERROR - No form found
[ 2024-04-25 05:23:50,463 ] 91 luthien5921 - INFO - Number of filtered forms left is: 0 form(s)
[ 2024-04-25 05:23:50,463 ] 91 luthien5921 - ERROR - No form found
[ 2024-04-25 05:23:51,256 ] 91 luthien5921+shinsei2 - INFO - Collected 20 forms
[ 2024-04-25 05:23:51,627 ] 91 luthien5921+shinsei2 - INFO - Number of filtered forms left is: 0 form(s)
[ 2024-04-25 05:23:51,627 ] 91 luthien5921+shinsei2 - ERROR - No form found
[ 2024-04-25 05:23:52,868 ] 91 luthien5921 - INFO - Collected 20 forms
[ 2024-04-25 05:23:53,152 ] 91 luthien5921+shinsei1 - INFO - Collected 20 forms
[ 2024-04-25 05:23:53,223 ] 91 luthien5921 - INFO - Number of filtered forms left is: 0 form(s)
[ 2024-04-25 05:23:53,224 ] 91 luthien5921 - ERROR - No form found
[ 2024-04-25 05:23:53,487 ] 91 luthien5921+shinsei1 - INFO - Number of filtered forms left is: 0 form(s)
[ 2024-04-25 05:23:53,488 ] 91 luthien5921+shinsei1 - ERROR - No form found
[ 2024-04-25 05:23:54,097 ] 91 luthien5921+shinsei2 - INFO - Collected 20 forms
[ 2024-04-25 05:23:54,444 ] 91 luthien5921+shinsei2 - INFO - Number of filtered forms left is: 0 form(s)
[ 2024-04-25 05:23:54,444 ] 91 luthien5921+shinsei2 - ERROR - No form found
[ 2024-04-25 05:23:55,569 ] 91 luthien5921 - INFO - Collected 20 forms
[ 2024-04-25 05:23:55,985 ] 91 luthien5921 - INFO - Number of filtered forms left is: 0 form(s)
[ 2024-04-25 05:23:55,985 ] 91 luthien5921 - ERROR - No form found
[ 2024-04-25 05:23:56,304 ] 91 luthien5921+shinsei1 - INFO - Collected 20 forms
[ 2024-04-25 05:23:56,646 ] 91 luthien5921+shinsei1 - INFO - Number of filtered forms left is: 0 form(s)
[ 2024-04-25 05:23:56,646 ] 91 luthien5921+shinsei1 - ERROR - No form found
[ 2024-04-25 05:23:56,886 ] 91 luthien5921+shinsei2 - INFO - Collected 20 forms
[ 2024-04-25 05:23:57,245 ] 91 luthien5921+shinsei2 - INFO - Number of filtered forms left is: 0 form(s)
[ 2024-04-25 05:23:57,246 ] 91 luthien5921+shinsei2 - ERROR - No form found
[ 2024-04-25 05:23:58,672 ] 91 luthien5921 - INFO - Collected 20 forms
[ 2024-04-25 05:23:59,036 ] 91 luthien5921 - INFO - Number of filtered forms left is: 0 form(s)
[ 2024-04-25 05:23:59,037 ] 91 luthien5921 - ERROR - No form found
[ 2024-04-25 05:23:59,061 ] 91 luthien5921+shinsei1 - INFO - Collected 20 forms
[ 2024-04-25 05:23:59,336 ] 91 luthien5921+shinsei2 - INFO - Collected 20 forms
[ 2024-04-25 05:23:59,475 ] 91 luthien5921+shinsei1 - INFO - Number of filtered forms left is: 0 form(s)
[ 2024-04-25 05:23:59,476 ] 91 luthien5921+shinsei1 - ERROR - No form found
[ 2024-04-25 05:23:59,698 ] 91 luthien5921+shinsei2 - INFO - Number of filtered forms left is: 0 form(s)
[ 2024-04-25 05:23:59,698 ] 91 luthien5921+shinsei2 - ERROR - No form found
[ 2024-04-25 05:24:01,630 ] 91 luthien5921 - INFO - Collected 20 forms
[ 2024-04-25 05:24:01,881 ] 91 luthien5921+shinsei1 - INFO - Collected 20 forms
[ 2024-04-25 05:24:02,082 ] 91 luthien5921 - INFO - Number of filtered forms left is: 0 form(s)
[ 2024-04-25 05:24:02,083 ] 91 luthien5921 - ERROR - No form found
[ 2024-04-25 05:24:02,299 ] 91 luthien5921+shinsei1 - INFO - Number of filtered forms left is: 0 form(s)
[ 2024-04-25 05:24:02,299 ] 91 luthien5921+shinsei1 - ERROR - No form found
[ 2024-04-25 05:24:02,437 ] 91 luthien5921+shinsei2 - INFO - Collected 20 forms
[ 2024-04-25 05:24:02,779 ] 91 luthien5921+shinsei2 - INFO - Number of filtered forms left is: 0 form(s)
[ 2024-04-25 05:24:02,779 ] 91 luthien5921+shinsei2 - ERROR - No form found
[ 2024-04-25 05:24:04,837 ] 91 luthien5921 - INFO - Collected 20 forms
[ 2024-04-25 05:24:05,121 ] 91 luthien5921+shinsei2 - INFO - Collected 20 forms
[ 2024-04-25 05:24:05,190 ] 91 luthien5921+shinsei1 - INFO - Collected 20 forms
[ 2024-04-25 05:24:05,252 ] 91 luthien5921 - INFO - Number of filtered forms left is: 0 form(s)
[ 2024-04-25 05:24:05,253 ] 91 luthien5921 - ERROR - No form found
[ 2024-04-25 05:24:05,550 ] 91 luthien5921+shinsei2 - INFO - Number of filtered forms left is: 0 form(s)
[ 2024-04-25 05:24:05,551 ] 91 luthien5921+shinsei2 - ERROR - No form found
[ 2024-04-25 05:24:05,611 ] 91 luthien5921+shinsei1 - INFO - Number of filtered forms left is: 0 form(s)
[ 2024-04-25 05:24:05,611 ] 91 luthien5921+shinsei1 - ERROR - No form found
[ 2024-04-25 05:24:07,693 ] 91 luthien5921 - INFO - Collected 20 forms
[ 2024-04-25 05:24:08,115 ] 91 luthien5921 - INFO - Number of filtered forms left is: 0 form(s)
[ 2024-04-25 05:24:08,115 ] 91 luthien5921 - ERROR - No form found
[ 2024-04-25 05:24:08,130 ] 91 luthien5921+shinsei1 - INFO - Collected 20 forms
[ 2024-04-25 05:24:08,334 ] 91 luthien5921+shinsei2 - INFO - Collected 20 forms
[ 2024-04-25 05:24:08,523 ] 91 luthien5921+shinsei1 - INFO - Number of filtered forms left is: 0 form(s)
[ 2024-04-25 05:24:08,524 ] 91 luthien5921+shinsei1 - ERROR - No form found
[ 2024-04-25 05:24:08,708 ] 91 luthien5921+shinsei2 - INFO - Number of filtered forms left is: 0 form(s)
[ 2024-04-25 05:24:08,708 ] 91 luthien5921+shinsei2 - ERROR - No form found
[ 2024-04-25 05:24:10,600 ] 91 luthien5921 - INFO - Collected 20 forms
[ 2024-04-25 05:24:10,963 ] 91 luthien5921+shinsei1 - INFO - Collected 20 forms
[ 2024-04-25 05:24:11,027 ] 91 luthien5921 - INFO - Number of filtered forms left is: 0 form(s)
[ 2024-04-25 05:24:11,027 ] 91 luthien5921 - ERROR - No form found
[ 2024-04-25 05:24:11,158 ] 91 luthien5921+shinsei2 - INFO - Collected 20 forms
[ 2024-04-25 05:24:11,386 ] 91 luthien5921+shinsei1 - INFO - Number of filtered forms left is: 0 form(s)
[ 2024-04-25 05:24:11,387 ] 91 luthien5921+shinsei1 - ERROR - No form found
[ 2024-04-25 05:24:11,534 ] 91 luthien5921+shinsei2 - INFO - Number of filtered forms left is: 0 form(s)
[ 2024-04-25 05:24:11,535 ] 91 luthien5921+shinsei2 - ERROR - No form found
[ 2024-04-25 05:24:13,467 ] 91 luthien5921 - INFO - Collected 20 forms
[ 2024-04-25 05:24:13,547 ] 91 luthien5921+shinsei1 - INFO - Collected 20 forms
[ 2024-04-25 05:24:13,790 ] 91 luthien5921+shinsei2 - INFO - Collected 20 forms
[ 2024-04-25 05:24:13,972 ] 91 luthien5921 - INFO - Number of filtered forms left is: 0 form(s)
[ 2024-04-25 05:24:13,972 ] 91 luthien5921 - ERROR - No form found
[ 2024-04-25 05:24:14,049 ] 91 luthien5921+shinsei1 - INFO - Number of filtered forms left is: 0 form(s)
[ 2024-04-25 05:24:14,050 ] 91 luthien5921+shinsei1 - ERROR - No form found
[ 2024-04-25 05:24:14,204 ] 91 luthien5921+shinsei2 - INFO - Number of filtered forms left is: 0 form(s)
[ 2024-04-25 05:24:14,204 ] 91 luthien5921+shinsei2 - ERROR - No form found
[ 2024-04-25 05:24:16,614 ] 91 luthien5921+shinsei2 - INFO - Collected 20 forms
[ 2024-04-25 05:24:16,693 ] 91 luthien5921 - INFO - Collected 20 forms
[ 2024-04-25 05:24:16,963 ] 91 luthien5921+shinsei1 - INFO - Collected 20 forms
[ 2024-04-25 05:24:17,075 ] 91 luthien5921+shinsei2 - INFO - Number of filtered forms left is: 0 form(s)
[ 2024-04-25 05:24:17,076 ] 91 luthien5921+shinsei2 - ERROR - No form found
[ 2024-04-25 05:24:17,134 ] 91 luthien5921 - INFO - Number of filtered forms left is: 0 form(s)
[ 2024-04-25 05:24:17,134 ] 91 luthien5921 - ERROR - No form found
[ 2024-04-25 05:24:17,329 ] 91 luthien5921+shinsei1 - INFO - Number of filtered forms left is: 0 form(s)
[ 2024-04-25 05:24:17,330 ] 91 luthien5921+shinsei1 - ERROR - No form found
[ 2024-04-25 05:24:19,390 ] 91 luthien5921+shinsei2 - INFO - Collected 20 forms
[ 2024-04-25 05:24:19,808 ] 91 luthien5921+shinsei1 - INFO - Collected 20 forms
[ 2024-04-25 05:24:19,828 ] 91 luthien5921+shinsei2 - INFO - Number of filtered forms left is: 0 form(s)
[ 2024-04-25 05:24:19,829 ] 91 luthien5921+shinsei2 - ERROR - No form found
[ 2024-04-25 05:24:19,929 ] 91 luthien5921 - INFO - Collected 20 forms
[ 2024-04-25 05:24:20,290 ] 91 luthien5921+shinsei1 - INFO - Number of filtered forms left is: 0 form(s)
[ 2024-04-25 05:24:20,291 ] 91 luthien5921+shinsei1 - ERROR - No form found
[ 2024-04-25 05:24:20,354 ] 91 luthien5921 - INFO - Number of filtered forms left is: 0 form(s)
[ 2024-04-25 05:24:20,354 ] 91 luthien5921 - ERROR - No form found
[ 2024-04-25 05:24:22,658 ] 91 luthien5921+shinsei2 - INFO - Collected 20 forms
[ 2024-04-25 05:24:22,967 ] 91 luthien5921+shinsei1 - INFO - Collected 20 forms
[ 2024-04-25 05:24:23,018 ] 91 luthien5921 - INFO - Collected 20 forms
[ 2024-04-25 05:24:23,119 ] 91 luthien5921+shinsei2 - INFO - Number of filtered forms left is: 0 form(s)
[ 2024-04-25 05:24:23,120 ] 91 luthien5921+shinsei2 - ERROR - No form found
[ 2024-04-25 05:24:23,433 ] 91 luthien5921+shinsei1 - INFO - Number of filtered forms left is: 0 form(s)
[ 2024-04-25 05:24:23,433 ] 91 luthien5921+shinsei1 - ERROR - No form found
[ 2024-04-25 05:24:23,466 ] 91 luthien5921 - INFO - Number of filtered forms left is: 0 form(s)
[ 2024-04-25 05:24:23,466 ] 91 luthien5921 - ERROR - No form found
[ 2024-04-25 05:24:25,934 ] 91 luthien5921 - INFO - Collected 20 forms
[ 2024-04-25 05:24:25,983 ] 91 luthien5921+shinsei2 - INFO - Collected 20 forms
[ 2024-04-25 05:24:26,197 ] 91 luthien5921+shinsei1 - INFO - Collected 20 forms
[ 2024-04-25 05:24:26,394 ] 91 luthien5921 - INFO - Number of filtered forms left is: 0 form(s)
[ 2024-04-25 05:24:26,394 ] 91 luthien5921 - ERROR - No form found
[ 2024-04-25 05:24:26,432 ] 91 luthien5921+shinsei2 - INFO - Number of filtered forms left is: 0 form(s)
[ 2024-04-25 05:24:26,432 ] 91 luthien5921+shinsei2 - ERROR - No form found
[ 2024-04-25 05:24:26,584 ] 91 luthien5921+shinsei1 - INFO - Number of filtered forms left is: 0 form(s)
[ 2024-04-25 05:24:26,584 ] 91 luthien5921+shinsei1 - ERROR - No form found
[ 2024-04-25 05:24:28,767 ] 91 luthien5921 - INFO - Collected 20 forms
[ 2024-04-25 05:24:29,094 ] 91 luthien5921+shinsei1 - INFO - Collected 20 forms
[ 2024-04-25 05:24:29,218 ] 91 luthien5921 - INFO - Number of filtered forms left is: 0 form(s)
[ 2024-04-25 05:24:29,219 ] 91 luthien5921 - ERROR - No form found
[ 2024-04-25 05:24:29,222 ] 91 luthien5921+shinsei2 - INFO - Collected 20 forms
[ 2024-04-25 05:24:29,525 ] 91 luthien5921+shinsei1 - INFO - Number of filtered forms left is: 0 form(s)
[ 2024-04-25 05:24:29,525 ] 91 luthien5921+shinsei1 - ERROR - No form found
[ 2024-04-25 05:24:29,610 ] 91 luthien5921+shinsei2 - INFO - Number of filtered forms left is: 0 form(s)
[ 2024-04-25 05:24:29,610 ] 91 luthien5921+shinsei2 - ERROR - No form found
[ 2024-04-25 05:24:31,614 ] 91 luthien5921 - INFO - Collected 20 forms
[ 2024-04-25 05:24:31,851 ] 91 luthien5921+shinsei1 - INFO - Collected 20 forms
[ 2024-04-25 05:24:32,077 ] 91 luthien5921 - INFO - Number of filtered forms left is: 0 form(s)
[ 2024-04-25 05:24:32,077 ] 91 luthien5921 - ERROR - No form found
[ 2024-04-25 05:24:32,234 ] 91 luthien5921+shinsei2 - INFO - Collected 20 forms
[ 2024-04-25 05:24:32,281 ] 91 luthien5921+shinsei1 - INFO - Number of filtered forms left is: 0 form(s)
[ 2024-04-25 05:24:32,281 ] 91 luthien5921+shinsei1 - ERROR - No form found
[ 2024-04-25 05:24:32,611 ] 91 luthien5921+shinsei2 - INFO - Number of filtered forms left is: 0 form(s)
[ 2024-04-25 05:24:32,611 ] 91 luthien5921+shinsei2 - ERROR - No form found
[ 2024-04-25 05:24:34,508 ] 91 luthien5921 - INFO - Collected 20 forms
[ 2024-04-25 05:24:34,818 ] 91 luthien5921+shinsei2 - INFO - Collected 20 forms
[ 2024-04-25 05:24:35,009 ] 91 luthien5921 - INFO - Number of filtered forms left is: 0 form(s)
[ 2024-04-25 05:24:35,010 ] 91 luthien5921 - ERROR - No form found
[ 2024-04-25 05:24:35,023 ] 91 luthien5921+shinsei1 - INFO - Collected 20 forms
[ 2024-04-25 05:24:35,223 ] 91 luthien5921+shinsei2 - INFO - Number of filtered forms left is: 0 form(s)
[ 2024-04-25 05:24:35,223 ] 91 luthien5921+shinsei2 - ERROR - No form found
[ 2024-04-25 05:24:35,386 ] 91 luthien5921+shinsei1 - INFO - Number of filtered forms left is: 0 form(s)
[ 2024-04-25 05:24:35,387 ] 91 luthien5921+shinsei1 - ERROR - No form found
[ 2024-04-25 05:24:37,378 ] 91 luthien5921 - INFO - Collected 20 forms
[ 2024-04-25 05:24:37,841 ] 91 luthien5921 - INFO - Number of filtered forms left is: 0 form(s)
[ 2024-04-25 05:24:37,841 ] 91 luthien5921 - ERROR - No form found
[ 2024-04-25 05:24:37,993 ] 91 luthien5921+shinsei2 - INFO - Collected 20 forms
[ 2024-04-25 05:24:38,193 ] 91 luthien5921+shinsei1 - INFO - Collected 20 forms
[ 2024-04-25 05:24:38,409 ] 91 luthien5921+shinsei2 - INFO - Number of filtered forms left is: 0 form(s)
[ 2024-04-25 05:24:38,409 ] 91 luthien5921+shinsei2 - ERROR - No form found
[ 2024-04-25 05:24:38,586 ] 91 luthien5921+shinsei1 - INFO - Number of filtered forms left is: 0 form(s)
[ 2024-04-25 05:24:38,586 ] 91 luthien5921+shinsei1 - ERROR - No form found
[ 2024-04-25 05:24:40,307 ] 91 luthien5921 - INFO - Collected 20 forms
[ 2024-04-25 05:24:40,708 ] 91 luthien5921 - INFO - Number of filtered forms left is: 0 form(s)
[ 2024-04-25 05:24:40,708 ] 91 luthien5921 - ERROR - No form found
[ 2024-04-25 05:24:40,749 ] 91 luthien5921+shinsei2 - INFO - Collected 20 forms
[ 2024-04-25 05:24:41,091 ] 91 luthien5921+shinsei1 - INFO - Collected 20 forms
[ 2024-04-25 05:24:41,113 ] 91 luthien5921+shinsei2 - INFO - Number of filtered forms left is: 0 form(s)
[ 2024-04-25 05:24:41,114 ] 91 luthien5921+shinsei2 - ERROR - No form found
[ 2024-04-25 05:24:41,440 ] 91 luthien5921+shinsei1 - INFO - Number of filtered forms left is: 0 form(s)
[ 2024-04-25 05:24:41,440 ] 91 luthien5921+shinsei1 - ERROR - No form found
[ 2024-04-25 05:24:42,831 ] 91 luthien5921 - INFO - Collected 20 forms
[ 2024-04-25 05:24:43,195 ] 91 luthien5921 - INFO - Number of filtered forms left is: 0 form(s)
[ 2024-04-25 05:24:43,195 ] 91 luthien5921 - ERROR - No form found
[ 2024-04-25 05:24:43,763 ] 91 luthien5921+shinsei2 - INFO - Collected 20 forms
[ 2024-04-25 05:24:44,112 ] 91 luthien5921+shinsei1 - INFO - Collected 20 forms
[ 2024-04-25 05:24:44,114 ] 91 luthien5921+shinsei2 - INFO - Number of filtered forms left is: 0 form(s)
[ 2024-04-25 05:24:44,114 ] 91 luthien5921+shinsei2 - ERROR - No form found
[ 2024-04-25 05:24:44,484 ] 91 luthien5921+shinsei1 - INFO - Number of filtered forms left is: 0 form(s)
[ 2024-04-25 05:24:44,484 ] 91 luthien5921+shinsei1 - ERROR - No form found
[ 2024-04-25 05:24:45,904 ] 91 luthien5921 - INFO - Collected 20 forms
[ 2024-04-25 05:24:46,270 ] 91 luthien5921 - INFO - Number of filtered forms left is: 0 form(s)
[ 2024-04-25 05:24:46,270 ] 91 luthien5921 - ERROR - No form found
[ 2024-04-25 05:24:46,806 ] 91 luthien5921+shinsei2 - INFO - Collected 20 forms
[ 2024-04-25 05:24:47,182 ] 91 luthien5921+shinsei2 - INFO - Number of filtered forms left is: 0 form(s)
[ 2024-04-25 05:24:47,183 ] 91 luthien5921+shinsei2 - ERROR - No form found
[ 2024-04-25 05:24:47,283 ] 91 luthien5921+shinsei1 - INFO - Collected 20 forms
[ 2024-04-25 05:24:47,637 ] 91 luthien5921+shinsei1 - INFO - Number of filtered forms left is: 0 form(s)
[ 2024-04-25 05:24:47,637 ] 91 luthien5921+shinsei1 - ERROR - No form found
[ 2024-04-25 05:24:48,944 ] 91 luthien5921 - INFO - Collected 20 forms
[ 2024-04-25 05:24:49,315 ] 91 luthien5921 - INFO - Number of filtered forms left is: 0 form(s)
[ 2024-04-25 05:24:49,315 ] 91 luthien5921 - ERROR - No form found
[ 2024-04-25 05:24:49,813 ] 91 luthien5921+shinsei2 - INFO - Collected 20 forms
[ 2024-04-25 05:24:50,227 ] 91 luthien5921+shinsei2 - INFO - Number of filtered forms left is: 0 form(s)
[ 2024-04-25 05:24:50,227 ] 91 luthien5921+shinsei2 - ERROR - No form found
[ 2024-04-25 05:24:50,348 ] 91 luthien5921+shinsei1 - INFO - Collected 20 forms
[ 2024-04-25 05:24:50,722 ] 91 luthien5921+shinsei1 - INFO - Number of filtered forms left is: 0 form(s)
[ 2024-04-25 05:24:50,723 ] 91 luthien5921+shinsei1 - ERROR - No form found
[ 2024-04-25 05:24:52,022 ] 91 luthien5921 - INFO - Collected 20 forms
[ 2024-04-25 05:24:52,414 ] 91 luthien5921 - INFO - Number of filtered forms left is: 0 form(s)
[ 2024-04-25 05:24:52,414 ] 91 luthien5921 - ERROR - No form found
[ 2024-04-25 05:24:53,049 ] 91 luthien5921+shinsei2 - INFO - Collected 20 forms
[ 2024-04-25 05:24:53,417 ] 91 luthien5921+shinsei2 - INFO - Number of filtered forms left is: 0 form(s)
[ 2024-04-25 05:24:53,418 ] 91 luthien5921+shinsei2 - ERROR - No form found
[ 2024-04-25 05:24:53,489 ] 91 luthien5921+shinsei1 - INFO - Collected 20 forms
[ 2024-04-25 05:24:53,839 ] 91 luthien5921+shinsei1 - INFO - Number of filtered forms left is: 0 form(s)
[ 2024-04-25 05:24:53,839 ] 91 luthien5921+shinsei1 - ERROR - No form found
[ 2024-04-25 05:24:55,231 ] 91 luthien5921 - INFO - Collected 20 forms
[ 2024-04-25 05:24:55,617 ] 91 luthien5921 - INFO - Number of filtered forms left is: 0 form(s)
[ 2024-04-25 05:24:55,617 ] 91 luthien5921 - ERROR - No form found
[ 2024-04-25 05:24:56,114 ] 91 luthien5921+shinsei2 - INFO - Collected 20 forms
[ 2024-04-25 05:24:56,511 ] 91 luthien5921+shinsei2 - INFO - Number of filtered forms left is: 0 form(s)
[ 2024-04-25 05:24:56,511 ] 91 luthien5921+shinsei2 - ERROR - No form found
[ 2024-04-25 05:24:56,647 ] 91 luthien5921+shinsei1 - INFO - Collected 20 forms
[ 2024-04-25 05:24:56,998 ] 91 luthien5921+shinsei1 - INFO - Number of filtered forms left is: 0 form(s)
[ 2024-04-25 05:24:56,998 ] 91 luthien5921+shinsei1 - ERROR - No form found
[ 2024-04-25 05:24:58,329 ] 91 luthien5921 - INFO - Collected 20 forms
[ 2024-04-25 05:24:58,716 ] 91 luthien5921 - INFO - Number of filtered forms left is: 0 form(s)
[ 2024-04-25 05:24:58,717 ] 91 luthien5921 - ERROR - No form found
[ 2024-04-25 05:24:59,157 ] 91 luthien5921+shinsei1 - INFO - Collected 20 forms
[ 2024-04-25 05:24:59,189 ] 91 luthien5921+shinsei2 - INFO - Collected 20 forms
[ 2024-04-25 05:24:59,569 ] 91 luthien5921+shinsei1 - INFO - Number of filtered forms left is: 0 form(s)
[ 2024-04-25 05:24:59,569 ] 91 luthien5921+shinsei1 - ERROR - No form found
[ 2024-04-25 05:24:59,586 ] 91 luthien5921+shinsei2 - INFO - Number of filtered forms left is: 0 form(s)
[ 2024-04-25 05:24:59,586 ] 91 luthien5921+shinsei2 - ERROR - No form found
[ 2024-04-25 05:25:01,452 ] 91 luthien5921 - INFO - Collected 20 forms
[ 2024-04-25 05:25:01,875 ] 91 luthien5921 - INFO - Number of filtered forms left is: 0 form(s)
[ 2024-04-25 05:25:01,875 ] 91 luthien5921 - ERROR - No form found
[ 2024-04-25 05:25:02,200 ] 91 luthien5921+shinsei1 - INFO - Collected 20 forms
[ 2024-04-25 05:25:02,274 ] 91 luthien5921+shinsei2 - INFO - Collected 20 forms
[ 2024-04-25 05:25:02,638 ] 91 luthien5921+shinsei1 - INFO - Number of filtered forms left is: 0 form(s)
[ 2024-04-25 05:25:02,638 ] 91 luthien5921+shinsei1 - ERROR - No form found
[ 2024-04-25 05:25:02,676 ] 91 luthien5921+shinsei2 - INFO - Number of filtered forms left is: 0 form(s)
[ 2024-04-25 05:25:02,677 ] 91 luthien5921+shinsei2 - ERROR - No form found
[ 2024-04-25 05:25:04,488 ] 91 luthien5921 - INFO - Collected 20 forms
[ 2024-04-25 05:25:04,925 ] 91 luthien5921 - INFO - Number of filtered forms left is: 0 form(s)
[ 2024-04-25 05:25:04,925 ] 91 luthien5921 - ERROR - No form found
[ 2024-04-25 05:25:05,211 ] 91 luthien5921+shinsei1 - INFO - Collected 20 forms
[ 2024-04-25 05:25:05,416 ] 91 luthien5921+shinsei2 - INFO - Collected 20 forms
[ 2024-04-25 05:25:05,580 ] 91 luthien5921+shinsei1 - INFO - Number of filtered forms left is: 0 form(s)
[ 2024-04-25 05:25:05,580 ] 91 luthien5921+shinsei1 - ERROR - No form found
[ 2024-04-25 05:25:05,774 ] 91 luthien5921+shinsei2 - INFO - Number of filtered forms left is: 0 form(s)
[ 2024-04-25 05:25:05,774 ] 91 luthien5921+shinsei2 - ERROR - No form found
[ 2024-04-25 05:25:07,270 ] 91 luthien5921 - INFO - Collected 20 forms
[ 2024-04-25 05:25:07,674 ] 91 luthien5921 - INFO - Number of filtered forms left is: 0 form(s)
[ 2024-04-25 05:25:07,674 ] 91 luthien5921 - ERROR - No form found
[ 2024-04-25 05:25:08,048 ] 91 luthien5921+shinsei1 - INFO - Collected 20 forms
[ 2024-04-25 05:25:08,208 ] 91 luthien5921+shinsei2 - INFO - Collected 20 forms
[ 2024-04-25 05:25:08,431 ] 91 luthien5921+shinsei1 - INFO - Number of filtered forms left is: 0 form(s)
[ 2024-04-25 05:25:08,431 ] 91 luthien5921+shinsei1 - ERROR - No form found
[ 2024-04-25 05:25:08,566 ] 91 luthien5921+shinsei2 - INFO - Number of filtered forms left is: 0 form(s)
[ 2024-04-25 05:25:08,566 ] 91 luthien5921+shinsei2 - ERROR - No form found
[ 2024-04-25 05:25:09,780 ] 91 luthien5921 - INFO - Collected 20 forms
[ 2024-04-25 05:25:10,168 ] 91 luthien5921 - INFO - Number of filtered forms left is: 0 form(s)
[ 2024-04-25 05:25:10,169 ] 91 luthien5921 - ERROR - No form found
[ 2024-04-25 05:25:10,803 ] 91 luthien5921+shinsei1 - INFO - Collected 20 forms
[ 2024-04-25 05:25:10,957 ] 91 luthien5921+shinsei2 - INFO - Collected 20 forms
[ 2024-04-25 05:25:11,238 ] 91 luthien5921+shinsei1 - INFO - Number of filtered forms left is: 0 form(s)
[ 2024-04-25 05:25:11,239 ] 91 luthien5921+shinsei1 - ERROR - No form found
[ 2024-04-25 05:25:11,401 ] 91 luthien5921+shinsei2 - INFO - Number of filtered forms left is: 0 form(s)
[ 2024-04-25 05:25:11,401 ] 91 luthien5921+shinsei2 - ERROR - No form found
[ 2024-04-25 05:25:12,490 ] 91 luthien5921 - INFO - Collected 20 forms
[ 2024-04-25 05:25:12,891 ] 91 luthien5921 - INFO - Number of filtered forms left is: 0 form(s)
[ 2024-04-25 05:25:12,892 ] 91 luthien5921 - ERROR - No form found
[ 2024-04-25 05:25:13,567 ] 91 luthien5921+shinsei1 - INFO - Collected 20 forms
[ 2024-04-25 05:25:13,739 ] 91 luthien5921+shinsei2 - INFO - Collected 20 forms
[ 2024-04-25 05:25:13,976 ] 91 luthien5921+shinsei1 - INFO - Number of filtered forms left is: 0 form(s)
[ 2024-04-25 05:25:13,976 ] 91 luthien5921+shinsei1 - ERROR - No form found
[ 2024-04-25 05:25:14,137 ] 91 luthien5921+shinsei2 - INFO - Number of filtered forms left is: 0 form(s)
[ 2024-04-25 05:25:14,137 ] 91 luthien5921+shinsei2 - ERROR - No form found
[ 2024-04-25 05:25:15,388 ] 91 luthien5921 - INFO - Collected 20 forms
[ 2024-04-25 05:25:15,752 ] 91 luthien5921 - INFO - Number of filtered forms left is: 0 form(s)
[ 2024-04-25 05:25:15,752 ] 91 luthien5921 - ERROR - No form found
[ 2024-04-25 05:25:16,896 ] 91 luthien5921+shinsei1 - INFO - Collected 20 forms
[ 2024-04-25 05:25:17,003 ] 91 luthien5921+shinsei2 - INFO - Collected 20 forms
[ 2024-04-25 05:25:17,354 ] 91 luthien5921+shinsei1 - INFO - Number of filtered forms left is: 0 form(s)
[ 2024-04-25 05:25:17,355 ] 91 luthien5921+shinsei1 - ERROR - No form found
[ 2024-04-25 05:25:17,424 ] 91 luthien5921+shinsei2 - INFO - Number of filtered forms left is: 0 form(s)
[ 2024-04-25 05:25:17,424 ] 91 luthien5921+shinsei2 - ERROR - No form found
[ 2024-04-25 05:25:18,146 ] 91 luthien5921 - INFO - Collected 20 forms
[ 2024-04-25 05:25:18,530 ] 91 luthien5921 - INFO - Number of filtered forms left is: 0 form(s)
[ 2024-04-25 05:25:18,530 ] 91 luthien5921 - ERROR - No form found
[ 2024-04-25 05:25:19,800 ] 91 luthien5921+shinsei2 - INFO - Collected 20 forms
[ 2024-04-25 05:25:20,205 ] 91 luthien5921+shinsei1 - INFO - Collected 20 forms
[ 2024-04-25 05:25:20,234 ] 91 luthien5921+shinsei2 - INFO - Number of filtered forms left is: 0 form(s)
[ 2024-04-25 05:25:20,235 ] 91 luthien5921+shinsei2 - ERROR - No form found
[ 2024-04-25 05:25:20,580 ] 91 luthien5921+shinsei1 - INFO - Number of filtered forms left is: 0 form(s)
[ 2024-04-25 05:25:20,580 ] 91 luthien5921+shinsei1 - ERROR - No form found
[ 2024-04-25 05:25:21,381 ] 91 luthien5921 - INFO - Collected 20 forms
[ 2024-04-25 05:25:21,756 ] 91 luthien5921 - INFO - Number of filtered forms left is: 0 form(s)
[ 2024-04-25 05:25:21,756 ] 91 luthien5921 - ERROR - No form found
[ 2024-04-25 05:25:22,998 ] 91 luthien5921+shinsei2 - INFO - Collected 20 forms
[ 2024-04-25 05:25:23,254 ] 91 luthien5921+shinsei1 - INFO - Collected 20 forms
[ 2024-04-25 05:25:23,413 ] 91 luthien5921+shinsei2 - INFO - Number of filtered forms left is: 0 form(s)
[ 2024-04-25 05:25:23,414 ] 91 luthien5921+shinsei2 - ERROR - No form found
[ 2024-04-25 05:25:23,639 ] 91 luthien5921+shinsei1 - INFO - Number of filtered forms left is: 0 form(s)
[ 2024-04-25 05:25:23,639 ] 91 luthien5921+shinsei1 - ERROR - No form found
[ 2024-04-25 05:25:24,409 ] 91 luthien5921 - INFO - Collected 20 forms
[ 2024-04-25 05:25:24,800 ] 91 luthien5921 - INFO - Number of filtered forms left is: 0 form(s)
[ 2024-04-25 05:25:24,800 ] 91 luthien5921 - ERROR - No form found
[ 2024-04-25 05:25:26,017 ] 91 luthien5921+shinsei2 - INFO - Collected 20 forms
[ 2024-04-25 05:25:26,338 ] 91 luthien5921+shinsei1 - INFO - Collected 20 forms
[ 2024-04-25 05:25:26,451 ] 91 luthien5921+shinsei2 - INFO - Number of filtered forms left is: 0 form(s)
[ 2024-04-25 05:25:26,452 ] 91 luthien5921+shinsei2 - ERROR - No form found
[ 2024-04-25 05:25:26,720 ] 91 luthien5921+shinsei1 - INFO - Number of filtered forms left is: 0 form(s)
[ 2024-04-25 05:25:26,720 ] 91 luthien5921+shinsei1 - ERROR - No form found
[ 2024-04-25 05:25:26,878 ] 91 luthien5921 - INFO - Collected 20 forms
[ 2024-04-25 05:25:27,242 ] 91 luthien5921 - INFO - Number of filtered forms left is: 0 form(s)
[ 2024-04-25 05:25:27,242 ] 91 luthien5921 - ERROR - No form found
[ 2024-04-25 05:25:29,120 ] 91 luthien5921+shinsei1 - INFO - Collected 20 forms
[ 2024-04-25 05:25:29,207 ] 91 luthien5921+shinsei2 - INFO - Collected 20 forms
[ 2024-04-25 05:25:29,573 ] 91 luthien5921+shinsei1 - INFO - Number of filtered forms left is: 0 form(s)
[ 2024-04-25 05:25:29,573 ] 91 luthien5921+shinsei1 - ERROR - No form found
[ 2024-04-25 05:25:29,645 ] 91 luthien5921+shinsei2 - INFO - Number of filtered forms left is: 0 form(s)
[ 2024-04-25 05:25:29,646 ] 91 luthien5921+shinsei2 - ERROR - No form found
[ 2024-04-25 05:25:29,743 ] 91 luthien5921 - INFO - Collected 20 forms
[ 2024-04-25 05:25:30,087 ] 91 luthien5921 - INFO - Number of filtered forms left is: 0 form(s)
[ 2024-04-25 05:25:30,087 ] 91 luthien5921 - ERROR - No form found
[ 2024-04-25 05:25:31,687 ] 91 luthien5921+shinsei1 - INFO - Collected 20 forms
[ 2024-04-25 05:25:32,104 ] 91 luthien5921+shinsei1 - INFO - Number of filtered forms left is: 0 form(s)
[ 2024-04-25 05:25:32,105 ] 91 luthien5921+shinsei1 - ERROR - No form found
[ 2024-04-25 05:25:32,450 ] 91 luthien5921+shinsei2 - INFO - Collected 20 forms
[ 2024-04-25 05:25:32,820 ] 91 luthien5921+shinsei2 - INFO - Number of filtered forms left is: 0 form(s)
[ 2024-04-25 05:25:32,821 ] 91 luthien5921+shinsei2 - ERROR - No form found
[ 2024-04-25 05:25:33,283 ] 91 luthien5921 - INFO - Collected 20 forms
[ 2024-04-25 05:25:33,646 ] 91 luthien5921 - INFO - Number of filtered forms left is: 0 form(s)
[ 2024-04-25 05:25:33,647 ] 91 luthien5921 - ERROR - No form found
[ 2024-04-25 05:25:34,334 ] 91 luthien5921+shinsei1 - INFO - Collected 20 forms
[ 2024-04-25 05:25:34,705 ] 91 luthien5921+shinsei1 - INFO - Number of filtered forms left is: 0 form(s)
[ 2024-04-25 05:25:34,705 ] 91 luthien5921+shinsei1 - ERROR - No form found
[ 2024-04-25 05:25:35,281 ] 91 luthien5921+shinsei2 - INFO - Collected 20 forms
[ 2024-04-25 05:25:35,682 ] 91 luthien5921+shinsei2 - INFO - Number of filtered forms left is: 0 form(s)
[ 2024-04-25 05:25:35,682 ] 91 luthien5921+shinsei2 - ERROR - No form found
[ 2024-04-25 05:25:35,942 ] 91 luthien5921 - INFO - Collected 20 forms
[ 2024-04-25 05:25:36,284 ] 91 luthien5921 - INFO - Number of filtered forms left is: 0 form(s)
[ 2024-04-25 05:25:36,284 ] 91 luthien5921 - ERROR - No form found
[ 2024-04-25 05:25:36,765 ] 91 luthien5921+shinsei1 - INFO - Collected 20 forms
[ 2024-04-25 05:25:37,112 ] 91 luthien5921+shinsei1 - INFO - Number of filtered forms left is: 0 form(s)
[ 2024-04-25 05:25:37,112 ] 91 luthien5921+shinsei1 - ERROR - No form found
[ 2024-04-25 05:25:38,234 ] 91 luthien5921+shinsei2 - INFO - Collected 20 forms
[ 2024-04-25 05:25:38,340 ] 91 luthien5921 - INFO - Collected 20 forms
[ 2024-04-25 05:25:38,647 ] 91 luthien5921+shinsei2 - INFO - Number of filtered forms left is: 0 form(s)
[ 2024-04-25 05:25:38,648 ] 91 luthien5921+shinsei2 - ERROR - No form found
[ 2024-04-25 05:25:38,739 ] 91 luthien5921 - INFO - Number of filtered forms left is: 0 form(s)
[ 2024-04-25 05:25:38,739 ] 91 luthien5921 - ERROR - No form found
[ 2024-04-25 05:25:39,343 ] 91 luthien5921+shinsei1 - INFO - Collected 20 forms
[ 2024-04-25 05:25:39,698 ] 91 luthien5921+shinsei1 - INFO - Number of filtered forms left is: 0 form(s)
[ 2024-04-25 05:25:39,699 ] 91 luthien5921+shinsei1 - ERROR - No form found
[ 2024-04-25 05:25:40,998 ] 91 luthien5921 - INFO - Collected 20 forms
[ 2024-04-25 05:25:41,409 ] 91 luthien5921 - INFO - Number of filtered forms left is: 0 form(s)
[ 2024-04-25 05:25:41,409 ] 91 luthien5921 - ERROR - No form found
[ 2024-04-25 05:25:41,433 ] 91 luthien5921+shinsei2 - INFO - Collected 20 forms
[ 2024-04-25 05:25:41,817 ] 91 luthien5921+shinsei2 - INFO - Number of filtered forms left is: 0 form(s)
[ 2024-04-25 05:25:41,818 ] 91 luthien5921+shinsei2 - ERROR - No form found
[ 2024-04-25 05:25:41,947 ] 91 luthien5921+shinsei1 - INFO - Collected 20 forms
[ 2024-04-25 05:25:42,292 ] 91 luthien5921+shinsei1 - INFO - Number of filtered forms left is: 0 form(s)
[ 2024-04-25 05:25:42,292 ] 91 luthien5921+shinsei1 - ERROR - No form found
[ 2024-04-25 05:25:43,876 ] 91 luthien5921 - INFO - Collected 20 forms
[ 2024-04-25 05:25:44,026 ] 91 luthien5921+shinsei2 - INFO - Collected 20 forms
[ 2024-04-25 05:25:44,306 ] 91 luthien5921 - INFO - Number of filtered forms left is: 0 form(s)
[ 2024-04-25 05:25:44,306 ] 91 luthien5921 - ERROR - No form found
[ 2024-04-25 05:25:44,430 ] 91 luthien5921+shinsei2 - INFO - Number of filtered forms left is: 0 form(s)
[ 2024-04-25 05:25:44,430 ] 91 luthien5921+shinsei2 - ERROR - No form found
[ 2024-04-25 05:25:44,805 ] 91 luthien5921+shinsei1 - INFO - Collected 20 forms
[ 2024-04-25 05:25:45,166 ] 91 luthien5921+shinsei1 - INFO - Number of filtered forms left is: 0 form(s)
[ 2024-04-25 05:25:45,166 ] 91 luthien5921+shinsei1 - ERROR - No form found
[ 2024-04-25 05:25:46,510 ] 91 luthien5921 - INFO - Collected 20 forms
[ 2024-04-25 05:25:46,898 ] 91 luthien5921 - INFO - Number of filtered forms left is: 0 form(s)
[ 2024-04-25 05:25:46,899 ] 91 luthien5921 - ERROR - No form found
[ 2024-04-25 05:25:47,212 ] 91 luthien5921+shinsei2 - INFO - Collected 20 forms
[ 2024-04-25 05:25:47,257 ] 91 luthien5921+shinsei1 - INFO - Collected 20 forms
[ 2024-04-25 05:25:47,639 ] 91 luthien5921+shinsei2 - INFO - Number of filtered forms left is: 0 form(s)
[ 2024-04-25 05:25:47,640 ] 91 luthien5921+shinsei2 - ERROR - No form found
[ 2024-04-25 05:25:47,671 ] 91 luthien5921+shinsei1 - INFO - Number of filtered forms left is: 0 form(s)
[ 2024-04-25 05:25:47,671 ] 91 luthien5921+shinsei1 - ERROR - No form found
[ 2024-04-25 05:25:49,308 ] 91 luthien5921 - INFO - Collected 20 forms
[ 2024-04-25 05:25:49,690 ] 91 luthien5921 - INFO - Number of filtered forms left is: 0 form(s)
[ 2024-04-25 05:25:49,690 ] 91 luthien5921 - ERROR - No form found
[ 2024-04-25 05:25:49,817 ] 91 luthien5921+shinsei1 - INFO - Collected 20 forms
[ 2024-04-25 05:25:50,185 ] 91 luthien5921+shinsei1 - INFO - Number of filtered forms left is: 0 form(s)
[ 2024-04-25 05:25:50,186 ] 91 luthien5921+shinsei1 - ERROR - No form found
[ 2024-04-25 05:25:50,250 ] 91 luthien5921+shinsei2 - INFO - Collected 20 forms
[ 2024-04-25 05:25:50,585 ] 91 luthien5921+shinsei2 - INFO - Number of filtered forms left is: 0 form(s)
[ 2024-04-25 05:25:50,586 ] 91 luthien5921+shinsei2 - ERROR - No form found
[ 2024-04-25 05:25:52,268 ] 91 luthien5921 - INFO - Collected 20 forms
[ 2024-04-25 05:25:52,680 ] 91 luthien5921 - INFO - Number of filtered forms left is: 0 form(s)
[ 2024-04-25 05:25:52,680 ] 91 luthien5921 - ERROR - No form found
[ 2024-04-25 05:25:52,940 ] 91 luthien5921+shinsei1 - INFO - Collected 20 forms
[ 2024-04-25 05:25:53,096 ] 91 luthien5921+shinsei2 - INFO - Collected 20 forms
[ 2024-04-25 05:25:53,323 ] 91 luthien5921+shinsei1 - INFO - Number of filtered forms left is: 0 form(s)
[ 2024-04-25 05:25:53,323 ] 91 luthien5921+shinsei1 - ERROR - No form found
[ 2024-04-25 05:25:53,465 ] 91 luthien5921+shinsei2 - INFO - Number of filtered forms left is: 0 form(s)
[ 2024-04-25 05:25:53,465 ] 91 luthien5921+shinsei2 - ERROR - No form found
[ 2024-04-25 05:25:55,299 ] 91 luthien5921 - INFO - Collected 20 forms
[ 2024-04-25 05:25:55,689 ] 91 luthien5921 - INFO - Number of filtered forms left is: 0 form(s)
[ 2024-04-25 05:25:55,689 ] 91 luthien5921 - ERROR - No form found
[ 2024-04-25 05:25:55,941 ] 91 luthien5921+shinsei1 - INFO - Collected 20 forms
[ 2024-04-25 05:25:56,198 ] 91 luthien5921+shinsei2 - INFO - Collected 20 forms
[ 2024-04-25 05:25:56,302 ] 91 luthien5921+shinsei1 - INFO - Number of filtered forms left is: 0 form(s)
[ 2024-04-25 05:25:56,302 ] 91 luthien5921+shinsei1 - ERROR - No form found
[ 2024-04-25 05:25:56,573 ] 91 luthien5921+shinsei2 - INFO - Number of filtered forms left is: 0 form(s)
[ 2024-04-25 05:25:56,574 ] 91 luthien5921+shinsei2 - ERROR - No form found
[ 2024-04-25 05:25:58,203 ] 91 luthien5921 - INFO - Collected 20 forms
[ 2024-04-25 05:25:58,587 ] 91 luthien5921 - INFO - Number of filtered forms left is: 0 form(s)
[ 2024-04-25 05:25:58,587 ] 91 luthien5921 - ERROR - No form found
[ 2024-04-25 05:25:58,737 ] 91 luthien5921+shinsei1 - INFO - Collected 20 forms
[ 2024-04-25 05:25:59,141 ] 91 luthien5921+shinsei1 - INFO - Number of filtered forms left is: 0 form(s)
[ 2024-04-25 05:25:59,141 ] 91 luthien5921+shinsei1 - ERROR - No form found
[ 2024-04-25 05:25:59,285 ] 91 luthien5921+shinsei2 - INFO - Collected 20 forms
[ 2024-04-25 05:25:59,634 ] 91 luthien5921+shinsei2 - INFO - Number of filtered forms left is: 0 form(s)
[ 2024-04-25 05:25:59,635 ] 91 luthien5921+shinsei2 - ERROR - No form found
[ 2024-04-25 05:26:01,338 ] 91 luthien5921 - INFO - Collected 20 forms
[ 2024-04-25 05:26:01,515 ] 91 luthien5921+shinsei1 - INFO - Collected 20 forms
[ 2024-04-25 05:26:01,780 ] 91 luthien5921 - INFO - Number of filtered forms left is: 0 form(s)
[ 2024-04-25 05:26:01,780 ] 91 luthien5921 - ERROR - No form found
[ 2024-04-25 05:26:01,904 ] 91 luthien5921+shinsei1 - INFO - Number of filtered forms left is: 0 form(s)
[ 2024-04-25 05:26:01,904 ] 91 luthien5921+shinsei1 - ERROR - No form found
[ 2024-04-25 05:26:02,528 ] 91 luthien5921+shinsei2 - INFO - Collected 20 forms
[ 2024-04-25 05:26:02,882 ] 91 luthien5921+shinsei2 - INFO - Number of filtered forms left is: 0 form(s)
[ 2024-04-25 05:26:02,882 ] 91 luthien5921+shinsei2 - ERROR - No form found
[ 2024-04-25 05:26:03,865 ] 91 luthien5921 - INFO - Collected 20 forms
[ 2024-04-25 05:26:04,040 ] 91 luthien5921+shinsei1 - INFO - Collected 20 forms
[ 2024-04-25 05:26:04,343 ] 91 luthien5921 - INFO - Number of filtered forms left is: 0 form(s)
[ 2024-04-25 05:26:04,344 ] 91 luthien5921 - ERROR - No form found
[ 2024-04-25 05:26:04,452 ] 91 luthien5921+shinsei1 - INFO - Number of filtered forms left is: 0 form(s)
[ 2024-04-25 05:26:04,453 ] 91 luthien5921+shinsei1 - ERROR - No form found
[ 2024-04-25 05:26:05,276 ] 91 luthien5921+shinsei2 - INFO - Collected 20 forms
[ 2024-04-25 05:26:05,633 ] 91 luthien5921+shinsei2 - INFO - Number of filtered forms left is: 0 form(s)
[ 2024-04-25 05:26:05,634 ] 91 luthien5921+shinsei2 - ERROR - No form found
[ 2024-04-25 05:26:06,723 ] 91 luthien5921 - INFO - Collected 20 forms
[ 2024-04-25 05:26:06,962 ] 91 luthien5921+shinsei1 - INFO - Collected 20 forms
[ 2024-04-25 05:26:07,161 ] 91 luthien5921 - INFO - Number of filtered forms left is: 0 form(s)
[ 2024-04-25 05:26:07,161 ] 91 luthien5921 - ERROR - No form found
[ 2024-04-25 05:26:07,360 ] 91 luthien5921+shinsei1 - INFO - Number of filtered forms left is: 0 form(s)
[ 2024-04-25 05:26:07,360 ] 91 luthien5921+shinsei1 - ERROR - No form found
[ 2024-04-25 05:26:08,317 ] 91 luthien5921+shinsei2 - INFO - Collected 20 forms
[ 2024-04-25 05:26:08,709 ] 91 luthien5921+shinsei2 - INFO - Number of filtered forms left is: 0 form(s)
[ 2024-04-25 05:26:08,709 ] 91 luthien5921+shinsei2 - ERROR - No form found
[ 2024-04-25 05:26:09,538 ] 91 luthien5921 - INFO - Collected 20 forms
[ 2024-04-25 05:26:09,938 ] 91 luthien5921 - INFO - Number of filtered forms left is: 0 form(s)
[ 2024-04-25 05:26:09,938 ] 91 luthien5921 - ERROR - No form found
[ 2024-04-25 05:26:10,131 ] 91 luthien5921+shinsei1 - INFO - Collected 20 forms
[ 2024-04-25 05:26:10,486 ] 91 luthien5921+shinsei1 - INFO - Number of filtered forms left is: 0 form(s)
[ 2024-04-25 05:26:10,486 ] 91 luthien5921+shinsei1 - ERROR - No form found
[ 2024-04-25 05:26:11,068 ] 91 luthien5921+shinsei2 - INFO - Collected 20 forms
[ 2024-04-25 05:26:11,412 ] 91 luthien5921+shinsei2 - INFO - Number of filtered forms left is: 0 form(s)
[ 2024-04-25 05:26:11,412 ] 91 luthien5921+shinsei2 - ERROR - No form found
[ 2024-04-25 05:26:12,297 ] 91 luthien5921 - INFO - Collected 20 forms
[ 2024-04-25 05:26:12,672 ] 91 luthien5921 - INFO - Number of filtered forms left is: 0 form(s)
[ 2024-04-25 05:26:12,673 ] 91 luthien5921 - ERROR - No form found
[ 2024-04-25 05:26:13,075 ] 91 luthien5921+shinsei1 - INFO - Collected 20 forms
[ 2024-04-25 05:26:13,415 ] 91 luthien5921+shinsei1 - INFO - Number of filtered forms left is: 0 form(s)
[ 2024-04-25 05:26:13,415 ] 91 luthien5921+shinsei1 - ERROR - No form found
[ 2024-04-25 05:26:14,062 ] 91 luthien5921+shinsei2 - INFO - Collected 20 forms
[ 2024-04-25 05:26:14,431 ] 91 luthien5921+shinsei2 - INFO - Number of filtered forms left is: 0 form(s)
[ 2024-04-25 05:26:14,431 ] 91 luthien5921+shinsei2 - ERROR - No form found
[ 2024-04-25 05:26:15,465 ] 91 luthien5921 - INFO - Collected 20 forms
[ 2024-04-25 05:26:15,883 ] 91 luthien5921 - INFO - Number of filtered forms left is: 0 form(s)
[ 2024-04-25 05:26:15,883 ] 91 luthien5921 - ERROR - No form found
[ 2024-04-25 05:26:16,184 ] 91 luthien5921+shinsei1 - INFO - Collected 20 forms
[ 2024-04-25 05:26:16,509 ] 91 luthien5921+shinsei2 - INFO - Collected 20 forms
[ 2024-04-25 05:26:16,570 ] 91 luthien5921+shinsei1 - INFO - Number of filtered forms left is: 0 form(s)
[ 2024-04-25 05:26:16,571 ] 91 luthien5921+shinsei1 - ERROR - No form found
[ 2024-04-25 05:26:16,850 ] 91 luthien5921+shinsei2 - INFO - Number of filtered forms left is: 0 form(s)
[ 2024-04-25 05:26:16,851 ] 91 luthien5921+shinsei2 - ERROR - No form found
[ 2024-04-25 05:26:18,665 ] 91 luthien5921 - INFO - Collected 20 forms
[ 2024-04-25 05:26:19,101 ] 91 luthien5921 - INFO - Number of filtered forms left is: 0 form(s)
[ 2024-04-25 05:26:19,102 ] 91 luthien5921 - ERROR - No form found
[ 2024-04-25 05:26:19,117 ] 91 luthien5921+shinsei2 - INFO - Collected 20 forms
[ 2024-04-25 05:26:19,240 ] 91 luthien5921+shinsei1 - INFO - Collected 20 forms
[ 2024-04-25 05:26:19,497 ] 91 luthien5921+shinsei2 - INFO - Number of filtered forms left is: 0 form(s)
[ 2024-04-25 05:26:19,498 ] 91 luthien5921+shinsei2 - ERROR - No form found
[ 2024-04-25 05:26:19,604 ] 91 luthien5921+shinsei1 - INFO - Number of filtered forms left is: 0 form(s)
[ 2024-04-25 05:26:19,604 ] 91 luthien5921+shinsei1 - ERROR - No form found
[ 2024-04-25 05:26:21,467 ] 91 luthien5921 - INFO - Collected 20 forms
[ 2024-04-25 05:26:21,915 ] 91 luthien5921 - INFO - Number of filtered forms left is: 0 form(s)
[ 2024-04-25 05:26:21,915 ] 91 luthien5921 - ERROR - No form found
[ 2024-04-25 05:26:22,096 ] 91 luthien5921+shinsei1 - INFO - Collected 20 forms
[ 2024-04-25 05:26:22,196 ] 91 luthien5921+shinsei2 - INFO - Collected 20 forms
[ 2024-04-25 05:26:22,546 ] 91 luthien5921+shinsei1 - INFO - Number of filtered forms left is: 0 form(s)
[ 2024-04-25 05:26:22,546 ] 91 luthien5921+shinsei1 - ERROR - No form found
[ 2024-04-25 05:26:22,615 ] 91 luthien5921+shinsei2 - INFO - Number of filtered forms left is: 0 form(s)
[ 2024-04-25 05:26:22,615 ] 91 luthien5921+shinsei2 - ERROR - No form found
[ 2024-04-25 05:26:24,377 ] 91 luthien5921 - INFO - Collected 20 forms
[ 2024-04-25 05:26:24,788 ] 91 luthien5921 - INFO - Number of filtered forms left is: 0 form(s)
[ 2024-04-25 05:26:24,788 ] 91 luthien5921 - ERROR - No form found
[ 2024-04-25 05:26:24,931 ] 91 luthien5921+shinsei1 - INFO - Collected 20 forms
[ 2024-04-25 05:26:25,333 ] 91 luthien5921+shinsei1 - INFO - Number of filtered forms left is: 0 form(s)
[ 2024-04-25 05:26:25,334 ] 91 luthien5921+shinsei1 - ERROR - No form found
[ 2024-04-25 05:26:25,352 ] 91 luthien5921+shinsei2 - INFO - Collected 20 forms
[ 2024-04-25 05:26:25,689 ] 91 luthien5921+shinsei2 - INFO - Number of filtered forms left is: 0 form(s)
[ 2024-04-25 05:26:25,689 ] 91 luthien5921+shinsei2 - ERROR - No form found
[ 2024-04-25 05:26:27,548 ] 91 luthien5921 - INFO - Collected 20 forms
[ 2024-04-25 05:26:27,851 ] 91 luthien5921+shinsei1 - INFO - Collected 20 forms
[ 2024-04-25 05:26:27,971 ] 91 luthien5921+shinsei2 - INFO - Collected 20 forms
[ 2024-04-25 05:26:28,020 ] 91 luthien5921 - INFO - Number of filtered forms left is: 0 form(s)
[ 2024-04-25 05:26:28,020 ] 91 luthien5921 - ERROR - No form found
[ 2024-04-25 05:26:28,281 ] 91 luthien5921+shinsei1 - INFO - Number of filtered forms left is: 0 form(s)
[ 2024-04-25 05:26:28,281 ] 91 luthien5921+shinsei1 - ERROR - No form found
[ 2024-04-25 05:26:28,379 ] 91 luthien5921+shinsei2 - INFO - Number of filtered forms left is: 0 form(s)
[ 2024-04-25 05:26:28,379 ] 91 luthien5921+shinsei2 - ERROR - No form found
[ 2024-04-25 05:26:30,511 ] 91 luthien5921+shinsei1 - INFO - Collected 20 forms
[ 2024-04-25 05:26:30,608 ] 91 luthien5921 - INFO - Collected 20 forms
[ 2024-04-25 05:26:30,958 ] 91 luthien5921+shinsei1 - INFO - Number of filtered forms left is: 0 form(s)
[ 2024-04-25 05:26:30,958 ] 91 luthien5921+shinsei1 - ERROR - No form found
[ 2024-04-25 05:26:31,035 ] 91 luthien5921 - INFO - Number of filtered forms left is: 0 form(s)
[ 2024-04-25 05:26:31,035 ] 91 luthien5921 - ERROR - No form found
[ 2024-04-25 05:26:31,180 ] 91 luthien5921+shinsei2 - INFO - Collected 20 forms
[ 2024-04-25 05:26:31,524 ] 91 luthien5921+shinsei2 - INFO - Number of filtered forms left is: 0 form(s)
[ 2024-04-25 05:26:31,524 ] 91 luthien5921+shinsei2 - ERROR - No form found
[ 2024-04-25 05:26:33,855 ] 91 luthien5921+shinsei1 - INFO - Collected 20 forms
[ 2024-04-25 05:26:33,972 ] 91 luthien5921+shinsei2 - INFO - Collected 20 forms
[ 2024-04-25 05:26:33,995 ] 91 luthien5921 - INFO - Collected 20 forms
[ 2024-04-25 05:26:34,336 ] 91 luthien5921+shinsei1 - INFO - Number of filtered forms left is: 0 form(s)
[ 2024-04-25 05:26:34,336 ] 91 luthien5921+shinsei1 - ERROR - No form found
[ 2024-04-25 05:26:34,434 ] 91 luthien5921+shinsei2 - INFO - Number of filtered forms left is: 0 form(s)
[ 2024-04-25 05:26:34,434 ] 91 luthien5921+shinsei2 - ERROR - No form found
[ 2024-04-25 05:26:34,453 ] 91 luthien5921 - INFO - Number of filtered forms left is: 0 form(s)
[ 2024-04-25 05:26:34,453 ] 91 luthien5921 - ERROR - No form found
[ 2024-04-25 05:26:36,755 ] 91 luthien5921+shinsei1 - INFO - Collected 20 forms
[ 2024-04-25 05:26:36,840 ] 91 luthien5921 - INFO - Collected 20 forms
[ 2024-04-25 05:26:36,893 ] 91 luthien5921+shinsei2 - INFO - Collected 20 forms
[ 2024-04-25 05:26:37,272 ] 91 luthien5921+shinsei1 - INFO - Number of filtered forms left is: 0 form(s)
[ 2024-04-25 05:26:37,272 ] 91 luthien5921+shinsei1 - ERROR - No form found
[ 2024-04-25 05:26:37,346 ] 91 luthien5921 - INFO - Number of filtered forms left is: 0 form(s)
[ 2024-04-25 05:26:37,346 ] 91 luthien5921 - ERROR - No form found
[ 2024-04-25 05:26:37,354 ] 91 luthien5921+shinsei2 - INFO - Number of filtered forms left is: 0 form(s)
[ 2024-04-25 05:26:37,354 ] 91 luthien5921+shinsei2 - ERROR - No form found
[ 2024-04-25 05:26:39,612 ] 91 luthien5921+shinsei1 - INFO - Collected 20 forms
[ 2024-04-25 05:26:39,715 ] 91 luthien5921+shinsei2 - INFO - Collected 20 forms
[ 2024-04-25 05:26:39,837 ] 91 luthien5921 - INFO - Collected 20 forms
[ 2024-04-25 05:26:40,119 ] 91 luthien5921+shinsei1 - INFO - Number of filtered forms left is: 0 form(s)
[ 2024-04-25 05:26:40,120 ] 91 luthien5921+shinsei1 - ERROR - No form found
[ 2024-04-25 05:26:40,178 ] 91 luthien5921+shinsei2 - INFO - Number of filtered forms left is: 0 form(s)
[ 2024-04-25 05:26:40,178 ] 91 luthien5921+shinsei2 - ERROR - No form found
[ 2024-04-25 05:26:40,255 ] 91 luthien5921 - INFO - Number of filtered forms left is: 0 form(s)
[ 2024-04-25 05:26:40,255 ] 91 luthien5921 - ERROR - No form found
[ 2024-04-25 05:26:42,544 ] 91 luthien5921+shinsei2 - INFO - Collected 20 forms
[ 2024-04-25 05:26:42,575 ] 91 luthien5921 - INFO - Collected 20 forms
[ 2024-04-25 05:26:42,917 ] 91 luthien5921+shinsei1 - INFO - Collected 20 forms
[ 2024-04-25 05:26:42,995 ] 91 luthien5921+shinsei2 - INFO - Number of filtered forms left is: 0 form(s)
[ 2024-04-25 05:26:42,996 ] 91 luthien5921+shinsei2 - ERROR - No form found
[ 2024-04-25 05:26:43,017 ] 91 luthien5921 - INFO - Number of filtered forms left is: 0 form(s)
[ 2024-04-25 05:26:43,017 ] 91 luthien5921 - ERROR - No form found
[ 2024-04-25 05:26:43,283 ] 91 luthien5921+shinsei1 - INFO - Number of filtered forms left is: 0 form(s)
[ 2024-04-25 05:26:43,283 ] 91 luthien5921+shinsei1 - ERROR - No form found
[ 2024-04-25 05:26:45,198 ] 91 luthien5921+shinsei2 - INFO - Collected 20 forms
[ 2024-04-25 05:26:45,397 ] 91 luthien5921 - INFO - Collected 20 forms
[ 2024-04-25 05:26:45,433 ] 91 luthien5921+shinsei1 - INFO - Collected 20 forms
[ 2024-04-25 05:26:45,711 ] 91 luthien5921+shinsei2 - INFO - Number of filtered forms left is: 0 form(s)
[ 2024-04-25 05:26:45,712 ] 91 luthien5921+shinsei2 - ERROR - No form found
[ 2024-04-25 05:26:45,829 ] 91 luthien5921 - INFO - Number of filtered forms left is: 0 form(s)
[ 2024-04-25 05:26:45,830 ] 91 luthien5921 - ERROR - No form found
[ 2024-04-25 05:26:45,849 ] 91 luthien5921+shinsei1 - INFO - Number of filtered forms left is: 0 form(s)
[ 2024-04-25 05:26:45,849 ] 91 luthien5921+shinsei1 - ERROR - No form found
[ 2024-04-25 05:26:47,745 ] 91 luthien5921+shinsei2 - INFO - Collected 20 forms
[ 2024-04-25 05:26:47,901 ] 91 luthien5921 - INFO - Collected 20 forms
[ 2024-04-25 05:26:48,218 ] 91 luthien5921+shinsei2 - INFO - Number of filtered forms left is: 0 form(s)
[ 2024-04-25 05:26:48,219 ] 91 luthien5921+shinsei2 - ERROR - No form found
[ 2024-04-25 05:26:48,291 ] 91 luthien5921+shinsei1 - INFO - Collected 20 forms
[ 2024-04-25 05:26:48,373 ] 91 luthien5921 - INFO - Number of filtered forms left is: 0 form(s)
[ 2024-04-25 05:26:48,373 ] 91 luthien5921 - ERROR - No form found
[ 2024-04-25 05:26:48,635 ] 91 luthien5921+shinsei1 - INFO - Number of filtered forms left is: 0 form(s)
[ 2024-04-25 05:26:48,635 ] 91 luthien5921+shinsei1 - ERROR - No form found
[ 2024-04-25 05:26:50,341 ] 91 luthien5921+shinsei2 - INFO - Collected 20 forms
[ 2024-04-25 05:26:50,526 ] 91 luthien5921 - INFO - Collected 20 forms
[ 2024-04-25 05:26:50,806 ] 91 luthien5921+shinsei2 - INFO - Number of filtered forms left is: 0 form(s)
[ 2024-04-25 05:26:50,807 ] 91 luthien5921+shinsei2 - ERROR - No form found
[ 2024-04-25 05:26:50,985 ] 91 luthien5921 - INFO - Number of filtered forms left is: 0 form(s)
[ 2024-04-25 05:26:50,985 ] 91 luthien5921 - ERROR - No form found
[ 2024-04-25 05:26:51,153 ] 91 luthien5921+shinsei1 - INFO - Collected 20 forms
[ 2024-04-25 05:26:51,507 ] 91 luthien5921+shinsei1 - INFO - Number of filtered forms left is: 0 form(s)
[ 2024-04-25 05:26:51,507 ] 91 luthien5921+shinsei1 - ERROR - No form found
[ 2024-04-25 05:26:53,102 ] 91 luthien5921 - INFO - Collected 20 forms
[ 2024-04-25 05:26:53,526 ] 91 luthien5921 - INFO - Number of filtered forms left is: 0 form(s)
[ 2024-04-25 05:26:53,526 ] 91 luthien5921 - ERROR - No form found
[ 2024-04-25 05:26:53,538 ] 91 luthien5921+shinsei2 - INFO - Collected 20 forms
[ 2024-04-25 05:26:53,651 ] 91 luthien5921+shinsei1 - INFO - Collected 20 forms
[ 2024-04-25 05:26:53,982 ] 91 luthien5921+shinsei2 - INFO - Number of filtered forms left is: 0 form(s)
[ 2024-04-25 05:26:53,982 ] 91 luthien5921+shinsei2 - ERROR - No form found
[ 2024-04-25 05:26:54,060 ] 91 luthien5921+shinsei1 - INFO - Number of filtered forms left is: 0 form(s)
[ 2024-04-25 05:26:54,060 ] 91 luthien5921+shinsei1 - ERROR - No form found
[ 2024-04-25 05:26:55,706 ] 91 luthien5921 - INFO - Collected 20 forms
[ 2024-04-25 05:26:56,099 ] 91 luthien5921 - INFO - Number of filtered forms left is: 0 form(s)
[ 2024-04-25 05:26:56,099 ] 91 luthien5921 - ERROR - No form found
[ 2024-04-25 05:26:56,288 ] 91 luthien5921+shinsei2 - INFO - Collected 20 forms
[ 2024-04-25 05:26:56,393 ] 91 luthien5921+shinsei1 - INFO - Collected 20 forms
[ 2024-04-25 05:26:56,674 ] 91 luthien5921+shinsei2 - INFO - Number of filtered forms left is: 0 form(s)
[ 2024-04-25 05:26:56,675 ] 91 luthien5921+shinsei2 - ERROR - No form found
[ 2024-04-25 05:26:56,765 ] 91 luthien5921+shinsei1 - INFO - Number of filtered forms left is: 0 form(s)
[ 2024-04-25 05:26:56,765 ] 91 luthien5921+shinsei1 - ERROR - No form found
[ 2024-04-25 05:26:58,300 ] 91 luthien5921 - INFO - Collected 20 forms
[ 2024-04-25 05:26:58,676 ] 91 luthien5921 - INFO - Number of filtered forms left is: 0 form(s)
[ 2024-04-25 05:26:58,677 ] 91 luthien5921 - ERROR - No form found
[ 2024-04-25 05:26:58,915 ] 91 luthien5921+shinsei1 - INFO - Collected 20 forms
[ 2024-04-25 05:26:59,291 ] 91 luthien5921+shinsei1 - INFO - Number of filtered forms left is: 0 form(s)
[ 2024-04-25 05:26:59,291 ] 91 luthien5921+shinsei1 - ERROR - No form found
[ 2024-04-25 05:26:59,367 ] 91 luthien5921+shinsei2 - INFO - Collected 20 forms
[ 2024-04-25 05:26:59,701 ] 91 luthien5921+shinsei2 - INFO - Number of filtered forms left is: 0 form(s)
[ 2024-04-25 05:26:59,701 ] 91 luthien5921+shinsei2 - ERROR - No form found
[ 2024-04-25 05:27:01,145 ] 91 luthien5921 - INFO - Collected 20 forms
[ 2024-04-25 05:27:01,560 ] 91 luthien5921 - INFO - Number of filtered forms left is: 0 form(s)
[ 2024-04-25 05:27:01,560 ] 91 luthien5921 - ERROR - No form found
[ 2024-04-25 05:27:01,600 ] 91 luthien5921+shinsei1 - INFO - Collected 20 forms
[ 2024-04-25 05:27:01,960 ] 91 luthien5921+shinsei1 - INFO - Number of filtered forms left is: 0 form(s)
[ 2024-04-25 05:27:01,960 ] 91 luthien5921+shinsei1 - ERROR - No form found
[ 2024-04-25 05:27:02,228 ] 91 luthien5921+shinsei2 - INFO - Collected 20 forms
[ 2024-04-25 05:27:02,571 ] 91 luthien5921+shinsei2 - INFO - Number of filtered forms left is: 0 form(s)
[ 2024-04-25 05:27:02,571 ] 91 luthien5921+shinsei2 - ERROR - No form found
[ 2024-04-25 05:27:03,725 ] 91 luthien5921 - INFO - Collected 20 forms
[ 2024-04-25 05:27:04,074 ] 91 luthien5921+shinsei1 - INFO - Collected 20 forms
[ 2024-04-25 05:27:04,170 ] 91 luthien5921 - INFO - Number of filtered forms left is: 0 form(s)
[ 2024-04-25 05:27:04,170 ] 91 luthien5921 - ERROR - No form found
[ 2024-04-25 05:27:04,429 ] 91 luthien5921+shinsei1 - INFO - Number of filtered forms left is: 0 form(s)
[ 2024-04-25 05:27:04,429 ] 91 luthien5921+shinsei1 - ERROR - No form found
[ 2024-04-25 05:27:04,941 ] 91 luthien5921+shinsei2 - INFO - Collected 20 forms
[ 2024-04-25 05:27:05,281 ] 91 luthien5921+shinsei2 - INFO - Number of filtered forms left is: 0 form(s)
[ 2024-04-25 05:27:05,281 ] 91 luthien5921+shinsei2 - ERROR - No form found
[ 2024-04-25 05:27:06,375 ] 91 luthien5921 - INFO - Collected 20 forms
[ 2024-04-25 05:27:06,782 ] 91 luthien5921 - INFO - Number of filtered forms left is: 0 form(s)
[ 2024-04-25 05:27:06,782 ] 91 luthien5921 - ERROR - No form found
[ 2024-04-25 05:27:06,926 ] 91 luthien5921+shinsei1 - INFO - Collected 20 forms
[ 2024-04-25 05:27:07,321 ] 91 luthien5921+shinsei1 - INFO - Number of filtered forms left is: 0 form(s)
[ 2024-04-25 05:27:07,322 ] 91 luthien5921+shinsei1 - ERROR - No form found
[ 2024-04-25 05:27:07,720 ] 91 luthien5921+shinsei2 - INFO - Collected 20 forms
[ 2024-04-25 05:27:08,095 ] 91 luthien5921+shinsei2 - INFO - Number of filtered forms left is: 0 form(s)
[ 2024-04-25 05:27:08,095 ] 91 luthien5921+shinsei2 - ERROR - No form found
[ 2024-04-25 05:27:09,212 ] 91 luthien5921 - INFO - Collected 20 forms
[ 2024-04-25 05:27:09,610 ] 91 luthien5921 - INFO - Number of filtered forms left is: 0 form(s)
[ 2024-04-25 05:27:09,610 ] 91 luthien5921 - ERROR - No form found
[ 2024-04-25 05:27:09,874 ] 91 luthien5921+shinsei1 - INFO - Collected 20 forms
[ 2024-04-25 05:27:10,229 ] 91 luthien5921+shinsei1 - INFO - Number of filtered forms left is: 0 form(s)
[ 2024-04-25 05:27:10,229 ] 91 luthien5921+shinsei1 - ERROR - No form found
[ 2024-04-25 05:27:10,547 ] 91 luthien5921+shinsei2 - INFO - Collected 20 forms
[ 2024-04-25 05:27:10,897 ] 91 luthien5921+shinsei2 - INFO - Number of filtered forms left is: 0 form(s)
[ 2024-04-25 05:27:10,898 ] 91 luthien5921+shinsei2 - ERROR - No form found
[ 2024-04-25 05:27:11,750 ] 91 luthien5921 - INFO - Collected 20 forms
[ 2024-04-25 05:27:12,117 ] 91 luthien5921 - INFO - Number of filtered forms left is: 0 form(s)
[ 2024-04-25 05:27:12,117 ] 91 luthien5921 - ERROR - No form found
[ 2024-04-25 05:27:12,655 ] 91 luthien5921+shinsei1 - INFO - Collected 20 forms
[ 2024-04-25 05:27:13,048 ] 91 luthien5921+shinsei1 - INFO - Number of filtered forms left is: 0 form(s)
[ 2024-04-25 05:27:13,048 ] 91 luthien5921+shinsei1 - ERROR - No form found
[ 2024-04-25 05:27:13,254 ] 91 luthien5921+shinsei2 - INFO - Collected 20 forms
[ 2024-04-25 05:27:13,630 ] 91 luthien5921+shinsei2 - INFO - Number of filtered forms left is: 0 form(s)
[ 2024-04-25 05:27:13,630 ] 91 luthien5921+shinsei2 - ERROR - No form found
[ 2024-04-25 05:27:14,268 ] 91 luthien5921 - INFO - Collected 20 forms
[ 2024-04-25 05:27:14,660 ] 91 luthien5921 - INFO - Number of filtered forms left is: 0 form(s)
[ 2024-04-25 05:27:14,660 ] 91 luthien5921 - ERROR - No form found
[ 2024-04-25 05:27:15,382 ] 91 luthien5921+shinsei1 - INFO - Collected 20 forms
[ 2024-04-25 05:27:15,760 ] 91 luthien5921+shinsei1 - INFO - Number of filtered forms left is: 0 form(s)
[ 2024-04-25 05:27:15,761 ] 91 luthien5921+shinsei1 - ERROR - No form found
[ 2024-04-25 05:27:16,381 ] 91 luthien5921+shinsei2 - INFO - Collected 20 forms
[ 2024-04-25 05:27:16,755 ] 91 luthien5921+shinsei2 - INFO - Number of filtered forms left is: 0 form(s)
[ 2024-04-25 05:27:16,756 ] 91 luthien5921+shinsei2 - ERROR - No form found
[ 2024-04-25 05:27:16,806 ] 91 luthien5921 - INFO - Collected 20 forms
[ 2024-04-25 05:27:17,183 ] 91 luthien5921 - INFO - Number of filtered forms left is: 0 form(s)
[ 2024-04-25 05:27:17,183 ] 91 luthien5921 - ERROR - No form found
[ 2024-04-25 05:27:18,192 ] 91 luthien5921+shinsei1 - INFO - Collected 20 forms
[ 2024-04-25 05:27:18,599 ] 91 luthien5921+shinsei1 - INFO - Number of filtered forms left is: 0 form(s)
[ 2024-04-25 05:27:18,600 ] 91 luthien5921+shinsei1 - ERROR - No form found
[ 2024-04-25 05:27:19,130 ] 91 luthien5921+shinsei2 - INFO - Collected 20 forms
[ 2024-04-25 05:27:19,433 ] 91 luthien5921 - INFO - Collected 20 forms
[ 2024-04-25 05:27:19,544 ] 91 luthien5921+shinsei2 - INFO - Number of filtered forms left is: 0 form(s)
[ 2024-04-25 05:27:19,544 ] 91 luthien5921+shinsei2 - ERROR - No form found
[ 2024-04-25 05:27:19,813 ] 91 luthien5921 - INFO - Number of filtered forms left is: 0 form(s)
[ 2024-04-25 05:27:19,814 ] 91 luthien5921 - ERROR - No form found
[ 2024-04-25 05:27:21,156 ] 91 luthien5921+shinsei1 - INFO - Collected 20 forms
[ 2024-04-25 05:27:21,530 ] 91 luthien5921+shinsei1 - INFO - Number of filtered forms left is: 0 form(s)
[ 2024-04-25 05:27:21,530 ] 91 luthien5921+shinsei1 - ERROR - No form found
[ 2024-04-25 05:27:21,881 ] 91 luthien5921 - INFO - Collected 20 forms
[ 2024-04-25 05:27:22,186 ] 91 luthien5921+shinsei2 - INFO - Collected 20 forms
[ 2024-04-25 05:27:22,269 ] 91 luthien5921 - INFO - Number of filtered forms left is: 0 form(s)
[ 2024-04-25 05:27:22,269 ] 91 luthien5921 - ERROR - No form found
[ 2024-04-25 05:27:22,549 ] 91 luthien5921+shinsei2 - INFO - Number of filtered forms left is: 0 form(s)
[ 2024-04-25 05:27:22,549 ] 91 luthien5921+shinsei2 - ERROR - No form found
[ 2024-04-25 05:27:23,655 ] 91 luthien5921+shinsei1 - INFO - Collected 20 forms
[ 2024-04-25 05:27:24,057 ] 91 luthien5921+shinsei1 - INFO - Number of filtered forms left is: 0 form(s)
[ 2024-04-25 05:27:24,058 ] 91 luthien5921+shinsei1 - ERROR - No form found
[ 2024-04-25 05:27:24,369 ] 91 luthien5921 - INFO - Collected 20 forms
[ 2024-04-25 05:27:24,738 ] 91 luthien5921 - INFO - Number of filtered forms left is: 0 form(s)
[ 2024-04-25 05:27:24,738 ] 91 luthien5921 - ERROR - No form found
[ 2024-04-25 05:27:24,997 ] 91 luthien5921+shinsei2 - INFO - Collected 20 forms
[ 2024-04-25 05:27:25,353 ] 91 luthien5921+shinsei2 - INFO - Number of filtered forms left is: 0 form(s)
[ 2024-04-25 05:27:25,353 ] 91 luthien5921+shinsei2 - ERROR - No form found
[ 2024-04-25 05:27:26,309 ] 91 luthien5921+shinsei1 - INFO - Collected 20 forms
[ 2024-04-25 05:27:26,691 ] 91 luthien5921+shinsei1 - INFO - Number of filtered forms left is: 0 form(s)
[ 2024-04-25 05:27:26,691 ] 91 luthien5921+shinsei1 - ERROR - No form found
[ 2024-04-25 05:27:27,156 ] 91 luthien5921 - INFO - Collected 20 forms
[ 2024-04-25 05:27:27,520 ] 91 luthien5921 - INFO - Number of filtered forms left is: 0 form(s)
[ 2024-04-25 05:27:27,521 ] 91 luthien5921 - ERROR - No form found
[ 2024-04-25 05:27:27,627 ] 91 luthien5921+shinsei2 - INFO - Collected 20 forms
[ 2024-04-25 05:27:27,997 ] 91 luthien5921+shinsei2 - INFO - Number of filtered forms left is: 0 form(s)
[ 2024-04-25 05:27:27,998 ] 91 luthien5921+shinsei2 - ERROR - No form found
[ 2024-04-25 05:27:28,857 ] 91 luthien5921+shinsei1 - INFO - Collected 20 forms
[ 2024-04-25 05:27:29,237 ] 91 luthien5921+shinsei1 - INFO - Number of filtered forms left is: 0 form(s)
[ 2024-04-25 05:27:29,237 ] 91 luthien5921+shinsei1 - ERROR - No form found
[ 2024-04-25 05:27:29,717 ] 91 luthien5921 - INFO - Collected 20 forms
[ 2024-04-25 05:27:30,093 ] 91 luthien5921 - INFO - Number of filtered forms left is: 0 form(s)
[ 2024-04-25 05:27:30,093 ] 91 luthien5921 - ERROR - No form found
[ 2024-04-25 05:27:30,166 ] 91 luthien5921+shinsei2 - INFO - Collected 20 forms
[ 2024-04-25 05:27:30,518 ] 91 luthien5921+shinsei2 - INFO - Number of filtered forms left is: 0 form(s)
[ 2024-04-25 05:27:30,518 ] 91 luthien5921+shinsei2 - ERROR - No form found
[ 2024-04-25 05:27:31,267 ] 91 luthien5921+shinsei1 - INFO - Collected 20 forms
[ 2024-04-25 05:27:31,662 ] 91 luthien5921+shinsei1 - INFO - Number of filtered forms left is: 0 form(s)
[ 2024-04-25 05:27:31,662 ] 91 luthien5921+shinsei1 - ERROR - No form found
[ 2024-04-25 05:27:33,136 ] 91 luthien5921 - INFO - Collected 20 forms
[ 2024-04-25 05:27:33,314 ] 91 luthien5921+shinsei2 - INFO - Collected 20 forms
[ 2024-04-25 05:27:33,563 ] 91 luthien5921 - INFO - Number of filtered forms left is: 0 form(s)
[ 2024-04-25 05:27:33,564 ] 91 luthien5921 - ERROR - No form found
[ 2024-04-25 05:27:33,733 ] 91 luthien5921+shinsei2 - INFO - Number of filtered forms left is: 0 form(s)
[ 2024-04-25 05:27:33,734 ] 91 luthien5921+shinsei2 - ERROR - No form found
[ 2024-04-25 05:27:33,911 ] 91 luthien5921+shinsei1 - INFO - Collected 20 forms
[ 2024-04-25 05:27:34,251 ] 91 luthien5921+shinsei1 - INFO - Number of filtered forms left is: 0 form(s)
[ 2024-04-25 05:27:34,251 ] 91 luthien5921+shinsei1 - ERROR - No form found
[ 2024-04-25 05:27:35,905 ] 91 luthien5921 - INFO - Collected 20 forms
[ 2024-04-25 05:27:36,295 ] 91 luthien5921 - INFO - Number of filtered forms left is: 0 form(s)
[ 2024-04-25 05:27:36,295 ] 91 luthien5921 - ERROR - No form found
[ 2024-04-25 05:27:36,458 ] 91 luthien5921+shinsei2 - INFO - Collected 20 forms
[ 2024-04-25 05:27:36,857 ] 91 luthien5921+shinsei2 - INFO - Number of filtered forms left is: 0 form(s)
[ 2024-04-25 05:27:36,857 ] 91 luthien5921+shinsei2 - ERROR - No form found
[ 2024-04-25 05:27:36,919 ] 91 luthien5921+shinsei1 - INFO - Collected 20 forms
[ 2024-04-25 05:27:37,273 ] 91 luthien5921+shinsei1 - INFO - Number of filtered forms left is: 0 form(s)
[ 2024-04-25 05:27:37,273 ] 91 luthien5921+shinsei1 - ERROR - No form found
[ 2024-04-25 05:27:38,997 ] 91 luthien5921 - INFO - Collected 20 forms
[ 2024-04-25 05:27:39,355 ] 91 luthien5921+shinsei2 - INFO - Collected 20 forms
[ 2024-04-25 05:27:39,419 ] 91 luthien5921+shinsei1 - INFO - Collected 20 forms
[ 2024-04-25 05:27:39,495 ] 91 luthien5921 - INFO - Number of filtered forms left is: 0 form(s)
[ 2024-04-25 05:27:39,495 ] 91 luthien5921 - ERROR - No form found
[ 2024-04-25 05:27:39,780 ] 91 luthien5921+shinsei2 - INFO - Number of filtered forms left is: 0 form(s)
[ 2024-04-25 05:27:39,780 ] 91 luthien5921+shinsei2 - ERROR - No form found
[ 2024-04-25 05:27:39,817 ] 91 luthien5921+shinsei1 - INFO - Number of filtered forms left is: 0 form(s)
[ 2024-04-25 05:27:39,818 ] 91 luthien5921+shinsei1 - ERROR - No form found
[ 2024-04-25 05:27:41,606 ] 91 luthien5921 - INFO - Collected 20 forms
[ 2024-04-25 05:27:41,978 ] 91 luthien5921 - INFO - Number of filtered forms left is: 0 form(s)
[ 2024-04-25 05:27:41,978 ] 91 luthien5921 - ERROR - No form found
[ 2024-04-25 05:27:42,239 ] 91 luthien5921+shinsei2 - INFO - Collected 20 forms
[ 2024-04-25 05:27:42,604 ] 91 luthien5921+shinsei2 - INFO - Number of filtered forms left is: 0 form(s)
[ 2024-04-25 05:27:42,604 ] 91 luthien5921+shinsei2 - ERROR - No form found
[ 2024-04-25 05:27:42,631 ] 91 luthien5921+shinsei1 - INFO - Collected 20 forms
[ 2024-04-25 05:27:42,971 ] 91 luthien5921+shinsei1 - INFO - Number of filtered forms left is: 0 form(s)
[ 2024-04-25 05:27:42,971 ] 91 luthien5921+shinsei1 - ERROR - No form found
[ 2024-04-25 05:27:44,126 ] 91 luthien5921 - INFO - Collected 20 forms
[ 2024-04-25 05:27:44,503 ] 91 luthien5921 - INFO - Number of filtered forms left is: 0 form(s)
[ 2024-04-25 05:27:44,503 ] 91 luthien5921 - ERROR - No form found
[ 2024-04-25 05:27:45,029 ] 91 luthien5921+shinsei2 - INFO - Collected 20 forms
[ 2024-04-25 05:27:45,363 ] 91 luthien5921+shinsei1 - INFO - Collected 20 forms
[ 2024-04-25 05:27:45,385 ] 91 luthien5921+shinsei2 - INFO - Number of filtered forms left is: 0 form(s)
[ 2024-04-25 05:27:45,385 ] 91 luthien5921+shinsei2 - ERROR - No form found
[ 2024-04-25 05:27:45,712 ] 91 luthien5921+shinsei1 - INFO - Number of filtered forms left is: 0 form(s)
[ 2024-04-25 05:27:45,712 ] 91 luthien5921+shinsei1 - ERROR - No form found
[ 2024-04-25 05:27:46,663 ] 91 luthien5921 - INFO - Collected 20 forms
[ 2024-04-25 05:27:47,029 ] 91 luthien5921 - INFO - Number of filtered forms left is: 0 form(s)
[ 2024-04-25 05:27:47,029 ] 91 luthien5921 - ERROR - No form found
[ 2024-04-25 05:27:47,438 ] 91 luthien5921+shinsei2 - INFO - Collected 20 forms
[ 2024-04-25 05:27:47,814 ] 91 luthien5921+shinsei2 - INFO - Number of filtered forms left is: 0 form(s)
[ 2024-04-25 05:27:47,815 ] 91 luthien5921+shinsei2 - ERROR - No form found
[ 2024-04-25 05:27:48,167 ] 91 luthien5921+shinsei1 - INFO - Collected 20 forms
[ 2024-04-25 05:27:48,513 ] 91 luthien5921+shinsei1 - INFO - Number of filtered forms left is: 0 form(s)
[ 2024-04-25 05:27:48,513 ] 91 luthien5921+shinsei1 - ERROR - No form found
[ 2024-04-25 05:27:49,237 ] 91 luthien5921 - INFO - Collected 20 forms
[ 2024-04-25 05:27:49,630 ] 91 luthien5921 - INFO - Number of filtered forms left is: 0 form(s)
[ 2024-04-25 05:27:49,630 ] 91 luthien5921 - ERROR - No form found
[ 2024-04-25 05:27:49,955 ] 91 luthien5921+shinsei2 - INFO - Collected 20 forms
[ 2024-04-25 05:27:50,305 ] 91 luthien5921+shinsei2 - INFO - Number of filtered forms left is: 0 form(s)
[ 2024-04-25 05:27:50,305 ] 91 luthien5921+shinsei2 - ERROR - No form found
[ 2024-04-25 05:27:51,006 ] 91 luthien5921+shinsei1 - INFO - Collected 20 forms
[ 2024-04-25 05:27:51,416 ] 91 luthien5921+shinsei1 - INFO - Number of filtered forms left is: 0 form(s)
[ 2024-04-25 05:27:51,416 ] 91 luthien5921+shinsei1 - ERROR - No form found
[ 2024-04-25 05:27:51,824 ] 91 luthien5921 - INFO - Collected 20 forms
[ 2024-04-25 05:27:52,188 ] 91 luthien5921 - INFO - Number of filtered forms left is: 0 form(s)
[ 2024-04-25 05:27:52,188 ] 91 luthien5921 - ERROR - No form found
[ 2024-04-25 05:27:53,257 ] 91 luthien5921+shinsei2 - INFO - Collected 20 forms
[ 2024-04-25 05:27:53,593 ] 91 luthien5921+shinsei1 - INFO - Collected 20 forms
[ 2024-04-25 05:27:53,681 ] 91 luthien5921+shinsei2 - INFO - Number of filtered forms left is: 0 form(s)
[ 2024-04-25 05:27:53,681 ] 91 luthien5921+shinsei2 - ERROR - No form found
[ 2024-04-25 05:27:53,952 ] 91 luthien5921+shinsei1 - INFO - Number of filtered forms left is: 0 form(s)
[ 2024-04-25 05:27:53,952 ] 91 luthien5921+shinsei1 - ERROR - No form found
[ 2024-04-25 05:27:54,328 ] 91 luthien5921 - INFO - Collected 20 forms
[ 2024-04-25 05:27:54,673 ] 91 luthien5921 - INFO - Number of filtered forms left is: 0 form(s)
[ 2024-04-25 05:27:54,673 ] 91 luthien5921 - ERROR - No form found
[ 2024-04-25 05:27:56,354 ] 91 luthien5921+shinsei2 - INFO - Collected 20 forms
[ 2024-04-25 05:27:56,658 ] 91 luthien5921+shinsei1 - INFO - Collected 20 forms
[ 2024-04-25 05:27:56,768 ] 91 luthien5921 - INFO - Collected 20 forms
[ 2024-04-25 05:27:56,841 ] 91 luthien5921+shinsei2 - INFO - Number of filtered forms left is: 0 form(s)
[ 2024-04-25 05:27:56,841 ] 91 luthien5921+shinsei2 - ERROR - No form found
[ 2024-04-25 05:27:57,078 ] 91 luthien5921+shinsei1 - INFO - Number of filtered forms left is: 0 form(s)
[ 2024-04-25 05:27:57,078 ] 91 luthien5921+shinsei1 - ERROR - No form found
[ 2024-04-25 05:27:57,158 ] 91 luthien5921 - INFO - Number of filtered forms left is: 0 form(s)
[ 2024-04-25 05:27:57,158 ] 91 luthien5921 - ERROR - No form found
[ 2024-04-25 05:27:59,077 ] 91 luthien5921+shinsei2 - INFO - Collected 20 forms
[ 2024-04-25 05:27:59,420 ] 91 luthien5921 - INFO - Collected 20 forms
[ 2024-04-25 05:27:59,543 ] 91 luthien5921+shinsei2 - INFO - Number of filtered forms left is: 0 form(s)
[ 2024-04-25 05:27:59,543 ] 91 luthien5921+shinsei2 - ERROR - No form found
[ 2024-04-25 05:27:59,562 ] 91 luthien5921+shinsei1 - INFO - Collected 20 forms
[ 2024-04-25 05:27:59,839 ] 91 luthien5921 - INFO - Number of filtered forms left is: 0 form(s)
[ 2024-04-25 05:27:59,839 ] 91 luthien5921 - ERROR - No form found
[ 2024-04-25 05:27:59,929 ] 91 luthien5921+shinsei1 - INFO - Number of filtered forms left is: 0 form(s)
[ 2024-04-25 05:27:59,929 ] 91 luthien5921+shinsei1 - ERROR - No form found
[ 2024-04-25 05:28:01,801 ] 91 luthien5921+shinsei2 - INFO - Collected 20 forms
[ 2024-04-25 05:28:01,929 ] 91 luthien5921 - INFO - Collected 20 forms
[ 2024-04-25 05:28:02,181 ] 91 luthien5921+shinsei1 - INFO - Collected 20 forms
[ 2024-04-25 05:28:02,278 ] 91 luthien5921+shinsei2 - INFO - Number of filtered forms left is: 0 form(s)
[ 2024-04-25 05:28:02,278 ] 91 luthien5921+shinsei2 - ERROR - No form found
[ 2024-04-25 05:28:02,389 ] 91 luthien5921 - INFO - Number of filtered forms left is: 0 form(s)
[ 2024-04-25 05:28:02,390 ] 91 luthien5921 - ERROR - No form found
[ 2024-04-25 05:28:02,542 ] 91 luthien5921+shinsei1 - INFO - Number of filtered forms left is: 0 form(s)
[ 2024-04-25 05:28:02,542 ] 91 luthien5921+shinsei1 - ERROR - No form found
[ 2024-04-25 05:28:04,425 ] 91 luthien5921+shinsei2 - INFO - Collected 20 forms
[ 2024-04-25 05:28:04,756 ] 91 luthien5921 - INFO - Collected 20 forms
[ 2024-04-25 05:28:04,957 ] 91 luthien5921+shinsei2 - INFO - Number of filtered forms left is: 0 form(s)
[ 2024-04-25 05:28:04,958 ] 91 luthien5921+shinsei2 - ERROR - No form found
[ 2024-04-25 05:28:05,030 ] 91 luthien5921+shinsei1 - INFO - Collected 20 forms
[ 2024-04-25 05:28:05,220 ] 91 luthien5921 - INFO - Number of filtered forms left is: 0 form(s)
[ 2024-04-25 05:28:05,220 ] 91 luthien5921 - ERROR - No form found
[ 2024-04-25 05:28:05,424 ] 91 luthien5921+shinsei1 - INFO - Number of filtered forms left is: 0 form(s)
[ 2024-04-25 05:28:05,424 ] 91 luthien5921+shinsei1 - ERROR - No form found
[ 2024-04-25 05:28:07,230 ] 91 luthien5921+shinsei2 - INFO - Collected 20 forms
[ 2024-04-25 05:28:07,430 ] 91 luthien5921 - INFO - Collected 20 forms
[ 2024-04-25 05:28:07,724 ] 91 luthien5921+shinsei2 - INFO - Number of filtered forms left is: 0 form(s)
[ 2024-04-25 05:28:07,725 ] 91 luthien5921+shinsei2 - ERROR - No form found
[ 2024-04-25 05:28:07,744 ] 91 luthien5921+shinsei1 - INFO - Collected 20 forms
[ 2024-04-25 05:28:07,905 ] 91 luthien5921 - INFO - Number of filtered forms left is: 0 form(s)
[ 2024-04-25 05:28:07,905 ] 91 luthien5921 - ERROR - No form found
[ 2024-04-25 05:28:08,103 ] 91 luthien5921+shinsei1 - INFO - Number of filtered forms left is: 0 form(s)
[ 2024-04-25 05:28:08,103 ] 91 luthien5921+shinsei1 - ERROR - No form found
[ 2024-04-25 05:28:09,966 ] 91 luthien5921+shinsei2 - INFO - Collected 20 forms
[ 2024-04-25 05:28:10,263 ] 91 luthien5921 - INFO - Collected 20 forms
[ 2024-04-25 05:28:10,449 ] 91 luthien5921+shinsei2 - INFO - Number of filtered forms left is: 0 form(s)
[ 2024-04-25 05:28:10,450 ] 91 luthien5921+shinsei2 - ERROR - No form found
[ 2024-04-25 05:28:10,474 ] 91 luthien5921+shinsei1 - INFO - Collected 20 forms
[ 2024-04-25 05:28:10,717 ] 91 luthien5921 - INFO - Number of filtered forms left is: 0 form(s)
[ 2024-04-25 05:28:10,717 ] 91 luthien5921 - ERROR - No form found
[ 2024-04-25 05:28:10,862 ] 91 luthien5921+shinsei1 - INFO - Number of filtered forms left is: 0 form(s)
[ 2024-04-25 05:28:10,862 ] 91 luthien5921+shinsei1 - ERROR - No form found
[ 2024-04-25 05:28:12,759 ] 91 luthien5921+shinsei2 - INFO - Collected 20 forms
[ 2024-04-25 05:28:12,883 ] 91 luthien5921 - INFO - Collected 20 forms
[ 2024-04-25 05:28:13,162 ] 91 luthien5921+shinsei1 - INFO - Collected 20 forms
[ 2024-04-25 05:28:13,228 ] 91 luthien5921+shinsei2 - INFO - Number of filtered forms left is: 0 form(s)
[ 2024-04-25 05:28:13,229 ] 91 luthien5921+shinsei2 - ERROR - No form found
[ 2024-04-25 05:28:13,367 ] 91 luthien5921 - INFO - Number of filtered forms left is: 0 form(s)
[ 2024-04-25 05:28:13,367 ] 91 luthien5921 - ERROR - No form found
[ 2024-04-25 05:28:13,569 ] 91 luthien5921+shinsei1 - INFO - Number of filtered forms left is: 0 form(s)
[ 2024-04-25 05:28:13,569 ] 91 luthien5921+shinsei1 - ERROR - No form found
[ 2024-04-25 05:28:15,454 ] 91 luthien5921+shinsei2 - INFO - Collected 20 forms
[ 2024-04-25 05:28:15,561 ] 91 luthien5921 - INFO - Collected 20 forms
[ 2024-04-25 05:28:15,901 ] 91 luthien5921+shinsei1 - INFO - Collected 20 forms
[ 2024-04-25 05:28:15,911 ] 91 luthien5921+shinsei2 - INFO - Number of filtered forms left is: 0 form(s)
[ 2024-04-25 05:28:15,913 ] 91 luthien5921+shinsei2 - ERROR - No form found
[ 2024-04-25 05:28:16,023 ] 91 luthien5921 - INFO - Number of filtered forms left is: 0 form(s)
[ 2024-04-25 05:28:16,024 ] 91 luthien5921 - ERROR - No form found
[ 2024-04-25 05:28:16,259 ] 91 luthien5921+shinsei1 - INFO - Number of filtered forms left is: 0 form(s)
[ 2024-04-25 05:28:16,260 ] 91 luthien5921+shinsei1 - ERROR - No form found
[ 2024-04-25 05:28:18,105 ] 91 luthien5921+shinsei2 - INFO - Collected 20 forms
[ 2024-04-25 05:28:18,366 ] 91 luthien5921 - INFO - Collected 20 forms
[ 2024-04-25 05:28:18,572 ] 91 luthien5921+shinsei1 - INFO - Collected 20 forms
[ 2024-04-25 05:28:18,642 ] 91 luthien5921+shinsei2 - INFO - Number of filtered forms left is: 0 form(s)
[ 2024-04-25 05:28:18,643 ] 91 luthien5921+shinsei2 - ERROR - No form found
[ 2024-04-25 05:28:18,863 ] 91 luthien5921 - INFO - Number of filtered forms left is: 0 form(s)
[ 2024-04-25 05:28:18,863 ] 91 luthien5921 - ERROR - No form found
[ 2024-04-25 05:28:18,959 ] 91 luthien5921+shinsei1 - INFO - Number of filtered forms left is: 0 form(s)
[ 2024-04-25 05:28:18,959 ] 91 luthien5921+shinsei1 - ERROR - No form found
[ 2024-04-25 05:28:20,837 ] 91 luthien5921+shinsei2 - INFO - Collected 20 forms
[ 2024-04-25 05:28:21,262 ] 91 luthien5921 - INFO - Collected 20 forms
[ 2024-04-25 05:28:21,285 ] 91 luthien5921+shinsei1 - INFO - Collected 20 forms
[ 2024-04-25 05:28:21,295 ] 91 luthien5921+shinsei2 - INFO - Number of filtered forms left is: 0 form(s)
[ 2024-04-25 05:28:21,296 ] 91 luthien5921+shinsei2 - ERROR - No form found
[ 2024-04-25 05:28:21,665 ] 91 luthien5921 - INFO - Number of filtered forms left is: 0 form(s)
[ 2024-04-25 05:28:21,666 ] 91 luthien5921 - ERROR - No form found
[ 2024-04-25 05:28:21,676 ] 91 luthien5921+shinsei1 - INFO - Number of filtered forms left is: 0 form(s)
[ 2024-04-25 05:28:21,676 ] 91 luthien5921+shinsei1 - ERROR - No form found
[ 2024-04-25 05:28:23,615 ] 91 luthien5921+shinsei2 - INFO - Collected 20 forms
[ 2024-04-25 05:28:23,828 ] 91 luthien5921 - INFO - Collected 20 forms
[ 2024-04-25 05:28:24,054 ] 91 luthien5921+shinsei1 - INFO - Collected 20 forms
[ 2024-04-25 05:28:24,110 ] 91 luthien5921+shinsei2 - INFO - Number of filtered forms left is: 0 form(s)
[ 2024-04-25 05:28:24,110 ] 91 luthien5921+shinsei2 - ERROR - No form found
[ 2024-04-25 05:28:24,269 ] 91 luthien5921 - INFO - Number of filtered forms left is: 0 form(s)
[ 2024-04-25 05:28:24,269 ] 91 luthien5921 - ERROR - No form found
[ 2024-04-25 05:28:24,413 ] 91 luthien5921+shinsei1 - INFO - Number of filtered forms left is: 0 form(s)
[ 2024-04-25 05:28:24,413 ] 91 luthien5921+shinsei1 - ERROR - No form found
[ 2024-04-25 05:28:26,183 ] 91 luthien5921+shinsei2 - INFO - Collected 20 forms
[ 2024-04-25 05:28:26,302 ] 91 luthien5921 - INFO - Collected 20 forms
[ 2024-04-25 05:28:26,665 ] 91 luthien5921+shinsei2 - INFO - Number of filtered forms left is: 0 form(s)
[ 2024-04-25 05:28:26,665 ] 91 luthien5921+shinsei2 - ERROR - No form found
[ 2024-04-25 05:28:26,771 ] 91 luthien5921+shinsei1 - INFO - Collected 20 forms
[ 2024-04-25 05:28:26,787 ] 91 luthien5921 - INFO - Number of filtered forms left is: 0 form(s)
[ 2024-04-25 05:28:26,787 ] 91 luthien5921 - ERROR - No form found
[ 2024-04-25 05:28:27,125 ] 91 luthien5921+shinsei1 - INFO - Number of filtered forms left is: 0 form(s)
[ 2024-04-25 05:28:27,125 ] 91 luthien5921+shinsei1 - ERROR - No form found
[ 2024-04-25 05:28:28,879 ] 91 luthien5921+shinsei2 - INFO - Collected 20 forms
[ 2024-04-25 05:28:29,282 ] 91 luthien5921 - INFO - Collected 20 forms
[ 2024-04-25 05:28:29,286 ] 91 luthien5921+shinsei2 - INFO - Number of filtered forms left is: 0 form(s)
[ 2024-04-25 05:28:29,286 ] 91 luthien5921+shinsei2 - ERROR - No form found
[ 2024-04-25 05:28:29,312 ] 91 luthien5921+shinsei1 - INFO - Collected 20 forms
[ 2024-04-25 05:28:29,708 ] 91 luthien5921 - INFO - Number of filtered forms left is: 0 form(s)
[ 2024-04-25 05:28:29,709 ] 91 luthien5921 - ERROR - No form found
[ 2024-04-25 05:28:29,725 ] 91 luthien5921+shinsei1 - INFO - Number of filtered forms left is: 0 form(s)
[ 2024-04-25 05:28:29,725 ] 91 luthien5921+shinsei1 - ERROR - No form found
[ 2024-04-25 05:28:31,541 ] 91 luthien5921+shinsei2 - INFO - Collected 20 forms
[ 2024-04-25 05:28:31,792 ] 91 luthien5921+shinsei1 - INFO - Collected 20 forms
[ 2024-04-25 05:28:31,935 ] 91 luthien5921 - INFO - Collected 20 forms
[ 2024-04-25 05:28:32,037 ] 91 luthien5921+shinsei2 - INFO - Number of filtered forms left is: 0 form(s)
[ 2024-04-25 05:28:32,037 ] 91 luthien5921+shinsei2 - ERROR - No form found
[ 2024-04-25 05:28:32,220 ] 91 luthien5921+shinsei1 - INFO - Number of filtered forms left is: 0 form(s)
[ 2024-04-25 05:28:32,221 ] 91 luthien5921+shinsei1 - ERROR - No form found
[ 2024-04-25 05:28:32,314 ] 91 luthien5921 - INFO - Number of filtered forms left is: 0 form(s)
[ 2024-04-25 05:28:32,315 ] 91 luthien5921 - ERROR - No form found
[ 2024-04-25 05:28:34,457 ] 91 luthien5921+shinsei1 - INFO - Collected 20 forms
[ 2024-04-25 05:28:34,462 ] 91 luthien5921+shinsei2 - INFO - Collected 20 forms
[ 2024-04-25 05:28:34,926 ] 91 luthien5921+shinsei1 - INFO - Number of filtered forms left is: 0 form(s)
[ 2024-04-25 05:28:34,926 ] 91 luthien5921+shinsei2 - INFO - Number of filtered forms left is: 0 form(s)
[ 2024-04-25 05:28:34,927 ] 91 luthien5921+shinsei1 - ERROR - No form found
[ 2024-04-25 05:28:34,927 ] 91 luthien5921+shinsei2 - ERROR - No form found
[ 2024-04-25 05:28:34,952 ] 91 luthien5921 - INFO - Collected 20 forms
[ 2024-04-25 05:28:35,282 ] 91 luthien5921 - INFO - Number of filtered forms left is: 0 form(s)
[ 2024-04-25 05:28:35,282 ] 91 luthien5921 - ERROR - No form found
[ 2024-04-25 05:28:37,464 ] 91 luthien5921+shinsei1 - INFO - Collected 20 forms
[ 2024-04-25 05:28:37,564 ] 91 luthien5921 - INFO - Collected 20 forms
[ 2024-04-25 05:28:37,749 ] 91 luthien5921+shinsei2 - INFO - Collected 20 forms
[ 2024-04-25 05:28:37,961 ] 91 luthien5921+shinsei1 - INFO - Number of filtered forms left is: 0 form(s)
[ 2024-04-25 05:28:37,961 ] 91 luthien5921+shinsei1 - ERROR - No form found
[ 2024-04-25 05:28:38,057 ] 91 luthien5921 - INFO - Number of filtered forms left is: 0 form(s)
[ 2024-04-25 05:28:38,057 ] 91 luthien5921 - ERROR - No form found
[ 2024-04-25 05:28:38,187 ] 91 luthien5921+shinsei2 - INFO - Number of filtered forms left is: 0 form(s)
[ 2024-04-25 05:28:38,187 ] 91 luthien5921+shinsei2 - ERROR - No form found
[ 2024-04-25 05:28:40,346 ] 91 luthien5921+shinsei1 - INFO - Collected 20 forms
[ 2024-04-25 05:28:40,591 ] 91 luthien5921 - INFO - Collected 20 forms
[ 2024-04-25 05:28:40,734 ] 91 luthien5921+shinsei2 - INFO - Collected 20 forms
[ 2024-04-25 05:28:40,818 ] 91 luthien5921+shinsei1 - INFO - Number of filtered forms left is: 0 form(s)
[ 2024-04-25 05:28:40,819 ] 91 luthien5921+shinsei1 - ERROR - No form found
[ 2024-04-25 05:28:41,064 ] 91 luthien5921 - INFO - Number of filtered forms left is: 0 form(s)
[ 2024-04-25 05:28:41,065 ] 91 luthien5921 - ERROR - No form found
[ 2024-04-25 05:28:41,143 ] 91 luthien5921+shinsei2 - INFO - Number of filtered forms left is: 0 form(s)
[ 2024-04-25 05:28:41,143 ] 91 luthien5921+shinsei2 - ERROR - No form found
[ 2024-04-25 05:28:42,930 ] 91 luthien5921+shinsei1 - INFO - Collected 20 forms
[ 2024-04-25 05:28:43,358 ] 91 luthien5921+shinsei1 - INFO - Number of filtered forms left is: 0 form(s)
[ 2024-04-25 05:28:43,359 ] 91 luthien5921+shinsei1 - ERROR - No form found
[ 2024-04-25 05:28:43,424 ] 91 luthien5921 - INFO - Collected 20 forms
[ 2024-04-25 05:28:43,497 ] 91 luthien5921+shinsei2 - INFO - Collected 20 forms
[ 2024-04-25 05:28:43,826 ] 91 luthien5921 - INFO - Number of filtered forms left is: 0 form(s)
[ 2024-04-25 05:28:43,827 ] 91 luthien5921 - ERROR - No form found
[ 2024-04-25 05:28:43,872 ] 91 luthien5921+shinsei2 - INFO - Number of filtered forms left is: 0 form(s)
[ 2024-04-25 05:28:43,872 ] 91 luthien5921+shinsei2 - ERROR - No form found
[ 2024-04-25 05:28:45,767 ] 91 luthien5921+shinsei1 - INFO - Collected 20 forms
[ 2024-04-25 05:28:46,087 ] 91 luthien5921 - INFO - Collected 20 forms
[ 2024-04-25 05:28:46,222 ] 91 luthien5921+shinsei1 - INFO - Number of filtered forms left is: 0 form(s)
[ 2024-04-25 05:28:46,222 ] 91 luthien5921+shinsei1 - ERROR - No form found
[ 2024-04-25 05:28:46,293 ] 91 luthien5921+shinsei2 - INFO - Collected 20 forms
[ 2024-04-25 05:28:46,499 ] 91 luthien5921 - INFO - Number of filtered forms left is: 0 form(s)
[ 2024-04-25 05:28:46,500 ] 91 luthien5921 - ERROR - No form found
[ 2024-04-25 05:28:46,663 ] 91 luthien5921+shinsei2 - INFO - Number of filtered forms left is: 0 form(s)
[ 2024-04-25 05:28:46,663 ] 91 luthien5921+shinsei2 - ERROR - No form found
[ 2024-04-25 05:28:48,423 ] 91 luthien5921+shinsei1 - INFO - Collected 20 forms
[ 2024-04-25 05:28:48,741 ] 91 luthien5921 - INFO - Collected 20 forms
[ 2024-04-25 05:28:48,891 ] 91 luthien5921+shinsei1 - INFO - Number of filtered forms left is: 0 form(s)
[ 2024-04-25 05:28:48,891 ] 91 luthien5921+shinsei1 - ERROR - No form found
[ 2024-04-25 05:28:49,140 ] 91 luthien5921 - INFO - Number of filtered forms left is: 0 form(s)
[ 2024-04-25 05:28:49,140 ] 91 luthien5921 - ERROR - No form found
[ 2024-04-25 05:28:49,169 ] 91 luthien5921+shinsei2 - INFO - Collected 20 forms
[ 2024-04-25 05:28:49,506 ] 91 luthien5921+shinsei2 - INFO - Number of filtered forms left is: 0 form(s)
[ 2024-04-25 05:28:49,506 ] 91 luthien5921+shinsei2 - ERROR - No form found
[ 2024-04-25 05:28:51,283 ] 91 luthien5921+shinsei1 - INFO - Collected 20 forms
[ 2024-04-25 05:28:51,439 ] 91 luthien5921 - INFO - Collected 20 forms
[ 2024-04-25 05:28:51,737 ] 91 luthien5921+shinsei1 - INFO - Number of filtered forms left is: 0 form(s)
[ 2024-04-25 05:28:51,737 ] 91 luthien5921+shinsei1 - ERROR - No form found
[ 2024-04-25 05:28:51,867 ] 91 luthien5921 - INFO - Number of filtered forms left is: 0 form(s)
[ 2024-04-25 05:28:51,867 ] 91 luthien5921 - ERROR - No form found
[ 2024-04-25 05:28:51,969 ] 91 luthien5921+shinsei2 - INFO - Collected 20 forms
[ 2024-04-25 05:28:52,329 ] 91 luthien5921+shinsei2 - INFO - Number of filtered forms left is: 0 form(s)
[ 2024-04-25 05:28:52,329 ] 91 luthien5921+shinsei2 - ERROR - No form found
[ 2024-04-25 05:28:53,822 ] 91 luthien5921+shinsei1 - INFO - Collected 20 forms
[ 2024-04-25 05:28:54,138 ] 91 luthien5921 - INFO - Collected 20 forms
[ 2024-04-25 05:28:54,275 ] 91 luthien5921+shinsei1 - INFO - Number of filtered forms left is: 0 form(s)
[ 2024-04-25 05:28:54,276 ] 91 luthien5921+shinsei1 - ERROR - No form found
[ 2024-04-25 05:28:54,583 ] 91 luthien5921 - INFO - Number of filtered forms left is: 0 form(s)
[ 2024-04-25 05:28:54,583 ] 91 luthien5921 - ERROR - No form found
[ 2024-04-25 05:28:54,726 ] 91 luthien5921+shinsei2 - INFO - Collected 20 forms
[ 2024-04-25 05:28:55,093 ] 91 luthien5921+shinsei2 - INFO - Number of filtered forms left is: 0 form(s)
[ 2024-04-25 05:28:55,093 ] 91 luthien5921+shinsei2 - ERROR - No form found
[ 2024-04-25 05:28:56,654 ] 91 luthien5921+shinsei1 - INFO - Collected 20 forms
[ 2024-04-25 05:28:56,832 ] 91 luthien5921 - INFO - Collected 20 forms
[ 2024-04-25 05:28:57,116 ] 91 luthien5921+shinsei1 - INFO - Number of filtered forms left is: 0 form(s)
[ 2024-04-25 05:28:57,117 ] 91 luthien5921+shinsei1 - ERROR - No form found
[ 2024-04-25 05:28:57,254 ] 91 luthien5921 - INFO - Number of filtered forms left is: 0 form(s)
[ 2024-04-25 05:28:57,254 ] 91 luthien5921 - ERROR - No form found
[ 2024-04-25 05:28:57,372 ] 91 luthien5921+shinsei2 - INFO - Collected 20 forms
[ 2024-04-25 05:28:57,724 ] 91 luthien5921+shinsei2 - INFO - Number of filtered forms left is: 0 form(s)
[ 2024-04-25 05:28:57,724 ] 91 luthien5921+shinsei2 - ERROR - No form found
[ 2024-04-25 05:28:59,346 ] 91 luthien5921 - INFO - Collected 20 forms
[ 2024-04-25 05:28:59,757 ] 91 luthien5921 - INFO - Number of filtered forms left is: 0 form(s)
[ 2024-04-25 05:28:59,757 ] 91 luthien5921 - ERROR - No form found
[ 2024-04-25 05:28:59,869 ] 91 luthien5921+shinsei1 - INFO - Collected 20 forms
[ 2024-04-25 05:28:59,948 ] 91 luthien5921+shinsei2 - INFO - Collected 20 forms
[ 2024-04-25 05:29:00,278 ] 91 luthien5921+shinsei1 - INFO - Number of filtered forms left is: 0 form(s)
[ 2024-04-25 05:29:00,279 ] 91 luthien5921+shinsei1 - ERROR - No form found
[ 2024-04-25 05:29:00,333 ] 91 luthien5921+shinsei2 - INFO - Number of filtered forms left is: 0 form(s)
[ 2024-04-25 05:29:00,334 ] 91 luthien5921+shinsei2 - ERROR - No form found
[ 2024-04-25 05:29:01,896 ] 91 luthien5921 - INFO - Collected 20 forms
[ 2024-04-25 05:29:02,308 ] 91 luthien5921 - INFO - Number of filtered forms left is: 0 form(s)
[ 2024-04-25 05:29:02,308 ] 91 luthien5921 - ERROR - No form found
[ 2024-04-25 05:29:02,417 ] 91 luthien5921+shinsei1 - INFO - Collected 20 forms
[ 2024-04-25 05:29:02,802 ] 91 luthien5921+shinsei2 - INFO - Collected 20 forms
[ 2024-04-25 05:29:02,808 ] 91 luthien5921+shinsei1 - INFO - Number of filtered forms left is: 0 form(s)
[ 2024-04-25 05:29:02,809 ] 91 luthien5921+shinsei1 - ERROR - No form found
[ 2024-04-25 05:29:03,149 ] 91 luthien5921+shinsei2 - INFO - Number of filtered forms left is: 0 form(s)
[ 2024-04-25 05:29:03,149 ] 91 luthien5921+shinsei2 - ERROR - No form found
[ 2024-04-25 05:29:04,464 ] 91 luthien5921 - INFO - Collected 20 forms
[ 2024-04-25 05:29:04,867 ] 91 luthien5921 - INFO - Number of filtered forms left is: 0 form(s)
[ 2024-04-25 05:29:04,867 ] 91 luthien5921 - ERROR - No form found
[ 2024-04-25 05:29:05,206 ] 91 luthien5921+shinsei1 - INFO - Collected 20 forms
[ 2024-04-25 05:29:05,305 ] 91 luthien5921+shinsei2 - INFO - Collected 20 forms
[ 2024-04-25 05:29:05,616 ] 91 luthien5921+shinsei1 - INFO - Number of filtered forms left is: 0 form(s)
[ 2024-04-25 05:29:05,616 ] 91 luthien5921+shinsei1 - ERROR - No form found
[ 2024-04-25 05:29:05,700 ] 91 luthien5921+shinsei2 - INFO - Number of filtered forms left is: 0 form(s)
[ 2024-04-25 05:29:05,701 ] 91 luthien5921+shinsei2 - ERROR - No form found
[ 2024-04-25 05:29:07,073 ] 91 luthien5921 - INFO - Collected 20 forms
[ 2024-04-25 05:29:07,474 ] 91 luthien5921 - INFO - Number of filtered forms left is: 0 form(s)
[ 2024-04-25 05:29:07,474 ] 91 luthien5921 - ERROR - No form found
[ 2024-04-25 05:29:07,789 ] 91 luthien5921+shinsei1 - INFO - Collected 20 forms
[ 2024-04-25 05:29:07,926 ] 91 luthien5921+shinsei2 - INFO - Collected 20 forms
[ 2024-04-25 05:29:08,215 ] 91 luthien5921+shinsei1 - INFO - Number of filtered forms left is: 0 form(s)
[ 2024-04-25 05:29:08,215 ] 91 luthien5921+shinsei1 - ERROR - No form found
[ 2024-04-25 05:29:08,348 ] 91 luthien5921+shinsei2 - INFO - Number of filtered forms left is: 0 form(s)
[ 2024-04-25 05:29:08,348 ] 91 luthien5921+shinsei2 - ERROR - No form found
[ 2024-04-25 05:29:09,778 ] 91 luthien5921 - INFO - Collected 20 forms
[ 2024-04-25 05:29:10,148 ] 91 luthien5921 - INFO - Number of filtered forms left is: 0 form(s)
[ 2024-04-25 05:29:10,149 ] 91 luthien5921 - ERROR - No form found
[ 2024-04-25 05:29:10,585 ] 91 luthien5921+shinsei1 - INFO - Collected 20 forms
[ 2024-04-25 05:29:10,751 ] 91 luthien5921+shinsei2 - INFO - Collected 20 forms
[ 2024-04-25 05:29:10,993 ] 91 luthien5921+shinsei1 - INFO - Number of filtered forms left is: 0 form(s)
[ 2024-04-25 05:29:10,993 ] 91 luthien5921+shinsei1 - ERROR - No form found
[ 2024-04-25 05:29:11,121 ] 91 luthien5921+shinsei2 - INFO - Number of filtered forms left is: 0 form(s)
[ 2024-04-25 05:29:11,122 ] 91 luthien5921+shinsei2 - ERROR - No form found
[ 2024-04-25 05:29:12,386 ] 91 luthien5921 - INFO - Collected 20 forms
[ 2024-04-25 05:29:12,762 ] 91 luthien5921 - INFO - Number of filtered forms left is: 0 form(s)
[ 2024-04-25 05:29:12,762 ] 91 luthien5921 - ERROR - No form found
[ 2024-04-25 05:29:13,354 ] 91 luthien5921+shinsei2 - INFO - Collected 20 forms
[ 2024-04-25 05:29:13,373 ] 91 luthien5921+shinsei1 - INFO - Collected 20 forms
[ 2024-04-25 05:29:13,755 ] 91 luthien5921+shinsei2 - INFO - Number of filtered forms left is: 0 form(s)
[ 2024-04-25 05:29:13,755 ] 91 luthien5921+shinsei2 - ERROR - No form found
[ 2024-04-25 05:29:13,766 ] 91 luthien5921+shinsei1 - INFO - Number of filtered forms left is: 0 form(s)
[ 2024-04-25 05:29:13,766 ] 91 luthien5921+shinsei1 - ERROR - No form found
[ 2024-04-25 05:29:14,946 ] 91 luthien5921 - INFO - Collected 20 forms
[ 2024-04-25 05:29:15,322 ] 91 luthien5921 - INFO - Number of filtered forms left is: 0 form(s)
[ 2024-04-25 05:29:15,322 ] 91 luthien5921 - ERROR - No form found
[ 2024-04-25 05:29:16,146 ] 91 luthien5921+shinsei1 - INFO - Collected 20 forms
[ 2024-04-25 05:29:16,183 ] 91 luthien5921+shinsei2 - INFO - Collected 20 forms
[ 2024-04-25 05:29:16,602 ] 91 luthien5921+shinsei1 - INFO - Number of filtered forms left is: 0 form(s)
[ 2024-04-25 05:29:16,602 ] 91 luthien5921+shinsei1 - ERROR - No form found
[ 2024-04-25 05:29:16,659 ] 91 luthien5921+shinsei2 - INFO - Number of filtered forms left is: 0 form(s)
[ 2024-04-25 05:29:16,659 ] 91 luthien5921+shinsei2 - ERROR - No form found
[ 2024-04-25 05:29:17,409 ] 91 luthien5921 - INFO - Collected 20 forms
[ 2024-04-25 05:29:17,781 ] 91 luthien5921 - INFO - Number of filtered forms left is: 0 form(s)
[ 2024-04-25 05:29:17,781 ] 91 luthien5921 - ERROR - No form found
[ 2024-04-25 05:29:18,654 ] 91 luthien5921+shinsei1 - INFO - Collected 20 forms
[ 2024-04-25 05:29:18,787 ] 91 luthien5921+shinsei2 - INFO - Collected 20 forms
[ 2024-04-25 05:29:19,093 ] 91 luthien5921+shinsei1 - INFO - Number of filtered forms left is: 0 form(s)
[ 2024-04-25 05:29:19,093 ] 91 luthien5921+shinsei1 - ERROR - No form found
[ 2024-04-25 05:29:19,204 ] 91 luthien5921+shinsei2 - INFO - Number of filtered forms left is: 0 form(s)
[ 2024-04-25 05:29:19,204 ] 91 luthien5921+shinsei2 - ERROR - No form found
[ 2024-04-25 05:29:20,536 ] 91 luthien5921 - INFO - Collected 20 forms
[ 2024-04-25 05:29:20,908 ] 91 luthien5921 - INFO - Number of filtered forms left is: 0 form(s)
[ 2024-04-25 05:29:20,909 ] 91 luthien5921 - ERROR - No form found
[ 2024-04-25 05:29:21,142 ] 91 luthien5921+shinsei1 - INFO - Collected 20 forms
[ 2024-04-25 05:29:21,302 ] 91 luthien5921+shinsei2 - INFO - Collected 20 forms
[ 2024-04-25 05:29:21,571 ] 91 luthien5921+shinsei1 - INFO - Number of filtered forms left is: 0 form(s)
[ 2024-04-25 05:29:21,572 ] 91 luthien5921+shinsei1 - ERROR - No form found
[ 2024-04-25 05:29:21,694 ] 91 luthien5921+shinsei2 - INFO - Number of filtered forms left is: 0 form(s)
[ 2024-04-25 05:29:21,694 ] 91 luthien5921+shinsei2 - ERROR - No form found
[ 2024-04-25 05:29:23,242 ] 91 luthien5921 - INFO - Collected 20 forms
[ 2024-04-25 05:29:23,664 ] 91 luthien5921 - INFO - Number of filtered forms left is: 0 form(s)
[ 2024-04-25 05:29:23,665 ] 91 luthien5921 - ERROR - No form found
[ 2024-04-25 05:29:23,667 ] 91 luthien5921+shinsei1 - INFO - Collected 20 forms
[ 2024-04-25 05:29:23,851 ] 91 luthien5921+shinsei2 - INFO - Collected 20 forms
[ 2024-04-25 05:29:24,104 ] 91 luthien5921+shinsei1 - INFO - Number of filtered forms left is: 0 form(s)
[ 2024-04-25 05:29:24,104 ] 91 luthien5921+shinsei1 - ERROR - No form found
[ 2024-04-25 05:29:24,255 ] 91 luthien5921+shinsei2 - INFO - Number of filtered forms left is: 0 form(s)
[ 2024-04-25 05:29:24,255 ] 91 luthien5921+shinsei2 - ERROR - No form found
[ 2024-04-25 05:29:26,286 ] 91 luthien5921+shinsei1 - INFO - Collected 20 forms
[ 2024-04-25 05:29:26,405 ] 91 luthien5921 - INFO - Collected 20 forms
[ 2024-04-25 05:29:26,472 ] 91 luthien5921+shinsei2 - INFO - Collected 20 forms
[ 2024-04-25 05:29:26,769 ] 91 luthien5921+shinsei1 - INFO - Number of filtered forms left is: 0 form(s)
[ 2024-04-25 05:29:26,769 ] 91 luthien5921+shinsei1 - ERROR - No form found
[ 2024-04-25 05:29:26,870 ] 91 luthien5921 - INFO - Number of filtered forms left is: 0 form(s)
[ 2024-04-25 05:29:26,870 ] 91 luthien5921 - ERROR - No form found
[ 2024-04-25 05:29:26,919 ] 91 luthien5921+shinsei2 - INFO - Number of filtered forms left is: 0 form(s)
[ 2024-04-25 05:29:26,920 ] 91 luthien5921+shinsei2 - ERROR - No form found
[ 2024-04-25 05:29:28,863 ] 91 luthien5921+shinsei1 - INFO - Collected 20 forms
[ 2024-04-25 05:29:29,061 ] 91 luthien5921 - INFO - Collected 20 forms
[ 2024-04-25 05:29:29,369 ] 91 luthien5921+shinsei1 - INFO - Number of filtered forms left is: 0 form(s)
[ 2024-04-25 05:29:29,369 ] 91 luthien5921+shinsei1 - ERROR - No form found
[ 2024-04-25 05:29:29,445 ] 91 luthien5921+shinsei2 - INFO - Collected 20 forms
[ 2024-04-25 05:29:29,515 ] 91 luthien5921 - INFO - Number of filtered forms left is: 0 form(s)
[ 2024-04-25 05:29:29,515 ] 91 luthien5921 - ERROR - No form found
[ 2024-04-25 05:29:29,802 ] 91 luthien5921+shinsei2 - INFO - Number of filtered forms left is: 0 form(s)
[ 2024-04-25 05:29:29,802 ] 91 luthien5921+shinsei2 - ERROR - No form found
[ 2024-04-25 05:29:31,572 ] 91 luthien5921+shinsei1 - INFO - Collected 20 forms
[ 2024-04-25 05:29:31,931 ] 91 luthien5921 - INFO - Collected 20 forms
[ 2024-04-25 05:29:31,991 ] 91 luthien5921+shinsei1 - INFO - Number of filtered forms left is: 0 form(s)
[ 2024-04-25 05:29:31,991 ] 91 luthien5921+shinsei1 - ERROR - No form found
[ 2024-04-25 05:29:32,312 ] 91 luthien5921 - INFO - Number of filtered forms left is: 0 form(s)
[ 2024-04-25 05:29:32,312 ] 91 luthien5921 - ERROR - No form found
[ 2024-04-25 05:29:32,339 ] 91 luthien5921+shinsei2 - INFO - Collected 20 forms
[ 2024-04-25 05:29:32,693 ] 91 luthien5921+shinsei2 - INFO - Number of filtered forms left is: 0 form(s)
[ 2024-04-25 05:29:32,693 ] 91 luthien5921+shinsei2 - ERROR - No form found
[ 2024-04-25 05:29:34,451 ] 91 luthien5921+shinsei1 - INFO - Collected 20 forms
[ 2024-04-25 05:29:34,565 ] 91 luthien5921 - INFO - Collected 20 forms
[ 2024-04-25 05:29:34,921 ] 91 luthien5921+shinsei1 - INFO - Number of filtered forms left is: 0 form(s)
[ 2024-04-25 05:29:34,922 ] 91 luthien5921+shinsei1 - ERROR - No form found
[ 2024-04-25 05:29:35,032 ] 91 luthien5921 - INFO - Number of filtered forms left is: 0 form(s)
[ 2024-04-25 05:29:35,033 ] 91 luthien5921 - ERROR - No form found
[ 2024-04-25 05:29:35,191 ] 91 luthien5921+shinsei2 - INFO - Collected 20 forms
[ 2024-04-25 05:29:35,524 ] 91 luthien5921+shinsei2 - INFO - Number of filtered forms left is: 0 form(s)
[ 2024-04-25 05:29:35,524 ] 91 luthien5921+shinsei2 - ERROR - No form found
[ 2024-04-25 05:29:37,515 ] 91 luthien5921 - INFO - Collected 20 forms
[ 2024-04-25 05:29:37,621 ] 91 luthien5921+shinsei1 - INFO - Collected 20 forms
[ 2024-04-25 05:29:37,782 ] 91 luthien5921+shinsei2 - INFO - Collected 20 forms
[ 2024-04-25 05:29:38,037 ] 91 luthien5921 - INFO - Number of filtered forms left is: 0 form(s)
[ 2024-04-25 05:29:38,037 ] 91 luthien5921 - ERROR - No form found
[ 2024-04-25 05:29:38,117 ] 91 luthien5921+shinsei1 - INFO - Number of filtered forms left is: 0 form(s)
[ 2024-04-25 05:29:38,117 ] 91 luthien5921+shinsei1 - ERROR - No form found
[ 2024-04-25 05:29:38,211 ] 91 luthien5921+shinsei2 - INFO - Number of filtered forms left is: 0 form(s)
[ 2024-04-25 05:29:38,211 ] 91 luthien5921+shinsei2 - ERROR - No form found
[ 2024-04-25 05:29:40,191 ] 91 luthien5921 - INFO - Collected 20 forms
[ 2024-04-25 05:29:40,303 ] 91 luthien5921+shinsei1 - INFO - Collected 20 forms
[ 2024-04-25 05:29:40,569 ] 91 luthien5921+shinsei2 - INFO - Collected 20 forms
[ 2024-04-25 05:29:40,711 ] 91 luthien5921 - INFO - Number of filtered forms left is: 0 form(s)
[ 2024-04-25 05:29:40,711 ] 91 luthien5921 - ERROR - No form found
[ 2024-04-25 05:29:40,822 ] 91 luthien5921+shinsei1 - INFO - Number of filtered forms left is: 0 form(s)
[ 2024-04-25 05:29:40,822 ] 91 luthien5921+shinsei1 - ERROR - No form found
[ 2024-04-25 05:29:40,970 ] 91 luthien5921+shinsei2 - INFO - Number of filtered forms left is: 0 form(s)
[ 2024-04-25 05:29:40,970 ] 91 luthien5921+shinsei2 - ERROR - No form found
[ 2024-04-25 05:29:42,771 ] 91 luthien5921 - INFO - Collected 20 forms
[ 2024-04-25 05:29:43,124 ] 91 luthien5921+shinsei1 - INFO - Collected 20 forms
[ 2024-04-25 05:29:43,222 ] 91 luthien5921+shinsei2 - INFO - Collected 20 forms
[ 2024-04-25 05:29:43,273 ] 91 luthien5921 - INFO - Number of filtered forms left is: 0 form(s)
[ 2024-04-25 05:29:43,273 ] 91 luthien5921 - ERROR - No form found
[ 2024-04-25 05:29:43,548 ] 91 luthien5921+shinsei1 - INFO - Number of filtered forms left is: 0 form(s)
[ 2024-04-25 05:29:43,548 ] 91 luthien5921+shinsei1 - ERROR - No form found
[ 2024-04-25 05:29:43,605 ] 91 luthien5921+shinsei2 - INFO - Number of filtered forms left is: 0 form(s)
[ 2024-04-25 05:29:43,606 ] 91 luthien5921+shinsei2 - ERROR - No form found
[ 2024-04-25 05:29:45,748 ] 91 luthien5921 - INFO - Collected 20 forms
[ 2024-04-25 05:29:45,779 ] 91 luthien5921+shinsei1 - INFO - Collected 20 forms
[ 2024-04-25 05:29:45,844 ] 91 luthien5921+shinsei2 - INFO - Collected 20 forms
[ 2024-04-25 05:29:46,258 ] 91 luthien5921 - INFO - Number of filtered forms left is: 0 form(s)
[ 2024-04-25 05:29:46,259 ] 91 luthien5921 - ERROR - No form found
[ 2024-04-25 05:29:46,264 ] 91 luthien5921+shinsei1 - INFO - Number of filtered forms left is: 0 form(s)
[ 2024-04-25 05:29:46,264 ] 91 luthien5921+shinsei1 - ERROR - No form found
[ 2024-04-25 05:29:46,307 ] 91 luthien5921+shinsei2 - INFO - Number of filtered forms left is: 0 form(s)
[ 2024-04-25 05:29:46,307 ] 91 luthien5921+shinsei2 - ERROR - No form found
[ 2024-04-25 05:29:48,457 ] 91 luthien5921+shinsei2 - INFO - Collected 20 forms
[ 2024-04-25 05:29:48,490 ] 91 luthien5921 - INFO - Collected 20 forms
[ 2024-04-25 05:29:48,929 ] 91 luthien5921+shinsei2 - INFO - Number of filtered forms left is: 0 form(s)
[ 2024-04-25 05:29:48,930 ] 91 luthien5921+shinsei2 - ERROR - No form found
[ 2024-04-25 05:29:48,947 ] 91 luthien5921 - INFO - Number of filtered forms left is: 0 form(s)
[ 2024-04-25 05:29:48,947 ] 91 luthien5921 - ERROR - No form found
[ 2024-04-25 05:29:49,015 ] 91 luthien5921+shinsei1 - INFO - Collected 20 forms
[ 2024-04-25 05:29:49,359 ] 91 luthien5921+shinsei1 - INFO - Number of filtered forms left is: 0 form(s)
[ 2024-04-25 05:29:49,359 ] 91 luthien5921+shinsei1 - ERROR - No form found
[ 2024-04-25 05:29:51,153 ] 91 luthien5921 - INFO - Collected 20 forms
[ 2024-04-25 05:29:51,183 ] 91 luthien5921+shinsei2 - INFO - Collected 20 forms
[ 2024-04-25 05:29:51,509 ] 91 luthien5921+shinsei1 - INFO - Collected 20 forms
[ 2024-04-25 05:29:51,664 ] 91 luthien5921 - INFO - Number of filtered forms left is: 0 form(s)
[ 2024-04-25 05:29:51,665 ] 91 luthien5921 - ERROR - No form found
[ 2024-04-25 05:29:51,665 ] 91 luthien5921+shinsei2 - INFO - Number of filtered forms left is: 0 form(s)
[ 2024-04-25 05:29:51,665 ] 91 luthien5921+shinsei2 - ERROR - No form found
[ 2024-04-25 05:29:51,875 ] 91 luthien5921+shinsei1 - INFO - Number of filtered forms left is: 0 form(s)
[ 2024-04-25 05:29:51,875 ] 91 luthien5921+shinsei1 - ERROR - No form found
[ 2024-04-25 05:29:53,904 ] 91 luthien5921+shinsei2 - INFO - Collected 20 forms
[ 2024-04-25 05:29:54,010 ] 91 luthien5921 - INFO - Collected 20 forms
[ 2024-04-25 05:29:54,354 ] 91 luthien5921+shinsei1 - INFO - Collected 20 forms
[ 2024-04-25 05:29:54,399 ] 91 luthien5921+shinsei2 - INFO - Number of filtered forms left is: 0 form(s)
[ 2024-04-25 05:29:54,400 ] 91 luthien5921+shinsei2 - ERROR - No form found
[ 2024-04-25 05:29:54,504 ] 91 luthien5921 - INFO - Number of filtered forms left is: 0 form(s)
[ 2024-04-25 05:29:54,505 ] 91 luthien5921 - ERROR - No form found
[ 2024-04-25 05:29:54,718 ] 91 luthien5921+shinsei1 - INFO - Number of filtered forms left is: 0 form(s)
[ 2024-04-25 05:29:54,718 ] 91 luthien5921+shinsei1 - ERROR - No form found
[ 2024-04-25 05:29:56,621 ] 91 luthien5921 - INFO - Collected 20 forms
[ 2024-04-25 05:29:56,882 ] 91 luthien5921+shinsei2 - INFO - Collected 20 forms
[ 2024-04-25 05:29:56,997 ] 91 luthien5921+shinsei1 - INFO - Collected 20 forms
[ 2024-04-25 05:29:57,075 ] 91 luthien5921 - INFO - Number of filtered forms left is: 0 form(s)
[ 2024-04-25 05:29:57,076 ] 91 luthien5921 - ERROR - No form found
[ 2024-04-25 05:29:57,329 ] 91 luthien5921+shinsei2 - INFO - Number of filtered forms left is: 0 form(s)
[ 2024-04-25 05:29:57,330 ] 91 luthien5921+shinsei2 - ERROR - No form found
[ 2024-04-25 05:29:57,412 ] 91 luthien5921+shinsei1 - INFO - Number of filtered forms left is: 0 form(s)
[ 2024-04-25 05:29:57,412 ] 91 luthien5921+shinsei1 - ERROR - No form found
[ 2024-04-25 05:29:59,235 ] 91 luthien5921 - INFO - Collected 20 forms
[ 2024-04-25 05:29:59,662 ] 91 luthien5921 - INFO - Number of filtered forms left is: 0 form(s)
[ 2024-04-25 05:29:59,662 ] 91 luthien5921 - ERROR - No form found
[ 2024-04-25 05:29:59,831 ] 91 luthien5921+shinsei2 - INFO - Collected 20 forms
[ 2024-04-25 05:29:59,904 ] 91 luthien5921+shinsei1 - INFO - Collected 20 forms
[ 2024-04-25 05:30:00,264 ] 91 luthien5921+shinsei2 - INFO - Number of filtered forms left is: 0 form(s)
[ 2024-04-25 05:30:00,264 ] 91 luthien5921+shinsei2 - ERROR - No form found
[ 2024-04-25 05:30:00,306 ] 91 luthien5921+shinsei1 - INFO - Number of filtered forms left is: 0 form(s)
[ 2024-04-25 05:30:00,306 ] 91 luthien5921+shinsei1 - ERROR - No form found
[ 2024-04-25 05:30:04,441 ] 91 luthien5921 - INFO - Collected 20 forms
[ 2024-04-25 05:30:04,861 ] 91 luthien5921 - INFO - Number of filtered forms left is: 3 form(s)
[ 2024-04-25 05:30:04,861 ] 91 luthien5921 - INFO - 2024.04.25()10:00[] Hirabari Exchanging Foreign Driver's License -  - 20240425 0730 - 20240425 1200 - 96753 - https://www.shinsei.e-aichi.jp/pref-aichi-police-u/offer/offerList_detailTop?tempSeq=96753 - False
[ 2024-04-25 05:30:04,862 ] 91 luthien5921 - INFO - 2024.04.25()11:00[] Hirabari Exchanging Foreign Driver's License -  - 20240425 0730 - 20240425 1200 - 96754 - https://www.shinsei.e-aichi.jp/pref-aichi-police-u/offer/offerList_detailTop?tempSeq=96754 - False
[ 2024-04-25 05:30:04,862 ] 91 luthien5921 - INFO - 2024.04.25()12:45[] Hirabari Exchanging Foreign Driver's License -  - 20240425 0730 - 20240425 1200 - 96755 - https://www.shinsei.e-aichi.jp/pref-aichi-police-u/offer/offerList_detailTop?tempSeq=96755 - False
[ 2024-04-25 05:30:04,862 ] 91 main_controller - INFO - Found 3 form(s)
[ 2024-04-25 05:30:04,862 ] 91 main_controller - INFO - Customers: None
[ 2024-04-25 05:30:04,863 ] 91 luthien5921 - INFO - Accessing form, template sequence: 96754
[ 2024-04-25 05:30:04,863 ] 91 luthien5921 - INFO - Form URL: https://www.shinsei.e-aichi.jp/pref-aichi-police-u/offer/offerList_detailTop?tempSeq=96754
[ 2024-04-25 05:30:05,062 ] 91 luthien5921+shinsei2 - INFO - Collected 20 forms
[ 2024-04-25 05:30:05,080 ] 91 luthien5921+shinsei1 - INFO - Collected 20 forms
[ 2024-04-25 05:30:05,494 ] 91 luthien5921+shinsei2 - INFO - Number of filtered forms left is: 3 form(s)
[ 2024-04-25 05:30:05,494 ] 91 luthien5921+shinsei2 - INFO - 2024.04.25()10:00[] Hirabari Exchanging Foreign Driver's License -  - 20240425 0730 - 20240425 1200 - 96753 - https://www.shinsei.e-aichi.jp/pref-aichi-police-u/offer/offerList_detailTop?tempSeq=96753 - False
[ 2024-04-25 05:30:05,495 ] 91 luthien5921+shinsei2 - INFO - 2024.04.25()11:00[] Hirabari Exchanging Foreign Driver's License -  - 20240425 0730 - 20240425 1200 - 96754 - https://www.shinsei.e-aichi.jp/pref-aichi-police-u/offer/offerList_detailTop?tempSeq=96754 - False
[ 2024-04-25 05:30:05,495 ] 91 luthien5921+shinsei2 - INFO - 2024.04.25()12:45[] Hirabari Exchanging Foreign Driver's License -  - 20240425 0730 - 20240425 1200 - 96755 - https://www.shinsei.e-aichi.jp/pref-aichi-police-u/offer/offerList_detailTop?tempSeq=96755 - False
[ 2024-04-25 05:30:05,495 ] 91 main_controller - INFO - Found 3 form(s)
[ 2024-04-25 05:30:05,496 ] 91 main_controller - INFO - Customers: None
[ 2024-04-25 05:30:05,496 ] 91 luthien5921+shinsei2 - INFO - Accessing form, template sequence: 96755
[ 2024-04-25 05:30:05,497 ] 91 luthien5921+shinsei2 - INFO - Form URL: https://www.shinsei.e-aichi.jp/pref-aichi-police-u/offer/offerList_detailTop?tempSeq=96755
[ 2024-04-25 05:30:05,507 ] 91 luthien5921+shinsei1 - INFO - Number of filtered forms left is: 3 form(s)
[ 2024-04-25 05:30:05,507 ] 91 luthien5921+shinsei1 - INFO - 2024.04.25()10:00[] Hirabari Exchanging Foreign Driver's License -  - 20240425 0730 - 20240425 1200 - 96753 - https://www.shinsei.e-aichi.jp/pref-aichi-police-u/offer/offerList_detailTop?tempSeq=96753 - False
[ 2024-04-25 05:30:05,507 ] 91 luthien5921+shinsei1 - INFO - 2024.04.25()11:00[] Hirabari Exchanging Foreign Driver's License -  - 20240425 0730 - 20240425 1200 - 96754 - https://www.shinsei.e-aichi.jp/pref-aichi-police-u/offer/offerList_detailTop?tempSeq=96754 - False
[ 2024-04-25 05:30:05,507 ] 91 luthien5921+shinsei1 - INFO - 2024.04.25()12:45[] Hirabari Exchanging Foreign Driver's License -  - 20240425 0730 - 20240425 1200 - 96755 - https://www.shinsei.e-aichi.jp/pref-aichi-police-u/offer/offerList_detailTop?tempSeq=96755 - False
[ 2024-04-25 05:30:05,507 ] 91 main_controller - INFO - Found 3 form(s)
[ 2024-04-25 05:30:05,508 ] 91 main_controller - INFO - Customers: None
[ 2024-04-25 05:30:05,508 ] 91 luthien5921+shinsei1 - INFO - Accessing form, template sequence: 96755
[ 2024-04-25 05:30:05,508 ] 91 luthien5921+shinsei1 - INFO - Form URL: https://www.shinsei.e-aichi.jp/pref-aichi-police-u/offer/offerList_detailTop?tempSeq=96755
[ 2024-04-25 05:30:10,234 ] 91 luthien5921 - INFO - Accessed form successfully
[ 2024-04-25 05:30:10,245 ] 79 luthien5921 - ERROR - Failed to get form message, maybe form is available
Traceback (most recent call last):
  File "C:\Users\USER\Projects\AichiTool\AichiSelenium\src\controllers\filler.py", line 115, in get_form_message
    message = browser.find_element(By.XPATH, "/html/body/main/div/form/div[3]/strong/ul/li/span/strong").text
  File "C:\Users\USER\anaconda3\envs\aichi\lib\site-packages\seleniumbase\core\sb_driver.py", line 20, in find_element
    return self.driver.default_find_element(by=by, value=value)
  File "C:\Users\USER\anaconda3\envs\aichi\lib\site-packages\selenium\webdriver\remote\webdriver.py", line 741, in find_element
    return self.execute(Command.FIND_ELEMENT, {"using": by, "value": value})["value"]
  File "C:\Users\USER\anaconda3\envs\aichi\lib\site-packages\selenium\webdriver\remote\webdriver.py", line 347, in execute
    self.error_handler.check_response(response)
  File "C:\Users\USER\anaconda3\envs\aichi\lib\site-packages\selenium\webdriver\remote\errorhandler.py", line 229, in check_response
    raise exception_class(message, screen, stacktrace)
selenium.common.exceptions.NoSuchElementException: Message: no such element: Unable to locate element: {"method":"xpath","selector":"/html/body/main/div/form/div[3]/strong/ul/li/span/strong"}
  (Session info: chrome=124.0.6367.61); For documentation on this error, please visit: https://www.selenium.dev/documentation/webdriver/troubleshooting/errors#no-such-element-exception
Stacktrace:
	GetHandleVerifier [0x00007FF67DF1F922+3045234]
	(No symbol) [0x00007FF67DBC3652]
	(No symbol) [0x00007FF67DA87564]
	(No symbol) [0x00007FF67DAD5F9D]
	(No symbol) [0x00007FF67DAD606C]
	(No symbol) [0x00007FF67DB1BDD7]
	(No symbol) [0x00007FF67DAF9DEF]
	(No symbol) [0x00007FF67DB191C4]
	(No symbol) [0x00007FF67DAF9B53]
	(No symbol) [0x00007FF67DAC813C]
	(No symbol) [0x00007FF67DAC8D71]
	GetHandleVerifier [0x00007FF67DF4E89D+3237613]
	GetHandleVerifier [0x00007FF67DF90BA7+3508727]
	GetHandleVerifier [0x00007FF67DF8976F+3478975]
	GetHandleVerifier [0x00007FF67DCFF1C6+815126]
	(No symbol) [0x00007FF67DBCED0F]
	(No symbol) [0x00007FF67DBC9854]
	(No symbol) [0x00007FF67DBC99E2]
	(No symbol) [0x00007FF67DBBA574]
	BaseThreadInitThunk [0x00007FFB6BC7257D+29]
	RtlUserThreadStart [0x00007FFB6C70AA48+40]

[ 2024-04-25 05:30:10,246 ] 91 luthien5921 - INFO - Form is available, template sequence: 96754
[ 2024-04-25 05:30:10,246 ] 91 luthien5921 - INFO - Filling form, template sequence: 96754
[ 2024-04-25 05:30:11,126 ] 91 luthien5921+shinsei2 - INFO - Accessed form successfully
[ 2024-04-25 05:30:11,155 ] 79 luthien5921+shinsei2 - ERROR - Failed to get form message, maybe form is available
Traceback (most recent call last):
  File "C:\Users\USER\Projects\AichiTool\AichiSelenium\src\controllers\access.py", line 38, in login
    browser.find_element(By.ID, "userLoginForm.userId").send_keys(self.account.username)
  File "C:\Users\USER\anaconda3\envs\aichi\lib\site-packages\seleniumbase\core\sb_driver.py", line 20, in find_element
    return self.driver.default_find_element(by=by, value=value)
  File "C:\Users\USER\anaconda3\envs\aichi\lib\site-packages\selenium\webdriver\remote\webdriver.py", line 741, in find_element
    return self.execute(Command.FIND_ELEMENT, {"using": by, "value": value})["value"]
  File "C:\Users\USER\anaconda3\envs\aichi\lib\site-packages\selenium\webdriver\remote\webdriver.py", line 347, in execute
    self.error_handler.check_response(response)
  File "C:\Users\USER\anaconda3\envs\aichi\lib\site-packages\selenium\webdriver\remote\errorhandler.py", line 229, in check_response
    raise exception_class(message, screen, stacktrace)
selenium.common.exceptions.NoSuchElementException: Message: no such element: Unable to locate element: {"method":"css selector","selector":"[id="userLoginForm.userId"]"}
  (Session info: chrome=124.0.6367.61); For documentation on this error, please visit: https://www.selenium.dev/documentation/webdriver/troubleshooting/errors#no-such-element-exception
Stacktrace:
	GetHandleVerifier [0x00007FF67DF1F922+3045234]
	(No symbol) [0x00007FF67DBC3652]
	(No symbol) [0x00007FF67DA87564]
	(No symbol) [0x00007FF67DAD5F9D]
	(No symbol) [0x00007FF67DAD606C]
	(No symbol) [0x00007FF67DB1BDD7]
	(No symbol) [0x00007FF67DAF9DEF]
	(No symbol) [0x00007FF67DB191C4]
	(No symbol) [0x00007FF67DAF9B53]
	(No symbol) [0x00007FF67DAC813C]
	(No symbol) [0x00007FF67DAC8D71]
	GetHandleVerifier [0x00007FF67DF4E89D+3237613]
	GetHandleVerifier [0x00007FF67DF90BA7+3508727]
	GetHandleVerifier [0x00007FF67DF8976F+3478975]
	GetHandleVerifier [0x00007FF67DCFF1C6+815126]
	(No symbol) [0x00007FF67DBCED0F]
	(No symbol) [0x00007FF67DBC9854]
	(No symbol) [0x00007FF67DBC99E2]
	(No symbol) [0x00007FF67DBBA574]
	BaseThreadInitThunk [0x00007FFB6BC7257D+29]
	RtlUserThreadStart [0x00007FFB6C70AA48+40]


During handling of the above exception, another exception occurred:

Traceback (most recent call last):
  File "C:\Users\USER\Projects\AichiTool\AichiSelenium\src\controllers\main_controller.py", line 58, in subprocess
    result = access.login(browser)
  File "C:\Users\USER\Projects\AichiTool\AichiSelenium\src\controllers\access.py", line 51, in login
    self.logger.error("Failed to login", e)
  File "C:\Users\USER\Projects\AichiTool\AichiSelenium\src\logs.py", line 73, in error
    self._log(logging.ERROR, *msg)
  File "C:\Users\USER\Projects\AichiTool\AichiSelenium\src\logs.py", line 90, in _log
    message = " ".join(msg)
TypeError: sequence item 1: expected str instance, NoSuchElementException found

During handling of the above exception, another exception occurred:

Traceback (most recent call last):
  File "C:\Users\USER\Projects\AichiTool\AichiSelenium\src\controllers\filler.py", line 115, in get_form_message
    message = browser.find_element(By.XPATH, "/html/body/main/div/form/div[3]/strong/ul/li/span/strong").text
  File "C:\Users\USER\anaconda3\envs\aichi\lib\site-packages\seleniumbase\core\sb_driver.py", line 20, in find_element
    return self.driver.default_find_element(by=by, value=value)
  File "C:\Users\USER\anaconda3\envs\aichi\lib\site-packages\selenium\webdriver\remote\webdriver.py", line 741, in find_element
    return self.execute(Command.FIND_ELEMENT, {"using": by, "value": value})["value"]
  File "C:\Users\USER\anaconda3\envs\aichi\lib\site-packages\selenium\webdriver\remote\webdriver.py", line 347, in execute
    self.error_handler.check_response(response)
  File "C:\Users\USER\anaconda3\envs\aichi\lib\site-packages\selenium\webdriver\remote\errorhandler.py", line 229, in check_response
    raise exception_class(message, screen, stacktrace)
selenium.common.exceptions.NoSuchElementException: Message: no such element: Unable to locate element: {"method":"xpath","selector":"/html/body/main/div/form/div[3]/strong/ul/li/span/strong"}
  (Session info: chrome=124.0.6367.61); For documentation on this error, please visit: https://www.selenium.dev/documentation/webdriver/troubleshooting/errors#no-such-element-exception
Stacktrace:
	GetHandleVerifier [0x00007FF67DF1F922+3045234]
	(No symbol) [0x00007FF67DBC3652]
	(No symbol) [0x00007FF67DA87564]
	(No symbol) [0x00007FF67DAD5F9D]
	(No symbol) [0x00007FF67DAD606C]
	(No symbol) [0x00007FF67DB1BDD7]
	(No symbol) [0x00007FF67DAF9DEF]
	(No symbol) [0x00007FF67DB191C4]
	(No symbol) [0x00007FF67DAF9B53]
	(No symbol) [0x00007FF67DAC813C]
	(No symbol) [0x00007FF67DAC8D71]
	GetHandleVerifier [0x00007FF67DF4E89D+3237613]
	GetHandleVerifier [0x00007FF67DF90BA7+3508727]
	GetHandleVerifier [0x00007FF67DF8976F+3478975]
	GetHandleVerifier [0x00007FF67DCFF1C6+815126]
	(No symbol) [0x00007FF67DBCED0F]
	(No symbol) [0x00007FF67DBC9854]
	(No symbol) [0x00007FF67DBC99E2]
	(No symbol) [0x00007FF67DBBA574]
	BaseThreadInitThunk [0x00007FFB6BC7257D+29]
	RtlUserThreadStart [0x00007FFB6C70AA48+40]

[ 2024-04-25 05:30:11,158 ] 91 luthien5921+shinsei2 - INFO - Form is available, template sequence: 96755
[ 2024-04-25 05:30:11,158 ] 91 luthien5921+shinsei2 - INFO - Filling form, template sequence: 96755
[ 2024-04-25 05:30:11,426 ] 91 luthien5921+shinsei1 - INFO - Accessed form successfully
[ 2024-04-25 05:30:11,443 ] 79 luthien5921+shinsei1 - ERROR - Failed to get form message, maybe form is available
Traceback (most recent call last):
  File "C:\Users\USER\Projects\AichiTool\AichiSelenium\src\controllers\filler.py", line 115, in get_form_message
    message = browser.find_element(By.XPATH, "/html/body/main/div/form/div[3]/strong/ul/li/span/strong").text
  File "C:\Users\USER\anaconda3\envs\aichi\lib\site-packages\seleniumbase\core\sb_driver.py", line 20, in find_element
    return self.driver.default_find_element(by=by, value=value)
  File "C:\Users\USER\anaconda3\envs\aichi\lib\site-packages\selenium\webdriver\remote\webdriver.py", line 741, in find_element
    return self.execute(Command.FIND_ELEMENT, {"using": by, "value": value})["value"]
  File "C:\Users\USER\anaconda3\envs\aichi\lib\site-packages\selenium\webdriver\remote\webdriver.py", line 347, in execute
    self.error_handler.check_response(response)
  File "C:\Users\USER\anaconda3\envs\aichi\lib\site-packages\selenium\webdriver\remote\errorhandler.py", line 229, in check_response
    raise exception_class(message, screen, stacktrace)
selenium.common.exceptions.NoSuchElementException: Message: no such element: Unable to locate element: {"method":"xpath","selector":"/html/body/main/div/form/div[3]/strong/ul/li/span/strong"}
  (Session info: chrome=124.0.6367.61); For documentation on this error, please visit: https://www.selenium.dev/documentation/webdriver/troubleshooting/errors#no-such-element-exception
Stacktrace:
	GetHandleVerifier [0x00007FF67DF1F922+3045234]
	(No symbol) [0x00007FF67DBC3652]
	(No symbol) [0x00007FF67DA87564]
	(No symbol) [0x00007FF67DAD5F9D]
	(No symbol) [0x00007FF67DAD606C]
	(No symbol) [0x00007FF67DB1BDD7]
	(No symbol) [0x00007FF67DAF9DEF]
	(No symbol) [0x00007FF67DB191C4]
	(No symbol) [0x00007FF67DAF9B53]
	(No symbol) [0x00007FF67DAC813C]
	(No symbol) [0x00007FF67DAC8D71]
	GetHandleVerifier [0x00007FF67DF4E89D+3237613]
	GetHandleVerifier [0x00007FF67DF90BA7+3508727]
	GetHandleVerifier [0x00007FF67DF8976F+3478975]
	GetHandleVerifier [0x00007FF67DCFF1C6+815126]
	(No symbol) [0x00007FF67DBCED0F]
	(No symbol) [0x00007FF67DBC9854]
	(No symbol) [0x00007FF67DBC99E2]
	(No symbol) [0x00007FF67DBBA574]
	BaseThreadInitThunk [0x00007FFB6BC7257D+29]
	RtlUserThreadStart [0x00007FFB6C70AA48+40]

[ 2024-04-25 05:30:11,444 ] 91 luthien5921+shinsei1 - INFO - Form is available, template sequence: 96755
[ 2024-04-25 05:30:11,445 ] 91 luthien5921+shinsei1 - INFO - Filling form, template sequence: 96755
[ 2024-04-25 05:30:11,710 ] 91 luthien5921 - INFO - Clicked continue button
[ 2024-04-25 05:30:11,769 ] 91 luthien5921 - INFO - Filled input: item[0].textData2 by name, value: Thanh
[ 2024-04-25 05:30:11,814 ] 91 luthien5921 - INFO - Filled input: item[0].textData by name, value: Dinh
[ 2024-04-25 05:30:11,874 ] 91 luthien5921 - INFO - Filled input: item[1].textData by name, value: 19931112
[ 2024-04-25 05:30:11,920 ] 91 luthien5921 - INFO - Filled input: item[5].textData by name, value: 080-5678-912
[ 2024-04-25 05:30:11,981 ] 91 luthien5921 - INFO - Selected dropdown: item[2].selectData by name, text: 
[ 2024-04-25 05:30:12,022 ] 91 luthien5921 - INFO - Selected dropdown: item[3].selectData by name, text: 
[ 2024-04-25 05:30:12,032 ] 79 luthien5921 - ERROR - Failed to check checkbox: Message: no such element: Unable to locate element: {"method":"xpath","selector":"/html/body/form/main/div/div[4]/dl[8]/dd/fieldset/p/label/span"}
  (Session info: chrome=124.0.6367.61); For documentation on this error, please visit: https://www.selenium.dev/documentation/webdriver/troubleshooting/errors#no-such-element-exception
Stacktrace:
	GetHandleVerifier [0x00007FF67DF1F922+3045234]
	(No symbol) [0x00007FF67DBC3652]
	(No symbol) [0x00007FF67DA87564]
	(No symbol) [0x00007FF67DAD5F9D]
	(No symbol) [0x00007FF67DAD606C]
	(No symbol) [0x00007FF67DB1BDD7]
	(No symbol) [0x00007FF67DAF9DEF]
	(No symbol) [0x00007FF67DB191C4]
	(No symbol) [0x00007FF67DAF9B53]
	(No symbol) [0x00007FF67DAC813C]
	(No symbol) [0x00007FF67DAC8D71]
	GetHandleVerifier [0x00007FF67DF4E89D+3237613]
	GetHandleVerifier [0x00007FF67DF90BA7+3508727]
	GetHandleVerifier [0x00007FF67DF8976F+3478975]
	GetHandleVerifier [0x00007FF67DCFF1C6+815126]
	(No symbol) [0x00007FF67DBCED0F]
	(No symbol) [0x00007FF67DBC9854]
	(No symbol) [0x00007FF67DBC99E2]
	(No symbol) [0x00007FF67DBBA574]
	BaseThreadInitThunk [0x00007FFB6BC7257D+29]
	RtlUserThreadStart [0x00007FFB6C70AA48+40]
Traceback (most recent call last):
  File "C:\Users\USER\Projects\AichiTool\AichiSelenium\src\controllers\filler.py", line 165, in click_checkbox
    checkbox_element = browser.find_element(by, html)
  File "C:\Users\USER\anaconda3\envs\aichi\lib\site-packages\seleniumbase\core\sb_driver.py", line 20, in find_element
    return self.driver.default_find_element(by=by, value=value)
  File "C:\Users\USER\anaconda3\envs\aichi\lib\site-packages\selenium\webdriver\remote\webdriver.py", line 741, in find_element
    return self.execute(Command.FIND_ELEMENT, {"using": by, "value": value})["value"]
  File "C:\Users\USER\anaconda3\envs\aichi\lib\site-packages\selenium\webdriver\remote\webdriver.py", line 347, in execute
    self.error_handler.check_response(response)
  File "C:\Users\USER\anaconda3\envs\aichi\lib\site-packages\selenium\webdriver\remote\errorhandler.py", line 229, in check_response
    raise exception_class(message, screen, stacktrace)
selenium.common.exceptions.NoSuchElementException: Message: no such element: Unable to locate element: {"method":"xpath","selector":"/html/body/form/main/div/div[4]/dl[8]/dd/fieldset/p/label/span"}
  (Session info: chrome=124.0.6367.61); For documentation on this error, please visit: https://www.selenium.dev/documentation/webdriver/troubleshooting/errors#no-such-element-exception
Stacktrace:
	GetHandleVerifier [0x00007FF67DF1F922+3045234]
	(No symbol) [0x00007FF67DBC3652]
	(No symbol) [0x00007FF67DA87564]
	(No symbol) [0x00007FF67DAD5F9D]
	(No symbol) [0x00007FF67DAD606C]
	(No symbol) [0x00007FF67DB1BDD7]
	(No symbol) [0x00007FF67DAF9DEF]
	(No symbol) [0x00007FF67DB191C4]
	(No symbol) [0x00007FF67DAF9B53]
	(No symbol) [0x00007FF67DAC813C]
	(No symbol) [0x00007FF67DAC8D71]
	GetHandleVerifier [0x00007FF67DF4E89D+3237613]
	GetHandleVerifier [0x00007FF67DF90BA7+3508727]
	GetHandleVerifier [0x00007FF67DF8976F+3478975]
	GetHandleVerifier [0x00007FF67DCFF1C6+815126]
	(No symbol) [0x00007FF67DBCED0F]
	(No symbol) [0x00007FF67DBC9854]
	(No symbol) [0x00007FF67DBC99E2]
	(No symbol) [0x00007FF67DBBA574]
	BaseThreadInitThunk [0x00007FFB6BC7257D+29]
	RtlUserThreadStart [0x00007FFB6C70AA48+40]

[ 2024-04-25 05:30:13,077 ] 91 luthien5921+shinsei2 - INFO - Clicked continue button
[ 2024-04-25 05:30:13,091 ] 91 luthien5921+shinsei1 - INFO - Clicked continue button
[ 2024-04-25 05:30:13,150 ] 91 luthien5921+shinsei2 - INFO - Filled input: item[0].textData2 by name, value: Hoai
[ 2024-04-25 05:30:13,175 ] 91 luthien5921+shinsei1 - INFO - Filled input: item[0].textData2 by name, value: Thang
[ 2024-04-25 05:30:13,217 ] 91 luthien5921+shinsei2 - INFO - Filled input: item[0].textData by name, value: Mai
[ 2024-04-25 05:30:13,238 ] 91 luthien5921+shinsei1 - INFO - Filled input: item[0].textData by name, value: Hoang
[ 2024-04-25 05:30:13,322 ] 91 luthien5921+shinsei2 - INFO - Filled input: item[1].textData by name, value: 19950101
[ 2024-04-25 05:30:13,349 ] 91 luthien5921+shinsei1 - INFO - Filled input: item[1].textData by name, value: 20011209
[ 2024-04-25 05:30:13,410 ] 91 luthien5921+shinsei2 - INFO - Filled input: item[5].textData by name, value: 080-8885-555
[ 2024-04-25 05:30:13,448 ] 91 luthien5921+shinsei1 - INFO - Filled input: item[5].textData by name, value: 080-9876-543
[ 2024-04-25 05:30:13,502 ] 91 luthien5921+shinsei2 - INFO - Selected dropdown: item[2].selectData by name, text: 
[ 2024-04-25 05:30:13,515 ] 91 luthien5921+shinsei1 - INFO - Selected dropdown: item[2].selectData by name, text: 
[ 2024-04-25 05:30:13,555 ] 91 luthien5921+shinsei2 - INFO - Selected dropdown: item[3].selectData by name, text: 
[ 2024-04-25 05:30:13,564 ] 91 luthien5921+shinsei1 - INFO - Selected dropdown: item[3].selectData by name, text: 
[ 2024-04-25 05:30:13,565 ] 79 luthien5921+shinsei2 - ERROR - Failed to check checkbox: Message: no such element: Unable to locate element: {"method":"xpath","selector":"/html/body/form/main/div/div[4]/dl[8]/dd/fieldset/p/label/span"}
  (Session info: chrome=124.0.6367.61); For documentation on this error, please visit: https://www.selenium.dev/documentation/webdriver/troubleshooting/errors#no-such-element-exception
Stacktrace:
	GetHandleVerifier [0x00007FF67DF1F922+3045234]
	(No symbol) [0x00007FF67DBC3652]
	(No symbol) [0x00007FF67DA87564]
	(No symbol) [0x00007FF67DAD5F9D]
	(No symbol) [0x00007FF67DAD606C]
	(No symbol) [0x00007FF67DB1BDD7]
	(No symbol) [0x00007FF67DAF9DEF]
	(No symbol) [0x00007FF67DB191C4]
	(No symbol) [0x00007FF67DAF9B53]
	(No symbol) [0x00007FF67DAC813C]
	(No symbol) [0x00007FF67DAC8D71]
	GetHandleVerifier [0x00007FF67DF4E89D+3237613]
	GetHandleVerifier [0x00007FF67DF90BA7+3508727]
	GetHandleVerifier [0x00007FF67DF8976F+3478975]
	GetHandleVerifier [0x00007FF67DCFF1C6+815126]
	(No symbol) [0x00007FF67DBCED0F]
	(No symbol) [0x00007FF67DBC9854]
	(No symbol) [0x00007FF67DBC99E2]
	(No symbol) [0x00007FF67DBBA574]
	BaseThreadInitThunk [0x00007FFB6BC7257D+29]
	RtlUserThreadStart [0x00007FFB6C70AA48+40]
Traceback (most recent call last):
  File "C:\Users\USER\Projects\AichiTool\AichiSelenium\src\controllers\access.py", line 38, in login
    browser.find_element(By.ID, "userLoginForm.userId").send_keys(self.account.username)
  File "C:\Users\USER\anaconda3\envs\aichi\lib\site-packages\seleniumbase\core\sb_driver.py", line 20, in find_element
    return self.driver.default_find_element(by=by, value=value)
  File "C:\Users\USER\anaconda3\envs\aichi\lib\site-packages\selenium\webdriver\remote\webdriver.py", line 741, in find_element
    return self.execute(Command.FIND_ELEMENT, {"using": by, "value": value})["value"]
  File "C:\Users\USER\anaconda3\envs\aichi\lib\site-packages\selenium\webdriver\remote\webdriver.py", line 347, in execute
    self.error_handler.check_response(response)
  File "C:\Users\USER\anaconda3\envs\aichi\lib\site-packages\selenium\webdriver\remote\errorhandler.py", line 229, in check_response
    raise exception_class(message, screen, stacktrace)
selenium.common.exceptions.NoSuchElementException: Message: no such element: Unable to locate element: {"method":"css selector","selector":"[id="userLoginForm.userId"]"}
  (Session info: chrome=124.0.6367.61); For documentation on this error, please visit: https://www.selenium.dev/documentation/webdriver/troubleshooting/errors#no-such-element-exception
Stacktrace:
	GetHandleVerifier [0x00007FF67DF1F922+3045234]
	(No symbol) [0x00007FF67DBC3652]
	(No symbol) [0x00007FF67DA87564]
	(No symbol) [0x00007FF67DAD5F9D]
	(No symbol) [0x00007FF67DAD606C]
	(No symbol) [0x00007FF67DB1BDD7]
	(No symbol) [0x00007FF67DAF9DEF]
	(No symbol) [0x00007FF67DB191C4]
	(No symbol) [0x00007FF67DAF9B53]
	(No symbol) [0x00007FF67DAC813C]
	(No symbol) [0x00007FF67DAC8D71]
	GetHandleVerifier [0x00007FF67DF4E89D+3237613]
	GetHandleVerifier [0x00007FF67DF90BA7+3508727]
	GetHandleVerifier [0x00007FF67DF8976F+3478975]
	GetHandleVerifier [0x00007FF67DCFF1C6+815126]
	(No symbol) [0x00007FF67DBCED0F]
	(No symbol) [0x00007FF67DBC9854]
	(No symbol) [0x00007FF67DBC99E2]
	(No symbol) [0x00007FF67DBBA574]
	BaseThreadInitThunk [0x00007FFB6BC7257D+29]
	RtlUserThreadStart [0x00007FFB6C70AA48+40]


During handling of the above exception, another exception occurred:

Traceback (most recent call last):
  File "C:\Users\USER\Projects\AichiTool\AichiSelenium\src\controllers\main_controller.py", line 58, in subprocess
    result = access.login(browser)
  File "C:\Users\USER\Projects\AichiTool\AichiSelenium\src\controllers\access.py", line 51, in login
    self.logger.error("Failed to login", e)
  File "C:\Users\USER\Projects\AichiTool\AichiSelenium\src\logs.py", line 73, in error
    self._log(logging.ERROR, *msg)
  File "C:\Users\USER\Projects\AichiTool\AichiSelenium\src\logs.py", line 90, in _log
    message = " ".join(msg)
TypeError: sequence item 1: expected str instance, NoSuchElementException found

During handling of the above exception, another exception occurred:

Traceback (most recent call last):
  File "C:\Users\USER\Projects\AichiTool\AichiSelenium\src\controllers\filler.py", line 165, in click_checkbox
    checkbox_element = browser.find_element(by, html)
  File "C:\Users\USER\anaconda3\envs\aichi\lib\site-packages\seleniumbase\core\sb_driver.py", line 20, in find_element
    return self.driver.default_find_element(by=by, value=value)
  File "C:\Users\USER\anaconda3\envs\aichi\lib\site-packages\selenium\webdriver\remote\webdriver.py", line 741, in find_element
    return self.execute(Command.FIND_ELEMENT, {"using": by, "value": value})["value"]
  File "C:\Users\USER\anaconda3\envs\aichi\lib\site-packages\selenium\webdriver\remote\webdriver.py", line 347, in execute
    self.error_handler.check_response(response)
  File "C:\Users\USER\anaconda3\envs\aichi\lib\site-packages\selenium\webdriver\remote\errorhandler.py", line 229, in check_response
    raise exception_class(message, screen, stacktrace)
selenium.common.exceptions.NoSuchElementException: Message: no such element: Unable to locate element: {"method":"xpath","selector":"/html/body/form/main/div/div[4]/dl[8]/dd/fieldset/p/label/span"}
  (Session info: chrome=124.0.6367.61); For documentation on this error, please visit: https://www.selenium.dev/documentation/webdriver/troubleshooting/errors#no-such-element-exception
Stacktrace:
	GetHandleVerifier [0x00007FF67DF1F922+3045234]
	(No symbol) [0x00007FF67DBC3652]
	(No symbol) [0x00007FF67DA87564]
	(No symbol) [0x00007FF67DAD5F9D]
	(No symbol) [0x00007FF67DAD606C]
	(No symbol) [0x00007FF67DB1BDD7]
	(No symbol) [0x00007FF67DAF9DEF]
	(No symbol) [0x00007FF67DB191C4]
	(No symbol) [0x00007FF67DAF9B53]
	(No symbol) [0x00007FF67DAC813C]
	(No symbol) [0x00007FF67DAC8D71]
	GetHandleVerifier [0x00007FF67DF4E89D+3237613]
	GetHandleVerifier [0x00007FF67DF90BA7+3508727]
	GetHandleVerifier [0x00007FF67DF8976F+3478975]
	GetHandleVerifier [0x00007FF67DCFF1C6+815126]
	(No symbol) [0x00007FF67DBCED0F]
	(No symbol) [0x00007FF67DBC9854]
	(No symbol) [0x00007FF67DBC99E2]
	(No symbol) [0x00007FF67DBBA574]
	BaseThreadInitThunk [0x00007FFB6BC7257D+29]
	RtlUserThreadStart [0x00007FFB6C70AA48+40]

[ 2024-04-25 05:30:13,577 ] 79 luthien5921+shinsei1 - ERROR - Failed to check checkbox: Message: no such element: Unable to locate element: {"method":"xpath","selector":"/html/body/form/main/div/div[4]/dl[8]/dd/fieldset/p/label/span"}
  (Session info: chrome=124.0.6367.61); For documentation on this error, please visit: https://www.selenium.dev/documentation/webdriver/troubleshooting/errors#no-such-element-exception
Stacktrace:
	GetHandleVerifier [0x00007FF67DF1F922+3045234]
	(No symbol) [0x00007FF67DBC3652]
	(No symbol) [0x00007FF67DA87564]
	(No symbol) [0x00007FF67DAD5F9D]
	(No symbol) [0x00007FF67DAD606C]
	(No symbol) [0x00007FF67DB1BDD7]
	(No symbol) [0x00007FF67DAF9DEF]
	(No symbol) [0x00007FF67DB191C4]
	(No symbol) [0x00007FF67DAF9B53]
	(No symbol) [0x00007FF67DAC813C]
	(No symbol) [0x00007FF67DAC8D71]
	GetHandleVerifier [0x00007FF67DF4E89D+3237613]
	GetHandleVerifier [0x00007FF67DF90BA7+3508727]
	GetHandleVerifier [0x00007FF67DF8976F+3478975]
	GetHandleVerifier [0x00007FF67DCFF1C6+815126]
	(No symbol) [0x00007FF67DBCED0F]
	(No symbol) [0x00007FF67DBC9854]
	(No symbol) [0x00007FF67DBC99E2]
	(No symbol) [0x00007FF67DBBA574]
	BaseThreadInitThunk [0x00007FFB6BC7257D+29]
	RtlUserThreadStart [0x00007FFB6C70AA48+40]
Traceback (most recent call last):
  File "C:\Users\USER\Projects\AichiTool\AichiSelenium\src\controllers\filler.py", line 165, in click_checkbox
    checkbox_element = browser.find_element(by, html)
  File "C:\Users\USER\anaconda3\envs\aichi\lib\site-packages\seleniumbase\core\sb_driver.py", line 20, in find_element
    return self.driver.default_find_element(by=by, value=value)
  File "C:\Users\USER\anaconda3\envs\aichi\lib\site-packages\selenium\webdriver\remote\webdriver.py", line 741, in find_element
    return self.execute(Command.FIND_ELEMENT, {"using": by, "value": value})["value"]
  File "C:\Users\USER\anaconda3\envs\aichi\lib\site-packages\selenium\webdriver\remote\webdriver.py", line 347, in execute
    self.error_handler.check_response(response)
  File "C:\Users\USER\anaconda3\envs\aichi\lib\site-packages\selenium\webdriver\remote\errorhandler.py", line 229, in check_response
    raise exception_class(message, screen, stacktrace)
selenium.common.exceptions.NoSuchElementException: Message: no such element: Unable to locate element: {"method":"xpath","selector":"/html/body/form/main/div/div[4]/dl[8]/dd/fieldset/p/label/span"}
  (Session info: chrome=124.0.6367.61); For documentation on this error, please visit: https://www.selenium.dev/documentation/webdriver/troubleshooting/errors#no-such-element-exception
Stacktrace:
	GetHandleVerifier [0x00007FF67DF1F922+3045234]
	(No symbol) [0x00007FF67DBC3652]
	(No symbol) [0x00007FF67DA87564]
	(No symbol) [0x00007FF67DAD5F9D]
	(No symbol) [0x00007FF67DAD606C]
	(No symbol) [0x00007FF67DB1BDD7]
	(No symbol) [0x00007FF67DAF9DEF]
	(No symbol) [0x00007FF67DB191C4]
	(No symbol) [0x00007FF67DAF9B53]
	(No symbol) [0x00007FF67DAC813C]
	(No symbol) [0x00007FF67DAC8D71]
	GetHandleVerifier [0x00007FF67DF4E89D+3237613]
	GetHandleVerifier [0x00007FF67DF90BA7+3508727]
	GetHandleVerifier [0x00007FF67DF8976F+3478975]
	GetHandleVerifier [0x00007FF67DCFF1C6+815126]
	(No symbol) [0x00007FF67DBCED0F]
	(No symbol) [0x00007FF67DBC9854]
	(No symbol) [0x00007FF67DBC99E2]
	(No symbol) [0x00007FF67DBBA574]
	BaseThreadInitThunk [0x00007FFB6BC7257D+29]
	RtlUserThreadStart [0x00007FFB6C70AA48+40]

[ 2024-04-25 05:30:23,585 ] 91 luthien5921+shinsei1 - ERROR - Form filled successfully, template sequence: 96755
[ 2024-04-25 05:30:23,585 ] 91 main_controller - INFO - Form filled successfully, template sequence: 96755
[ 2024-04-25 05:30:23,586 ] 91 main_controller - INFO - Remaining form(s): 2
[ 2024-04-25 05:30:23,586 ] 91 luthien5921+shinsei1 - INFO - Accessing form, template sequence: 96754
[ 2024-04-25 05:30:23,587 ] 91 luthien5921+shinsei1 - INFO - Form URL: https://www.shinsei.e-aichi.jp/pref-aichi-police-u/offer/offerList_detailTop?tempSeq=96754
[ 2024-04-25 05:30:24,049 ] 79 luthien5921 - ERROR - Failed to click confirm button: Message: 
Stacktrace:
	GetHandleVerifier [0x00007FF67DF1F922+3045234]
	(No symbol) [0x00007FF67DBC3652]
	(No symbol) [0x00007FF67DA87564]
	(No symbol) [0x00007FF67DAD5F9D]
	(No symbol) [0x00007FF67DAD606C]
	(No symbol) [0x00007FF67DB1BDD7]
	(No symbol) [0x00007FF67DAF9DEF]
	(No symbol) [0x00007FF67DB191C4]
	(No symbol) [0x00007FF67DAF9B53]
	(No symbol) [0x00007FF67DAC813C]
	(No symbol) [0x00007FF67DAC8D71]
	GetHandleVerifier [0x00007FF67DF4E89D+3237613]
	GetHandleVerifier [0x00007FF67DF90BA7+3508727]
	GetHandleVerifier [0x00007FF67DF8976F+3478975]
	GetHandleVerifier [0x00007FF67DCFF1C6+815126]
	(No symbol) [0x00007FF67DBCED0F]
	(No symbol) [0x00007FF67DBC9854]
	(No symbol) [0x00007FF67DBC99E2]
	(No symbol) [0x00007FF67DBBA574]
	BaseThreadInitThunk [0x00007FFB6BC7257D+29]
	RtlUserThreadStart [0x00007FFB6C70AA48+40]
Traceback (most recent call last):
  File "C:\Users\USER\Projects\AichiTool\AichiSelenium\src\controllers\filler.py", line 86, in fill
    wait_until_presence(browser, By.XPATH, "/html/body/form/main/div/div[3]/div[2]/div/div[2]/button")
  File "C:\Users\USER\Projects\AichiTool\AichiSelenium\src\utils\html_utils.py", line 8, in wait_until_presence
    WebDriverWait(browser, timeout).until(EC.presence_of_element_located((by, html)))
  File "C:\Users\USER\anaconda3\envs\aichi\lib\site-packages\selenium\webdriver\support\wait.py", line 105, in until
    raise TimeoutException(message, screen, stacktrace)
selenium.common.exceptions.TimeoutException: Message: 
Stacktrace:
	GetHandleVerifier [0x00007FF67DF1F922+3045234]
	(No symbol) [0x00007FF67DBC3652]
	(No symbol) [0x00007FF67DA87564]
	(No symbol) [0x00007FF67DAD5F9D]
	(No symbol) [0x00007FF67DAD606C]
	(No symbol) [0x00007FF67DB1BDD7]
	(No symbol) [0x00007FF67DAF9DEF]
	(No symbol) [0x00007FF67DB191C4]
	(No symbol) [0x00007FF67DAF9B53]
	(No symbol) [0x00007FF67DAC813C]
	(No symbol) [0x00007FF67DAC8D71]
	GetHandleVerifier [0x00007FF67DF4E89D+3237613]
	GetHandleVerifier [0x00007FF67DF90BA7+3508727]
	GetHandleVerifier [0x00007FF67DF8976F+3478975]
	GetHandleVerifier [0x00007FF67DCFF1C6+815126]
	(No symbol) [0x00007FF67DBCED0F]
	(No symbol) [0x00007FF67DBC9854]
	(No symbol) [0x00007FF67DBC99E2]
	(No symbol) [0x00007FF67DBBA574]
	BaseThreadInitThunk [0x00007FFB6BC7257D+29]
	RtlUserThreadStart [0x00007FFB6C70AA48+40]

[ 2024-04-25 05:30:24,051 ] 91 main_controller - INFO - Failed to fill form, template sequence: 96754
[ 2024-04-25 05:30:24,051 ] 91 main_controller - INFO - Remaining form(s): 3
[ 2024-04-25 05:30:24,051 ] 91 luthien5921 - INFO - Accessing form, template sequence: 96755
[ 2024-04-25 05:30:24,052 ] 91 luthien5921 - INFO - Form URL: https://www.shinsei.e-aichi.jp/pref-aichi-police-u/offer/offerList_detailTop?tempSeq=96755
[ 2024-04-25 05:30:24,995 ] 79 luthien5921+shinsei2 - ERROR - Failed to click confirm button: Message: 
Stacktrace:
	GetHandleVerifier [0x00007FF67DF1F922+3045234]
	(No symbol) [0x00007FF67DBC3652]
	(No symbol) [0x00007FF67DA87564]
	(No symbol) [0x00007FF67DAD5F9D]
	(No symbol) [0x00007FF67DAD606C]
	(No symbol) [0x00007FF67DB1BDD7]
	(No symbol) [0x00007FF67DAF9DEF]
	(No symbol) [0x00007FF67DB191C4]
	(No symbol) [0x00007FF67DAF9B53]
	(No symbol) [0x00007FF67DAC813C]
	(No symbol) [0x00007FF67DAC8D71]
	GetHandleVerifier [0x00007FF67DF4E89D+3237613]
	GetHandleVerifier [0x00007FF67DF90BA7+3508727]
	GetHandleVerifier [0x00007FF67DF8976F+3478975]
	GetHandleVerifier [0x00007FF67DCFF1C6+815126]
	(No symbol) [0x00007FF67DBCED0F]
	(No symbol) [0x00007FF67DBC9854]
	(No symbol) [0x00007FF67DBC99E2]
	(No symbol) [0x00007FF67DBBA574]
	BaseThreadInitThunk [0x00007FFB6BC7257D+29]
	RtlUserThreadStart [0x00007FFB6C70AA48+40]
Traceback (most recent call last):
  File "C:\Users\USER\Projects\AichiTool\AichiSelenium\src\controllers\access.py", line 38, in login
    browser.find_element(By.ID, "userLoginForm.userId").send_keys(self.account.username)
  File "C:\Users\USER\anaconda3\envs\aichi\lib\site-packages\seleniumbase\core\sb_driver.py", line 20, in find_element
    return self.driver.default_find_element(by=by, value=value)
  File "C:\Users\USER\anaconda3\envs\aichi\lib\site-packages\selenium\webdriver\remote\webdriver.py", line 741, in find_element
    return self.execute(Command.FIND_ELEMENT, {"using": by, "value": value})["value"]
  File "C:\Users\USER\anaconda3\envs\aichi\lib\site-packages\selenium\webdriver\remote\webdriver.py", line 347, in execute
    self.error_handler.check_response(response)
  File "C:\Users\USER\anaconda3\envs\aichi\lib\site-packages\selenium\webdriver\remote\errorhandler.py", line 229, in check_response
    raise exception_class(message, screen, stacktrace)
selenium.common.exceptions.NoSuchElementException: Message: no such element: Unable to locate element: {"method":"css selector","selector":"[id="userLoginForm.userId"]"}
  (Session info: chrome=124.0.6367.61); For documentation on this error, please visit: https://www.selenium.dev/documentation/webdriver/troubleshooting/errors#no-such-element-exception
Stacktrace:
	GetHandleVerifier [0x00007FF67DF1F922+3045234]
	(No symbol) [0x00007FF67DBC3652]
	(No symbol) [0x00007FF67DA87564]
	(No symbol) [0x00007FF67DAD5F9D]
	(No symbol) [0x00007FF67DAD606C]
	(No symbol) [0x00007FF67DB1BDD7]
	(No symbol) [0x00007FF67DAF9DEF]
	(No symbol) [0x00007FF67DB191C4]
	(No symbol) [0x00007FF67DAF9B53]
	(No symbol) [0x00007FF67DAC813C]
	(No symbol) [0x00007FF67DAC8D71]
	GetHandleVerifier [0x00007FF67DF4E89D+3237613]
	GetHandleVerifier [0x00007FF67DF90BA7+3508727]
	GetHandleVerifier [0x00007FF67DF8976F+3478975]
	GetHandleVerifier [0x00007FF67DCFF1C6+815126]
	(No symbol) [0x00007FF67DBCED0F]
	(No symbol) [0x00007FF67DBC9854]
	(No symbol) [0x00007FF67DBC99E2]
	(No symbol) [0x00007FF67DBBA574]
	BaseThreadInitThunk [0x00007FFB6BC7257D+29]
	RtlUserThreadStart [0x00007FFB6C70AA48+40]


During handling of the above exception, another exception occurred:

Traceback (most recent call last):
  File "C:\Users\USER\Projects\AichiTool\AichiSelenium\src\controllers\main_controller.py", line 58, in subprocess
    result = access.login(browser)
  File "C:\Users\USER\Projects\AichiTool\AichiSelenium\src\controllers\access.py", line 51, in login
    self.logger.error("Failed to login", e)
  File "C:\Users\USER\Projects\AichiTool\AichiSelenium\src\logs.py", line 73, in error
    self._log(logging.ERROR, *msg)
  File "C:\Users\USER\Projects\AichiTool\AichiSelenium\src\logs.py", line 90, in _log
    message = " ".join(msg)
TypeError: sequence item 1: expected str instance, NoSuchElementException found

During handling of the above exception, another exception occurred:

Traceback (most recent call last):
  File "C:\Users\USER\Projects\AichiTool\AichiSelenium\src\controllers\filler.py", line 86, in fill
    wait_until_presence(browser, By.XPATH, "/html/body/form/main/div/div[3]/div[2]/div/div[2]/button")
  File "C:\Users\USER\Projects\AichiTool\AichiSelenium\src\utils\html_utils.py", line 8, in wait_until_presence
    WebDriverWait(browser, timeout).until(EC.presence_of_element_located((by, html)))
  File "C:\Users\USER\anaconda3\envs\aichi\lib\site-packages\selenium\webdriver\support\wait.py", line 105, in until
    raise TimeoutException(message, screen, stacktrace)
selenium.common.exceptions.TimeoutException: Message: 
Stacktrace:
	GetHandleVerifier [0x00007FF67DF1F922+3045234]
	(No symbol) [0x00007FF67DBC3652]
	(No symbol) [0x00007FF67DA87564]
	(No symbol) [0x00007FF67DAD5F9D]
	(No symbol) [0x00007FF67DAD606C]
	(No symbol) [0x00007FF67DB1BDD7]
	(No symbol) [0x00007FF67DAF9DEF]
	(No symbol) [0x00007FF67DB191C4]
	(No symbol) [0x00007FF67DAF9B53]
	(No symbol) [0x00007FF67DAC813C]
	(No symbol) [0x00007FF67DAC8D71]
	GetHandleVerifier [0x00007FF67DF4E89D+3237613]
	GetHandleVerifier [0x00007FF67DF90BA7+3508727]
	GetHandleVerifier [0x00007FF67DF8976F+3478975]
	GetHandleVerifier [0x00007FF67DCFF1C6+815126]
	(No symbol) [0x00007FF67DBCED0F]
	(No symbol) [0x00007FF67DBC9854]
	(No symbol) [0x00007FF67DBC99E2]
	(No symbol) [0x00007FF67DBBA574]
	BaseThreadInitThunk [0x00007FFB6BC7257D+29]
	RtlUserThreadStart [0x00007FFB6C70AA48+40]

[ 2024-04-25 05:30:24,997 ] 91 main_controller - INFO - Failed to fill form, template sequence: 96755
[ 2024-04-25 05:30:24,997 ] 91 main_controller - INFO - Remaining form(s): 3
[ 2024-04-25 05:30:24,998 ] 91 luthien5921+shinsei2 - INFO - Accessing form, template sequence: 96753
[ 2024-04-25 05:30:24,998 ] 91 luthien5921+shinsei2 - INFO - Form URL: https://www.shinsei.e-aichi.jp/pref-aichi-police-u/offer/offerList_detailTop?tempSeq=96753
[ 2024-04-25 05:30:29,180 ] 91 luthien5921+shinsei1 - INFO - Accessed form successfully
[ 2024-04-25 05:30:29,190 ] 79 luthien5921+shinsei1 - ERROR - Failed to get form message, maybe form is available
Traceback (most recent call last):
  File "C:\Users\USER\Projects\AichiTool\AichiSelenium\src\controllers\filler.py", line 115, in get_form_message
    message = browser.find_element(By.XPATH, "/html/body/main/div/form/div[3]/strong/ul/li/span/strong").text
  File "C:\Users\USER\anaconda3\envs\aichi\lib\site-packages\seleniumbase\core\sb_driver.py", line 20, in find_element
    return self.driver.default_find_element(by=by, value=value)
  File "C:\Users\USER\anaconda3\envs\aichi\lib\site-packages\selenium\webdriver\remote\webdriver.py", line 741, in find_element
    return self.execute(Command.FIND_ELEMENT, {"using": by, "value": value})["value"]
  File "C:\Users\USER\anaconda3\envs\aichi\lib\site-packages\selenium\webdriver\remote\webdriver.py", line 347, in execute
    self.error_handler.check_response(response)
  File "C:\Users\USER\anaconda3\envs\aichi\lib\site-packages\selenium\webdriver\remote\errorhandler.py", line 229, in check_response
    raise exception_class(message, screen, stacktrace)
selenium.common.exceptions.NoSuchElementException: Message: no such element: Unable to locate element: {"method":"xpath","selector":"/html/body/main/div/form/div[3]/strong/ul/li/span/strong"}
  (Session info: chrome=124.0.6367.61); For documentation on this error, please visit: https://www.selenium.dev/documentation/webdriver/troubleshooting/errors#no-such-element-exception
Stacktrace:
	GetHandleVerifier [0x00007FF67DF1F922+3045234]
	(No symbol) [0x00007FF67DBC3652]
	(No symbol) [0x00007FF67DA87564]
	(No symbol) [0x00007FF67DAD5F9D]
	(No symbol) [0x00007FF67DAD606C]
	(No symbol) [0x00007FF67DB1BDD7]
	(No symbol) [0x00007FF67DAF9DEF]
	(No symbol) [0x00007FF67DB191C4]
	(No symbol) [0x00007FF67DAF9B53]
	(No symbol) [0x00007FF67DAC813C]
	(No symbol) [0x00007FF67DAC8D71]
	GetHandleVerifier [0x00007FF67DF4E89D+3237613]
	GetHandleVerifier [0x00007FF67DF90BA7+3508727]
	GetHandleVerifier [0x00007FF67DF8976F+3478975]
	GetHandleVerifier [0x00007FF67DCFF1C6+815126]
	(No symbol) [0x00007FF67DBCED0F]
	(No symbol) [0x00007FF67DBC9854]
	(No symbol) [0x00007FF67DBC99E2]
	(No symbol) [0x00007FF67DBBA574]
	BaseThreadInitThunk [0x00007FFB6BC7257D+29]
	RtlUserThreadStart [0x00007FFB6C70AA48+40]

[ 2024-04-25 05:30:29,191 ] 91 luthien5921+shinsei1 - INFO - Form is available, template sequence: 96754
[ 2024-04-25 05:30:29,191 ] 91 luthien5921+shinsei1 - INFO - Filling form, template sequence: 96754
[ 2024-04-25 05:30:30,145 ] 91 luthien5921+shinsei1 - INFO - Clicked continue button
[ 2024-04-25 05:30:30,194 ] 91 luthien5921+shinsei1 - INFO - Filled input: item[0].textData2 by name, value: Tam
[ 2024-04-25 05:30:30,253 ] 91 luthien5921+shinsei1 - INFO - Filled input: item[0].textData by name, value: Bui
[ 2024-04-25 05:30:30,302 ] 91 luthien5921+shinsei1 - INFO - Filled input: item[1].textData by name, value: 19940224
[ 2024-04-25 05:30:30,345 ] 91 luthien5921+shinsei1 - INFO - Filled input: item[5].textData by name, value: 080-5678-912
[ 2024-04-25 05:30:30,389 ] 91 luthien5921+shinsei1 - INFO - Selected dropdown: item[2].selectData by name, text: 
[ 2024-04-25 05:30:30,465 ] 91 luthien5921+shinsei1 - INFO - Selected dropdown: item[3].selectData by name, text: 
[ 2024-04-25 05:30:30,472 ] 79 luthien5921+shinsei1 - ERROR - Failed to check checkbox: Message: no such element: Unable to locate element: {"method":"xpath","selector":"/html/body/form/main/div/div[4]/dl[8]/dd/fieldset/p/label/span"}
  (Session info: chrome=124.0.6367.61); For documentation on this error, please visit: https://www.selenium.dev/documentation/webdriver/troubleshooting/errors#no-such-element-exception
Stacktrace:
	GetHandleVerifier [0x00007FF67DF1F922+3045234]
	(No symbol) [0x00007FF67DBC3652]
	(No symbol) [0x00007FF67DA87564]
	(No symbol) [0x00007FF67DAD5F9D]
	(No symbol) [0x00007FF67DAD606C]
	(No symbol) [0x00007FF67DB1BDD7]
	(No symbol) [0x00007FF67DAF9DEF]
	(No symbol) [0x00007FF67DB191C4]
	(No symbol) [0x00007FF67DAF9B53]
	(No symbol) [0x00007FF67DAC813C]
	(No symbol) [0x00007FF67DAC8D71]
	GetHandleVerifier [0x00007FF67DF4E89D+3237613]
	GetHandleVerifier [0x00007FF67DF90BA7+3508727]
	GetHandleVerifier [0x00007FF67DF8976F+3478975]
	GetHandleVerifier [0x00007FF67DCFF1C6+815126]
	(No symbol) [0x00007FF67DBCED0F]
	(No symbol) [0x00007FF67DBC9854]
	(No symbol) [0x00007FF67DBC99E2]
	(No symbol) [0x00007FF67DBBA574]
	BaseThreadInitThunk [0x00007FFB6BC7257D+29]
	RtlUserThreadStart [0x00007FFB6C70AA48+40]
Traceback (most recent call last):
  File "C:\Users\USER\Projects\AichiTool\AichiSelenium\src\controllers\filler.py", line 165, in click_checkbox
    checkbox_element = browser.find_element(by, html)
  File "C:\Users\USER\anaconda3\envs\aichi\lib\site-packages\seleniumbase\core\sb_driver.py", line 20, in find_element
    return self.driver.default_find_element(by=by, value=value)
  File "C:\Users\USER\anaconda3\envs\aichi\lib\site-packages\selenium\webdriver\remote\webdriver.py", line 741, in find_element
    return self.execute(Command.FIND_ELEMENT, {"using": by, "value": value})["value"]
  File "C:\Users\USER\anaconda3\envs\aichi\lib\site-packages\selenium\webdriver\remote\webdriver.py", line 347, in execute
    self.error_handler.check_response(response)
  File "C:\Users\USER\anaconda3\envs\aichi\lib\site-packages\selenium\webdriver\remote\errorhandler.py", line 229, in check_response
    raise exception_class(message, screen, stacktrace)
selenium.common.exceptions.NoSuchElementException: Message: no such element: Unable to locate element: {"method":"xpath","selector":"/html/body/form/main/div/div[4]/dl[8]/dd/fieldset/p/label/span"}
  (Session info: chrome=124.0.6367.61); For documentation on this error, please visit: https://www.selenium.dev/documentation/webdriver/troubleshooting/errors#no-such-element-exception
Stacktrace:
	GetHandleVerifier [0x00007FF67DF1F922+3045234]
	(No symbol) [0x00007FF67DBC3652]
	(No symbol) [0x00007FF67DA87564]
	(No symbol) [0x00007FF67DAD5F9D]
	(No symbol) [0x00007FF67DAD606C]
	(No symbol) [0x00007FF67DB1BDD7]
	(No symbol) [0x00007FF67DAF9DEF]
	(No symbol) [0x00007FF67DB191C4]
	(No symbol) [0x00007FF67DAF9B53]
	(No symbol) [0x00007FF67DAC813C]
	(No symbol) [0x00007FF67DAC8D71]
	GetHandleVerifier [0x00007FF67DF4E89D+3237613]
	GetHandleVerifier [0x00007FF67DF90BA7+3508727]
	GetHandleVerifier [0x00007FF67DF8976F+3478975]
	GetHandleVerifier [0x00007FF67DCFF1C6+815126]
	(No symbol) [0x00007FF67DBCED0F]
	(No symbol) [0x00007FF67DBC9854]
	(No symbol) [0x00007FF67DBC99E2]
	(No symbol) [0x00007FF67DBBA574]
	BaseThreadInitThunk [0x00007FFB6BC7257D+29]
	RtlUserThreadStart [0x00007FFB6C70AA48+40]

[ 2024-04-25 05:30:36,372 ] 91 luthien5921+shinsei1 - ERROR - Form filled successfully, template sequence: 96754
[ 2024-04-25 05:30:36,372 ] 91 main_controller - INFO - Form filled successfully, template sequence: 96754
[ 2024-04-25 05:30:36,373 ] 91 main_controller - INFO - Remaining form(s): 1
[ 2024-04-25 05:30:36,373 ] 91 luthien5921+shinsei1 - INFO - Accessing form, template sequence: 96753
[ 2024-04-25 05:30:36,373 ] 91 luthien5921+shinsei1 - INFO - Form URL: https://www.shinsei.e-aichi.jp/pref-aichi-police-u/offer/offerList_detailTop?tempSeq=96753
[ 2024-04-25 05:30:41,963 ] 91 luthien5921+shinsei1 - INFO - Accessed form successfully
[ 2024-04-25 05:30:41,972 ] 79 luthien5921+shinsei1 - ERROR - Failed to get form message, maybe form is available
Traceback (most recent call last):
  File "C:\Users\USER\Projects\AichiTool\AichiSelenium\src\controllers\filler.py", line 115, in get_form_message
    message = browser.find_element(By.XPATH, "/html/body/main/div/form/div[3]/strong/ul/li/span/strong").text
  File "C:\Users\USER\anaconda3\envs\aichi\lib\site-packages\seleniumbase\core\sb_driver.py", line 20, in find_element
    return self.driver.default_find_element(by=by, value=value)
  File "C:\Users\USER\anaconda3\envs\aichi\lib\site-packages\selenium\webdriver\remote\webdriver.py", line 741, in find_element
    return self.execute(Command.FIND_ELEMENT, {"using": by, "value": value})["value"]
  File "C:\Users\USER\anaconda3\envs\aichi\lib\site-packages\selenium\webdriver\remote\webdriver.py", line 347, in execute
    self.error_handler.check_response(response)
  File "C:\Users\USER\anaconda3\envs\aichi\lib\site-packages\selenium\webdriver\remote\errorhandler.py", line 229, in check_response
    raise exception_class(message, screen, stacktrace)
selenium.common.exceptions.NoSuchElementException: Message: no such element: Unable to locate element: {"method":"xpath","selector":"/html/body/main/div/form/div[3]/strong/ul/li/span/strong"}
  (Session info: chrome=124.0.6367.61); For documentation on this error, please visit: https://www.selenium.dev/documentation/webdriver/troubleshooting/errors#no-such-element-exception
Stacktrace:
	GetHandleVerifier [0x00007FF67DF1F922+3045234]
	(No symbol) [0x00007FF67DBC3652]
	(No symbol) [0x00007FF67DA87564]
	(No symbol) [0x00007FF67DAD5F9D]
	(No symbol) [0x00007FF67DAD606C]
	(No symbol) [0x00007FF67DB1BDD7]
	(No symbol) [0x00007FF67DAF9DEF]
	(No symbol) [0x00007FF67DB191C4]
	(No symbol) [0x00007FF67DAF9B53]
	(No symbol) [0x00007FF67DAC813C]
	(No symbol) [0x00007FF67DAC8D71]
	GetHandleVerifier [0x00007FF67DF4E89D+3237613]
	GetHandleVerifier [0x00007FF67DF90BA7+3508727]
	GetHandleVerifier [0x00007FF67DF8976F+3478975]
	GetHandleVerifier [0x00007FF67DCFF1C6+815126]
	(No symbol) [0x00007FF67DBCED0F]
	(No symbol) [0x00007FF67DBC9854]
	(No symbol) [0x00007FF67DBC99E2]
	(No symbol) [0x00007FF67DBBA574]
	BaseThreadInitThunk [0x00007FFB6BC7257D+29]
	RtlUserThreadStart [0x00007FFB6C70AA48+40]

[ 2024-04-25 05:30:41,973 ] 91 luthien5921+shinsei1 - INFO - Form is available, template sequence: 96753
[ 2024-04-25 05:30:41,973 ] 91 luthien5921+shinsei1 - INFO - Filling form, template sequence: 96753
[ 2024-04-25 05:30:42,969 ] 91 luthien5921+shinsei1 - INFO - Clicked continue button
[ 2024-04-25 05:30:43,008 ] 91 luthien5921+shinsei1 - INFO - Filled input: item[0].textData2 by name, value: Thang
[ 2024-04-25 05:30:43,047 ] 91 luthien5921+shinsei1 - INFO - Filled input: item[0].textData by name, value: Mai
[ 2024-04-25 05:30:43,098 ] 91 luthien5921+shinsei1 - INFO - Filled input: item[1].textData by name, value: 19970224
[ 2024-04-25 05:30:43,139 ] 91 luthien5921+shinsei1 - INFO - Filled input: item[5].textData by name, value: 080-1234-567
[ 2024-04-25 05:30:43,181 ] 91 luthien5921+shinsei1 - INFO - Selected dropdown: item[2].selectData by name, text: 
[ 2024-04-25 05:30:43,222 ] 91 luthien5921+shinsei1 - INFO - Selected dropdown: item[3].selectData by name, text: 
[ 2024-04-25 05:30:43,229 ] 79 luthien5921+shinsei1 - ERROR - Failed to check checkbox: Message: no such element: Unable to locate element: {"method":"xpath","selector":"/html/body/form/main/div/div[4]/dl[8]/dd/fieldset/p/label/span"}
  (Session info: chrome=124.0.6367.61); For documentation on this error, please visit: https://www.selenium.dev/documentation/webdriver/troubleshooting/errors#no-such-element-exception
Stacktrace:
	GetHandleVerifier [0x00007FF67DF1F922+3045234]
	(No symbol) [0x00007FF67DBC3652]
	(No symbol) [0x00007FF67DA87564]
	(No symbol) [0x00007FF67DAD5F9D]
	(No symbol) [0x00007FF67DAD606C]
	(No symbol) [0x00007FF67DB1BDD7]
	(No symbol) [0x00007FF67DAF9DEF]
	(No symbol) [0x00007FF67DB191C4]
	(No symbol) [0x00007FF67DAF9B53]
	(No symbol) [0x00007FF67DAC813C]
	(No symbol) [0x00007FF67DAC8D71]
	GetHandleVerifier [0x00007FF67DF4E89D+3237613]
	GetHandleVerifier [0x00007FF67DF90BA7+3508727]
	GetHandleVerifier [0x00007FF67DF8976F+3478975]
	GetHandleVerifier [0x00007FF67DCFF1C6+815126]
	(No symbol) [0x00007FF67DBCED0F]
	(No symbol) [0x00007FF67DBC9854]
	(No symbol) [0x00007FF67DBC99E2]
	(No symbol) [0x00007FF67DBBA574]
	BaseThreadInitThunk [0x00007FFB6BC7257D+29]
	RtlUserThreadStart [0x00007FFB6C70AA48+40]
Traceback (most recent call last):
  File "C:\Users\USER\Projects\AichiTool\AichiSelenium\src\controllers\filler.py", line 165, in click_checkbox
    checkbox_element = browser.find_element(by, html)
  File "C:\Users\USER\anaconda3\envs\aichi\lib\site-packages\seleniumbase\core\sb_driver.py", line 20, in find_element
    return self.driver.default_find_element(by=by, value=value)
  File "C:\Users\USER\anaconda3\envs\aichi\lib\site-packages\selenium\webdriver\remote\webdriver.py", line 741, in find_element
    return self.execute(Command.FIND_ELEMENT, {"using": by, "value": value})["value"]
  File "C:\Users\USER\anaconda3\envs\aichi\lib\site-packages\selenium\webdriver\remote\webdriver.py", line 347, in execute
    self.error_handler.check_response(response)
  File "C:\Users\USER\anaconda3\envs\aichi\lib\site-packages\selenium\webdriver\remote\errorhandler.py", line 229, in check_response
    raise exception_class(message, screen, stacktrace)
selenium.common.exceptions.NoSuchElementException: Message: no such element: Unable to locate element: {"method":"xpath","selector":"/html/body/form/main/div/div[4]/dl[8]/dd/fieldset/p/label/span"}
  (Session info: chrome=124.0.6367.61); For documentation on this error, please visit: https://www.selenium.dev/documentation/webdriver/troubleshooting/errors#no-such-element-exception
Stacktrace:
	GetHandleVerifier [0x00007FF67DF1F922+3045234]
	(No symbol) [0x00007FF67DBC3652]
	(No symbol) [0x00007FF67DA87564]
	(No symbol) [0x00007FF67DAD5F9D]
	(No symbol) [0x00007FF67DAD606C]
	(No symbol) [0x00007FF67DB1BDD7]
	(No symbol) [0x00007FF67DAF9DEF]
	(No symbol) [0x00007FF67DB191C4]
	(No symbol) [0x00007FF67DAF9B53]
	(No symbol) [0x00007FF67DAC813C]
	(No symbol) [0x00007FF67DAC8D71]
	GetHandleVerifier [0x00007FF67DF4E89D+3237613]
	GetHandleVerifier [0x00007FF67DF90BA7+3508727]
	GetHandleVerifier [0x00007FF67DF8976F+3478975]
	GetHandleVerifier [0x00007FF67DCFF1C6+815126]
	(No symbol) [0x00007FF67DBCED0F]
	(No symbol) [0x00007FF67DBC9854]
	(No symbol) [0x00007FF67DBC99E2]
	(No symbol) [0x00007FF67DBBA574]
	BaseThreadInitThunk [0x00007FFB6BC7257D+29]
	RtlUserThreadStart [0x00007FFB6C70AA48+40]

[ 2024-04-25 05:30:50,557 ] 91 luthien5921+shinsei1 - ERROR - Form filled successfully, template sequence: 96753
[ 2024-04-25 05:30:50,558 ] 91 main_controller - INFO - Form filled successfully, template sequence: 96753
[ 2024-04-25 05:30:50,558 ] 91 main_controller - INFO - Remaining form(s): 0
[ 2024-04-25 05:30:50,558 ] 91 main_controller - INFO - All forms passed
[ 2024-04-25 05:30:53,573 ] 91 main_controller - INFO - Closing browser
[ 2024-04-25 05:30:55,779 ] 91 main_controller - INFO - Browser closed
