[ 2024-04-16 14:34:53,460 ] 94 main_controller - INFO - Subprocess 0 started with trial number 0
[ 2024-04-16 14:34:53,461 ] 94 main_controller - ERROR - Account is a dictionary, convert to Account object: Username: Nickpown0411@gmail.com, Password: hoahong1234
[ 2024-04-16 14:34:55,479 ] 94 main_controller - INFO - Subprocess 1 started with trial number 0
[ 2024-04-16 14:34:55,479 ] 94 main_controller - INFO - Subprocess 1 started with trial number 0
[ 2024-04-16 14:34:55,482 ] 94 main_controller - ERROR - Account is a dictionary, convert to Account object: Username: marjyamada040493@gmail.com, Password: Marj0409
[ 2024-04-16 14:34:55,482 ] 94 main_controller - ERROR - Account is a dictionary, convert to Account object: Username: marjyamada040493@gmail.com, Password: Marj0409
[ 2024-04-16 14:34:56,049 ] 94 main_controller - INFO - Browser opened
[ 2024-04-16 14:34:56,049 ] 94 main_controller - INFO - Browser opened
[ 2024-04-16 14:34:57,512 ] 94 main_controller - INFO - Subprocess 2 started with trial number 0
[ 2024-04-16 14:34:57,512 ] 94 main_controller - INFO - Subprocess 2 started with trial number 0
[ 2024-04-16 14:34:57,512 ] 94 main_controller - INFO - Subprocess 2 started with trial number 0
[ 2024-04-16 14:34:57,513 ] 94 main_controller - ERROR - Account is a dictionary, convert to Account object: Username: Jamebrown0206@gmail.com, Password: hoahong1234
[ 2024-04-16 14:34:57,513 ] 94 main_controller - ERROR - Account is a dictionary, convert to Account object: Username: Jamebrown0206@gmail.com, Password: hoahong1234
[ 2024-04-16 14:34:57,513 ] 94 main_controller - ERROR - Account is a dictionary, convert to Account object: Username: Jamebrown0206@gmail.com, Password: hoahong1234
[ 2024-04-16 14:34:57,609 ] 94 main_controller - INFO - Browser opened
[ 2024-04-16 14:34:57,609 ] 94 main_controller - INFO - Browser opened
[ 2024-04-16 14:34:57,609 ] 94 main_controller - INFO - Browser opened
[ 2024-04-16 14:35:00,220 ] 94 main_controller - INFO - Browser opened
[ 2024-04-16 14:35:00,220 ] 94 main_controller - INFO - Browser opened
[ 2024-04-16 14:35:00,220 ] 94 main_controller - INFO - Browser opened
[ 2024-04-16 14:35:04,050 ] 82 main_controller - ERROR - Caught exception: sequence item 1: expected str instance, NoSuchElementException found
Traceback (most recent call last):
  File "C:\Users\USER\Projects\AichiTool\AichiSelenium\src\controllers\access.py", line 38, in login
    browser.find_element(By.ID, "userLoginForm.userId").send_keys(self.account.username)
  File "C:\ProgramData\anaconda3\envs\aichi\lib\site-packages\seleniumbase\core\sb_driver.py", line 20, in find_element
    return self.driver.default_find_element(by=by, value=value)
  File "C:\ProgramData\anaconda3\envs\aichi\lib\site-packages\selenium\webdriver\remote\webdriver.py", line 741, in find_element
    return self.execute(Command.FIND_ELEMENT, {"using": by, "value": value})["value"]
  File "C:\ProgramData\anaconda3\envs\aichi\lib\site-packages\selenium\webdriver\remote\webdriver.py", line 347, in execute
    self.error_handler.check_response(response)
  File "C:\ProgramData\anaconda3\envs\aichi\lib\site-packages\selenium\webdriver\remote\errorhandler.py", line 229, in check_response
    raise exception_class(message, screen, stacktrace)
selenium.common.exceptions.NoSuchElementException: Message: no such element: Unable to locate element: {"method":"css selector","selector":"[id="userLoginForm.userId"]"}
  (Session info: chrome=123.0.6312.123); For documentation on this error, please visit: https://www.selenium.dev/documentation/webdriver/troubleshooting/errors#no-such-element-exception
Stacktrace:
	GetHandleVerifier [0x00007FF770D87032+63090]
	(No symbol) [0x00007FF770CF2C82]
	(No symbol) [0x00007FF770B8EC65]
	(No symbol) [0x00007FF770BD499D]
	(No symbol) [0x00007FF770BD4ADC]
	(No symbol) [0x00007FF770C15B37]
	(No symbol) [0x00007FF770BF701F]
	(No symbol) [0x00007FF770C13412]
	(No symbol) [0x00007FF770BF6D83]
	(No symbol) [0x00007FF770BC83A8]
	(No symbol) [0x00007FF770BC9441]
	GetHandleVerifier [0x00007FF7711825AD+4238317]
	GetHandleVerifier [0x00007FF7711BF70D+4488525]
	GetHandleVerifier [0x00007FF7711B79EF+4456495]
	GetHandleVerifier [0x00007FF770E60576+953270]
	(No symbol) [0x00007FF770CFE54F]
	(No symbol) [0x00007FF770CF9224]
	(No symbol) [0x00007FF770CF935B]
	(No symbol) [0x00007FF770CE9B94]
	BaseThreadInitThunk [0x00007FFDC2F1257D+29]
	RtlUserThreadStart [0x00007FFDC3E0AA48+40]


During handling of the above exception, another exception occurred:

Traceback (most recent call last):
  File "C:\Users\USER\Projects\AichiTool\AichiSelenium\src\controllers\main_controller.py", line 57, in subprocess
    result = access.login(browser)
  File "C:\Users\USER\Projects\AichiTool\AichiSelenium\src\controllers\access.py", line 51, in login
    self.logger.error("Failed to login", e)
  File "C:\Users\USER\Projects\AichiTool\AichiSelenium\src\logs.py", line 76, in error
    self._log(logging.ERROR, *msg)
  File "C:\Users\USER\Projects\AichiTool\AichiSelenium\src\logs.py", line 93, in _log
    message = " ".join(msg)
TypeError: sequence item 1: expected str instance, NoSuchElementException found
[ 2024-04-16 14:35:04,050 ] 82 main_controller - ERROR - Caught exception: sequence item 1: expected str instance, NoSuchElementException found
Traceback (most recent call last):
  File "C:\Users\USER\Projects\AichiTool\AichiSelenium\src\controllers\access.py", line 38, in login
    browser.find_element(By.ID, "userLoginForm.userId").send_keys(self.account.username)
  File "C:\ProgramData\anaconda3\envs\aichi\lib\site-packages\seleniumbase\core\sb_driver.py", line 20, in find_element
    return self.driver.default_find_element(by=by, value=value)
  File "C:\ProgramData\anaconda3\envs\aichi\lib\site-packages\selenium\webdriver\remote\webdriver.py", line 741, in find_element
    return self.execute(Command.FIND_ELEMENT, {"using": by, "value": value})["value"]
  File "C:\ProgramData\anaconda3\envs\aichi\lib\site-packages\selenium\webdriver\remote\webdriver.py", line 347, in execute
    self.error_handler.check_response(response)
  File "C:\ProgramData\anaconda3\envs\aichi\lib\site-packages\selenium\webdriver\remote\errorhandler.py", line 229, in check_response
    raise exception_class(message, screen, stacktrace)
selenium.common.exceptions.NoSuchElementException: Message: no such element: Unable to locate element: {"method":"css selector","selector":"[id="userLoginForm.userId"]"}
  (Session info: chrome=123.0.6312.123); For documentation on this error, please visit: https://www.selenium.dev/documentation/webdriver/troubleshooting/errors#no-such-element-exception
Stacktrace:
	GetHandleVerifier [0x00007FF770D87032+63090]
	(No symbol) [0x00007FF770CF2C82]
	(No symbol) [0x00007FF770B8EC65]
	(No symbol) [0x00007FF770BD499D]
	(No symbol) [0x00007FF770BD4ADC]
	(No symbol) [0x00007FF770C15B37]
	(No symbol) [0x00007FF770BF701F]
	(No symbol) [0x00007FF770C13412]
	(No symbol) [0x00007FF770BF6D83]
	(No symbol) [0x00007FF770BC83A8]
	(No symbol) [0x00007FF770BC9441]
	GetHandleVerifier [0x00007FF7711825AD+4238317]
	GetHandleVerifier [0x00007FF7711BF70D+4488525]
	GetHandleVerifier [0x00007FF7711B79EF+4456495]
	GetHandleVerifier [0x00007FF770E60576+953270]
	(No symbol) [0x00007FF770CFE54F]
	(No symbol) [0x00007FF770CF9224]
	(No symbol) [0x00007FF770CF935B]
	(No symbol) [0x00007FF770CE9B94]
	BaseThreadInitThunk [0x00007FFDC2F1257D+29]
	RtlUserThreadStart [0x00007FFDC3E0AA48+40]


During handling of the above exception, another exception occurred:

Traceback (most recent call last):
  File "C:\Users\USER\Projects\AichiTool\AichiSelenium\src\controllers\main_controller.py", line 57, in subprocess
    result = access.login(browser)
  File "C:\Users\USER\Projects\AichiTool\AichiSelenium\src\controllers\access.py", line 51, in login
    self.logger.error("Failed to login", e)
  File "C:\Users\USER\Projects\AichiTool\AichiSelenium\src\logs.py", line 76, in error
    self._log(logging.ERROR, *msg)
  File "C:\Users\USER\Projects\AichiTool\AichiSelenium\src\logs.py", line 93, in _log
    message = " ".join(msg)
TypeError: sequence item 1: expected str instance, NoSuchElementException found
[ 2024-04-16 14:35:04,050 ] 82 main_controller - ERROR - Caught exception: sequence item 1: expected str instance, NoSuchElementException found
Traceback (most recent call last):
  File "C:\Users\USER\Projects\AichiTool\AichiSelenium\src\controllers\access.py", line 38, in login
    browser.find_element(By.ID, "userLoginForm.userId").send_keys(self.account.username)
  File "C:\ProgramData\anaconda3\envs\aichi\lib\site-packages\seleniumbase\core\sb_driver.py", line 20, in find_element
    return self.driver.default_find_element(by=by, value=value)
  File "C:\ProgramData\anaconda3\envs\aichi\lib\site-packages\selenium\webdriver\remote\webdriver.py", line 741, in find_element
    return self.execute(Command.FIND_ELEMENT, {"using": by, "value": value})["value"]
  File "C:\ProgramData\anaconda3\envs\aichi\lib\site-packages\selenium\webdriver\remote\webdriver.py", line 347, in execute
    self.error_handler.check_response(response)
  File "C:\ProgramData\anaconda3\envs\aichi\lib\site-packages\selenium\webdriver\remote\errorhandler.py", line 229, in check_response
    raise exception_class(message, screen, stacktrace)
selenium.common.exceptions.NoSuchElementException: Message: no such element: Unable to locate element: {"method":"css selector","selector":"[id="userLoginForm.userId"]"}
  (Session info: chrome=123.0.6312.123); For documentation on this error, please visit: https://www.selenium.dev/documentation/webdriver/troubleshooting/errors#no-such-element-exception
Stacktrace:
	GetHandleVerifier [0x00007FF770D87032+63090]
	(No symbol) [0x00007FF770CF2C82]
	(No symbol) [0x00007FF770B8EC65]
	(No symbol) [0x00007FF770BD499D]
	(No symbol) [0x00007FF770BD4ADC]
	(No symbol) [0x00007FF770C15B37]
	(No symbol) [0x00007FF770BF701F]
	(No symbol) [0x00007FF770C13412]
	(No symbol) [0x00007FF770BF6D83]
	(No symbol) [0x00007FF770BC83A8]
	(No symbol) [0x00007FF770BC9441]
	GetHandleVerifier [0x00007FF7711825AD+4238317]
	GetHandleVerifier [0x00007FF7711BF70D+4488525]
	GetHandleVerifier [0x00007FF7711B79EF+4456495]
	GetHandleVerifier [0x00007FF770E60576+953270]
	(No symbol) [0x00007FF770CFE54F]
	(No symbol) [0x00007FF770CF9224]
	(No symbol) [0x00007FF770CF935B]
	(No symbol) [0x00007FF770CE9B94]
	BaseThreadInitThunk [0x00007FFDC2F1257D+29]
	RtlUserThreadStart [0x00007FFDC3E0AA48+40]


During handling of the above exception, another exception occurred:

Traceback (most recent call last):
  File "C:\Users\USER\Projects\AichiTool\AichiSelenium\src\controllers\main_controller.py", line 57, in subprocess
    result = access.login(browser)
  File "C:\Users\USER\Projects\AichiTool\AichiSelenium\src\controllers\access.py", line 51, in login
    self.logger.error("Failed to login", e)
  File "C:\Users\USER\Projects\AichiTool\AichiSelenium\src\logs.py", line 76, in error
    self._log(logging.ERROR, *msg)
  File "C:\Users\USER\Projects\AichiTool\AichiSelenium\src\logs.py", line 93, in _log
    message = " ".join(msg)
TypeError: sequence item 1: expected str instance, NoSuchElementException found
[ 2024-04-16 14:35:04,069 ] 94 main_controller - INFO - Subprocess 0 started with trial number 1
[ 2024-04-16 14:35:04,069 ] 94 main_controller - INFO - Subprocess 0 started with trial number 1
[ 2024-04-16 14:35:04,069 ] 94 main_controller - INFO - Subprocess 0 started with trial number 1
[ 2024-04-16 14:35:04,069 ] 94 main_controller - INFO - Subprocess 0 started with trial number 1
[ 2024-04-16 14:35:07,745 ] 94 main_controller - INFO - Browser opened
[ 2024-04-16 14:35:07,745 ] 94 main_controller - INFO - Browser opened
[ 2024-04-16 14:35:07,745 ] 94 main_controller - INFO - Browser opened
[ 2024-04-16 14:35:07,745 ] 94 main_controller - INFO - Browser opened
[ 2024-04-16 14:35:13,579 ] 94 main_controller - INFO - Logged in successfully
[ 2024-04-16 14:35:13,579 ] 94 main_controller - INFO - Logged in successfully
[ 2024-04-16 14:35:13,579 ] 94 main_controller - INFO - Logged in successfully
[ 2024-04-16 14:35:13,579 ] 94 main_controller - INFO - Logged in successfully
[ 2024-04-16 14:35:13,892 ] 94 main_controller - INFO - Logged in successfully
[ 2024-04-16 14:35:13,892 ] 94 main_controller - INFO - Logged in successfully
[ 2024-04-16 14:35:13,892 ] 94 main_controller - INFO - Logged in successfully
[ 2024-04-16 14:35:13,892 ] 94 main_controller - INFO - Logged in successfully
[ 2024-04-16 14:35:13,938 ] 94 main_controller - INFO - Screenshot saved to C:\Users\USER\Projects\AichiTool\AichiSelenium\logs\2024_04_16\14_34_52\screenshot_Jamebrown0206.png
[ 2024-04-16 14:35:13,938 ] 94 main_controller - INFO - Screenshot saved to C:\Users\USER\Projects\AichiTool\AichiSelenium\logs\2024_04_16\14_34_52\screenshot_Jamebrown0206.png
[ 2024-04-16 14:35:13,938 ] 94 main_controller - INFO - Screenshot saved to C:\Users\USER\Projects\AichiTool\AichiSelenium\logs\2024_04_16\14_34_52\screenshot_Jamebrown0206.png
[ 2024-04-16 14:35:13,938 ] 94 main_controller - INFO - Screenshot saved to C:\Users\USER\Projects\AichiTool\AichiSelenium\logs\2024_04_16\14_34_52\screenshot_Jamebrown0206.png
[ 2024-04-16 14:35:13,941 ] 94 main_controller - INFO - Finding forms
[ 2024-04-16 14:35:13,941 ] 94 main_controller - INFO - Finding forms
[ 2024-04-16 14:35:13,941 ] 94 main_controller - INFO - Finding forms
[ 2024-04-16 14:35:13,941 ] 94 main_controller - INFO - Finding forms
[ 2024-04-16 14:35:14,253 ] 94 main_controller - INFO - Screenshot saved to C:\Users\USER\Projects\AichiTool\AichiSelenium\logs\2024_04_16\14_34_52\screenshot_marjyamada040493.png
[ 2024-04-16 14:35:14,253 ] 94 main_controller - INFO - Screenshot saved to C:\Users\USER\Projects\AichiTool\AichiSelenium\logs\2024_04_16\14_34_52\screenshot_marjyamada040493.png
[ 2024-04-16 14:35:14,253 ] 94 main_controller - INFO - Screenshot saved to C:\Users\USER\Projects\AichiTool\AichiSelenium\logs\2024_04_16\14_34_52\screenshot_marjyamada040493.png
[ 2024-04-16 14:35:14,253 ] 94 main_controller - INFO - Screenshot saved to C:\Users\USER\Projects\AichiTool\AichiSelenium\logs\2024_04_16\14_34_52\screenshot_marjyamada040493.png
[ 2024-04-16 14:35:14,256 ] 94 main_controller - INFO - Finding forms
[ 2024-04-16 14:35:14,256 ] 94 main_controller - INFO - Finding forms
[ 2024-04-16 14:35:14,256 ] 94 main_controller - INFO - Finding forms
[ 2024-04-16 14:35:14,256 ] 94 main_controller - INFO - Finding forms
[ 2024-04-16 14:35:18,520 ] 94 main_controller - INFO - Found 5 form(s)
[ 2024-04-16 14:35:18,520 ] 94 main_controller - INFO - Found 5 form(s)
[ 2024-04-16 14:35:18,520 ] 94 main_controller - INFO - Found 5 form(s)
[ 2024-04-16 14:35:18,520 ] 94 main_controller - INFO - Found 5 form(s)
[ 2024-04-16 14:35:18,857 ] 94 main_controller - INFO - Found 5 form(s)
[ 2024-04-16 14:35:18,857 ] 94 main_controller - INFO - Found 5 form(s)
[ 2024-04-16 14:35:18,857 ] 94 main_controller - INFO - Found 5 form(s)
[ 2024-04-16 14:35:18,857 ] 94 main_controller - INFO - Found 5 form(s)
[ 2024-04-16 14:35:22,986 ] 94 main_controller - INFO - Logged in successfully
[ 2024-04-16 14:35:22,986 ] 94 main_controller - INFO - Logged in successfully
[ 2024-04-16 14:35:22,986 ] 94 main_controller - INFO - Logged in successfully
[ 2024-04-16 14:35:22,986 ] 94 main_controller - INFO - Logged in successfully
[ 2024-04-16 14:35:23,235 ] 94 main_controller - INFO - Screenshot saved to C:\Users\USER\Projects\AichiTool\AichiSelenium\logs\2024_04_16\14_34_52\screenshot_Nickpown0411.png
[ 2024-04-16 14:35:23,235 ] 94 main_controller - INFO - Screenshot saved to C:\Users\USER\Projects\AichiTool\AichiSelenium\logs\2024_04_16\14_34_52\screenshot_Nickpown0411.png
[ 2024-04-16 14:35:23,235 ] 94 main_controller - INFO - Screenshot saved to C:\Users\USER\Projects\AichiTool\AichiSelenium\logs\2024_04_16\14_34_52\screenshot_Nickpown0411.png
[ 2024-04-16 14:35:23,235 ] 94 main_controller - INFO - Screenshot saved to C:\Users\USER\Projects\AichiTool\AichiSelenium\logs\2024_04_16\14_34_52\screenshot_Nickpown0411.png
[ 2024-04-16 14:35:23,236 ] 94 main_controller - INFO - Finding forms
[ 2024-04-16 14:35:23,236 ] 94 main_controller - INFO - Finding forms
[ 2024-04-16 14:35:23,236 ] 94 main_controller - INFO - Finding forms
[ 2024-04-16 14:35:23,236 ] 94 main_controller - INFO - Finding forms
[ 2024-04-16 14:35:24,065 ] 94 main_controller - INFO - Form is closed, template sequence: 95605
[ 2024-04-16 14:35:24,065 ] 94 main_controller - INFO - Form is closed, template sequence: 95605
[ 2024-04-16 14:35:24,065 ] 94 main_controller - INFO - Form is closed, template sequence: 95605
[ 2024-04-16 14:35:24,065 ] 94 main_controller - INFO - Form is closed, template sequence: 95605
[ 2024-04-16 14:35:24,066 ] 94 main_controller - INFO - Remaining form(s): 4
[ 2024-04-16 14:35:24,066 ] 94 main_controller - INFO - Remaining form(s): 4
[ 2024-04-16 14:35:24,066 ] 94 main_controller - INFO - Remaining form(s): 4
[ 2024-04-16 14:35:24,066 ] 94 main_controller - INFO - Remaining form(s): 4
[ 2024-04-16 14:35:24,936 ] 94 main_controller - INFO - Form is closed, template sequence: 95608
[ 2024-04-16 14:35:24,936 ] 94 main_controller - INFO - Form is closed, template sequence: 95608
[ 2024-04-16 14:35:24,936 ] 94 main_controller - INFO - Form is closed, template sequence: 95608
[ 2024-04-16 14:35:24,936 ] 94 main_controller - INFO - Form is closed, template sequence: 95608
[ 2024-04-16 14:35:24,937 ] 94 main_controller - INFO - Remaining form(s): 4
[ 2024-04-16 14:35:24,937 ] 94 main_controller - INFO - Remaining form(s): 4
[ 2024-04-16 14:35:24,937 ] 94 main_controller - INFO - Remaining form(s): 4
[ 2024-04-16 14:35:24,937 ] 94 main_controller - INFO - Remaining form(s): 4
[ 2024-04-16 14:35:27,035 ] 94 main_controller - INFO - Found 5 form(s)
[ 2024-04-16 14:35:27,035 ] 94 main_controller - INFO - Found 5 form(s)
[ 2024-04-16 14:35:27,035 ] 94 main_controller - INFO - Found 5 form(s)
[ 2024-04-16 14:35:27,035 ] 94 main_controller - INFO - Found 5 form(s)
[ 2024-04-16 14:35:30,084 ] 94 main_controller - INFO - Form is closed, template sequence: 95609
[ 2024-04-16 14:35:30,084 ] 94 main_controller - INFO - Form is closed, template sequence: 95609
[ 2024-04-16 14:35:30,084 ] 94 main_controller - INFO - Form is closed, template sequence: 95609
[ 2024-04-16 14:35:30,084 ] 94 main_controller - INFO - Form is closed, template sequence: 95609
[ 2024-04-16 14:35:30,085 ] 94 main_controller - INFO - Remaining form(s): 3
[ 2024-04-16 14:35:30,085 ] 94 main_controller - INFO - Remaining form(s): 3
[ 2024-04-16 14:35:30,085 ] 94 main_controller - INFO - Remaining form(s): 3
[ 2024-04-16 14:35:30,085 ] 94 main_controller - INFO - Remaining form(s): 3
[ 2024-04-16 14:35:30,754 ] 94 main_controller - INFO - Form is closed, template sequence: 95604
[ 2024-04-16 14:35:30,754 ] 94 main_controller - INFO - Form is closed, template sequence: 95604
[ 2024-04-16 14:35:30,754 ] 94 main_controller - INFO - Form is closed, template sequence: 95604
[ 2024-04-16 14:35:30,754 ] 94 main_controller - INFO - Form is closed, template sequence: 95604
[ 2024-04-16 14:35:30,754 ] 94 main_controller - INFO - Remaining form(s): 3
[ 2024-04-16 14:35:30,754 ] 94 main_controller - INFO - Remaining form(s): 3
[ 2024-04-16 14:35:30,754 ] 94 main_controller - INFO - Remaining form(s): 3
[ 2024-04-16 14:35:30,754 ] 94 main_controller - INFO - Remaining form(s): 3
[ 2024-04-16 14:35:32,723 ] 94 main_controller - INFO - Form is closed, template sequence: 95604
[ 2024-04-16 14:35:32,723 ] 94 main_controller - INFO - Form is closed, template sequence: 95604
[ 2024-04-16 14:35:32,723 ] 94 main_controller - INFO - Form is closed, template sequence: 95604
[ 2024-04-16 14:35:32,723 ] 94 main_controller - INFO - Form is closed, template sequence: 95604
[ 2024-04-16 14:35:32,724 ] 94 main_controller - INFO - Remaining form(s): 4
[ 2024-04-16 14:35:32,724 ] 94 main_controller - INFO - Remaining form(s): 4
[ 2024-04-16 14:35:32,724 ] 94 main_controller - INFO - Remaining form(s): 4
[ 2024-04-16 14:35:32,724 ] 94 main_controller - INFO - Remaining form(s): 4
[ 2024-04-16 14:35:35,800 ] 94 main_controller - INFO - Form is closed, template sequence: 95604
[ 2024-04-16 14:35:35,800 ] 94 main_controller - INFO - Form is closed, template sequence: 95604
[ 2024-04-16 14:35:35,800 ] 94 main_controller - INFO - Form is closed, template sequence: 95604
[ 2024-04-16 14:35:35,800 ] 94 main_controller - INFO - Form is closed, template sequence: 95604
[ 2024-04-16 14:35:35,801 ] 94 main_controller - INFO - Remaining form(s): 2
[ 2024-04-16 14:35:35,801 ] 94 main_controller - INFO - Remaining form(s): 2
[ 2024-04-16 14:35:35,801 ] 94 main_controller - INFO - Remaining form(s): 2
[ 2024-04-16 14:35:35,801 ] 94 main_controller - INFO - Remaining form(s): 2
[ 2024-04-16 14:35:36,618 ] 94 main_controller - INFO - Form is closed, template sequence: 95607
[ 2024-04-16 14:35:36,618 ] 94 main_controller - INFO - Form is closed, template sequence: 95607
[ 2024-04-16 14:35:36,618 ] 94 main_controller - INFO - Form is closed, template sequence: 95607
[ 2024-04-16 14:35:36,618 ] 94 main_controller - INFO - Form is closed, template sequence: 95607
[ 2024-04-16 14:35:36,618 ] 94 main_controller - INFO - Remaining form(s): 2
[ 2024-04-16 14:35:36,618 ] 94 main_controller - INFO - Remaining form(s): 2
[ 2024-04-16 14:35:36,618 ] 94 main_controller - INFO - Remaining form(s): 2
[ 2024-04-16 14:35:36,618 ] 94 main_controller - INFO - Remaining form(s): 2
[ 2024-04-16 14:35:38,412 ] 94 main_controller - INFO - Form is closed, template sequence: 95608
[ 2024-04-16 14:35:38,412 ] 94 main_controller - INFO - Form is closed, template sequence: 95608
[ 2024-04-16 14:35:38,412 ] 94 main_controller - INFO - Form is closed, template sequence: 95608
[ 2024-04-16 14:35:38,412 ] 94 main_controller - INFO - Form is closed, template sequence: 95608
[ 2024-04-16 14:35:38,412 ] 94 main_controller - INFO - Remaining form(s): 3
[ 2024-04-16 14:35:38,412 ] 94 main_controller - INFO - Remaining form(s): 3
[ 2024-04-16 14:35:38,412 ] 94 main_controller - INFO - Remaining form(s): 3
[ 2024-04-16 14:35:38,412 ] 94 main_controller - INFO - Remaining form(s): 3
[ 2024-04-16 14:35:41,428 ] 94 main_controller - INFO - Form is closed, template sequence: 95607
[ 2024-04-16 14:35:41,428 ] 94 main_controller - INFO - Form is closed, template sequence: 95607
[ 2024-04-16 14:35:41,428 ] 94 main_controller - INFO - Form is closed, template sequence: 95607
[ 2024-04-16 14:35:41,428 ] 94 main_controller - INFO - Form is closed, template sequence: 95607
[ 2024-04-16 14:35:41,428 ] 94 main_controller - INFO - Remaining form(s): 1
[ 2024-04-16 14:35:41,428 ] 94 main_controller - INFO - Remaining form(s): 1
[ 2024-04-16 14:35:41,428 ] 94 main_controller - INFO - Remaining form(s): 1
[ 2024-04-16 14:35:41,428 ] 94 main_controller - INFO - Remaining form(s): 1
[ 2024-04-16 14:35:42,310 ] 94 main_controller - INFO - Form is closed, template sequence: 95609
[ 2024-04-16 14:35:42,310 ] 94 main_controller - INFO - Form is closed, template sequence: 95609
[ 2024-04-16 14:35:42,310 ] 94 main_controller - INFO - Form is closed, template sequence: 95609
[ 2024-04-16 14:35:42,310 ] 94 main_controller - INFO - Form is closed, template sequence: 95609
[ 2024-04-16 14:35:42,310 ] 94 main_controller - INFO - Remaining form(s): 1
[ 2024-04-16 14:35:42,310 ] 94 main_controller - INFO - Remaining form(s): 1
[ 2024-04-16 14:35:42,310 ] 94 main_controller - INFO - Remaining form(s): 1
[ 2024-04-16 14:35:42,310 ] 94 main_controller - INFO - Remaining form(s): 1
[ 2024-04-16 14:35:44,034 ] 94 main_controller - INFO - Form is closed, template sequence: 95609
[ 2024-04-16 14:35:44,034 ] 94 main_controller - INFO - Form is closed, template sequence: 95609
[ 2024-04-16 14:35:44,034 ] 94 main_controller - INFO - Form is closed, template sequence: 95609
[ 2024-04-16 14:35:44,034 ] 94 main_controller - INFO - Form is closed, template sequence: 95609
[ 2024-04-16 14:35:44,035 ] 94 main_controller - INFO - Remaining form(s): 2
[ 2024-04-16 14:35:44,035 ] 94 main_controller - INFO - Remaining form(s): 2
[ 2024-04-16 14:35:44,035 ] 94 main_controller - INFO - Remaining form(s): 2
[ 2024-04-16 14:35:44,035 ] 94 main_controller - INFO - Remaining form(s): 2
[ 2024-04-16 14:35:47,110 ] 94 main_controller - INFO - Form is closed, template sequence: 95608
[ 2024-04-16 14:35:47,110 ] 94 main_controller - INFO - Form is closed, template sequence: 95608
[ 2024-04-16 14:35:47,110 ] 94 main_controller - INFO - Form is closed, template sequence: 95608
[ 2024-04-16 14:35:47,110 ] 94 main_controller - INFO - Form is closed, template sequence: 95608
[ 2024-04-16 14:35:47,111 ] 94 main_controller - INFO - Remaining form(s): 0
[ 2024-04-16 14:35:47,111 ] 94 main_controller - INFO - Remaining form(s): 0
[ 2024-04-16 14:35:47,111 ] 94 main_controller - INFO - Remaining form(s): 0
[ 2024-04-16 14:35:47,111 ] 94 main_controller - INFO - Remaining form(s): 0
[ 2024-04-16 14:35:47,111 ] 94 main_controller - INFO - All forms passed
[ 2024-04-16 14:35:47,111 ] 94 main_controller - INFO - All forms passed
[ 2024-04-16 14:35:47,111 ] 94 main_controller - INFO - All forms passed
[ 2024-04-16 14:35:47,111 ] 94 main_controller - INFO - All forms passed
[ 2024-04-16 14:35:48,008 ] 94 main_controller - INFO - Form is closed, template sequence: 95605
[ 2024-04-16 14:35:48,008 ] 94 main_controller - INFO - Form is closed, template sequence: 95605
[ 2024-04-16 14:35:48,008 ] 94 main_controller - INFO - Form is closed, template sequence: 95605
[ 2024-04-16 14:35:48,008 ] 94 main_controller - INFO - Form is closed, template sequence: 95605
[ 2024-04-16 14:35:48,008 ] 94 main_controller - INFO - Remaining form(s): 0
[ 2024-04-16 14:35:48,008 ] 94 main_controller - INFO - Remaining form(s): 0
[ 2024-04-16 14:35:48,008 ] 94 main_controller - INFO - Remaining form(s): 0
[ 2024-04-16 14:35:48,008 ] 94 main_controller - INFO - Remaining form(s): 0
[ 2024-04-16 14:35:48,008 ] 94 main_controller - INFO - All forms passed
[ 2024-04-16 14:35:48,008 ] 94 main_controller - INFO - All forms passed
[ 2024-04-16 14:35:48,008 ] 94 main_controller - INFO - All forms passed
[ 2024-04-16 14:35:48,008 ] 94 main_controller - INFO - All forms passed
[ 2024-04-16 14:35:49,771 ] 94 main_controller - INFO - Form is closed, template sequence: 95605
[ 2024-04-16 14:35:49,771 ] 94 main_controller - INFO - Form is closed, template sequence: 95605
[ 2024-04-16 14:35:49,771 ] 94 main_controller - INFO - Form is closed, template sequence: 95605
[ 2024-04-16 14:35:49,771 ] 94 main_controller - INFO - Form is closed, template sequence: 95605
[ 2024-04-16 14:35:49,771 ] 94 main_controller - INFO - Remaining form(s): 1
[ 2024-04-16 14:35:49,771 ] 94 main_controller - INFO - Remaining form(s): 1
[ 2024-04-16 14:35:49,771 ] 94 main_controller - INFO - Remaining form(s): 1
[ 2024-04-16 14:35:49,771 ] 94 main_controller - INFO - Remaining form(s): 1
