[ 2024-04-19 05:28:11,414 ] 94 root - INFO - Starting all threads
[ 2024-04-19 05:28:11,414 ] 94 root - INFO - Starting all threads
[ 2024-04-19 05:28:11,414 ] 94 root - INFO - Meta: {'__module__': 'src.globals', '__doc__': '        Meta configs        ', 'keyword': 'Hirabari', 'test_mode': False, 'onlyday': True, 'max_num_retry': 5, 'default_num_threads': 3, 'display_number': 50, 'main_phone_number_hash': '080-1583-0891', 'uc': True, 'headless': False, '__dict__': <attribute '__dict__' of 'Meta' objects>, '__weakref__': <attribute '__weakref__' of 'Meta' objects>}
[ 2024-04-19 05:28:11,414 ] 94 root - INFO - Meta: {'__module__': 'src.globals', '__doc__': '        Meta configs        ', 'keyword': 'Hirabari', 'test_mode': False, 'onlyday': True, 'max_num_retry': 5, 'default_num_threads': 3, 'display_number': 50, 'main_phone_number_hash': '080-1583-0891', 'uc': True, 'headless': False, '__dict__': <attribute '__dict__' of 'Meta' objects>, '__weakref__': <attribute '__weakref__' of 'Meta' objects>}
[ 2024-04-19 05:28:11,414 ] 94 root - INFO - Number of dev accounts: 3
[ 2024-04-19 05:28:11,414 ] 94 root - INFO - Number of dev accounts: 3
[ 2024-04-19 05:28:11,417 ] 94 main_controller - INFO - Subprocess 0 started with trial number 0
[ 2024-04-19 05:28:11,417 ] 94 main_controller - ERROR - Account is a dictionary, convert to Account object: Username: Nickpown0411@gmail.com, Password: hoahong1234
[ 2024-04-19 05:28:13,420 ] 94 root - INFO - Thread 0 started
[ 2024-04-19 05:28:13,420 ] 94 root - INFO - Thread 0 started
[ 2024-04-19 05:28:13,422 ] 94 main_controller - INFO - Subprocess 1 started with trial number 0
[ 2024-04-19 05:28:13,422 ] 94 main_controller - ERROR - Account is a dictionary, convert to Account object: Username: marjyamada040493@gmail.com, Password: Marj0409
[ 2024-04-19 05:28:13,445 ] 94 main_controller - INFO - Browser opened
[ 2024-04-19 05:28:14,738 ] 94 main_controller - INFO - Browser opened
[ 2024-04-19 05:28:15,435 ] 94 root - INFO - Thread 1 started
[ 2024-04-19 05:28:15,435 ] 94 root - INFO - Thread 1 started
[ 2024-04-19 05:28:15,444 ] 94 main_controller - INFO - Subprocess 2 started with trial number 0
[ 2024-04-19 05:28:15,445 ] 94 main_controller - ERROR - Account is a dictionary, convert to Account object: Username: Jamebrown0206@gmail.com, Password: hoahong1234
[ 2024-04-19 05:28:17,514 ] 94 root - INFO - Thread 2 started
[ 2024-04-19 05:28:17,514 ] 94 root - INFO - Thread 2 started
[ 2024-04-19 05:28:17,915 ] 94 main_controller - INFO - Browser opened
[ 2024-04-19 05:28:19,043 ] 94 Nickpown0411 - INFO - Opened login page
[ 2024-04-19 05:28:20,510 ] 94 marjyamada040493 - INFO - Opened login page
[ 2024-04-19 05:28:24,018 ] 94 Jamebrown0206 - INFO - Opened login page
[ 2024-04-19 05:28:24,073 ] 94 Nickpown0411 - INFO - Logging in
[ 2024-04-19 05:28:24,083 ] 94 Nickpown0411 - INFO - Current url: https://www.shinsei.e-aichi.jp/pref-aichi-police-u/offer/offerList_initDisplay
[ 2024-04-19 05:28:24,395 ] 94 Nickpown0411 - INFO - Logged in finished
[ 2024-04-19 05:28:24,395 ] 94 main_controller - INFO - Logged in successfully
[ 2024-04-19 05:28:24,600 ] 94 main_controller - INFO - Screenshot saved to C:\Users\USER\Projects\AichiTool\AichiSelenium\logs\2024_04_19\05_28_10\screenshot_Nickpown0411.png
[ 2024-04-19 05:28:24,601 ] 94 main_controller - INFO - Finding forms
[ 2024-04-19 05:28:24,605 ] 94 Nickpown0411 - INFO - On main page
[ 2024-04-19 05:28:25,373 ] 94 marjyamada040493 - INFO - Logging in
[ 2024-04-19 05:28:25,379 ] 94 marjyamada040493 - INFO - Current url: https://www.shinsei.e-aichi.jp/pref-aichi-police-u/offer/offerList_initDisplay
[ 2024-04-19 05:28:25,694 ] 94 marjyamada040493 - INFO - Logged in finished
[ 2024-04-19 05:28:25,694 ] 94 main_controller - INFO - Logged in successfully
[ 2024-04-19 05:28:25,914 ] 94 main_controller - INFO - Screenshot saved to C:\Users\USER\Projects\AichiTool\AichiSelenium\logs\2024_04_19\05_28_10\screenshot_marjyamada040493.png
[ 2024-04-19 05:28:25,914 ] 94 main_controller - INFO - Finding forms
[ 2024-04-19 05:28:25,919 ] 94 marjyamada040493 - INFO - On main page
[ 2024-04-19 05:28:27,305 ] 94 Nickpown0411 - INFO - Search submitted
[ 2024-04-19 05:28:27,344 ] 94 Nickpown0411 - INFO - Collected 20 forms
[ 2024-04-19 05:28:27,387 ] 94 Nickpown0411 - INFO - Parsed data: title: ＜05月02日(木) 08:45～09:30＞[平針]外国免許切替審査 Hirabari Exchanging Foreign Driver's License, status: None, start_date: 2024年04月18日 07時30分, end_date: 2024年04月30日 12時00分, template_seq: 96126
[ 2024-04-19 05:28:27,415 ] 94 Nickpown0411 - INFO - Parsed data: title: ＜05月02日(木) 09:30～10:30＞[平針]外国免許切替審査 Hirabari Exchanging Foreign Driver's License, status: None, start_date: 2024年04月18日 07時30分, end_date: 2024年04月30日 12時00分, template_seq: 96127
[ 2024-04-19 05:28:27,467 ] 94 Nickpown0411 - INFO - Parsed data: title: ＜05月02日(木) 10:30～11:45＞[平針]外国免許切替審査 Hirabari Exchanging Foreign Driver's License, status: None, start_date: 2024年04月18日 07時30分, end_date: 2024年04月30日 12時00分, template_seq: 96128
[ 2024-04-19 05:28:27,521 ] 94 Nickpown0411 - INFO - Parsed data: title: ＜05月02日(木) 12:45～13:30＞[平針]外国免許切替審査 Hirabari Exchanging Foreign Driver's License, status: None, start_date: 2024年04月18日 07時30分, end_date: 2024年04月30日 12時00分, template_seq: 96129
[ 2024-04-19 05:28:27,547 ] 94 Nickpown0411 - INFO - Parsed data: title: ＜05月02日(木) 13:30～14:45＞[平針]外国免許切替審査 Hirabari Exchanging Foreign Driver's License, status: None, start_date: 2024年04月18日 07時30分, end_date: 2024年04月30日 12時00分, template_seq: 96130
[ 2024-04-19 05:28:27,594 ] 94 Nickpown0411 - INFO - Parsed data: title: ＜05月01日(水) 08:45～09:30＞[平針]外国免許切替審査 Hirabari Exchanging Foreign Driver's License, status: None, start_date: 2024年04月17日 07時30分, end_date: 2024年04月26日 12時00分, template_seq: 96088
[ 2024-04-19 05:28:27,625 ] 94 Nickpown0411 - INFO - Parsed data: title: ＜05月01日(水) 09:30～10:30＞[平針]外国免許切替審査 Hirabari Exchanging Foreign Driver's License, status: None, start_date: 2024年04月17日 07時30分, end_date: 2024年04月26日 12時00分, template_seq: 96089
[ 2024-04-19 05:28:27,649 ] 94 Nickpown0411 - INFO - Parsed data: title: ＜05月01日(水) 10:30～11:45＞[平針]外国免許切替審査 Hirabari Exchanging Foreign Driver's License, status: None, start_date: 2024年04月17日 07時30分, end_date: 2024年04月26日 12時00分, template_seq: 96090
[ 2024-04-19 05:28:27,672 ] 94 Nickpown0411 - INFO - Parsed data: title: ＜05月01日(水) 12:45～13:30＞[平針]外国免許切替審査 Hirabari Exchanging Foreign Driver's License, status: None, start_date: 2024年04月17日 07時30分, end_date: 2024年04月26日 12時00分, template_seq: 96091
[ 2024-04-19 05:28:27,695 ] 94 Nickpown0411 - INFO - Parsed data: title: ＜05月01日(水) 13:30～14:45＞[平針]外国免許切替審査 Hirabari Exchanging Foreign Driver's License, status: None, start_date: 2024年04月17日 07時30分, end_date: 2024年04月26日 12時00分, template_seq: 96093
[ 2024-04-19 05:28:27,716 ] 94 Nickpown0411 - INFO - Parsed data: title: ＜04月30日(火) 08:45～09:30＞[平針]外国免許切替審査 Hirabari Exchanging Foreign Driver's License, status: None, start_date: 2024年04月16日 07時30分, end_date: 2024年04月25日 12時00分, template_seq: 95604
[ 2024-04-19 05:28:27,741 ] 94 Nickpown0411 - INFO - Parsed data: title: ＜04月30日(火) 09:30～10:30＞[平針]外国免許切替審査 Hirabari Exchanging Foreign Driver's License, status: None, start_date: 2024年04月16日 07時30分, end_date: 2024年04月25日 12時00分, template_seq: 95605
[ 2024-04-19 05:28:27,768 ] 94 Nickpown0411 - INFO - Parsed data: title: ＜04月30日(火) 10:30～11:45＞[平針]外国免許切替審査 Hirabari Exchanging Foreign Driver's License, status: None, start_date: 2024年04月16日 07時30分, end_date: 2024年04月25日 12時00分, template_seq: 95607
[ 2024-04-19 05:28:27,794 ] 94 Nickpown0411 - INFO - Parsed data: title: ＜04月30日(火) 12:45～13:30＞[平針]外国免許切替審査 Hirabari Exchanging Foreign Driver's License, status: None, start_date: 2024年04月16日 07時30分, end_date: 2024年04月25日 12時00分, template_seq: 95608
[ 2024-04-19 05:28:27,801 ] 94 Jamebrown0206 - INFO - Logging in
[ 2024-04-19 05:28:27,808 ] 94 Jamebrown0206 - INFO - Current url: https://www.shinsei.e-aichi.jp/pref-aichi-police-u/offer/offerList_initDisplay
[ 2024-04-19 05:28:27,823 ] 94 Nickpown0411 - INFO - Parsed data: title: ＜04月30日(火) 13:30～14:45＞[平針]外国免許切替審査 Hirabari Exchanging Foreign Driver's License, status: None, start_date: 2024年04月16日 07時30分, end_date: 2024年04月25日 12時00分, template_seq: 95609
[ 2024-04-19 05:28:27,846 ] 94 Nickpown0411 - INFO - Parsed data: title: ＜04月26日(金) 08:45～09:30＞[平針]外国免許切替審査 Hirabari Exchanging Foreign Driver's License, status: None, start_date: 2024年04月12日 07時30分, end_date: 2024年04月24日 12時00分, template_seq: 95410
[ 2024-04-19 05:28:27,867 ] 94 Nickpown0411 - INFO - Parsed data: title: ＜04月26日(金) 09:30～10:30＞[平針]外国免許切替審査 Hirabari Exchanging Foreign Driver's License, status: None, start_date: 2024年04月12日 07時30分, end_date: 2024年04月24日 12時00分, template_seq: 95411
[ 2024-04-19 05:28:27,888 ] 94 Nickpown0411 - INFO - Parsed data: title: ＜04月26日(金) 10:30～11:45＞[平針]外国免許切替審査 Hirabari Exchanging Foreign Driver's License, status: None, start_date: 2024年04月12日 07時30分, end_date: 2024年04月24日 12時00分, template_seq: 95412
[ 2024-04-19 05:28:27,911 ] 94 Nickpown0411 - INFO - Parsed data: title: ＜04月26日(金) 12:45～13:30＞[平針]外国免許切替審査 Hirabari Exchanging Foreign Driver's License, status: None, start_date: 2024年04月12日 07時30分, end_date: 2024年04月24日 12時00分, template_seq: 95413
[ 2024-04-19 05:28:27,956 ] 94 Nickpown0411 - INFO - Parsed data: title: ＜04月26日(金) 13:30～14:45＞[平針]外国免許切替審査 Hirabari Exchanging Foreign Driver's License, status: None, start_date: 2024年04月12日 07時30分, end_date: 2024年04月24日 12時00分, template_seq: 95414
[ 2024-04-19 05:28:27,956 ] 94 Nickpown0411 - INFO - Number of filtered forms left is: 0 form(s)
[ 2024-04-19 05:28:28,117 ] 94 Jamebrown0206 - INFO - Logged in finished
[ 2024-04-19 05:28:28,118 ] 94 main_controller - INFO - Logged in successfully
[ 2024-04-19 05:28:28,357 ] 94 main_controller - INFO - Screenshot saved to C:\Users\USER\Projects\AichiTool\AichiSelenium\logs\2024_04_19\05_28_10\screenshot_Jamebrown0206.png
[ 2024-04-19 05:28:28,357 ] 94 main_controller - INFO - Finding forms
[ 2024-04-19 05:28:28,361 ] 94 Jamebrown0206 - INFO - On main page
[ 2024-04-19 05:28:29,870 ] 94 marjyamada040493 - INFO - Search submitted
[ 2024-04-19 05:28:29,901 ] 94 marjyamada040493 - INFO - Collected 20 forms
[ 2024-04-19 05:28:29,940 ] 94 marjyamada040493 - INFO - Parsed data: title: ＜05月02日(木) 08:45～09:30＞[平針]外国免許切替審査 Hirabari Exchanging Foreign Driver's License, status: None, start_date: 2024年04月18日 07時30分, end_date: 2024年04月30日 12時00分, template_seq: 96126
[ 2024-04-19 05:28:29,982 ] 94 marjyamada040493 - INFO - Parsed data: title: ＜05月02日(木) 09:30～10:30＞[平針]外国免許切替審査 Hirabari Exchanging Foreign Driver's License, status: None, start_date: 2024年04月18日 07時30分, end_date: 2024年04月30日 12時00分, template_seq: 96127
[ 2024-04-19 05:28:30,024 ] 94 marjyamada040493 - INFO - Parsed data: title: ＜05月02日(木) 10:30～11:45＞[平針]外国免許切替審査 Hirabari Exchanging Foreign Driver's License, status: None, start_date: 2024年04月18日 07時30分, end_date: 2024年04月30日 12時00分, template_seq: 96128
[ 2024-04-19 05:28:30,053 ] 94 marjyamada040493 - INFO - Parsed data: title: ＜05月02日(木) 12:45～13:30＞[平針]外国免許切替審査 Hirabari Exchanging Foreign Driver's License, status: None, start_date: 2024年04月18日 07時30分, end_date: 2024年04月30日 12時00分, template_seq: 96129
[ 2024-04-19 05:28:30,090 ] 94 marjyamada040493 - INFO - Parsed data: title: ＜05月02日(木) 13:30～14:45＞[平針]外国免許切替審査 Hirabari Exchanging Foreign Driver's License, status: None, start_date: 2024年04月18日 07時30分, end_date: 2024年04月30日 12時00分, template_seq: 96130
[ 2024-04-19 05:28:30,126 ] 94 marjyamada040493 - INFO - Parsed data: title: ＜05月01日(水) 08:45～09:30＞[平針]外国免許切替審査 Hirabari Exchanging Foreign Driver's License, status: None, start_date: 2024年04月17日 07時30分, end_date: 2024年04月26日 12時00分, template_seq: 96088
[ 2024-04-19 05:28:30,150 ] 94 marjyamada040493 - INFO - Parsed data: title: ＜05月01日(水) 09:30～10:30＞[平針]外国免許切替審査 Hirabari Exchanging Foreign Driver's License, status: None, start_date: 2024年04月17日 07時30分, end_date: 2024年04月26日 12時00分, template_seq: 96089
[ 2024-04-19 05:28:30,172 ] 94 marjyamada040493 - INFO - Parsed data: title: ＜05月01日(水) 10:30～11:45＞[平針]外国免許切替審査 Hirabari Exchanging Foreign Driver's License, status: None, start_date: 2024年04月17日 07時30分, end_date: 2024年04月26日 12時00分, template_seq: 96090
[ 2024-04-19 05:28:30,194 ] 94 marjyamada040493 - INFO - Parsed data: title: ＜05月01日(水) 12:45～13:30＞[平針]外国免許切替審査 Hirabari Exchanging Foreign Driver's License, status: None, start_date: 2024年04月17日 07時30分, end_date: 2024年04月26日 12時00分, template_seq: 96091
[ 2024-04-19 05:28:30,204 ] 94 Nickpown0411 - INFO - Search submitted
[ 2024-04-19 05:28:30,218 ] 82 main_controller - ERROR - Caught exception: Message: no such element: Unable to locate element: {"method":"xpath","selector":"/html/body/form/main/div/div[5]/div/ul"}
  (Session info: chrome=123.0.6312.124); For documentation on this error, please visit: https://www.selenium.dev/documentation/webdriver/troubleshooting/errors#no-such-element-exception
Stacktrace:
	GetHandleVerifier [0x00007FF79D9D7032+63090]
	(No symbol) [0x00007FF79D942C82]
	(No symbol) [0x00007FF79D7DEC65]
	(No symbol) [0x00007FF79D82499D]
	(No symbol) [0x00007FF79D824ADC]
	(No symbol) [0x00007FF79D865B37]
	(No symbol) [0x00007FF79D84701F]
	(No symbol) [0x00007FF79D863412]
	(No symbol) [0x00007FF79D846D83]
	(No symbol) [0x00007FF79D8183A8]
	(No symbol) [0x00007FF79D819441]
	GetHandleVerifier [0x00007FF79DDD25AD+4238317]
	GetHandleVerifier [0x00007FF79DE0F70D+4488525]
	GetHandleVerifier [0x00007FF79DE079EF+4456495]
	GetHandleVerifier [0x00007FF79DAB0576+953270]
	(No symbol) [0x00007FF79D94E54F]
	(No symbol) [0x00007FF79D949224]
	(No symbol) [0x00007FF79D94935B]
	(No symbol) [0x00007FF79D939B94]
	BaseThreadInitThunk [0x00007FF94FE9257D+29]
	RtlUserThreadStart [0x00007FF95116AA48+40]
Traceback (most recent call last):
  File "C:\Users\USER\Projects\AichiTool\AichiSelenium\src\controllers\main_controller.py", line 71, in subprocess
    list_form_info = finder.find(browser)
  File "C:\Users\USER\Projects\AichiTool\AichiSelenium\src\controllers\finder.py", line 23, in find
    self._collect(browser)
  File "C:\Users\USER\Projects\AichiTool\AichiSelenium\src\controllers\finder.py", line 35, in _collect
    form_table = browser.find_element(By.XPATH, "/html/body/form/main/div/div[5]/div/ul")
  File "c:\ProgramData\anaconda3\envs\aichi\lib\site-packages\seleniumbase\core\sb_driver.py", line 20, in find_element
    return self.driver.default_find_element(by=by, value=value)
  File "c:\ProgramData\anaconda3\envs\aichi\lib\site-packages\selenium\webdriver\remote\webdriver.py", line 741, in find_element
    return self.execute(Command.FIND_ELEMENT, {"using": by, "value": value})["value"]
  File "c:\ProgramData\anaconda3\envs\aichi\lib\site-packages\selenium\webdriver\remote\webdriver.py", line 347, in execute
    self.error_handler.check_response(response)
  File "c:\ProgramData\anaconda3\envs\aichi\lib\site-packages\selenium\webdriver\remote\errorhandler.py", line 229, in check_response
    raise exception_class(message, screen, stacktrace)
selenium.common.exceptions.NoSuchElementException: Message: no such element: Unable to locate element: {"method":"xpath","selector":"/html/body/form/main/div/div[5]/div/ul"}
  (Session info: chrome=123.0.6312.124); For documentation on this error, please visit: https://www.selenium.dev/documentation/webdriver/troubleshooting/errors#no-such-element-exception
Stacktrace:
	GetHandleVerifier [0x00007FF79D9D7032+63090]
	(No symbol) [0x00007FF79D942C82]
	(No symbol) [0x00007FF79D7DEC65]
	(No symbol) [0x00007FF79D82499D]
	(No symbol) [0x00007FF79D824ADC]
	(No symbol) [0x00007FF79D865B37]
	(No symbol) [0x00007FF79D84701F]
	(No symbol) [0x00007FF79D863412]
	(No symbol) [0x00007FF79D846D83]
	(No symbol) [0x00007FF79D8183A8]
	(No symbol) [0x00007FF79D819441]
	GetHandleVerifier [0x00007FF79DDD25AD+4238317]
	GetHandleVerifier [0x00007FF79DE0F70D+4488525]
	GetHandleVerifier [0x00007FF79DE079EF+4456495]
	GetHandleVerifier [0x00007FF79DAB0576+953270]
	(No symbol) [0x00007FF79D94E54F]
	(No symbol) [0x00007FF79D949224]
	(No symbol) [0x00007FF79D94935B]
	(No symbol) [0x00007FF79D939B94]
	BaseThreadInitThunk [0x00007FF94FE9257D+29]
	RtlUserThreadStart [0x00007FF95116AA48+40]

[ 2024-04-19 05:28:30,227 ] 94 main_controller - INFO - Subprocess 0 started with trial number 1
[ 2024-04-19 05:28:30,231 ] 94 marjyamada040493 - INFO - Parsed data: title: ＜05月01日(水) 13:30～14:45＞[平針]外国免許切替審査 Hirabari Exchanging Foreign Driver's License, status: None, start_date: 2024年04月17日 07時30分, end_date: 2024年04月26日 12時00分, template_seq: 96093
[ 2024-04-19 05:28:30,262 ] 94 marjyamada040493 - INFO - Parsed data: title: ＜04月30日(火) 08:45～09:30＞[平針]外国免許切替審査 Hirabari Exchanging Foreign Driver's License, status: None, start_date: 2024年04月16日 07時30分, end_date: 2024年04月25日 12時00分, template_seq: 95604
[ 2024-04-19 05:28:30,294 ] 94 marjyamada040493 - INFO - Parsed data: title: ＜04月30日(火) 09:30～10:30＞[平針]外国免許切替審査 Hirabari Exchanging Foreign Driver's License, status: None, start_date: 2024年04月16日 07時30分, end_date: 2024年04月25日 12時00分, template_seq: 95605
[ 2024-04-19 05:28:30,326 ] 94 marjyamada040493 - INFO - Parsed data: title: ＜04月30日(火) 10:30～11:45＞[平針]外国免許切替審査 Hirabari Exchanging Foreign Driver's License, status: None, start_date: 2024年04月16日 07時30分, end_date: 2024年04月25日 12時00分, template_seq: 95607
[ 2024-04-19 05:28:30,354 ] 94 marjyamada040493 - INFO - Parsed data: title: ＜04月30日(火) 12:45～13:30＞[平針]外国免許切替審査 Hirabari Exchanging Foreign Driver's License, status: None, start_date: 2024年04月16日 07時30分, end_date: 2024年04月25日 12時00分, template_seq: 95608
[ 2024-04-19 05:28:30,387 ] 94 marjyamada040493 - INFO - Parsed data: title: ＜04月30日(火) 13:30～14:45＞[平針]外国免許切替審査 Hirabari Exchanging Foreign Driver's License, status: None, start_date: 2024年04月16日 07時30分, end_date: 2024年04月25日 12時00分, template_seq: 95609
[ 2024-04-19 05:28:30,441 ] 94 marjyamada040493 - INFO - Parsed data: title: ＜04月26日(金) 08:45～09:30＞[平針]外国免許切替審査 Hirabari Exchanging Foreign Driver's License, status: None, start_date: 2024年04月12日 07時30分, end_date: 2024年04月24日 12時00分, template_seq: 95410
[ 2024-04-19 05:28:30,489 ] 94 marjyamada040493 - INFO - Parsed data: title: ＜04月26日(金) 09:30～10:30＞[平針]外国免許切替審査 Hirabari Exchanging Foreign Driver's License, status: None, start_date: 2024年04月12日 07時30分, end_date: 2024年04月24日 12時00分, template_seq: 95411
[ 2024-04-19 05:28:30,520 ] 94 marjyamada040493 - INFO - Parsed data: title: ＜04月26日(金) 10:30～11:45＞[平針]外国免許切替審査 Hirabari Exchanging Foreign Driver's License, status: None, start_date: 2024年04月12日 07時30分, end_date: 2024年04月24日 12時00分, template_seq: 95412
[ 2024-04-19 05:28:30,559 ] 94 marjyamada040493 - INFO - Parsed data: title: ＜04月26日(金) 12:45～13:30＞[平針]外国免許切替審査 Hirabari Exchanging Foreign Driver's License, status: None, start_date: 2024年04月12日 07時30分, end_date: 2024年04月24日 12時00分, template_seq: 95413
[ 2024-04-19 05:28:30,589 ] 94 marjyamada040493 - INFO - Parsed data: title: ＜04月26日(金) 13:30～14:45＞[平針]外国免許切替審査 Hirabari Exchanging Foreign Driver's License, status: None, start_date: 2024年04月12日 07時30分, end_date: 2024年04月24日 12時00分, template_seq: 95414
[ 2024-04-19 05:28:30,589 ] 94 marjyamada040493 - INFO - Number of filtered forms left is: 0 form(s)
[ 2024-04-19 05:28:31,431 ] 94 main_controller - INFO - Browser opened
[ 2024-04-19 05:28:32,095 ] 94 Jamebrown0206 - INFO - Search submitted
[ 2024-04-19 05:28:32,135 ] 94 Jamebrown0206 - INFO - Collected 20 forms
[ 2024-04-19 05:28:32,193 ] 94 Jamebrown0206 - INFO - Parsed data: title: ＜05月02日(木) 08:45～09:30＞[平針]外国免許切替審査 Hirabari Exchanging Foreign Driver's License, status: None, start_date: 2024年04月18日 07時30分, end_date: 2024年04月30日 12時00分, template_seq: 96126
[ 2024-04-19 05:28:32,246 ] 94 Jamebrown0206 - INFO - Parsed data: title: ＜05月02日(木) 09:30～10:30＞[平針]外国免許切替審査 Hirabari Exchanging Foreign Driver's License, status: None, start_date: 2024年04月18日 07時30分, end_date: 2024年04月30日 12時00分, template_seq: 96127
[ 2024-04-19 05:28:32,278 ] 94 Jamebrown0206 - INFO - Parsed data: title: ＜05月02日(木) 10:30～11:45＞[平針]外国免許切替審査 Hirabari Exchanging Foreign Driver's License, status: None, start_date: 2024年04月18日 07時30分, end_date: 2024年04月30日 12時00分, template_seq: 96128
[ 2024-04-19 05:28:32,303 ] 94 Jamebrown0206 - INFO - Parsed data: title: ＜05月02日(木) 12:45～13:30＞[平針]外国免許切替審査 Hirabari Exchanging Foreign Driver's License, status: None, start_date: 2024年04月18日 07時30分, end_date: 2024年04月30日 12時00分, template_seq: 96129
[ 2024-04-19 05:28:32,326 ] 94 Jamebrown0206 - INFO - Parsed data: title: ＜05月02日(木) 13:30～14:45＞[平針]外国免許切替審査 Hirabari Exchanging Foreign Driver's License, status: None, start_date: 2024年04月18日 07時30分, end_date: 2024年04月30日 12時00分, template_seq: 96130
[ 2024-04-19 05:28:32,353 ] 94 Jamebrown0206 - INFO - Parsed data: title: ＜05月01日(水) 08:45～09:30＞[平針]外国免許切替審査 Hirabari Exchanging Foreign Driver's License, status: None, start_date: 2024年04月17日 07時30分, end_date: 2024年04月26日 12時00分, template_seq: 96088
[ 2024-04-19 05:28:32,384 ] 94 Jamebrown0206 - INFO - Parsed data: title: ＜05月01日(水) 09:30～10:30＞[平針]外国免許切替審査 Hirabari Exchanging Foreign Driver's License, status: None, start_date: 2024年04月17日 07時30分, end_date: 2024年04月26日 12時00分, template_seq: 96089
[ 2024-04-19 05:28:32,415 ] 94 Jamebrown0206 - INFO - Parsed data: title: ＜05月01日(水) 10:30～11:45＞[平針]外国免許切替審査 Hirabari Exchanging Foreign Driver's License, status: None, start_date: 2024年04月17日 07時30分, end_date: 2024年04月26日 12時00分, template_seq: 96090
[ 2024-04-19 05:28:32,449 ] 94 Jamebrown0206 - INFO - Parsed data: title: ＜05月01日(水) 12:45～13:30＞[平針]外国免許切替審査 Hirabari Exchanging Foreign Driver's License, status: None, start_date: 2024年04月17日 07時30分, end_date: 2024年04月26日 12時00分, template_seq: 96091
[ 2024-04-19 05:28:32,499 ] 94 Jamebrown0206 - INFO - Parsed data: title: ＜05月01日(水) 13:30～14:45＞[平針]外国免許切替審査 Hirabari Exchanging Foreign Driver's License, status: None, start_date: 2024年04月17日 07時30分, end_date: 2024年04月26日 12時00分, template_seq: 96093
[ 2024-04-19 05:28:32,558 ] 94 Jamebrown0206 - INFO - Parsed data: title: ＜04月30日(火) 08:45～09:30＞[平針]外国免許切替審査 Hirabari Exchanging Foreign Driver's License, status: None, start_date: 2024年04月16日 07時30分, end_date: 2024年04月25日 12時00分, template_seq: 95604
[ 2024-04-19 05:28:32,626 ] 94 Jamebrown0206 - INFO - Parsed data: title: ＜04月30日(火) 09:30～10:30＞[平針]外国免許切替審査 Hirabari Exchanging Foreign Driver's License, status: None, start_date: 2024年04月16日 07時30分, end_date: 2024年04月25日 12時00分, template_seq: 95605
[ 2024-04-19 05:28:32,707 ] 94 Jamebrown0206 - INFO - Parsed data: title: ＜04月30日(火) 10:30～11:45＞[平針]外国免許切替審査 Hirabari Exchanging Foreign Driver's License, status: None, start_date: 2024年04月16日 07時30分, end_date: 2024年04月25日 12時00分, template_seq: 95607
[ 2024-04-19 05:28:32,754 ] 94 Jamebrown0206 - INFO - Parsed data: title: ＜04月30日(火) 12:45～13:30＞[平針]外国免許切替審査 Hirabari Exchanging Foreign Driver's License, status: None, start_date: 2024年04月16日 07時30分, end_date: 2024年04月25日 12時00分, template_seq: 95608
[ 2024-04-19 05:28:32,824 ] 94 Jamebrown0206 - INFO - Parsed data: title: ＜04月30日(火) 13:30～14:45＞[平針]外国免許切替審査 Hirabari Exchanging Foreign Driver's License, status: None, start_date: 2024年04月16日 07時30分, end_date: 2024年04月25日 12時00分, template_seq: 95609
[ 2024-04-19 05:28:32,859 ] 94 Jamebrown0206 - INFO - Parsed data: title: ＜04月26日(金) 08:45～09:30＞[平針]外国免許切替審査 Hirabari Exchanging Foreign Driver's License, status: None, start_date: 2024年04月12日 07時30分, end_date: 2024年04月24日 12時00分, template_seq: 95410
[ 2024-04-19 05:28:32,896 ] 94 Jamebrown0206 - INFO - Parsed data: title: ＜04月26日(金) 09:30～10:30＞[平針]外国免許切替審査 Hirabari Exchanging Foreign Driver's License, status: None, start_date: 2024年04月12日 07時30分, end_date: 2024年04月24日 12時00分, template_seq: 95411
[ 2024-04-19 05:28:32,936 ] 94 Jamebrown0206 - INFO - Parsed data: title: ＜04月26日(金) 10:30～11:45＞[平針]外国免許切替審査 Hirabari Exchanging Foreign Driver's License, status: None, start_date: 2024年04月12日 07時30分, end_date: 2024年04月24日 12時00分, template_seq: 95412
[ 2024-04-19 05:28:33,016 ] 94 Jamebrown0206 - INFO - Parsed data: title: ＜04月26日(金) 12:45～13:30＞[平針]外国免許切替審査 Hirabari Exchanging Foreign Driver's License, status: None, start_date: 2024年04月12日 07時30分, end_date: 2024年04月24日 12時00分, template_seq: 95413
[ 2024-04-19 05:28:33,043 ] 94 Jamebrown0206 - INFO - Parsed data: title: ＜04月26日(金) 13:30～14:45＞[平針]外国免許切替審査 Hirabari Exchanging Foreign Driver's License, status: None, start_date: 2024年04月12日 07時30分, end_date: 2024年04月24日 12時00分, template_seq: 95414
[ 2024-04-19 05:28:33,043 ] 94 Jamebrown0206 - INFO - Number of filtered forms left is: 0 form(s)
[ 2024-04-19 05:28:34,072 ] 94 marjyamada040493 - INFO - Search submitted
[ 2024-04-19 05:28:34,094 ] 82 main_controller - ERROR - Caught exception: Message: no such element: Unable to locate element: {"method":"xpath","selector":"/html/body/form/main/div/div[5]/div/ul"}
  (Session info: chrome=123.0.6312.124); For documentation on this error, please visit: https://www.selenium.dev/documentation/webdriver/troubleshooting/errors#no-such-element-exception
Stacktrace:
	GetHandleVerifier [0x00007FF79D9D7032+63090]
	(No symbol) [0x00007FF79D942C82]
	(No symbol) [0x00007FF79D7DEC65]
	(No symbol) [0x00007FF79D82499D]
	(No symbol) [0x00007FF79D824ADC]
	(No symbol) [0x00007FF79D865B37]
	(No symbol) [0x00007FF79D84701F]
	(No symbol) [0x00007FF79D863412]
	(No symbol) [0x00007FF79D846D83]
	(No symbol) [0x00007FF79D8183A8]
	(No symbol) [0x00007FF79D819441]
	GetHandleVerifier [0x00007FF79DDD25AD+4238317]
	GetHandleVerifier [0x00007FF79DE0F70D+4488525]
	GetHandleVerifier [0x00007FF79DE079EF+4456495]
	GetHandleVerifier [0x00007FF79DAB0576+953270]
	(No symbol) [0x00007FF79D94E54F]
	(No symbol) [0x00007FF79D949224]
	(No symbol) [0x00007FF79D94935B]
	(No symbol) [0x00007FF79D939B94]
	BaseThreadInitThunk [0x00007FF94FE9257D+29]
	RtlUserThreadStart [0x00007FF95116AA48+40]
Traceback (most recent call last):
  File "C:\Users\USER\Projects\AichiTool\AichiSelenium\src\controllers\main_controller.py", line 71, in subprocess
    list_form_info = finder.find(browser)
  File "C:\Users\USER\Projects\AichiTool\AichiSelenium\src\controllers\finder.py", line 23, in find
    self._collect(browser)
  File "C:\Users\USER\Projects\AichiTool\AichiSelenium\src\controllers\finder.py", line 35, in _collect
    form_table = browser.find_element(By.XPATH, "/html/body/form/main/div/div[5]/div/ul")
  File "c:\ProgramData\anaconda3\envs\aichi\lib\site-packages\seleniumbase\core\sb_driver.py", line 20, in find_element
    return self.driver.default_find_element(by=by, value=value)
  File "c:\ProgramData\anaconda3\envs\aichi\lib\site-packages\selenium\webdriver\remote\webdriver.py", line 741, in find_element
    return self.execute(Command.FIND_ELEMENT, {"using": by, "value": value})["value"]
  File "c:\ProgramData\anaconda3\envs\aichi\lib\site-packages\selenium\webdriver\remote\webdriver.py", line 347, in execute
    self.error_handler.check_response(response)
  File "c:\ProgramData\anaconda3\envs\aichi\lib\site-packages\selenium\webdriver\remote\errorhandler.py", line 229, in check_response
    raise exception_class(message, screen, stacktrace)
selenium.common.exceptions.NoSuchElementException: Message: no such element: Unable to locate element: {"method":"xpath","selector":"/html/body/form/main/div/div[5]/div/ul"}
  (Session info: chrome=123.0.6312.124); For documentation on this error, please visit: https://www.selenium.dev/documentation/webdriver/troubleshooting/errors#no-such-element-exception
Stacktrace:
	GetHandleVerifier [0x00007FF79D9D7032+63090]
	(No symbol) [0x00007FF79D942C82]
	(No symbol) [0x00007FF79D7DEC65]
	(No symbol) [0x00007FF79D82499D]
	(No symbol) [0x00007FF79D824ADC]
	(No symbol) [0x00007FF79D865B37]
	(No symbol) [0x00007FF79D84701F]
	(No symbol) [0x00007FF79D863412]
	(No symbol) [0x00007FF79D846D83]
	(No symbol) [0x00007FF79D8183A8]
	(No symbol) [0x00007FF79D819441]
	GetHandleVerifier [0x00007FF79DDD25AD+4238317]
	GetHandleVerifier [0x00007FF79DE0F70D+4488525]
	GetHandleVerifier [0x00007FF79DE079EF+4456495]
	GetHandleVerifier [0x00007FF79DAB0576+953270]
	(No symbol) [0x00007FF79D94E54F]
	(No symbol) [0x00007FF79D949224]
	(No symbol) [0x00007FF79D94935B]
	(No symbol) [0x00007FF79D939B94]
	BaseThreadInitThunk [0x00007FF94FE9257D+29]
	RtlUserThreadStart [0x00007FF95116AA48+40]

[ 2024-04-19 05:28:34,100 ] 94 main_controller - INFO - Subprocess 1 started with trial number 1
[ 2024-04-19 05:28:35,727 ] 94 main_controller - INFO - Browser opened
[ 2024-04-19 05:28:36,672 ] 94 Jamebrown0206 - INFO - Search submitted
[ 2024-04-19 05:28:36,695 ] 82 main_controller - ERROR - Caught exception: Message: no such element: Unable to locate element: {"method":"xpath","selector":"/html/body/form/main/div/div[5]/div/ul"}
  (Session info: chrome=123.0.6312.124); For documentation on this error, please visit: https://www.selenium.dev/documentation/webdriver/troubleshooting/errors#no-such-element-exception
Stacktrace:
	GetHandleVerifier [0x00007FF79D9D7032+63090]
	(No symbol) [0x00007FF79D942C82]
	(No symbol) [0x00007FF79D7DEC65]
	(No symbol) [0x00007FF79D82499D]
	(No symbol) [0x00007FF79D824ADC]
	(No symbol) [0x00007FF79D865B37]
	(No symbol) [0x00007FF79D84701F]
	(No symbol) [0x00007FF79D863412]
	(No symbol) [0x00007FF79D846D83]
	(No symbol) [0x00007FF79D8183A8]
	(No symbol) [0x00007FF79D819441]
	GetHandleVerifier [0x00007FF79DDD25AD+4238317]
	GetHandleVerifier [0x00007FF79DE0F70D+4488525]
	GetHandleVerifier [0x00007FF79DE079EF+4456495]
	GetHandleVerifier [0x00007FF79DAB0576+953270]
	(No symbol) [0x00007FF79D94E54F]
	(No symbol) [0x00007FF79D949224]
	(No symbol) [0x00007FF79D94935B]
	(No symbol) [0x00007FF79D939B94]
	BaseThreadInitThunk [0x00007FF94FE9257D+29]
	RtlUserThreadStart [0x00007FF95116AA48+40]
Traceback (most recent call last):
  File "C:\Users\USER\Projects\AichiTool\AichiSelenium\src\controllers\main_controller.py", line 71, in subprocess
    list_form_info = finder.find(browser)
  File "C:\Users\USER\Projects\AichiTool\AichiSelenium\src\controllers\finder.py", line 23, in find
    self._collect(browser)
  File "C:\Users\USER\Projects\AichiTool\AichiSelenium\src\controllers\finder.py", line 35, in _collect
    form_table = browser.find_element(By.XPATH, "/html/body/form/main/div/div[5]/div/ul")
  File "c:\ProgramData\anaconda3\envs\aichi\lib\site-packages\seleniumbase\core\sb_driver.py", line 20, in find_element
    return self.driver.default_find_element(by=by, value=value)
  File "c:\ProgramData\anaconda3\envs\aichi\lib\site-packages\selenium\webdriver\remote\webdriver.py", line 741, in find_element
    return self.execute(Command.FIND_ELEMENT, {"using": by, "value": value})["value"]
  File "c:\ProgramData\anaconda3\envs\aichi\lib\site-packages\selenium\webdriver\remote\webdriver.py", line 347, in execute
    self.error_handler.check_response(response)
  File "c:\ProgramData\anaconda3\envs\aichi\lib\site-packages\selenium\webdriver\remote\errorhandler.py", line 229, in check_response
    raise exception_class(message, screen, stacktrace)
selenium.common.exceptions.NoSuchElementException: Message: no such element: Unable to locate element: {"method":"xpath","selector":"/html/body/form/main/div/div[5]/div/ul"}
  (Session info: chrome=123.0.6312.124); For documentation on this error, please visit: https://www.selenium.dev/documentation/webdriver/troubleshooting/errors#no-such-element-exception
Stacktrace:
	GetHandleVerifier [0x00007FF79D9D7032+63090]
	(No symbol) [0x00007FF79D942C82]
	(No symbol) [0x00007FF79D7DEC65]
	(No symbol) [0x00007FF79D82499D]
	(No symbol) [0x00007FF79D824ADC]
	(No symbol) [0x00007FF79D865B37]
	(No symbol) [0x00007FF79D84701F]
	(No symbol) [0x00007FF79D863412]
	(No symbol) [0x00007FF79D846D83]
	(No symbol) [0x00007FF79D8183A8]
	(No symbol) [0x00007FF79D819441]
	GetHandleVerifier [0x00007FF79DDD25AD+4238317]
	GetHandleVerifier [0x00007FF79DE0F70D+4488525]
	GetHandleVerifier [0x00007FF79DE079EF+4456495]
	GetHandleVerifier [0x00007FF79DAB0576+953270]
	(No symbol) [0x00007FF79D94E54F]
	(No symbol) [0x00007FF79D949224]
	(No symbol) [0x00007FF79D94935B]
	(No symbol) [0x00007FF79D939B94]
	BaseThreadInitThunk [0x00007FF94FE9257D+29]
	RtlUserThreadStart [0x00007FF95116AA48+40]

[ 2024-04-19 05:28:36,699 ] 94 main_controller - INFO - Subprocess 2 started with trial number 1
[ 2024-04-19 05:28:37,155 ] 94 Nickpown0411 - INFO - Opened login page
[ 2024-04-19 05:28:39,044 ] 94 main_controller - INFO - Browser opened
[ 2024-04-19 05:28:41,547 ] 94 marjyamada040493 - INFO - Opened login page
[ 2024-04-19 05:28:41,815 ] 94 Nickpown0411 - INFO - Logging in
[ 2024-04-19 05:28:41,832 ] 94 Nickpown0411 - INFO - Current url: https://www.shinsei.e-aichi.jp/pref-aichi-police-u/offer/offerList_initDisplay
[ 2024-04-19 05:28:42,153 ] 94 Nickpown0411 - INFO - Logged in finished
[ 2024-04-19 05:28:42,154 ] 94 main_controller - INFO - Logged in successfully
[ 2024-04-19 05:28:42,449 ] 94 main_controller - INFO - Screenshot saved to C:\Users\USER\Projects\AichiTool\AichiSelenium\logs\2024_04_19\05_28_10\screenshot_Nickpown0411.png
[ 2024-04-19 05:28:42,451 ] 94 main_controller - INFO - Finding forms
[ 2024-04-19 05:28:42,459 ] 94 Nickpown0411 - INFO - On main page
[ 2024-04-19 05:28:44,760 ] 94 Jamebrown0206 - INFO - Opened login page
[ 2024-04-19 05:28:45,282 ] 94 marjyamada040493 - INFO - Logging in
[ 2024-04-19 05:28:45,291 ] 94 marjyamada040493 - INFO - Current url: https://www.shinsei.e-aichi.jp/pref-aichi-police-u/offer/offerList_initDisplay
[ 2024-04-19 05:28:45,606 ] 94 marjyamada040493 - INFO - Logged in finished
[ 2024-04-19 05:28:45,606 ] 94 main_controller - INFO - Logged in successfully
[ 2024-04-19 05:28:45,812 ] 94 main_controller - INFO - Screenshot saved to C:\Users\USER\Projects\AichiTool\AichiSelenium\logs\2024_04_19\05_28_10\screenshot_marjyamada040493.png
[ 2024-04-19 05:28:45,813 ] 94 main_controller - INFO - Finding forms
[ 2024-04-19 05:28:45,818 ] 94 marjyamada040493 - INFO - On main page
[ 2024-04-19 05:28:46,430 ] 94 Nickpown0411 - INFO - Search submitted
[ 2024-04-19 05:28:46,455 ] 94 Nickpown0411 - INFO - Collected 20 forms
[ 2024-04-19 05:28:46,488 ] 94 Nickpown0411 - INFO - Parsed data: title: ＜05月02日(木) 08:45～09:30＞[平針]外国免許切替審査 Hirabari Exchanging Foreign Driver's License, status: None, start_date: 2024年04月18日 07時30分, end_date: 2024年04月30日 12時00分, template_seq: 96126
[ 2024-04-19 05:28:46,514 ] 94 Nickpown0411 - INFO - Parsed data: title: ＜05月02日(木) 09:30～10:30＞[平針]外国免許切替審査 Hirabari Exchanging Foreign Driver's License, status: None, start_date: 2024年04月18日 07時30分, end_date: 2024年04月30日 12時00分, template_seq: 96127
[ 2024-04-19 05:28:46,540 ] 94 Nickpown0411 - INFO - Parsed data: title: ＜05月02日(木) 10:30～11:45＞[平針]外国免許切替審査 Hirabari Exchanging Foreign Driver's License, status: None, start_date: 2024年04月18日 07時30分, end_date: 2024年04月30日 12時00分, template_seq: 96128
[ 2024-04-19 05:28:46,566 ] 94 Nickpown0411 - INFO - Parsed data: title: ＜05月02日(木) 12:45～13:30＞[平針]外国免許切替審査 Hirabari Exchanging Foreign Driver's License, status: None, start_date: 2024年04月18日 07時30分, end_date: 2024年04月30日 12時00分, template_seq: 96129
[ 2024-04-19 05:28:46,587 ] 94 Nickpown0411 - INFO - Parsed data: title: ＜05月02日(木) 13:30～14:45＞[平針]外国免許切替審査 Hirabari Exchanging Foreign Driver's License, status: None, start_date: 2024年04月18日 07時30分, end_date: 2024年04月30日 12時00分, template_seq: 96130
[ 2024-04-19 05:28:46,608 ] 94 Nickpown0411 - INFO - Parsed data: title: ＜05月01日(水) 08:45～09:30＞[平針]外国免許切替審査 Hirabari Exchanging Foreign Driver's License, status: None, start_date: 2024年04月17日 07時30分, end_date: 2024年04月26日 12時00分, template_seq: 96088
[ 2024-04-19 05:28:46,630 ] 94 Nickpown0411 - INFO - Parsed data: title: ＜05月01日(水) 09:30～10:30＞[平針]外国免許切替審査 Hirabari Exchanging Foreign Driver's License, status: None, start_date: 2024年04月17日 07時30分, end_date: 2024年04月26日 12時00分, template_seq: 96089
[ 2024-04-19 05:28:46,651 ] 94 Nickpown0411 - INFO - Parsed data: title: ＜05月01日(水) 10:30～11:45＞[平針]外国免許切替審査 Hirabari Exchanging Foreign Driver's License, status: None, start_date: 2024年04月17日 07時30分, end_date: 2024年04月26日 12時00分, template_seq: 96090
[ 2024-04-19 05:28:46,673 ] 94 Nickpown0411 - INFO - Parsed data: title: ＜05月01日(水) 12:45～13:30＞[平針]外国免許切替審査 Hirabari Exchanging Foreign Driver's License, status: None, start_date: 2024年04月17日 07時30分, end_date: 2024年04月26日 12時00分, template_seq: 96091
[ 2024-04-19 05:28:46,695 ] 94 Nickpown0411 - INFO - Parsed data: title: ＜05月01日(水) 13:30～14:45＞[平針]外国免許切替審査 Hirabari Exchanging Foreign Driver's License, status: None, start_date: 2024年04月17日 07時30分, end_date: 2024年04月26日 12時00分, template_seq: 96093
[ 2024-04-19 05:28:46,717 ] 94 Nickpown0411 - INFO - Parsed data: title: ＜04月30日(火) 08:45～09:30＞[平針]外国免許切替審査 Hirabari Exchanging Foreign Driver's License, status: None, start_date: 2024年04月16日 07時30分, end_date: 2024年04月25日 12時00分, template_seq: 95604
[ 2024-04-19 05:28:46,737 ] 94 Nickpown0411 - INFO - Parsed data: title: ＜04月30日(火) 09:30～10:30＞[平針]外国免許切替審査 Hirabari Exchanging Foreign Driver's License, status: None, start_date: 2024年04月16日 07時30分, end_date: 2024年04月25日 12時00分, template_seq: 95605
[ 2024-04-19 05:28:46,756 ] 94 Nickpown0411 - INFO - Parsed data: title: ＜04月30日(火) 10:30～11:45＞[平針]外国免許切替審査 Hirabari Exchanging Foreign Driver's License, status: None, start_date: 2024年04月16日 07時30分, end_date: 2024年04月25日 12時00分, template_seq: 95607
[ 2024-04-19 05:28:46,782 ] 94 Nickpown0411 - INFO - Parsed data: title: ＜04月30日(火) 12:45～13:30＞[平針]外国免許切替審査 Hirabari Exchanging Foreign Driver's License, status: None, start_date: 2024年04月16日 07時30分, end_date: 2024年04月25日 12時00分, template_seq: 95608
[ 2024-04-19 05:28:46,816 ] 94 Nickpown0411 - INFO - Parsed data: title: ＜04月30日(火) 13:30～14:45＞[平針]外国免許切替審査 Hirabari Exchanging Foreign Driver's License, status: None, start_date: 2024年04月16日 07時30分, end_date: 2024年04月25日 12時00分, template_seq: 95609
[ 2024-04-19 05:28:46,837 ] 94 Nickpown0411 - INFO - Parsed data: title: ＜04月26日(金) 08:45～09:30＞[平針]外国免許切替審査 Hirabari Exchanging Foreign Driver's License, status: None, start_date: 2024年04月12日 07時30分, end_date: 2024年04月24日 12時00分, template_seq: 95410
[ 2024-04-19 05:28:46,856 ] 94 Nickpown0411 - INFO - Parsed data: title: ＜04月26日(金) 09:30～10:30＞[平針]外国免許切替審査 Hirabari Exchanging Foreign Driver's License, status: None, start_date: 2024年04月12日 07時30分, end_date: 2024年04月24日 12時00分, template_seq: 95411
[ 2024-04-19 05:28:46,877 ] 94 Nickpown0411 - INFO - Parsed data: title: ＜04月26日(金) 10:30～11:45＞[平針]外国免許切替審査 Hirabari Exchanging Foreign Driver's License, status: None, start_date: 2024年04月12日 07時30分, end_date: 2024年04月24日 12時00分, template_seq: 95412
[ 2024-04-19 05:28:46,899 ] 94 Nickpown0411 - INFO - Parsed data: title: ＜04月26日(金) 12:45～13:30＞[平針]外国免許切替審査 Hirabari Exchanging Foreign Driver's License, status: None, start_date: 2024年04月12日 07時30分, end_date: 2024年04月24日 12時00分, template_seq: 95413
[ 2024-04-19 05:28:46,919 ] 94 Nickpown0411 - INFO - Parsed data: title: ＜04月26日(金) 13:30～14:45＞[平針]外国免許切替審査 Hirabari Exchanging Foreign Driver's License, status: None, start_date: 2024年04月12日 07時30分, end_date: 2024年04月24日 12時00分, template_seq: 95414
[ 2024-04-19 05:28:46,920 ] 94 Nickpown0411 - INFO - Number of filtered forms left is: 0 form(s)
[ 2024-04-19 05:28:48,725 ] 94 Jamebrown0206 - INFO - Logging in
[ 2024-04-19 05:28:48,733 ] 94 Jamebrown0206 - INFO - Current url: https://www.shinsei.e-aichi.jp/pref-aichi-police-u/offer/offerList_initDisplay
[ 2024-04-19 05:28:49,047 ] 94 Jamebrown0206 - INFO - Logged in finished
[ 2024-04-19 05:28:49,049 ] 94 main_controller - INFO - Logged in successfully
[ 2024-04-19 05:28:49,250 ] 94 main_controller - INFO - Screenshot saved to C:\Users\USER\Projects\AichiTool\AichiSelenium\logs\2024_04_19\05_28_10\screenshot_Jamebrown0206.png
[ 2024-04-19 05:28:49,251 ] 94 main_controller - INFO - Finding forms
[ 2024-04-19 05:28:49,256 ] 94 Jamebrown0206 - INFO - On main page
[ 2024-04-19 05:28:49,363 ] 94 marjyamada040493 - INFO - Search submitted
[ 2024-04-19 05:28:49,387 ] 94 marjyamada040493 - INFO - Collected 20 forms
[ 2024-04-19 05:28:49,419 ] 94 marjyamada040493 - INFO - Parsed data: title: ＜05月02日(木) 08:45～09:30＞[平針]外国免許切替審査 Hirabari Exchanging Foreign Driver's License, status: None, start_date: 2024年04月18日 07時30分, end_date: 2024年04月30日 12時00分, template_seq: 96126
[ 2024-04-19 05:28:49,443 ] 94 marjyamada040493 - INFO - Parsed data: title: ＜05月02日(木) 09:30～10:30＞[平針]外国免許切替審査 Hirabari Exchanging Foreign Driver's License, status: None, start_date: 2024年04月18日 07時30分, end_date: 2024年04月30日 12時00分, template_seq: 96127
[ 2024-04-19 05:28:49,466 ] 94 marjyamada040493 - INFO - Parsed data: title: ＜05月02日(木) 10:30～11:45＞[平針]外国免許切替審査 Hirabari Exchanging Foreign Driver's License, status: None, start_date: 2024年04月18日 07時30分, end_date: 2024年04月30日 12時00分, template_seq: 96128
[ 2024-04-19 05:28:49,490 ] 94 marjyamada040493 - INFO - Parsed data: title: ＜05月02日(木) 12:45～13:30＞[平針]外国免許切替審査 Hirabari Exchanging Foreign Driver's License, status: None, start_date: 2024年04月18日 07時30分, end_date: 2024年04月30日 12時00分, template_seq: 96129
[ 2024-04-19 05:28:49,513 ] 94 marjyamada040493 - INFO - Parsed data: title: ＜05月02日(木) 13:30～14:45＞[平針]外国免許切替審査 Hirabari Exchanging Foreign Driver's License, status: None, start_date: 2024年04月18日 07時30分, end_date: 2024年04月30日 12時00分, template_seq: 96130
[ 2024-04-19 05:28:49,543 ] 94 marjyamada040493 - INFO - Parsed data: title: ＜05月01日(水) 08:45～09:30＞[平針]外国免許切替審査 Hirabari Exchanging Foreign Driver's License, status: None, start_date: 2024年04月17日 07時30分, end_date: 2024年04月26日 12時00分, template_seq: 96088
[ 2024-04-19 05:28:49,583 ] 94 marjyamada040493 - INFO - Parsed data: title: ＜05月01日(水) 09:30～10:30＞[平針]外国免許切替審査 Hirabari Exchanging Foreign Driver's License, status: None, start_date: 2024年04月17日 07時30分, end_date: 2024年04月26日 12時00分, template_seq: 96089
[ 2024-04-19 05:28:49,626 ] 94 marjyamada040493 - INFO - Parsed data: title: ＜05月01日(水) 10:30～11:45＞[平針]外国免許切替審査 Hirabari Exchanging Foreign Driver's License, status: None, start_date: 2024年04月17日 07時30分, end_date: 2024年04月26日 12時00分, template_seq: 96090
[ 2024-04-19 05:28:49,669 ] 94 marjyamada040493 - INFO - Parsed data: title: ＜05月01日(水) 12:45～13:30＞[平針]外国免許切替審査 Hirabari Exchanging Foreign Driver's License, status: None, start_date: 2024年04月17日 07時30分, end_date: 2024年04月26日 12時00分, template_seq: 96091
[ 2024-04-19 05:28:49,690 ] 94 marjyamada040493 - INFO - Parsed data: title: ＜05月01日(水) 13:30～14:45＞[平針]外国免許切替審査 Hirabari Exchanging Foreign Driver's License, status: None, start_date: 2024年04月17日 07時30分, end_date: 2024年04月26日 12時00分, template_seq: 96093
[ 2024-04-19 05:28:49,713 ] 94 marjyamada040493 - INFO - Parsed data: title: ＜04月30日(火) 08:45～09:30＞[平針]外国免許切替審査 Hirabari Exchanging Foreign Driver's License, status: None, start_date: 2024年04月16日 07時30分, end_date: 2024年04月25日 12時00分, template_seq: 95604
[ 2024-04-19 05:28:49,750 ] 94 marjyamada040493 - INFO - Parsed data: title: ＜04月30日(火) 09:30～10:30＞[平針]外国免許切替審査 Hirabari Exchanging Foreign Driver's License, status: None, start_date: 2024年04月16日 07時30分, end_date: 2024年04月25日 12時00分, template_seq: 95605
[ 2024-04-19 05:28:49,772 ] 94 marjyamada040493 - INFO - Parsed data: title: ＜04月30日(火) 10:30～11:45＞[平針]外国免許切替審査 Hirabari Exchanging Foreign Driver's License, status: None, start_date: 2024年04月16日 07時30分, end_date: 2024年04月25日 12時00分, template_seq: 95607
[ 2024-04-19 05:28:49,792 ] 94 marjyamada040493 - INFO - Parsed data: title: ＜04月30日(火) 12:45～13:30＞[平針]外国免許切替審査 Hirabari Exchanging Foreign Driver's License, status: None, start_date: 2024年04月16日 07時30分, end_date: 2024年04月25日 12時00分, template_seq: 95608
[ 2024-04-19 05:28:49,811 ] 94 marjyamada040493 - INFO - Parsed data: title: ＜04月30日(火) 13:30～14:45＞[平針]外国免許切替審査 Hirabari Exchanging Foreign Driver's License, status: None, start_date: 2024年04月16日 07時30分, end_date: 2024年04月25日 12時00分, template_seq: 95609
[ 2024-04-19 05:28:49,831 ] 94 marjyamada040493 - INFO - Parsed data: title: ＜04月26日(金) 08:45～09:30＞[平針]外国免許切替審査 Hirabari Exchanging Foreign Driver's License, status: None, start_date: 2024年04月12日 07時30分, end_date: 2024年04月24日 12時00分, template_seq: 95410
[ 2024-04-19 05:28:49,851 ] 94 marjyamada040493 - INFO - Parsed data: title: ＜04月26日(金) 09:30～10:30＞[平針]外国免許切替審査 Hirabari Exchanging Foreign Driver's License, status: None, start_date: 2024年04月12日 07時30分, end_date: 2024年04月24日 12時00分, template_seq: 95411
[ 2024-04-19 05:28:49,871 ] 94 marjyamada040493 - INFO - Parsed data: title: ＜04月26日(金) 10:30～11:45＞[平針]外国免許切替審査 Hirabari Exchanging Foreign Driver's License, status: None, start_date: 2024年04月12日 07時30分, end_date: 2024年04月24日 12時00分, template_seq: 95412
[ 2024-04-19 05:28:49,890 ] 94 marjyamada040493 - INFO - Parsed data: title: ＜04月26日(金) 12:45～13:30＞[平針]外国免許切替審査 Hirabari Exchanging Foreign Driver's License, status: None, start_date: 2024年04月12日 07時30分, end_date: 2024年04月24日 12時00分, template_seq: 95413
[ 2024-04-19 05:28:49,910 ] 94 marjyamada040493 - INFO - Parsed data: title: ＜04月26日(金) 13:30～14:45＞[平針]外国免許切替審査 Hirabari Exchanging Foreign Driver's License, status: None, start_date: 2024年04月12日 07時30分, end_date: 2024年04月24日 12時00分, template_seq: 95414
[ 2024-04-19 05:28:49,911 ] 94 marjyamada040493 - INFO - Number of filtered forms left is: 0 form(s)
[ 2024-04-19 05:28:50,032 ] 94 Nickpown0411 - INFO - Search submitted
[ 2024-04-19 05:28:50,042 ] 82 main_controller - ERROR - Caught exception: Message: no such element: Unable to locate element: {"method":"xpath","selector":"/html/body/form/main/div/div[5]/div/ul"}
  (Session info: chrome=123.0.6312.124); For documentation on this error, please visit: https://www.selenium.dev/documentation/webdriver/troubleshooting/errors#no-such-element-exception
Stacktrace:
	GetHandleVerifier [0x00007FF79D9D7032+63090]
	(No symbol) [0x00007FF79D942C82]
	(No symbol) [0x00007FF79D7DEC65]
	(No symbol) [0x00007FF79D82499D]
	(No symbol) [0x00007FF79D824ADC]
	(No symbol) [0x00007FF79D865B37]
	(No symbol) [0x00007FF79D84701F]
	(No symbol) [0x00007FF79D863412]
	(No symbol) [0x00007FF79D846D83]
	(No symbol) [0x00007FF79D8183A8]
	(No symbol) [0x00007FF79D819441]
	GetHandleVerifier [0x00007FF79DDD25AD+4238317]
	GetHandleVerifier [0x00007FF79DE0F70D+4488525]
	GetHandleVerifier [0x00007FF79DE079EF+4456495]
	GetHandleVerifier [0x00007FF79DAB0576+953270]
	(No symbol) [0x00007FF79D94E54F]
	(No symbol) [0x00007FF79D949224]
	(No symbol) [0x00007FF79D94935B]
	(No symbol) [0x00007FF79D939B94]
	BaseThreadInitThunk [0x00007FF94FE9257D+29]
	RtlUserThreadStart [0x00007FF95116AA48+40]
Traceback (most recent call last):
  File "C:\Users\USER\Projects\AichiTool\AichiSelenium\src\controllers\main_controller.py", line 71, in subprocess
    list_form_info = finder.find(browser)
  File "C:\Users\USER\Projects\AichiTool\AichiSelenium\src\controllers\finder.py", line 23, in find
    self._collect(browser)
  File "C:\Users\USER\Projects\AichiTool\AichiSelenium\src\controllers\finder.py", line 35, in _collect
    form_table = browser.find_element(By.XPATH, "/html/body/form/main/div/div[5]/div/ul")
  File "c:\ProgramData\anaconda3\envs\aichi\lib\site-packages\seleniumbase\core\sb_driver.py", line 20, in find_element
    return self.driver.default_find_element(by=by, value=value)
  File "c:\ProgramData\anaconda3\envs\aichi\lib\site-packages\selenium\webdriver\remote\webdriver.py", line 741, in find_element
    return self.execute(Command.FIND_ELEMENT, {"using": by, "value": value})["value"]
  File "c:\ProgramData\anaconda3\envs\aichi\lib\site-packages\selenium\webdriver\remote\webdriver.py", line 347, in execute
    self.error_handler.check_response(response)
  File "c:\ProgramData\anaconda3\envs\aichi\lib\site-packages\selenium\webdriver\remote\errorhandler.py", line 229, in check_response
    raise exception_class(message, screen, stacktrace)
selenium.common.exceptions.NoSuchElementException: Message: no such element: Unable to locate element: {"method":"xpath","selector":"/html/body/form/main/div/div[5]/div/ul"}
  (Session info: chrome=123.0.6312.124); For documentation on this error, please visit: https://www.selenium.dev/documentation/webdriver/troubleshooting/errors#no-such-element-exception
Stacktrace:
	GetHandleVerifier [0x00007FF79D9D7032+63090]
	(No symbol) [0x00007FF79D942C82]
	(No symbol) [0x00007FF79D7DEC65]
	(No symbol) [0x00007FF79D82499D]
	(No symbol) [0x00007FF79D824ADC]
	(No symbol) [0x00007FF79D865B37]
	(No symbol) [0x00007FF79D84701F]
	(No symbol) [0x00007FF79D863412]
	(No symbol) [0x00007FF79D846D83]
	(No symbol) [0x00007FF79D8183A8]
	(No symbol) [0x00007FF79D819441]
	GetHandleVerifier [0x00007FF79DDD25AD+4238317]
	GetHandleVerifier [0x00007FF79DE0F70D+4488525]
	GetHandleVerifier [0x00007FF79DE079EF+4456495]
	GetHandleVerifier [0x00007FF79DAB0576+953270]
	(No symbol) [0x00007FF79D94E54F]
	(No symbol) [0x00007FF79D949224]
	(No symbol) [0x00007FF79D94935B]
	(No symbol) [0x00007FF79D939B94]
	BaseThreadInitThunk [0x00007FF94FE9257D+29]
	RtlUserThreadStart [0x00007FF95116AA48+40]


During handling of the above exception, another exception occurred:

Traceback (most recent call last):
  File "C:\Users\USER\Projects\AichiTool\AichiSelenium\src\controllers\main_controller.py", line 71, in subprocess
    list_form_info = finder.find(browser)
  File "C:\Users\USER\Projects\AichiTool\AichiSelenium\src\controllers\finder.py", line 23, in find
    self._collect(browser)
  File "C:\Users\USER\Projects\AichiTool\AichiSelenium\src\controllers\finder.py", line 35, in _collect
    form_table = browser.find_element(By.XPATH, "/html/body/form/main/div/div[5]/div/ul")
  File "c:\ProgramData\anaconda3\envs\aichi\lib\site-packages\seleniumbase\core\sb_driver.py", line 20, in find_element
    return self.driver.default_find_element(by=by, value=value)
  File "c:\ProgramData\anaconda3\envs\aichi\lib\site-packages\selenium\webdriver\remote\webdriver.py", line 741, in find_element
    return self.execute(Command.FIND_ELEMENT, {"using": by, "value": value})["value"]
  File "c:\ProgramData\anaconda3\envs\aichi\lib\site-packages\selenium\webdriver\remote\webdriver.py", line 347, in execute
    self.error_handler.check_response(response)
  File "c:\ProgramData\anaconda3\envs\aichi\lib\site-packages\selenium\webdriver\remote\errorhandler.py", line 229, in check_response
    raise exception_class(message, screen, stacktrace)
selenium.common.exceptions.NoSuchElementException: Message: no such element: Unable to locate element: {"method":"xpath","selector":"/html/body/form/main/div/div[5]/div/ul"}
  (Session info: chrome=123.0.6312.124); For documentation on this error, please visit: https://www.selenium.dev/documentation/webdriver/troubleshooting/errors#no-such-element-exception
Stacktrace:
	GetHandleVerifier [0x00007FF79D9D7032+63090]
	(No symbol) [0x00007FF79D942C82]
	(No symbol) [0x00007FF79D7DEC65]
	(No symbol) [0x00007FF79D82499D]
	(No symbol) [0x00007FF79D824ADC]
	(No symbol) [0x00007FF79D865B37]
	(No symbol) [0x00007FF79D84701F]
	(No symbol) [0x00007FF79D863412]
	(No symbol) [0x00007FF79D846D83]
	(No symbol) [0x00007FF79D8183A8]
	(No symbol) [0x00007FF79D819441]
	GetHandleVerifier [0x00007FF79DDD25AD+4238317]
	GetHandleVerifier [0x00007FF79DE0F70D+4488525]
	GetHandleVerifier [0x00007FF79DE079EF+4456495]
	GetHandleVerifier [0x00007FF79DAB0576+953270]
	(No symbol) [0x00007FF79D94E54F]
	(No symbol) [0x00007FF79D949224]
	(No symbol) [0x00007FF79D94935B]
	(No symbol) [0x00007FF79D939B94]
	BaseThreadInitThunk [0x00007FF94FE9257D+29]
	RtlUserThreadStart [0x00007FF95116AA48+40]

[ 2024-04-19 05:28:50,044 ] 94 main_controller - INFO - Subprocess 0 started with trial number 2
[ 2024-04-19 05:28:51,405 ] 94 main_controller - INFO - Browser opened
[ 2024-04-19 05:28:53,191 ] 94 Jamebrown0206 - INFO - Search submitted
[ 2024-04-19 05:28:53,241 ] 94 Jamebrown0206 - INFO - Collected 20 forms
[ 2024-04-19 05:28:53,276 ] 94 Jamebrown0206 - INFO - Parsed data: title: ＜05月02日(木) 08:45～09:30＞[平針]外国免許切替審査 Hirabari Exchanging Foreign Driver's License, status: None, start_date: 2024年04月18日 07時30分, end_date: 2024年04月30日 12時00分, template_seq: 96126
[ 2024-04-19 05:28:53,303 ] 94 Jamebrown0206 - INFO - Parsed data: title: ＜05月02日(木) 09:30～10:30＞[平針]外国免許切替審査 Hirabari Exchanging Foreign Driver's License, status: None, start_date: 2024年04月18日 07時30分, end_date: 2024年04月30日 12時00分, template_seq: 96127
[ 2024-04-19 05:28:53,329 ] 94 Jamebrown0206 - INFO - Parsed data: title: ＜05月02日(木) 10:30～11:45＞[平針]外国免許切替審査 Hirabari Exchanging Foreign Driver's License, status: None, start_date: 2024年04月18日 07時30分, end_date: 2024年04月30日 12時00分, template_seq: 96128
[ 2024-04-19 05:28:53,354 ] 94 marjyamada040493 - INFO - Search submitted
[ 2024-04-19 05:28:53,378 ] 94 Jamebrown0206 - INFO - Parsed data: title: ＜05月02日(木) 12:45～13:30＞[平針]外国免許切替審査 Hirabari Exchanging Foreign Driver's License, status: None, start_date: 2024年04月18日 07時30分, end_date: 2024年04月30日 12時00分, template_seq: 96129
[ 2024-04-19 05:28:53,379 ] 82 main_controller - ERROR - Caught exception: Message: no such element: Unable to locate element: {"method":"xpath","selector":"/html/body/form/main/div/div[5]/div/ul"}
  (Session info: chrome=123.0.6312.124); For documentation on this error, please visit: https://www.selenium.dev/documentation/webdriver/troubleshooting/errors#no-such-element-exception
Stacktrace:
	GetHandleVerifier [0x00007FF79D9D7032+63090]
	(No symbol) [0x00007FF79D942C82]
	(No symbol) [0x00007FF79D7DEC65]
	(No symbol) [0x00007FF79D82499D]
	(No symbol) [0x00007FF79D824ADC]
	(No symbol) [0x00007FF79D865B37]
	(No symbol) [0x00007FF79D84701F]
	(No symbol) [0x00007FF79D863412]
	(No symbol) [0x00007FF79D846D83]
	(No symbol) [0x00007FF79D8183A8]
	(No symbol) [0x00007FF79D819441]
	GetHandleVerifier [0x00007FF79DDD25AD+4238317]
	GetHandleVerifier [0x00007FF79DE0F70D+4488525]
	GetHandleVerifier [0x00007FF79DE079EF+4456495]
	GetHandleVerifier [0x00007FF79DAB0576+953270]
	(No symbol) [0x00007FF79D94E54F]
	(No symbol) [0x00007FF79D949224]
	(No symbol) [0x00007FF79D94935B]
	(No symbol) [0x00007FF79D939B94]
	BaseThreadInitThunk [0x00007FF94FE9257D+29]
	RtlUserThreadStart [0x00007FF95116AA48+40]
Traceback (most recent call last):
  File "C:\Users\USER\Projects\AichiTool\AichiSelenium\src\controllers\main_controller.py", line 71, in subprocess
    list_form_info = finder.find(browser)
  File "C:\Users\USER\Projects\AichiTool\AichiSelenium\src\controllers\finder.py", line 23, in find
    self._collect(browser)
  File "C:\Users\USER\Projects\AichiTool\AichiSelenium\src\controllers\finder.py", line 35, in _collect
    form_table = browser.find_element(By.XPATH, "/html/body/form/main/div/div[5]/div/ul")
  File "c:\ProgramData\anaconda3\envs\aichi\lib\site-packages\seleniumbase\core\sb_driver.py", line 20, in find_element
    return self.driver.default_find_element(by=by, value=value)
  File "c:\ProgramData\anaconda3\envs\aichi\lib\site-packages\selenium\webdriver\remote\webdriver.py", line 741, in find_element
    return self.execute(Command.FIND_ELEMENT, {"using": by, "value": value})["value"]
  File "c:\ProgramData\anaconda3\envs\aichi\lib\site-packages\selenium\webdriver\remote\webdriver.py", line 347, in execute
    self.error_handler.check_response(response)
  File "c:\ProgramData\anaconda3\envs\aichi\lib\site-packages\selenium\webdriver\remote\errorhandler.py", line 229, in check_response
    raise exception_class(message, screen, stacktrace)
selenium.common.exceptions.NoSuchElementException: Message: no such element: Unable to locate element: {"method":"xpath","selector":"/html/body/form/main/div/div[5]/div/ul"}
  (Session info: chrome=123.0.6312.124); For documentation on this error, please visit: https://www.selenium.dev/documentation/webdriver/troubleshooting/errors#no-such-element-exception
Stacktrace:
	GetHandleVerifier [0x00007FF79D9D7032+63090]
	(No symbol) [0x00007FF79D942C82]
	(No symbol) [0x00007FF79D7DEC65]
	(No symbol) [0x00007FF79D82499D]
	(No symbol) [0x00007FF79D824ADC]
	(No symbol) [0x00007FF79D865B37]
	(No symbol) [0x00007FF79D84701F]
	(No symbol) [0x00007FF79D863412]
	(No symbol) [0x00007FF79D846D83]
	(No symbol) [0x00007FF79D8183A8]
	(No symbol) [0x00007FF79D819441]
	GetHandleVerifier [0x00007FF79DDD25AD+4238317]
	GetHandleVerifier [0x00007FF79DE0F70D+4488525]
	GetHandleVerifier [0x00007FF79DE079EF+4456495]
	GetHandleVerifier [0x00007FF79DAB0576+953270]
	(No symbol) [0x00007FF79D94E54F]
	(No symbol) [0x00007FF79D949224]
	(No symbol) [0x00007FF79D94935B]
	(No symbol) [0x00007FF79D939B94]
	BaseThreadInitThunk [0x00007FF94FE9257D+29]
	RtlUserThreadStart [0x00007FF95116AA48+40]


During handling of the above exception, another exception occurred:

Traceback (most recent call last):
  File "C:\Users\USER\Projects\AichiTool\AichiSelenium\src\controllers\main_controller.py", line 71, in subprocess
    list_form_info = finder.find(browser)
  File "C:\Users\USER\Projects\AichiTool\AichiSelenium\src\controllers\finder.py", line 23, in find
    self._collect(browser)
  File "C:\Users\USER\Projects\AichiTool\AichiSelenium\src\controllers\finder.py", line 35, in _collect
    form_table = browser.find_element(By.XPATH, "/html/body/form/main/div/div[5]/div/ul")
  File "c:\ProgramData\anaconda3\envs\aichi\lib\site-packages\seleniumbase\core\sb_driver.py", line 20, in find_element
    return self.driver.default_find_element(by=by, value=value)
  File "c:\ProgramData\anaconda3\envs\aichi\lib\site-packages\selenium\webdriver\remote\webdriver.py", line 741, in find_element
    return self.execute(Command.FIND_ELEMENT, {"using": by, "value": value})["value"]
  File "c:\ProgramData\anaconda3\envs\aichi\lib\site-packages\selenium\webdriver\remote\webdriver.py", line 347, in execute
    self.error_handler.check_response(response)
  File "c:\ProgramData\anaconda3\envs\aichi\lib\site-packages\selenium\webdriver\remote\errorhandler.py", line 229, in check_response
    raise exception_class(message, screen, stacktrace)
selenium.common.exceptions.NoSuchElementException: Message: no such element: Unable to locate element: {"method":"xpath","selector":"/html/body/form/main/div/div[5]/div/ul"}
  (Session info: chrome=123.0.6312.124); For documentation on this error, please visit: https://www.selenium.dev/documentation/webdriver/troubleshooting/errors#no-such-element-exception
Stacktrace:
	GetHandleVerifier [0x00007FF79D9D7032+63090]
	(No symbol) [0x00007FF79D942C82]
	(No symbol) [0x00007FF79D7DEC65]
	(No symbol) [0x00007FF79D82499D]
	(No symbol) [0x00007FF79D824ADC]
	(No symbol) [0x00007FF79D865B37]
	(No symbol) [0x00007FF79D84701F]
	(No symbol) [0x00007FF79D863412]
	(No symbol) [0x00007FF79D846D83]
	(No symbol) [0x00007FF79D8183A8]
	(No symbol) [0x00007FF79D819441]
	GetHandleVerifier [0x00007FF79DDD25AD+4238317]
	GetHandleVerifier [0x00007FF79DE0F70D+4488525]
	GetHandleVerifier [0x00007FF79DE079EF+4456495]
	GetHandleVerifier [0x00007FF79DAB0576+953270]
	(No symbol) [0x00007FF79D94E54F]
	(No symbol) [0x00007FF79D949224]
	(No symbol) [0x00007FF79D94935B]
	(No symbol) [0x00007FF79D939B94]
	BaseThreadInitThunk [0x00007FF94FE9257D+29]
	RtlUserThreadStart [0x00007FF95116AA48+40]

[ 2024-04-19 05:28:53,388 ] 94 main_controller - INFO - Subprocess 1 started with trial number 2
[ 2024-04-19 05:28:53,441 ] 94 Jamebrown0206 - INFO - Parsed data: title: ＜05月02日(木) 13:30～14:45＞[平針]外国免許切替審査 Hirabari Exchanging Foreign Driver's License, status: None, start_date: 2024年04月18日 07時30分, end_date: 2024年04月30日 12時00分, template_seq: 96130
[ 2024-04-19 05:28:53,511 ] 94 Jamebrown0206 - INFO - Parsed data: title: ＜05月01日(水) 08:45～09:30＞[平針]外国免許切替審査 Hirabari Exchanging Foreign Driver's License, status: None, start_date: 2024年04月17日 07時30分, end_date: 2024年04月26日 12時00分, template_seq: 96088
[ 2024-04-19 05:28:53,578 ] 94 Jamebrown0206 - INFO - Parsed data: title: ＜05月01日(水) 09:30～10:30＞[平針]外国免許切替審査 Hirabari Exchanging Foreign Driver's License, status: None, start_date: 2024年04月17日 07時30分, end_date: 2024年04月26日 12時00分, template_seq: 96089
[ 2024-04-19 05:28:53,691 ] 94 Jamebrown0206 - INFO - Parsed data: title: ＜05月01日(水) 10:30～11:45＞[平針]外国免許切替審査 Hirabari Exchanging Foreign Driver's License, status: None, start_date: 2024年04月17日 07時30分, end_date: 2024年04月26日 12時00分, template_seq: 96090
[ 2024-04-19 05:28:53,758 ] 94 Jamebrown0206 - INFO - Parsed data: title: ＜05月01日(水) 12:45～13:30＞[平針]外国免許切替審査 Hirabari Exchanging Foreign Driver's License, status: None, start_date: 2024年04月17日 07時30分, end_date: 2024年04月26日 12時00分, template_seq: 96091
[ 2024-04-19 05:28:53,809 ] 94 Jamebrown0206 - INFO - Parsed data: title: ＜05月01日(水) 13:30～14:45＞[平針]外国免許切替審査 Hirabari Exchanging Foreign Driver's License, status: None, start_date: 2024年04月17日 07時30分, end_date: 2024年04月26日 12時00分, template_seq: 96093
[ 2024-04-19 05:28:53,856 ] 94 Jamebrown0206 - INFO - Parsed data: title: ＜04月30日(火) 08:45～09:30＞[平針]外国免許切替審査 Hirabari Exchanging Foreign Driver's License, status: None, start_date: 2024年04月16日 07時30分, end_date: 2024年04月25日 12時00分, template_seq: 95604
[ 2024-04-19 05:28:53,937 ] 94 Jamebrown0206 - INFO - Parsed data: title: ＜04月30日(火) 09:30～10:30＞[平針]外国免許切替審査 Hirabari Exchanging Foreign Driver's License, status: None, start_date: 2024年04月16日 07時30分, end_date: 2024年04月25日 12時00分, template_seq: 95605
[ 2024-04-19 05:28:53,988 ] 94 Jamebrown0206 - INFO - Parsed data: title: ＜04月30日(火) 10:30～11:45＞[平針]外国免許切替審査 Hirabari Exchanging Foreign Driver's License, status: None, start_date: 2024年04月16日 07時30分, end_date: 2024年04月25日 12時00分, template_seq: 95607
[ 2024-04-19 05:28:54,058 ] 94 Jamebrown0206 - INFO - Parsed data: title: ＜04月30日(火) 12:45～13:30＞[平針]外国免許切替審査 Hirabari Exchanging Foreign Driver's License, status: None, start_date: 2024年04月16日 07時30分, end_date: 2024年04月25日 12時00分, template_seq: 95608
[ 2024-04-19 05:28:54,160 ] 94 Jamebrown0206 - INFO - Parsed data: title: ＜04月30日(火) 13:30～14:45＞[平針]外国免許切替審査 Hirabari Exchanging Foreign Driver's License, status: None, start_date: 2024年04月16日 07時30分, end_date: 2024年04月25日 12時00分, template_seq: 95609
[ 2024-04-19 05:28:54,230 ] 94 Jamebrown0206 - INFO - Parsed data: title: ＜04月26日(金) 08:45～09:30＞[平針]外国免許切替審査 Hirabari Exchanging Foreign Driver's License, status: None, start_date: 2024年04月12日 07時30分, end_date: 2024年04月24日 12時00分, template_seq: 95410
[ 2024-04-19 05:28:54,292 ] 94 Jamebrown0206 - INFO - Parsed data: title: ＜04月26日(金) 09:30～10:30＞[平針]外国免許切替審査 Hirabari Exchanging Foreign Driver's License, status: None, start_date: 2024年04月12日 07時30分, end_date: 2024年04月24日 12時00分, template_seq: 95411
[ 2024-04-19 05:28:54,336 ] 94 Jamebrown0206 - INFO - Parsed data: title: ＜04月26日(金) 10:30～11:45＞[平針]外国免許切替審査 Hirabari Exchanging Foreign Driver's License, status: None, start_date: 2024年04月12日 07時30分, end_date: 2024年04月24日 12時00分, template_seq: 95412
[ 2024-04-19 05:28:54,381 ] 94 Jamebrown0206 - INFO - Parsed data: title: ＜04月26日(金) 12:45～13:30＞[平針]外国免許切替審査 Hirabari Exchanging Foreign Driver's License, status: None, start_date: 2024年04月12日 07時30分, end_date: 2024年04月24日 12時00分, template_seq: 95413
[ 2024-04-19 05:28:54,428 ] 94 Jamebrown0206 - INFO - Parsed data: title: ＜04月26日(金) 13:30～14:45＞[平針]外国免許切替審査 Hirabari Exchanging Foreign Driver's License, status: None, start_date: 2024年04月12日 07時30分, end_date: 2024年04月24日 12時00分, template_seq: 95414
[ 2024-04-19 05:28:54,430 ] 94 Jamebrown0206 - INFO - Number of filtered forms left is: 0 form(s)
[ 2024-04-19 05:28:55,411 ] 94 main_controller - INFO - Browser opened
[ 2024-04-19 05:28:57,179 ] 94 Nickpown0411 - INFO - Opened login page
[ 2024-04-19 05:28:57,608 ] 94 Jamebrown0206 - INFO - Search submitted
[ 2024-04-19 05:28:57,623 ] 82 main_controller - ERROR - Caught exception: Message: no such element: Unable to locate element: {"method":"xpath","selector":"/html/body/form/main/div/div[5]/div/ul"}
  (Session info: chrome=123.0.6312.124); For documentation on this error, please visit: https://www.selenium.dev/documentation/webdriver/troubleshooting/errors#no-such-element-exception
Stacktrace:
	GetHandleVerifier [0x00007FF79D9D7032+63090]
	(No symbol) [0x00007FF79D942C82]
	(No symbol) [0x00007FF79D7DEC65]
	(No symbol) [0x00007FF79D82499D]
	(No symbol) [0x00007FF79D824ADC]
	(No symbol) [0x00007FF79D865B37]
	(No symbol) [0x00007FF79D84701F]
	(No symbol) [0x00007FF79D863412]
	(No symbol) [0x00007FF79D846D83]
	(No symbol) [0x00007FF79D8183A8]
	(No symbol) [0x00007FF79D819441]
	GetHandleVerifier [0x00007FF79DDD25AD+4238317]
	GetHandleVerifier [0x00007FF79DE0F70D+4488525]
	GetHandleVerifier [0x00007FF79DE079EF+4456495]
	GetHandleVerifier [0x00007FF79DAB0576+953270]
	(No symbol) [0x00007FF79D94E54F]
	(No symbol) [0x00007FF79D949224]
	(No symbol) [0x00007FF79D94935B]
	(No symbol) [0x00007FF79D939B94]
	BaseThreadInitThunk [0x00007FF94FE9257D+29]
	RtlUserThreadStart [0x00007FF95116AA48+40]
Traceback (most recent call last):
  File "C:\Users\USER\Projects\AichiTool\AichiSelenium\src\controllers\main_controller.py", line 71, in subprocess
    list_form_info = finder.find(browser)
  File "C:\Users\USER\Projects\AichiTool\AichiSelenium\src\controllers\finder.py", line 23, in find
    self._collect(browser)
  File "C:\Users\USER\Projects\AichiTool\AichiSelenium\src\controllers\finder.py", line 35, in _collect
    form_table = browser.find_element(By.XPATH, "/html/body/form/main/div/div[5]/div/ul")
  File "c:\ProgramData\anaconda3\envs\aichi\lib\site-packages\seleniumbase\core\sb_driver.py", line 20, in find_element
    return self.driver.default_find_element(by=by, value=value)
  File "c:\ProgramData\anaconda3\envs\aichi\lib\site-packages\selenium\webdriver\remote\webdriver.py", line 741, in find_element
    return self.execute(Command.FIND_ELEMENT, {"using": by, "value": value})["value"]
  File "c:\ProgramData\anaconda3\envs\aichi\lib\site-packages\selenium\webdriver\remote\webdriver.py", line 347, in execute
    self.error_handler.check_response(response)
  File "c:\ProgramData\anaconda3\envs\aichi\lib\site-packages\selenium\webdriver\remote\errorhandler.py", line 229, in check_response
    raise exception_class(message, screen, stacktrace)
selenium.common.exceptions.NoSuchElementException: Message: no such element: Unable to locate element: {"method":"xpath","selector":"/html/body/form/main/div/div[5]/div/ul"}
  (Session info: chrome=123.0.6312.124); For documentation on this error, please visit: https://www.selenium.dev/documentation/webdriver/troubleshooting/errors#no-such-element-exception
Stacktrace:
	GetHandleVerifier [0x00007FF79D9D7032+63090]
	(No symbol) [0x00007FF79D942C82]
	(No symbol) [0x00007FF79D7DEC65]
	(No symbol) [0x00007FF79D82499D]
	(No symbol) [0x00007FF79D824ADC]
	(No symbol) [0x00007FF79D865B37]
	(No symbol) [0x00007FF79D84701F]
	(No symbol) [0x00007FF79D863412]
	(No symbol) [0x00007FF79D846D83]
	(No symbol) [0x00007FF79D8183A8]
	(No symbol) [0x00007FF79D819441]
	GetHandleVerifier [0x00007FF79DDD25AD+4238317]
	GetHandleVerifier [0x00007FF79DE0F70D+4488525]
	GetHandleVerifier [0x00007FF79DE079EF+4456495]
	GetHandleVerifier [0x00007FF79DAB0576+953270]
	(No symbol) [0x00007FF79D94E54F]
	(No symbol) [0x00007FF79D949224]
	(No symbol) [0x00007FF79D94935B]
	(No symbol) [0x00007FF79D939B94]
	BaseThreadInitThunk [0x00007FF94FE9257D+29]
	RtlUserThreadStart [0x00007FF95116AA48+40]


During handling of the above exception, another exception occurred:

Traceback (most recent call last):
  File "C:\Users\USER\Projects\AichiTool\AichiSelenium\src\controllers\main_controller.py", line 71, in subprocess
    list_form_info = finder.find(browser)
  File "C:\Users\USER\Projects\AichiTool\AichiSelenium\src\controllers\finder.py", line 23, in find
    self._collect(browser)
  File "C:\Users\USER\Projects\AichiTool\AichiSelenium\src\controllers\finder.py", line 35, in _collect
    form_table = browser.find_element(By.XPATH, "/html/body/form/main/div/div[5]/div/ul")
  File "c:\ProgramData\anaconda3\envs\aichi\lib\site-packages\seleniumbase\core\sb_driver.py", line 20, in find_element
    return self.driver.default_find_element(by=by, value=value)
  File "c:\ProgramData\anaconda3\envs\aichi\lib\site-packages\selenium\webdriver\remote\webdriver.py", line 741, in find_element
    return self.execute(Command.FIND_ELEMENT, {"using": by, "value": value})["value"]
  File "c:\ProgramData\anaconda3\envs\aichi\lib\site-packages\selenium\webdriver\remote\webdriver.py", line 347, in execute
    self.error_handler.check_response(response)
  File "c:\ProgramData\anaconda3\envs\aichi\lib\site-packages\selenium\webdriver\remote\errorhandler.py", line 229, in check_response
    raise exception_class(message, screen, stacktrace)
selenium.common.exceptions.NoSuchElementException: Message: no such element: Unable to locate element: {"method":"xpath","selector":"/html/body/form/main/div/div[5]/div/ul"}
  (Session info: chrome=123.0.6312.124); For documentation on this error, please visit: https://www.selenium.dev/documentation/webdriver/troubleshooting/errors#no-such-element-exception
Stacktrace:
	GetHandleVerifier [0x00007FF79D9D7032+63090]
	(No symbol) [0x00007FF79D942C82]
	(No symbol) [0x00007FF79D7DEC65]
	(No symbol) [0x00007FF79D82499D]
	(No symbol) [0x00007FF79D824ADC]
	(No symbol) [0x00007FF79D865B37]
	(No symbol) [0x00007FF79D84701F]
	(No symbol) [0x00007FF79D863412]
	(No symbol) [0x00007FF79D846D83]
	(No symbol) [0x00007FF79D8183A8]
	(No symbol) [0x00007FF79D819441]
	GetHandleVerifier [0x00007FF79DDD25AD+4238317]
	GetHandleVerifier [0x00007FF79DE0F70D+4488525]
	GetHandleVerifier [0x00007FF79DE079EF+4456495]
	GetHandleVerifier [0x00007FF79DAB0576+953270]
	(No symbol) [0x00007FF79D94E54F]
	(No symbol) [0x00007FF79D949224]
	(No symbol) [0x00007FF79D94935B]
	(No symbol) [0x00007FF79D939B94]
	BaseThreadInitThunk [0x00007FF94FE9257D+29]
	RtlUserThreadStart [0x00007FF95116AA48+40]

[ 2024-04-19 05:28:57,625 ] 94 main_controller - INFO - Subprocess 2 started with trial number 2
